Tue Dec 17 15:06:39 2024: Running xcd server. This server was built by gradle.
Tue Dec 17 15:06:39 2024: Server was asked to start on port: '37471'
Tue Dec 17 15:06:39 2024: Server is using token UUID: '75fbbc08-d878-483e-bc93-387b85692f5e'
Tue Dec 17 15:06:39 2024: SESSION_MGR: creating session with session uuid: '6d04a3e9-ade5-4ab9-8d63-1f78fcd2ec76' and name 'default'
Tue Dec 17 15:06:39 2024: Attempting to start server on port '37471'
Tue Dec 17 15:06:39 2024: XCD main fifo: created main fifo '/tmp/xcdmain75fbbc08-d878-483e-bc93-387b85692f5e', fd read = 13
Tue Dec 17 15:06:39 2024: Running Dispatch Server
Tue Dec 17 15:06:39 2024: Version 2.2.0
Tue Dec 17 15:06:47 2024: Dispatch Server: Accepted socket connection from client
Tue Dec 17 15:06:47 2024: Starting Socket connection
Tue Dec 17 15:06:47 2024: EXCHANGE_TOKEN received, server token: 75fbbc08-d878-483e-bc93-387b85692f5e, passed token: 75fbbc08-d878-483e-bc93-387b85692f5e
Tue Dec 17 15:06:47 2024: SESSION_MGR: creating session with session uuid: 'e14c8b87-c964-410f-9f00-f75a387f6ca2' and name 'vitis_hls'
Tue Dec 17 15:06:47 2024: KERNEL_SVC: creating session with uuid: 'e14c8b87-c964-410f-9f00-f75a387f6ca2' and name 'vitis_hls'
Tue Dec 17 15:06:47 2024: GUIDANCE_SMGR: creating guidance session with uuid: 'e14c8b87-c964-410f-9f00-f75a387f6ca2' and name 'vitis_hls'
Tue Dec 17 15:07:27 2024: STOP_SERVER received, server token: 75fbbc08-d878-483e-bc93-387b85692f5e, passed token: 75fbbc08-d878-483e-bc93-387b85692f5e
Tue Dec 17 15:07:27 2024: Socket received request to stop server.
Tue Dec 17 15:07:27 2024: Dispatch Server: do_await_stop
Tue Dec 17 15:07:27 2024: Dispatch Server: stopping mainFifo_
Tue Dec 17 15:07:27 2024: XCD main fifo: Stopping
Tue Dec 17 15:07:27 2024: XCD main fifo: do_read error code: Operation canceled
Tue Dec 17 15:07:27 2024: XCD main fifo: bytes_transferred: 0
Tue Dec 17 15:07:27 2024: SERVER: destructor for server bound to port 37471
Tue Dec 17 15:07:27 2024: XCD main fifo: Good unlink of /tmp/xcdmain75fbbc08-d878-483e-bc93-387b85692f5e
Tue Dec 17 15:07:27 2024: Server exiting with status 0.
Tue Dec 17 15:07:27 2024: Closing log file.
