Fri Dec 13 13:10:55 2024: Running xcd server. This server was built by gradle.
Fri Dec 13 13:10:55 2024: Server was asked to start on port: '45453'
Fri Dec 13 13:10:55 2024: Server is using token UUID: 'eea3a101-cb29-4823-9f2b-5349b646c173'
Fri Dec 13 13:10:55 2024: SESSION_MGR: creating session with session uuid: '6d04a3e9-ade5-4ab9-8d63-1f78fcd2ec76' and name 'default'
Fri Dec 13 13:10:55 2024: Attempting to start server on port '45453'
Fri Dec 13 13:10:55 2024: XCD main fifo: created main fifo '/tmp/xcdmaineea3a101-cb29-4823-9f2b-5349b646c173', fd read = 13
Fri Dec 13 13:10:55 2024: Running Dispatch Server
Fri Dec 13 13:10:55 2024: Version 2.2.0
Fri Dec 13 13:11:03 2024: Dispatch Server: Accepted socket connection from client
Fri Dec 13 13:11:03 2024: Starting Socket connection
Fri Dec 13 13:11:03 2024: EXCHANGE_TOKEN received, server token: eea3a101-cb29-4823-9f2b-5349b646c173, passed token: eea3a101-cb29-4823-9f2b-5349b646c173
Fri Dec 13 13:11:03 2024: SESSION_MGR: creating session with session uuid: '5bbe2467-7f1c-4474-b0dc-e29efe09a430' and name 'vitis_hls'
Fri Dec 13 13:11:03 2024: KERNEL_SVC: creating session with uuid: '5bbe2467-7f1c-4474-b0dc-e29efe09a430' and name 'vitis_hls'
Fri Dec 13 13:11:03 2024: GUIDANCE_SMGR: creating guidance session with uuid: '5bbe2467-7f1c-4474-b0dc-e29efe09a430' and name 'vitis_hls'
Fri Dec 13 13:12:05 2024: STOP_SERVER received, server token: eea3a101-cb29-4823-9f2b-5349b646c173, passed token: eea3a101-cb29-4823-9f2b-5349b646c173
Fri Dec 13 13:12:05 2024: Socket received request to stop server.
Fri Dec 13 13:12:05 2024: Dispatch Server: do_await_stop
Fri Dec 13 13:12:05 2024: Dispatch Server: stopping mainFifo_
Fri Dec 13 13:12:05 2024: XCD main fifo: Stopping
Fri Dec 13 13:12:05 2024: XCD main fifo: do_read error code: Operation canceled
Fri Dec 13 13:12:05 2024: XCD main fifo: bytes_transferred: 0
Fri Dec 13 13:12:05 2024: SERVER: destructor for server bound to port 45453
Fri Dec 13 13:12:05 2024: XCD main fifo: Good unlink of /tmp/xcdmaineea3a101-cb29-4823-9f2b-5349b646c173
Fri Dec 13 13:12:05 2024: Server exiting with status 0.
Fri Dec 13 13:12:05 2024: Closing log file.
