

================================================================
== Vitis HLS Report for 'compute'
================================================================
* Date:           Tue Dec 17 15:07:16 2024

* Version:        2022.2 (Build 3670227 on Oct 13 2022)
* Project:        project
* Solution:       solution1 (Vivado IP Flow Target)
* Product family: virtexuplus
* Target device:  xcu280-fsvh2892-2L-e


================================================================
== Performance Estimates
================================================================
+ Timing: 
    * Summary: 
    +--------+----------+----------+------------+
    |  Clock |  Target  | Estimated| Uncertainty|
    +--------+----------+----------+------------+
    |ap_clk  |  10.00 ns|  6.541 ns|     2.70 ns|
    +--------+----------+----------+------------+

+ Latency: 
    * Summary: 
    +---------+---------+-----------+-----------+------+------+---------+
    |  Latency (cycles) |   Latency (absolute)  |   Interval  | Pipeline|
    |   min   |   max   |    min    |    max    |  min |  max |   Type  |
    +---------+---------+-----------+-----------+------+------+---------+
    |     3087|     3087|  30.870 us|  30.870 us|  3087|  3087|       no|
    +---------+---------+-----------+-----------+------+------+---------+

    + Detail: 
        * Instance: 
        +-------------------------------------------------+--------------------------------------+---------+---------+-----------+-----------+------+------+---------+
        |                                                 |                                      |  Latency (cycles) |   Latency (absolute)  |   Interval  | Pipeline|
        |                     Instance                    |                Module                |   min   |   max   |    min    |    max    |  min |  max |   Type  |
        +-------------------------------------------------+--------------------------------------+---------+---------+-----------+-----------+------+------+---------+
        |grp_compute_Pipeline_DOT_DOT_INNER_fu_98         |compute_Pipeline_DOT_DOT_INNER        |     1026|     1026|  10.260 us|  10.260 us|  1026|  1026|       no|
        |grp_compute_Pipeline_GRAD_GRAD_INNER_fu_107      |compute_Pipeline_GRAD_GRAD_INNER      |     1029|     1029|  10.290 us|  10.290 us|  1029|  1029|       no|
        |grp_compute_Pipeline_UPDATE_UPDATE_INNER_fu_115  |compute_Pipeline_UPDATE_UPDATE_INNER  |     1026|     1026|  10.260 us|  10.260 us|  1026|  1026|       no|
        +-------------------------------------------------+--------------------------------------+---------+---------+-----------+-----------+------+------+---------+

        * Loop: 
        N/A



================================================================
== Utilization Estimates
================================================================
* Summary: 
+---------------------+---------+------+---------+---------+-----+
|         Name        | BRAM_18K|  DSP |    FF   |   LUT   | URAM|
+---------------------+---------+------+---------+---------+-----+
|DSP                  |        -|     -|        -|        -|    -|
|Expression           |        -|     -|        0|      182|    -|
|FIFO                 |        -|     -|        -|        -|    -|
|Instance             |        -|     6|      244|      685|    -|
|Memory               |        4|     -|        0|        0|    0|
|Multiplexer          |        -|     -|        -|      163|    -|
|Register             |        -|     -|       32|        -|    -|
+---------------------+---------+------+---------+---------+-----+
|Total                |        4|     6|      276|     1030|    0|
+---------------------+---------+------+---------+---------+-----+
|Available SLR        |     1344|  3008|   869120|   434560|  320|
+---------------------+---------+------+---------+---------+-----+
|Utilization SLR (%)  |       ~0|    ~0|       ~0|       ~0|    0|
+---------------------+---------+------+---------+---------+-----+
|Available            |     4032|  9024|  2607360|  1303680|  960|
+---------------------+---------+------+---------+---------+-----+
|Utilization (%)      |       ~0|    ~0|       ~0|       ~0|    0|
+---------------------+---------+------+---------+---------+-----+

+ Detail: 
    * Instance: 
    +-------------------------------------------------+--------------------------------------+---------+----+-----+-----+-----+
    |                     Instance                    |                Module                | BRAM_18K| DSP|  FF | LUT | URAM|
    +-------------------------------------------------+--------------------------------------+---------+----+-----+-----+-----+
    |grp_compute_Pipeline_DOT_DOT_INNER_fu_98         |compute_Pipeline_DOT_DOT_INNER        |        0|   2|   58|  237|    0|
    |grp_compute_Pipeline_GRAD_GRAD_INNER_fu_107      |compute_Pipeline_GRAD_GRAD_INNER      |        0|   1|  150|  201|    0|
    |grp_compute_Pipeline_UPDATE_UPDATE_INNER_fu_115  |compute_Pipeline_UPDATE_UPDATE_INNER  |        0|   3|   36|  247|    0|
    +-------------------------------------------------+--------------------------------------+---------+----+-----+-----+-----+
    |Total                                            |                                      |        0|   6|  244|  685|    0|
    +-------------------------------------------------+--------------------------------------+---------+----+-----+-----+-----+

    * DSP: 
    N/A

    * Memory: 
    +--------------+----------------------------------+---------+---+----+-----+------+-----+------+-------------+
    |    Memory    |              Module              | BRAM_18K| FF| LUT| URAM| Words| Bits| Banks| W*Bits*Banks|
    +--------------+----------------------------------+---------+---+----+-----+------+-----+------+-------------+
    |gradient_V_U  |compute_gradient_V_RAM_AUTO_1R1W  |        2|  0|   0|    0|  1024|   32|     1|        32768|
    |lut_V_U       |compute_lut_V_ROM_AUTO_1R         |        2|  0|   0|    0|  2048|   10|     1|        20480|
    +--------------+----------------------------------+---------+---+----+-----+------+-----+------+-------------+
    |Total         |                                  |        4|  0|   0|    0|  3072|   42|     2|        53248|
    +--------------+----------------------------------+---------+---+----+-----+------+-----+------+-------------+

    * FIFO: 
    N/A

    * Expression: 
    +-------------------------+----------+----+---+----+------------+------------+
    |      Variable Name      | Operation| DSP| FF| LUT| Bitwidth P0| Bitwidth P1|
    +-------------------------+----------+----+---+----+------------+------------+
    |in_V_1_fu_168_p2         |         -|   0|  0|  29|           1|          22|
    |index_V_fu_184_p2        |         -|   0|  0|  18|           1|          11|
    |scale_V_fu_262_p2        |         -|   0|  0|  35|          28|          28|
    |and_ln1650_fu_220_p2     |       and|   0|  0|   2|           1|           1|
    |icmp_ln1649_fu_130_p2    |      icmp|   0|  0|  20|          32|          22|
    |icmp_ln1650_fu_136_p2    |      icmp|   0|  0|  20|          32|          23|
    |ap_block_state1          |        or|   0|  0|   2|           1|           1|
    |or_ln1650_fu_233_p2      |        or|   0|  0|   2|           1|           1|
    |index_V_1_fu_190_p3      |    select|   0|  0|  11|           1|          11|
    |prob_V_1_fu_238_p3       |    select|   0|  0|  20|           1|          20|
    |select_ln1650_fu_225_p3  |    select|   0|  0|  21|           1|           1|
    |xor_ln1649_fu_215_p2     |       xor|   0|  0|   2|           1|           2|
    +-------------------------+----------+----+---+----+------------+------------+
    |Total                    |          |   0|  0| 182|         101|         143|
    +-------------------------+----------+----+---+----+------------+------------+

    * Multiplexer: 
    +------------------------------+----+-----------+-----+-----------+
    |             Name             | LUT| Input Size| Bits| Total Bits|
    +------------------------------+----+-----------+-----+-----------+
    |ap_NS_fsm                     |  43|          8|    1|          8|
    |ap_done                       |   9|          2|    1|          2|
    |gradient_V_address0           |  14|          3|   10|         30|
    |gradient_V_ce0                |  14|          3|    1|          3|
    |gradient_V_we0                |   9|          2|    1|          2|
    |theta_local_V_address0        |  14|          3|   10|         30|
    |theta_local_V_ce0             |  14|          3|    1|          3|
    |theta_local_V_ce1             |   9|          2|    1|          2|
    |theta_local_V_we0             |   9|          2|    1|          2|
    |training_instance_V_address0  |  14|          3|   10|         30|
    |training_instance_V_ce0       |  14|          3|    1|          3|
    +------------------------------+----+-----------+-----+-----------+
    |Total                         | 163|         34|   38|        115|
    +------------------------------+----+-----------+-----+-----------+

    * Register: 
    +--------------------------------------------------------------+----+----+-----+-----------+
    |                             Name                             | FF | LUT| Bits| Const Bits|
    +--------------------------------------------------------------+----+----+-----+-----------+
    |ap_CS_fsm                                                     |   7|   0|    7|          0|
    |ap_done_reg                                                   |   1|   0|    1|          0|
    |grp_compute_Pipeline_DOT_DOT_INNER_fu_98_ap_start_reg         |   1|   0|    1|          0|
    |grp_compute_Pipeline_GRAD_GRAD_INNER_fu_107_ap_start_reg      |   1|   0|    1|          0|
    |grp_compute_Pipeline_UPDATE_UPDATE_INNER_fu_115_ap_start_reg  |   1|   0|    1|          0|
    |icmp_ln1649_reg_280                                           |   1|   0|    1|          0|
    |icmp_ln1650_reg_286                                           |   1|   0|    1|          0|
    |scale_V_reg_296                                               |  19|   0|   28|          9|
    +--------------------------------------------------------------+----+----+-----+-----------+
    |Total                                                         |  32|   0|   41|          9|
    +--------------------------------------------------------------+----+----+-----+-----------+



================================================================
== Interface
================================================================
* Summary: 
+------------------------------+-----+-----+------------+---------------------+--------------+
|           RTL Ports          | Dir | Bits|  Protocol  |    Source Object    |    C Type    |
+------------------------------+-----+-----+------------+---------------------+--------------+
|ap_clk                        |   in|    1|  ap_ctrl_hs|              compute|  return value|
|ap_rst                        |   in|    1|  ap_ctrl_hs|              compute|  return value|
|ap_start                      |   in|    1|  ap_ctrl_hs|              compute|  return value|
|ap_done                       |  out|    1|  ap_ctrl_hs|              compute|  return value|
|ap_continue                   |   in|    1|  ap_ctrl_hs|              compute|  return value|
|ap_idle                       |  out|    1|  ap_ctrl_hs|              compute|  return value|
|ap_ready                      |  out|    1|  ap_ctrl_hs|              compute|  return value|
|label_local_V_address0        |  out|   13|   ap_memory|        label_local_V|         array|
|label_local_V_ce0             |  out|    1|   ap_memory|        label_local_V|         array|
|label_local_V_q0              |   in|    8|   ap_memory|        label_local_V|         array|
|trunc_ln280                   |   in|   13|     ap_none|          trunc_ln280|        scalar|
|theta_local_V_address0        |  out|   10|   ap_memory|        theta_local_V|         array|
|theta_local_V_ce0             |  out|    1|   ap_memory|        theta_local_V|         array|
|theta_local_V_we0             |  out|    1|   ap_memory|        theta_local_V|         array|
|theta_local_V_d0              |  out|   32|   ap_memory|        theta_local_V|         array|
|theta_local_V_q0              |   in|   32|   ap_memory|        theta_local_V|         array|
|theta_local_V_address1        |  out|   10|   ap_memory|        theta_local_V|         array|
|theta_local_V_ce1             |  out|    1|   ap_memory|        theta_local_V|         array|
|theta_local_V_q1              |   in|   32|   ap_memory|        theta_local_V|         array|
|training_instance_V_address0  |  out|   10|   ap_memory|  training_instance_V|         array|
|training_instance_V_ce0       |  out|    1|   ap_memory|  training_instance_V|         array|
|training_instance_V_q0        |   in|   16|   ap_memory|  training_instance_V|         array|
+------------------------------+-----+-----+------------+---------------------+--------------+

