

================================================================
== Vitis HLS Report for 'READ_TRAINING_DATA_proc'
================================================================
* Date:           Tue Dec 17 15:07:15 2024

* Version:        2022.2 (Build 3670227 on Oct 13 2022)
* Project:        project
* Solution:       solution1 (Vivado IP Flow Target)
* Product family: virtexuplus
* Target device:  xcu280-fsvh2892-2L-e


================================================================
== Performance Estimates
================================================================
+ Timing: 
    * Summary: 
    +--------+----------+----------+------------+
    |  Clock |  Target  | Estimated| Uncertainty|
    +--------+----------+----------+------------+
    |ap_clk  |  10.00 ns|  2.983 ns|     2.70 ns|
    +--------+----------+----------+------------+

+ Latency: 
    * Summary: 
    +---------+---------+-----------+-----------+------+------+---------+
    |  Latency (cycles) |   Latency (absolute)  |   Interval  | Pipeline|
    |   min   |   max   |    min    |    max    |  min |  max |   Type  |
    +---------+---------+-----------+-----------+------+------+---------+
    |     1121|     1121|  11.210 us|  11.210 us|  1121|  1121|       no|
    +---------+---------+-----------+-----------+------+------+---------+

    + Detail: 
        * Instance: 
        N/A

        * Loop: 
        +-----------------------------+---------+---------+----------+-----------+-----------+------+----------+
        |                             |  Latency (cycles) | Iteration|  Initiation Interval  | Trip |          |
        |          Loop Name          |   min   |   max   |  Latency |  achieved |   target  | Count| Pipelined|
        +-----------------------------+---------+---------+----------+-----------+-----------+------+----------+
        |- READ_TRAINING_DATA         |     1120|     1120|        35|          -|          -|    32|        no|
        | + READ_TRAINING_DATA_INNER  |       32|       32|         1|          -|          -|    32|        no|
        +-----------------------------+---------+---------+----------+-----------+-----------+------+----------+



================================================================
== Utilization Estimates
================================================================
* Summary: 
+---------------------+---------+------+---------+---------+-----+
|         Name        | BRAM_18K|  DSP |    FF   |   LUT   | URAM|
+---------------------+---------+------+---------+---------+-----+
|DSP                  |        -|     -|        -|        -|    -|
|Expression           |        -|     -|        0|     2236|    -|
|FIFO                 |        -|     -|        -|        -|    -|
|Instance             |        -|     -|        -|        -|    -|
|Memory               |        -|     -|        -|        -|    -|
|Multiplexer          |        -|     -|        -|       53|    -|
|Register             |        -|     -|      545|        -|    -|
+---------------------+---------+------+---------+---------+-----+
|Total                |        0|     0|      545|     2289|    0|
+---------------------+---------+------+---------+---------+-----+
|Available SLR        |     1344|  3008|   869120|   434560|  320|
+---------------------+---------+------+---------+---------+-----+
|Utilization SLR (%)  |        0|     0|       ~0|       ~0|    0|
+---------------------+---------+------+---------+---------+-----+
|Available            |     4032|  9024|  2607360|  1303680|  960|
+---------------------+---------+------+---------+---------+-----+
|Utilization (%)      |        0|     0|       ~0|       ~0|    0|
+---------------------+---------+------+---------+---------+-----+

+ Detail: 
    * Instance: 
    N/A

    * DSP: 
    N/A

    * Memory: 
    N/A

    * FIFO: 
    N/A

    * Expression: 
    +----------------------+----------+----+---+------+------------+------------+
    |     Variable Name    | Operation| DSP| FF|  LUT | Bitwidth P0| Bitwidth P1|
    +----------------------+----------+----+---+------+------------+------------+
    |add_ln104_fu_109_p2   |         +|   0|  0|    13|           6|           1|
    |add_ln108_fu_148_p2   |         +|   0|  0|    13|           6|           1|
    |add_ln109_fu_154_p2   |         +|   0|  0|    17|          10|          10|
    |icmp_ln104_fu_103_p2  |      icmp|   0|  0|    10|           6|           7|
    |icmp_ln108_fu_142_p2  |      icmp|   0|  0|    10|           6|           7|
    |lshr_ln628_fu_180_p2  |      lshr|   0|  0|  2171|         512|         512|
    |ap_block_state1       |        or|   0|  0|     2|           1|           1|
    +----------------------+----------+----+---+------+------------+------------+
    |Total                 |          |   0|  0|  2236|         547|         539|
    +----------------------+----------+----+---+------+------------+------------+

    * Multiplexer: 
    +-----------+----+-----------+-----+-----------+
    |    Name   | LUT| Input Size| Bits| Total Bits|
    +-----------+----+-----------+-----+-----------+
    |ap_NS_fsm  |  26|          5|    1|          5|
    |ap_done    |   9|          2|    1|          2|
    |i_fu_48    |   9|          2|    6|         12|
    |j_reg_84   |   9|          2|    6|         12|
    +-----------+----+-----------+-----+-----------+
    |Total      |  53|         11|   14|         31|
    +-----------+----+-----------+-----+-----------+

    * Register: 
    +---------------------+-----+----+-----+-----------+
    |         Name        |  FF | LUT| Bits| Const Bits|
    +---------------------+-----+----+-----+-----------+
    |add_ln104_reg_209    |    6|   0|    6|          0|
    |ap_CS_fsm            |    4|   0|    4|          0|
    |ap_done_reg          |    1|   0|    1|          0|
    |i_fu_48              |    6|   0|    6|          0|
    |j_reg_84             |    6|   0|    6|          0|
    |tmp_7_reg_229        |    5|   0|   10|          5|
    |tmp_data_V_reg_224   |  512|   0|  512|          0|
    |trunc_ln107_reg_214  |    5|   0|    5|          0|
    +---------------------+-----+----+-----+-----------+
    |Total                |  545|   0|  550|          5|
    +---------------------+-----+----+-----+-----------+



================================================================
== Interface
================================================================
* Summary: 
+------------------------------+-----+-----+------------+-------------------------+--------------+
|           RTL Ports          | Dir | Bits|  Protocol  |      Source Object      |    C Type    |
+------------------------------+-----+-----+------------+-------------------------+--------------+
|ap_clk                        |   in|    1|  ap_ctrl_hs|  READ_TRAINING_DATA_proc|  return value|
|ap_rst                        |   in|    1|  ap_ctrl_hs|  READ_TRAINING_DATA_proc|  return value|
|ap_start                      |   in|    1|  ap_ctrl_hs|  READ_TRAINING_DATA_proc|  return value|
|ap_done                       |  out|    1|  ap_ctrl_hs|  READ_TRAINING_DATA_proc|  return value|
|ap_continue                   |   in|    1|  ap_ctrl_hs|  READ_TRAINING_DATA_proc|  return value|
|ap_idle                       |  out|    1|  ap_ctrl_hs|  READ_TRAINING_DATA_proc|  return value|
|ap_ready                      |  out|    1|  ap_ctrl_hs|  READ_TRAINING_DATA_proc|  return value|
|trunc_ln280                   |   in|   13|     ap_none|              trunc_ln280|        scalar|
|data_address0                 |  out|   18|   ap_memory|                     data|         array|
|data_ce0                      |  out|    1|   ap_memory|                     data|         array|
|data_q0                       |   in|  512|   ap_memory|                     data|         array|
|training_instance_V_address0  |  out|   10|   ap_memory|      training_instance_V|         array|
|training_instance_V_ce0       |  out|    1|   ap_memory|      training_instance_V|         array|
|training_instance_V_we0       |  out|    1|   ap_memory|      training_instance_V|         array|
|training_instance_V_d0        |  out|   16|   ap_memory|      training_instance_V|         array|
+------------------------------+-----+-----+------------+-------------------------+--------------+

