remark: optical_flow.cpp:36:30: Inlining function 'xf::cv::Window<5, 5, ap_fixed<17, 9, (ap_q_mode)5, (ap_o_mode)3, 0> >::Window()' into 'gradient_xy_calc(ap_fixed<17, 9, (ap_q_mode)5, (ap_o_mode)3, 0> (*) [1024], ap_fixed<32, 13, (ap_q_mode)5, (ap_o_mode)3, 0> (*) [1024], ap_fixed<32, 13, (ap_q_mode)5, (ap_o_mode)3, 0> (*) [1024])'
remark: optical_flow.cpp:93:28: Inlining function 'xf::cv::Window<5, 5, ap_fixed<17, 9, (ap_q_mode)5, (ap_o_mode)3, 0> >::getval(int, int)' into 'gradient_xy_calc(ap_fixed<17, 9, (ap_q_mode)5, (ap_o_mode)3, 0> (*) [1024], ap_fixed<32, 13, (ap_q_mode)5, (ap_o_mode)3, 0> (*) [1024], ap_fixed<32, 13, (ap_q_mode)5, (ap_o_mode)3, 0> (*) [1024])'
remark: optical_flow.cpp:92:28: Inlining function 'xf::cv::Window<5, 5, ap_fixed<17, 9, (ap_q_mode)5, (ap_o_mode)3, 0> >::getval(int, int)' into 'gradient_xy_calc(ap_fixed<17, 9, (ap_q_mode)5, (ap_o_mode)3, 0> (*) [1024], ap_fixed<32, 13, (ap_q_mode)5, (ap_o_mode)3, 0> (*) [1024], ap_fixed<32, 13, (ap_q_mode)5, (ap_o_mode)3, 0> (*) [1024])'
remark: optical_flow.cpp:82:16: Inlining function 'xf::cv::Window<5, 5, ap_fixed<17, 9, (ap_q_mode)5, (ap_o_mode)3, 0> >::insert_pixel(ap_fixed<17, 9, (ap_q_mode)5, (ap_o_mode)3, 0>, int, int)' into 'gradient_xy_calc(ap_fixed<17, 9, (ap_q_mode)5, (ap_o_mode)3, 0> (*) [1024], ap_fixed<32, 13, (ap_q_mode)5, (ap_o_mode)3, 0> (*) [1024], ap_fixed<32, 13, (ap_q_mode)5, (ap_o_mode)3, 0> (*) [1024])'
remark: optical_flow.cpp:81:16: Inlining function 'xf::cv::Window<5, 5, ap_fixed<17, 9, (ap_q_mode)5, (ap_o_mode)3, 0> >::insert_pixel(ap_fixed<17, 9, (ap_q_mode)5, (ap_o_mode)3, 0>, int, int)' into 'gradient_xy_calc(ap_fixed<17, 9, (ap_q_mode)5, (ap_o_mode)3, 0> (*) [1024], ap_fixed<32, 13, (ap_q_mode)5, (ap_o_mode)3, 0> (*) [1024], ap_fixed<32, 13, (ap_q_mode)5, (ap_o_mode)3, 0> (*) [1024])'
remark: optical_flow.cpp:80:16: Inlining function 'xf::cv::Window<5, 5, ap_fixed<17, 9, (ap_q_mode)5, (ap_o_mode)3, 0> >::insert_pixel(ap_fixed<17, 9, (ap_q_mode)5, (ap_o_mode)3, 0>, int, int)' into 'gradient_xy_calc(ap_fixed<17, 9, (ap_q_mode)5, (ap_o_mode)3, 0> (*) [1024], ap_fixed<32, 13, (ap_q_mode)5, (ap_o_mode)3, 0> (*) [1024], ap_fixed<32, 13, (ap_q_mode)5, (ap_o_mode)3, 0> (*) [1024])'
remark: optical_flow.cpp:79:16: Inlining function 'xf::cv::Window<5, 5, ap_fixed<17, 9, (ap_q_mode)5, (ap_o_mode)3, 0> >::insert_pixel(ap_fixed<17, 9, (ap_q_mode)5, (ap_o_mode)3, 0>, int, int)' into 'gradient_xy_calc(ap_fixed<17, 9, (ap_q_mode)5, (ap_o_mode)3, 0> (*) [1024], ap_fixed<32, 13, (ap_q_mode)5, (ap_o_mode)3, 0> (*) [1024], ap_fixed<32, 13, (ap_q_mode)5, (ap_o_mode)3, 0> (*) [1024])'
remark: optical_flow.cpp:78:16: Inlining function 'xf::cv::Window<5, 5, ap_fixed<17, 9, (ap_q_mode)5, (ap_o_mode)3, 0> >::insert_pixel(ap_fixed<17, 9, (ap_q_mode)5, (ap_o_mode)3, 0>, int, int)' into 'gradient_xy_calc(ap_fixed<17, 9, (ap_q_mode)5, (ap_o_mode)3, 0> (*) [1024], ap_fixed<32, 13, (ap_q_mode)5, (ap_o_mode)3, 0> (*) [1024], ap_fixed<32, 13, (ap_q_mode)5, (ap_o_mode)3, 0> (*) [1024])'
remark: optical_flow.cpp:77:16: Inlining function 'xf::cv::Window<5, 5, ap_fixed<17, 9, (ap_q_mode)5, (ap_o_mode)3, 0> >::shift_pixels_left()' into 'gradient_xy_calc(ap_fixed<17, 9, (ap_q_mode)5, (ap_o_mode)3, 0> (*) [1024], ap_fixed<32, 13, (ap_q_mode)5, (ap_o_mode)3, 0> (*) [1024], ap_fixed<32, 13, (ap_q_mode)5, (ap_o_mode)3, 0> (*) [1024])'
remark: optical_flow.cpp:73:18: Inlining function 'xf::cv::Window<5, 5, ap_fixed<17, 9, (ap_q_mode)5, (ap_o_mode)3, 0> >::insert_pixel(ap_fixed<17, 9, (ap_q_mode)5, (ap_o_mode)3, 0>, int, int)' into 'gradient_xy_calc(ap_fixed<17, 9, (ap_q_mode)5, (ap_o_mode)3, 0> (*) [1024], ap_fixed<32, 13, (ap_q_mode)5, (ap_o_mode)3, 0> (*) [1024], ap_fixed<32, 13, (ap_q_mode)5, (ap_o_mode)3, 0> (*) [1024])'
remark: optical_flow.cpp:70:16: Inlining function 'xf::cv::Window<5, 5, ap_fixed<17, 9, (ap_q_mode)5, (ap_o_mode)3, 0> >::shift_pixels_left()' into 'gradient_xy_calc(ap_fixed<17, 9, (ap_q_mode)5, (ap_o_mode)3, 0> (*) [1024], ap_fixed<32, 13, (ap_q_mode)5, (ap_o_mode)3, 0> (*) [1024], ap_fixed<32, 13, (ap_q_mode)5, (ap_o_mode)3, 0> (*) [1024])'
remark: optical_flow.cpp:136:46: Inlining function 'xf::cv::LineBuffer<7, 1024, gradient_t, (_ramtype)6, 1>::LineBuffer()' into 'gradient_weight_y(ap_fixed<32, 13, (ap_q_mode)5, (ap_o_mode)3, 0> (*) [1024], ap_fixed<32, 13, (ap_q_mode)5, (ap_o_mode)3, 0> (*) [1024], ap_fixed<32, 13, (ap_q_mode)5, (ap_o_mode)3, 0> (*) [1024], gradient_t (*) [1024])'
remark: optical_flow.cpp:175:24: Inlining function 'xf::cv::LineBuffer<7, 1024, gradient_t, (_ramtype)6, 1>::getval(int, int)' into 'gradient_weight_y(ap_fixed<32, 13, (ap_q_mode)5, (ap_o_mode)3, 0> (*) [1024], ap_fixed<32, 13, (ap_q_mode)5, (ap_o_mode)3, 0> (*) [1024], ap_fixed<32, 13, (ap_q_mode)5, (ap_o_mode)3, 0> (*) [1024], gradient_t (*) [1024])'
remark: optical_flow.cpp:174:24: Inlining function 'xf::cv::LineBuffer<7, 1024, gradient_t, (_ramtype)6, 1>::getval(int, int)' into 'gradient_weight_y(ap_fixed<32, 13, (ap_q_mode)5, (ap_o_mode)3, 0> (*) [1024], ap_fixed<32, 13, (ap_q_mode)5, (ap_o_mode)3, 0> (*) [1024], ap_fixed<32, 13, (ap_q_mode)5, (ap_o_mode)3, 0> (*) [1024], gradient_t (*) [1024])'
remark: optical_flow.cpp:173:24: Inlining function 'xf::cv::LineBuffer<7, 1024, gradient_t, (_ramtype)6, 1>::getval(int, int)' into 'gradient_weight_y(ap_fixed<32, 13, (ap_q_mode)5, (ap_o_mode)3, 0> (*) [1024], ap_fixed<32, 13, (ap_q_mode)5, (ap_o_mode)3, 0> (*) [1024], ap_fixed<32, 13, (ap_q_mode)5, (ap_o_mode)3, 0> (*) [1024], gradient_t (*) [1024])'
remark: optical_flow.cpp:162:13: Inlining function 'xf::cv::LineBuffer<7, 1024, gradient_t, (_ramtype)6, 1>::insert_bottom_row(gradient_t, int)' into 'gradient_weight_y(ap_fixed<32, 13, (ap_q_mode)5, (ap_o_mode)3, 0> (*) [1024], ap_fixed<32, 13, (ap_q_mode)5, (ap_o_mode)3, 0> (*) [1024], ap_fixed<32, 13, (ap_q_mode)5, (ap_o_mode)3, 0> (*) [1024], gradient_t (*) [1024])'
remark: optical_flow.cpp:157:13: Inlining function 'xf::cv::LineBuffer<7, 1024, gradient_t, (_ramtype)6, 1>::shift_pixels_up(int)' into 'gradient_weight_y(ap_fixed<32, 13, (ap_q_mode)5, (ap_o_mode)3, 0> (*) [1024], ap_fixed<32, 13, (ap_q_mode)5, (ap_o_mode)3, 0> (*) [1024], ap_fixed<32, 13, (ap_q_mode)5, (ap_o_mode)3, 0> (*) [1024], gradient_t (*) [1024])'
remark: optical_flow.cpp:153:13: Inlining function 'xf::cv::LineBuffer<7, 1024, gradient_t, (_ramtype)6, 1>::insert_bottom_row(gradient_t, int)' into 'gradient_weight_y(ap_fixed<32, 13, (ap_q_mode)5, (ap_o_mode)3, 0> (*) [1024], ap_fixed<32, 13, (ap_q_mode)5, (ap_o_mode)3, 0> (*) [1024], ap_fixed<32, 13, (ap_q_mode)5, (ap_o_mode)3, 0> (*) [1024], gradient_t (*) [1024])'
remark: optical_flow.cpp:148:13: Inlining function 'xf::cv::LineBuffer<7, 1024, gradient_t, (_ramtype)6, 1>::shift_pixels_up(int)' into 'gradient_weight_y(ap_fixed<32, 13, (ap_q_mode)5, (ap_o_mode)3, 0> (*) [1024], ap_fixed<32, 13, (ap_q_mode)5, (ap_o_mode)3, 0> (*) [1024], ap_fixed<32, 13, (ap_q_mode)5, (ap_o_mode)3, 0> (*) [1024], gradient_t (*) [1024])'
remark: optical_flow.cpp:191:34: Inlining function 'xf::cv::Window<1, 7, gradient_t>::Window()' into 'gradient_weight_x(gradient_t (*) [1024], gradient_t (*) [1024])'
remark: optical_flow.cpp:222:24: Inlining function 'xf::cv::Window<1, 7, gradient_t>::getval(int, int)' into 'gradient_weight_x(gradient_t (*) [1024], gradient_t (*) [1024])'
remark: optical_flow.cpp:221:24: Inlining function 'xf::cv::Window<1, 7, gradient_t>::getval(int, int)' into 'gradient_weight_x(gradient_t (*) [1024], gradient_t (*) [1024])'
remark: optical_flow.cpp:220:24: Inlining function 'xf::cv::Window<1, 7, gradient_t>::getval(int, int)' into 'gradient_weight_x(gradient_t (*) [1024], gradient_t (*) [1024])'
remark: optical_flow.cpp:210:11: Inlining function 'xf::cv::Window<1, 7, gradient_t>::insert_pixel(gradient_t, int, int)' into 'gradient_weight_x(gradient_t (*) [1024], gradient_t (*) [1024])'
remark: optical_flow.cpp:198:6: Inlining function 'xf::cv::Window<1, 7, gradient_t>::shift_pixels_left()' into 'gradient_weight_x(gradient_t (*) [1024], gradient_t (*) [1024])'
remark: optical_flow.cpp:263:43: Inlining function 'xf::cv::LineBuffer<3, 1024, outer_t, (_ramtype)6, 1>::LineBuffer()' into 'tensor_weight_y(outer_t (*) [1024], tensor_t (*) [1024])'
remark: optical_flow.cpp:294:21: Inlining function 'xf::cv::LineBuffer<3, 1024, outer_t, (_ramtype)6, 1>::getval(int, int)' into 'tensor_weight_y(outer_t (*) [1024], tensor_t (*) [1024])'
remark: optical_flow.cpp:284:11: Inlining function 'xf::cv::LineBuffer<3, 1024, outer_t, (_ramtype)6, 1>::insert_bottom_row(outer_t, int)' into 'tensor_weight_y(outer_t (*) [1024], tensor_t (*) [1024])'
remark: optical_flow.cpp:274:6: Inlining function 'xf::cv::LineBuffer<3, 1024, outer_t, (_ramtype)6, 1>::shift_pixels_up(int)' into 'tensor_weight_y(outer_t (*) [1024], tensor_t (*) [1024])'
remark: optical_flow.cpp:313:32: Inlining function 'xf::cv::Window<1, 3, tensor_t>::Window()' into 'tensor_weight_x(tensor_t (*) [1024], tensor_t (*) [1024])'
remark: optical_flow.cpp:341:21: Inlining function 'xf::cv::Window<1, 3, tensor_t>::getval(int, int)' into 'tensor_weight_x(tensor_t (*) [1024], tensor_t (*) [1024])'
remark: optical_flow.cpp:332:11: Inlining function 'xf::cv::Window<1, 3, tensor_t>::insert_pixel(tensor_t, int, int)' into 'tensor_weight_x(tensor_t (*) [1024], tensor_t (*) [1024])'
remark: optical_flow.cpp:321:6: Inlining function 'xf::cv::Window<1, 3, tensor_t>::shift_pixels_left()' into 'tensor_weight_x(tensor_t (*) [1024], tensor_t (*) [1024])'
remark: ./xf_video_mem.hpp:48:9: Adding 'buf' into disaggregation list because there's array-partition pragma applied on the struct field
remark: ./xf_video_mem.hpp:47:9: Adding 'buf' into disaggregation list because there's array-partition pragma applied on the struct field
remark: ./xf_video_mem.hpp:791:9: Adding 'buf' into disaggregation list because there's array-partition pragma applied on the struct field
remark: ./xf_video_mem.hpp:48:9: Adding 'buf' into disaggregation list because there's array-partition pragma applied on the struct field
remark: ./xf_video_mem.hpp:47:9: Adding 'buf' into disaggregation list because there's array-partition pragma applied on the struct field
remark: ./xf_video_mem.hpp:791:9: Adding 'buf' into disaggregation list because there's array-partition pragma applied on the struct field
remark: ./xf_video_mem.hpp:48:9: Adding 'window' into disaggregation list because there's array-partition pragma applied on the struct field
remark: ./xf_video_mem.hpp:47:9: Adding 'window' into disaggregation list because there's array-partition pragma applied on the struct field
remark: optical_flow.cpp:36:30: Disaggregating variable 'window'
remark: optical_flow.cpp:136:46: Disaggregating variable 'buf'
remark: optical_flow.cpp:191:34: Disaggregating variable 'buf'
remark: optical_flow.cpp:263:43: Disaggregating variable 'buf'
remark: optical_flow.cpp:313:32: Disaggregating variable 'buf'
remark: ./xf_video_mem.hpp:122:23: Loop 'VITIS_LOOP_122_1' is marked as complete unroll implied by the pipeline pragma
remark: ./xf_video_mem.hpp:127:20: Loop 'VITIS_LOOP_127_2' is marked as complete unroll implied by the pipeline pragma
remark: optical_flow.cpp:329:35: Loop 'TENSOR_WEIGHT_X_TMP_INIT' is marked as complete unroll implied by the pipeline pragma
remark: optical_flow.cpp:335:33: Loop 'TENSOR_WEIGHT_X_ACC_INIT' is marked as complete unroll implied by the pipeline pragma
remark: optical_flow.cpp:339:36: Loop 'TENSOR_WEIGHT_X_TMP_OUTER' is marked as complete unroll implied by the pipeline pragma
remark: optical_flow.cpp:342:38: Loop 'TENSOR_WEIGHT_X_TMP_INNER' is marked as complete unroll implied by the pipeline pragma
remark: ./xf_video_mem.hpp:906:23: Loop 'VITIS_LOOP_906_1' is marked as complete unroll implied by the pipeline pragma
remark: optical_flow.cpp:281:35: Loop 'TENSOR_WEIGHT_Y_TMP_INIT' is marked as complete unroll implied by the pipeline pragma
remark: optical_flow.cpp:287:33: Loop 'TENSOR_WEIGHT_Y_ACC_INIT' is marked as complete unroll implied by the pipeline pragma
remark: optical_flow.cpp:292:36: Loop 'TENSOR_WEIGHT_Y_TMP_OUTER' is marked as complete unroll implied by the pipeline pragma
remark: optical_flow.cpp:296:38: Loop 'TENSOR_WEIGHT_Y_TMP_INNER' is marked as complete unroll implied by the pipeline pragma
remark: ./xf_video_mem.hpp:122:23: Loop 'VITIS_LOOP_122_1' is marked as complete unroll implied by the pipeline pragma
remark: ./xf_video_mem.hpp:127:20: Loop 'VITIS_LOOP_127_2' is marked as complete unroll implied by the pipeline pragma
remark: optical_flow.cpp:218:28: Loop 'GRAD_WEIGHT_X_ACC' is marked as complete unroll implied by the pipeline pragma
remark: ./xf_video_mem.hpp:906:23: Loop 'VITIS_LOOP_906_1' is marked as complete unroll implied by the pipeline pragma
remark: ./xf_video_mem.hpp:906:23: Loop 'VITIS_LOOP_906_1' is marked as complete unroll implied by the pipeline pragma
remark: optical_flow.cpp:171:28: Loop 'GRAD_WEIGHT_Y_ACC' is marked as complete unroll implied by the pipeline pragma
remark: optical_flow.cpp:46:19: Loop 'VITIS_LOOP_46_1' is marked as complete unroll implied by the pipeline pragma
remark: optical_flow.cpp:62:26: Loop 'VITIS_LOOP_62_3' is marked as complete unroll implied by the pipeline pragma
remark: optical_flow.cpp:56:26: Loop 'VITIS_LOOP_56_2' is marked as complete unroll implied by the pipeline pragma
remark: ./xf_video_mem.hpp:122:23: Loop 'VITIS_LOOP_122_1' is marked as complete unroll implied by the pipeline pragma
remark: ./xf_video_mem.hpp:127:20: Loop 'VITIS_LOOP_127_2' is marked as complete unroll implied by the pipeline pragma
remark: ./xf_video_mem.hpp:122:23: Loop 'VITIS_LOOP_122_1' is marked as complete unroll implied by the pipeline pragma
remark: ./xf_video_mem.hpp:127:20: Loop 'VITIS_LOOP_127_2' is marked as complete unroll implied by the pipeline pragma
remark: optical_flow.cpp:72:26: Loop 'VITIS_LOOP_72_4' is marked as complete unroll implied by the pipeline pragma
remark: optical_flow.cpp:90:25: Loop 'GRAD_XY_XYGRAD' is marked as complete unroll implied by the pipeline pragma
remark: optical_flow.cpp:312:0: Unrolling loop 'VITIS_LOOP_122_1' (./xf_video_mem.hpp:122:23) in function 'tensor_weight_x' completely with a factor of 1
remark: optical_flow.cpp:312:0: Unrolling loop 'VITIS_LOOP_127_2' (./xf_video_mem.hpp:127:20) in function 'tensor_weight_x' completely with a factor of 2
remark: optical_flow.cpp:312:0: Unrolling loop 'TENSOR_WEIGHT_X_TMP_INIT' (optical_flow.cpp:329:35) in function 'tensor_weight_x' completely with a factor of 6
remark: optical_flow.cpp:312:0: Unrolling loop 'TENSOR_WEIGHT_X_ACC_INIT' (optical_flow.cpp:335:33) in function 'tensor_weight_x' completely with a factor of 6
remark: optical_flow.cpp:312:0: Unrolling loop 'TENSOR_WEIGHT_X_TMP_OUTER' (optical_flow.cpp:339:36) in function 'tensor_weight_x' completely with a factor of 3
remark: optical_flow.cpp:312:0: Unrolling loop 'TENSOR_WEIGHT_X_TMP_INNER' (optical_flow.cpp:342:38) in function 'tensor_weight_x' completely with a factor of 6
remark: optical_flow.cpp:312:0: Unrolling loop 'TENSOR_WEIGHT_X_TMP_INNER' (optical_flow.cpp:342:38) in function 'tensor_weight_x' completely with a factor of 6
remark: optical_flow.cpp:312:0: Unrolling loop 'TENSOR_WEIGHT_X_TMP_INNER' (optical_flow.cpp:342:38) in function 'tensor_weight_x' completely with a factor of 6
remark: optical_flow.cpp:262:0: Unrolling loop 'VITIS_LOOP_906_1' (./xf_video_mem.hpp:906:23) in function 'tensor_weight_y' completely with a factor of 2
remark: optical_flow.cpp:262:0: Unrolling loop 'TENSOR_WEIGHT_Y_TMP_INIT' (optical_flow.cpp:281:35) in function 'tensor_weight_y' completely with a factor of 6
remark: optical_flow.cpp:262:0: Unrolling loop 'TENSOR_WEIGHT_Y_ACC_INIT' (optical_flow.cpp:287:33) in function 'tensor_weight_y' completely with a factor of 6
remark: optical_flow.cpp:262:0: Unrolling loop 'TENSOR_WEIGHT_Y_TMP_OUTER' (optical_flow.cpp:292:36) in function 'tensor_weight_y' completely with a factor of 3
remark: optical_flow.cpp:262:0: Unrolling loop 'TENSOR_WEIGHT_Y_TMP_INNER' (optical_flow.cpp:296:38) in function 'tensor_weight_y' completely with a factor of 6
remark: optical_flow.cpp:262:0: Unrolling loop 'TENSOR_WEIGHT_Y_TMP_INNER' (optical_flow.cpp:296:38) in function 'tensor_weight_y' completely with a factor of 6
remark: optical_flow.cpp:262:0: Unrolling loop 'TENSOR_WEIGHT_Y_TMP_INNER' (optical_flow.cpp:296:38) in function 'tensor_weight_y' completely with a factor of 6
remark: optical_flow.cpp:190:0: Unrolling loop 'VITIS_LOOP_122_1' (./xf_video_mem.hpp:122:23) in function 'gradient_weight_x' completely with a factor of 1
remark: optical_flow.cpp:190:0: Unrolling loop 'VITIS_LOOP_127_2' (./xf_video_mem.hpp:127:20) in function 'gradient_weight_x' completely with a factor of 6
remark: optical_flow.cpp:190:0: Unrolling loop 'GRAD_WEIGHT_X_ACC' (optical_flow.cpp:218:28) in function 'gradient_weight_x' completely with a factor of 7
remark: optical_flow.cpp:135:0: Unrolling loop 'VITIS_LOOP_906_1' (./xf_video_mem.hpp:906:23) in function 'gradient_weight_y' completely with a factor of 6
remark: optical_flow.cpp:135:0: Unrolling loop 'VITIS_LOOP_906_1' (./xf_video_mem.hpp:906:23) in function 'gradient_weight_y' completely with a factor of 6
remark: optical_flow.cpp:135:0: Unrolling loop 'GRAD_WEIGHT_Y_ACC' (optical_flow.cpp:171:28) in function 'gradient_weight_y' completely with a factor of 7
remark: optical_flow.cpp:26:0: Unrolling loop 'VITIS_LOOP_46_1' (optical_flow.cpp:46:19) in function 'gradient_xy_calc' completely with a factor of 4
remark: optical_flow.cpp:26:0: Unrolling loop 'VITIS_LOOP_62_3' (optical_flow.cpp:62:26) in function 'gradient_xy_calc' completely with a factor of 4
remark: optical_flow.cpp:26:0: Unrolling loop 'VITIS_LOOP_56_2' (optical_flow.cpp:56:26) in function 'gradient_xy_calc' completely with a factor of 4
remark: optical_flow.cpp:26:0: Unrolling loop 'VITIS_LOOP_122_1' (./xf_video_mem.hpp:122:23) in function 'gradient_xy_calc' completely with a factor of 5
remark: optical_flow.cpp:26:0: Unrolling loop 'VITIS_LOOP_127_2' (./xf_video_mem.hpp:127:20) in function 'gradient_xy_calc' completely with a factor of 4
remark: optical_flow.cpp:26:0: Unrolling loop 'VITIS_LOOP_127_2' (./xf_video_mem.hpp:127:20) in function 'gradient_xy_calc' completely with a factor of 4
remark: optical_flow.cpp:26:0: Unrolling loop 'VITIS_LOOP_127_2' (./xf_video_mem.hpp:127:20) in function 'gradient_xy_calc' completely with a factor of 4
remark: optical_flow.cpp:26:0: Unrolling loop 'VITIS_LOOP_127_2' (./xf_video_mem.hpp:127:20) in function 'gradient_xy_calc' completely with a factor of 4
remark: optical_flow.cpp:26:0: Unrolling loop 'VITIS_LOOP_127_2' (./xf_video_mem.hpp:127:20) in function 'gradient_xy_calc' completely with a factor of 4
remark: optical_flow.cpp:26:0: Unrolling loop 'VITIS_LOOP_122_1' (./xf_video_mem.hpp:122:23) in function 'gradient_xy_calc' completely with a factor of 5
remark: optical_flow.cpp:26:0: Unrolling loop 'VITIS_LOOP_127_2' (./xf_video_mem.hpp:127:20) in function 'gradient_xy_calc' completely with a factor of 4
remark: optical_flow.cpp:26:0: Unrolling loop 'VITIS_LOOP_127_2' (./xf_video_mem.hpp:127:20) in function 'gradient_xy_calc' completely with a factor of 4
remark: optical_flow.cpp:26:0: Unrolling loop 'VITIS_LOOP_127_2' (./xf_video_mem.hpp:127:20) in function 'gradient_xy_calc' completely with a factor of 4
remark: optical_flow.cpp:26:0: Unrolling loop 'VITIS_LOOP_127_2' (./xf_video_mem.hpp:127:20) in function 'gradient_xy_calc' completely with a factor of 4
remark: optical_flow.cpp:26:0: Unrolling loop 'VITIS_LOOP_127_2' (./xf_video_mem.hpp:127:20) in function 'gradient_xy_calc' completely with a factor of 4
remark: optical_flow.cpp:26:0: Unrolling loop 'VITIS_LOOP_72_4' (optical_flow.cpp:72:26) in function 'gradient_xy_calc' completely with a factor of 5
remark: optical_flow.cpp:26:0: Unrolling loop 'GRAD_XY_XYGRAD' (optical_flow.cpp:90:25) in function 'gradient_xy_calc' completely with a factor of 5
warning: optical_flow.cpp:47:21: The program may have out of bound array access
warning: optical_flow.cpp:47:21: The program may have out of bound array access
warning: optical_flow.cpp:47:21: The program may have out of bound array access
warning: optical_flow.cpp:47:21: The program may have out of bound array access
remark: optical_flow.cpp:28:0: Applying array_partition to '_ZZ16gradient_xy_calcPA1024_8ap_fixedILi17ELi9EL9ap_q_mode5EL9ap_o_mode3ELi0EEPA1024_S_ILi32ELi13ELS0_5ELS1_3ELi0EES7_E3buf': Complete partitioning on dimension 1.
remark: optical_flow.cpp:136:46: Applying array_partition to 'buf.x': Cyclic partitioning with factor 8 on dimension 1.
remark: optical_flow.cpp:136:46: Applying array_partition to 'buf.y': Cyclic partitioning with factor 8 on dimension 1.
remark: optical_flow.cpp:136:46: Applying array_partition to 'buf.z': Cyclic partitioning with factor 8 on dimension 1.
remark: optical_flow.cpp:263:43: Applying array_partition to 'buf': Cyclic partitioning with factor 8 on dimension 1.
remark: <unknown>:0:0: Aggregating bram variable 'outputs' with compact=bit mode in 64-bits
remark: <unknown>:0:0: Aggregating bram variable 'frames' with compact=bit mode in 64-bits
remark: optical_flow.cpp:397:23: Alignment is insufficient, current alignment is 4 byte(s) but 8 is required _XLX_SEP_ if.end42.store.21 outputs  flow_calc(tensor_t (*) [1024], velocity_t (*) [1024]) 
warning: optical_flow.cpp:47:21: The program may have out of bound array access
warning: optical_flow.cpp:47:21: The program may have out of bound array access
warning: optical_flow.cpp:47:21: The program may have out of bound array access
warning: optical_flow.cpp:47:21: The program may have out of bound array access
remark: optical_flow.cpp:433:0: Implementing stream: may cause mismatch if read and write accesses are not in sequential order on port '_ZZ12optical_flowPA1024_7ap_uintILi64EEPA1024_10velocity_tE8frame1_a'
remark: optical_flow.cpp:435:0: Implementing stream: may cause mismatch if read and write accesses are not in sequential order on port '_ZZ12optical_flowPA1024_7ap_uintILi64EEPA1024_10velocity_tE8frame2_a'
remark: optical_flow.cpp:443:0: Implementing stream: may cause mismatch if read and write accesses are not in sequential order on port '_ZZ12optical_flowPA1024_7ap_uintILi64EEPA1024_10velocity_tE8frame3_a'
remark: optical_flow.cpp:437:0: Implementing stream: may cause mismatch if read and write accesses are not in sequential order on port '_ZZ12optical_flowPA1024_7ap_uintILi64EEPA1024_10velocity_tE8frame4_a'
remark: optical_flow.cpp:439:0: Implementing stream: may cause mismatch if read and write accesses are not in sequential order on port '_ZZ12optical_flowPA1024_7ap_uintILi64EEPA1024_10velocity_tE8frame5_a'
remark: optical_flow.cpp:412:0: Implementing stream: may cause mismatch if read and write accesses are not in sequential order on port '_ZZ12optical_flowPA1024_7ap_uintILi64EEPA1024_10velocity_tE10gradient_x'
remark: optical_flow.cpp:414:0: Implementing stream: may cause mismatch if read and write accesses are not in sequential order on port '_ZZ12optical_flowPA1024_7ap_uintILi64EEPA1024_10velocity_tE10gradient_y'
remark: optical_flow.cpp:416:0: Implementing stream: may cause mismatch if read and write accesses are not in sequential order on port '_ZZ12optical_flowPA1024_7ap_uintILi64EEPA1024_10velocity_tE10gradient_z'
remark: optical_flow.cpp:418:0: Implementing stream: may cause mismatch if read and write accesses are not in sequential order on port '_ZZ12optical_flowPA1024_7ap_uintILi64EEPA1024_10velocity_tE10y_filtered.x'
remark: optical_flow.cpp:418:0: Implementing stream: may cause mismatch if read and write accesses are not in sequential order on port '_ZZ12optical_flowPA1024_7ap_uintILi64EEPA1024_10velocity_tE10y_filtered.y'
remark: optical_flow.cpp:418:0: Implementing stream: may cause mismatch if read and write accesses are not in sequential order on port '_ZZ12optical_flowPA1024_7ap_uintILi64EEPA1024_10velocity_tE10y_filtered.z'
remark: optical_flow.cpp:420:0: Implementing stream: may cause mismatch if read and write accesses are not in sequential order on port '_ZZ12optical_flowPA1024_7ap_uintILi64EEPA1024_10velocity_tE17filtered_gradient.x'
remark: optical_flow.cpp:420:0: Implementing stream: may cause mismatch if read and write accesses are not in sequential order on port '_ZZ12optical_flowPA1024_7ap_uintILi64EEPA1024_10velocity_tE17filtered_gradient.y'
remark: optical_flow.cpp:420:0: Implementing stream: may cause mismatch if read and write accesses are not in sequential order on port '_ZZ12optical_flowPA1024_7ap_uintILi64EEPA1024_10velocity_tE17filtered_gradient.z'
remark: optical_flow.cpp:422:0: Implementing stream: may cause mismatch if read and write accesses are not in sequential order on port '_ZZ12optical_flowPA1024_7ap_uintILi64EEPA1024_10velocity_tE11out_product'
remark: optical_flow.cpp:425:0: Implementing stream: may cause mismatch if read and write accesses are not in sequential order on port '_ZZ12optical_flowPA1024_7ap_uintILi64EEPA1024_10velocity_tE8tensor_y'
remark: optical_flow.cpp:428:0: Implementing stream: may cause mismatch if read and write accesses are not in sequential order on port '_ZZ12optical_flowPA1024_7ap_uintILi64EEPA1024_10velocity_tE6tensor'
