In file included from optical_flow.cpp:16:
In file included from ./xf_utility.hpp:23:
./xf_video_mem.hpp:795:47: warning: 'factor' in '#pragma HLS array_reshape' is ignored [-Wextra-tokens]
#pragma HLS ARRAY_RESHAPE variable=val factor=RESHAPE_FACTOR dim=1
                                              ^
optical_flow.cpp:272:9: warning: the pragma is not supported and will be ignored [-Winvalid-hls-pragmas]
#pragma HLS data_pack variable=tmp
        ^
optical_flow.cpp:273:9: warning: the pragma is not supported and will be ignored [-Winvalid-hls-pragmas]
#pragma HLS data_pack variable=buf.val[0]
        ^
optical_flow.cpp:407:9: warning: the pragma is not supported and will be ignored [-Winvalid-hls-pragmas]
#pragma HLS data_pack variable=outputs
        ^
optical_flow.cpp:424:9: warning: the pragma is not supported and will be ignored [-Winvalid-hls-pragmas]
#pragma HLS data_pack variable=out_product
        ^
optical_flow.cpp:427:9: warning: the pragma is not supported and will be ignored [-Winvalid-hls-pragmas]
#pragma HLS data_pack variable=tensor_y
        ^
optical_flow.cpp:430:9: warning: the pragma is not supported and will be ignored [-Winvalid-hls-pragmas]
#pragma HLS data_pack variable=tensor
        ^
7 warnings generated.
