

================================================================
== Vitis HLS Report for 'optical_flow'
================================================================
* Date:           Fri Dec 13 11:12:55 2024

* Version:        2022.2 (Build 3670227 on Oct 13 2022)
* Project:        project
* Solution:       solution1 (Vivado IP Flow Target)
* Product family: virtexuplus
* Target device:  xcu280-fsvh2892-2L-e


================================================================
== Performance Estimates
================================================================
+ Timing: 
    * Summary: 
    +--------+----------+----------+------------+
    |  Clock |  Target  | Estimated| Uncertainty|
    +--------+----------+----------+------------+
    |ap_clk  |  10.00 ns|  7.275 ns|     2.70 ns|
    +--------+----------+----------+------------+

+ Latency: 
    * Summary: 
    +---------+---------+-----------+-----------+---------+---------+----------+
    |  Latency (cycles) |   Latency (absolute)  |      Interval     | Pipeline |
    |   min   |   max   |    min    |    max    |   min   |   max   |   Type   |
    +---------+---------+-----------+-----------+---------+---------+----------+
    |  2685018|  2685018|  26.850 ms|  26.850 ms|  2684932|  2684932|  dataflow|
    +---------+---------+-----------+-----------+---------+---------+----------+

    + Detail: 
        * Instance: 
        N/A

        * Loop: 
        N/A

============================================================
+ Verbose Summary: Synthesis Manager
============================================================
InlineROM: 1
ExposeGlobal: 0
============================================================
+ Verbose Summary: CDFG Model
============================================================
IsTopModel: 1
ResetActiveHigh: 1
IsCombinational: 2
IsDatapathOnly: 0
HasWiredReturn: 1
HasMFsm: 0
HasVarLatency: 1
IsPipeline: 0
IsRtlPipelined: 0
IsInstanceOverlapped: 0
IsDontTouch: 0
HasImplIP: 0
IsGatedGlobalClock: 0


============================================================
+ Verbose Summary: Schedule
============================================================
* Number of FSM states : 16
* Pipeline : 0
* Dataflow Pipeline: 1
  DF-Pipeline-0: Size = 16, States = { 1 2 3 4 5 6 7 8 9 10 11 12 13 14 15 16 }

* FSM state transitions: 
1 --> 2 
2 --> 3 
3 --> 4 
4 --> 5 
5 --> 6 
6 --> 7 
7 --> 8 
8 --> 9 
9 --> 10 
10 --> 11 
11 --> 12 
12 --> 13 
13 --> 14 
14 --> 15 
15 --> 16 
16 --> 

* FSM state operations: 

State 1 <SV = 0> <Delay = 0.00>
ST_1 : Operation 17 [2/2] (0.00ns)   --->   "%call_ln0 = call void @Loop_FRAMES_CP_OUTER_proc1, i64 %frames, i17 %frame1_a_V, i17 %frame2_a_V, i17 %frame3_a_V, i17 %frame4_a_V, i17 %frame5_a_V"   --->   Operation 17 'call' 'call_ln0' <Predicate = true> <Delay = 0.00> <CoreType = "Generic">   --->   Core 0 '' <Latency = 0> <II = 1> <Delay = 1.00> <Generic> <Opcode : >

State 2 <SV = 1> <Delay = 0.00>
ST_2 : Operation 18 [1/2] (0.00ns)   --->   "%call_ln0 = call void @Loop_FRAMES_CP_OUTER_proc1, i64 %frames, i17 %frame1_a_V, i17 %frame2_a_V, i17 %frame3_a_V, i17 %frame4_a_V, i17 %frame5_a_V"   --->   Operation 18 'call' 'call_ln0' <Predicate = true> <Delay = 0.00> <CoreType = "Generic">   --->   Core 0 '' <Latency = 0> <II = 1> <Delay = 1.00> <Generic> <Opcode : >

State 3 <SV = 2> <Delay = 0.00>
ST_3 : Operation 19 [2/2] (0.00ns)   --->   "%call_ln470 = call void @gradient_xy_calc, i28 %gradient_xy_calc_ap_fixed_1024_ap_fixed_1024_ap_fixed_1024_buf_3, i28 %gradient_xy_calc_ap_fixed_1024_ap_fixed_1024_ap_fixed_1024_buf_2, i28 %gradient_xy_calc_ap_fixed_1024_ap_fixed_1024_ap_fixed_1024_buf_1, i28 %gradient_xy_calc_ap_fixed_1024_ap_fixed_1024_ap_fixed_1024_buf, i17 %frame3_a_V, i32 %gradient_x_V, i32 %gradient_y_V" [optical_flow.cpp:470]   --->   Operation 19 'call' 'call_ln470' <Predicate = true> <Delay = 0.00> <CoreType = "Generic">   --->   Core 0 '' <Latency = 0> <II = 1> <Delay = 1.00> <Generic> <Opcode : >
ST_3 : Operation 20 [2/2] (0.00ns)   --->   "%call_ln471 = call void @gradient_z_calc, i17 %frame1_a_V, i17 %frame2_a_V, i17 %frame4_a_V, i17 %frame5_a_V, i32 %gradient_z_V" [optical_flow.cpp:471]   --->   Operation 20 'call' 'call_ln471' <Predicate = true> <Delay = 0.00> <CoreType = "Generic">   --->   Core 0 '' <Latency = 0> <II = 1> <Delay = 1.00> <Generic> <Opcode : >

State 4 <SV = 3> <Delay = 0.00>
ST_4 : Operation 21 [1/2] (0.00ns)   --->   "%call_ln470 = call void @gradient_xy_calc, i28 %gradient_xy_calc_ap_fixed_1024_ap_fixed_1024_ap_fixed_1024_buf_3, i28 %gradient_xy_calc_ap_fixed_1024_ap_fixed_1024_ap_fixed_1024_buf_2, i28 %gradient_xy_calc_ap_fixed_1024_ap_fixed_1024_ap_fixed_1024_buf_1, i28 %gradient_xy_calc_ap_fixed_1024_ap_fixed_1024_ap_fixed_1024_buf, i17 %frame3_a_V, i32 %gradient_x_V, i32 %gradient_y_V" [optical_flow.cpp:470]   --->   Operation 21 'call' 'call_ln470' <Predicate = true> <Delay = 0.00> <CoreType = "Generic">   --->   Core 0 '' <Latency = 0> <II = 1> <Delay = 1.00> <Generic> <Opcode : >
ST_4 : Operation 22 [1/2] (0.00ns)   --->   "%call_ln471 = call void @gradient_z_calc, i17 %frame1_a_V, i17 %frame2_a_V, i17 %frame4_a_V, i17 %frame5_a_V, i32 %gradient_z_V" [optical_flow.cpp:471]   --->   Operation 22 'call' 'call_ln471' <Predicate = true> <Delay = 0.00> <CoreType = "Generic">   --->   Core 0 '' <Latency = 0> <II = 1> <Delay = 1.00> <Generic> <Opcode : >

State 5 <SV = 4> <Delay = 0.00>
ST_5 : Operation 23 [2/2] (0.00ns)   --->   "%call_ln472 = call void @gradient_weight_y, i32 %gradient_x_V, i32 %gradient_y_V, i32 %gradient_z_V, i32 %y_filtered_x_V, i32 %y_filtered_y_V, i32 %y_filtered_z_V" [optical_flow.cpp:472]   --->   Operation 23 'call' 'call_ln472' <Predicate = true> <Delay = 0.00> <CoreType = "Generic">   --->   Core 0 '' <Latency = 0> <II = 1> <Delay = 1.00> <Generic> <Opcode : >

State 6 <SV = 5> <Delay = 0.00>
ST_6 : Operation 24 [1/2] (0.00ns)   --->   "%call_ln472 = call void @gradient_weight_y, i32 %gradient_x_V, i32 %gradient_y_V, i32 %gradient_z_V, i32 %y_filtered_x_V, i32 %y_filtered_y_V, i32 %y_filtered_z_V" [optical_flow.cpp:472]   --->   Operation 24 'call' 'call_ln472' <Predicate = true> <Delay = 0.00> <CoreType = "Generic">   --->   Core 0 '' <Latency = 0> <II = 1> <Delay = 1.00> <Generic> <Opcode : >

State 7 <SV = 6> <Delay = 0.00>
ST_7 : Operation 25 [2/2] (0.00ns)   --->   "%call_ln473 = call void @gradient_weight_x, i32 %y_filtered_x_V, i32 %y_filtered_y_V, i32 %y_filtered_z_V, i32 %filtered_gradient_x_V, i32 %filtered_gradient_y_V, i32 %filtered_gradient_z_V" [optical_flow.cpp:473]   --->   Operation 25 'call' 'call_ln473' <Predicate = true> <Delay = 0.00> <CoreType = "Generic">   --->   Core 0 '' <Latency = 0> <II = 1> <Delay = 1.00> <Generic> <Opcode : >

State 8 <SV = 7> <Delay = 0.00>
ST_8 : Operation 26 [1/2] (0.00ns)   --->   "%call_ln473 = call void @gradient_weight_x, i32 %y_filtered_x_V, i32 %y_filtered_y_V, i32 %y_filtered_z_V, i32 %filtered_gradient_x_V, i32 %filtered_gradient_y_V, i32 %filtered_gradient_z_V" [optical_flow.cpp:473]   --->   Operation 26 'call' 'call_ln473' <Predicate = true> <Delay = 0.00> <CoreType = "Generic">   --->   Core 0 '' <Latency = 0> <II = 1> <Delay = 1.00> <Generic> <Opcode : >

State 9 <SV = 8> <Delay = 0.00>
ST_9 : Operation 27 [2/2] (0.00ns)   --->   "%call_ln474 = call void @outer_product, i32 %filtered_gradient_x_V, i32 %filtered_gradient_y_V, i32 %filtered_gradient_z_V, i192 %out_product" [optical_flow.cpp:474]   --->   Operation 27 'call' 'call_ln474' <Predicate = true> <Delay = 0.00> <CoreType = "Generic">   --->   Core 0 '' <Latency = 0> <II = 1> <Delay = 1.00> <Generic> <Opcode : >

State 10 <SV = 9> <Delay = 0.00>
ST_10 : Operation 28 [1/2] (0.00ns)   --->   "%call_ln474 = call void @outer_product, i32 %filtered_gradient_x_V, i32 %filtered_gradient_y_V, i32 %filtered_gradient_z_V, i192 %out_product" [optical_flow.cpp:474]   --->   Operation 28 'call' 'call_ln474' <Predicate = true> <Delay = 0.00> <CoreType = "Generic">   --->   Core 0 '' <Latency = 0> <II = 1> <Delay = 1.00> <Generic> <Opcode : >

State 11 <SV = 10> <Delay = 0.00>
ST_11 : Operation 29 [2/2] (0.00ns)   --->   "%call_ln475 = call void @tensor_weight_y, i192 %out_product, i192 %tensor_y" [optical_flow.cpp:475]   --->   Operation 29 'call' 'call_ln475' <Predicate = true> <Delay = 0.00> <CoreType = "Generic">   --->   Core 0 '' <Latency = 0> <II = 1> <Delay = 1.00> <Generic> <Opcode : >

State 12 <SV = 11> <Delay = 0.00>
ST_12 : Operation 30 [1/2] (0.00ns)   --->   "%call_ln475 = call void @tensor_weight_y, i192 %out_product, i192 %tensor_y" [optical_flow.cpp:475]   --->   Operation 30 'call' 'call_ln475' <Predicate = true> <Delay = 0.00> <CoreType = "Generic">   --->   Core 0 '' <Latency = 0> <II = 1> <Delay = 1.00> <Generic> <Opcode : >

State 13 <SV = 12> <Delay = 0.00>
ST_13 : Operation 31 [2/2] (0.00ns)   --->   "%call_ln476 = call void @tensor_weight_x, i192 %tensor_y, i192 %tensor" [optical_flow.cpp:476]   --->   Operation 31 'call' 'call_ln476' <Predicate = true> <Delay = 0.00> <CoreType = "Generic">   --->   Core 0 '' <Latency = 0> <II = 1> <Delay = 1.00> <Generic> <Opcode : >

State 14 <SV = 13> <Delay = 0.00>
ST_14 : Operation 32 [1/2] (0.00ns)   --->   "%call_ln476 = call void @tensor_weight_x, i192 %tensor_y, i192 %tensor" [optical_flow.cpp:476]   --->   Operation 32 'call' 'call_ln476' <Predicate = true> <Delay = 0.00> <CoreType = "Generic">   --->   Core 0 '' <Latency = 0> <II = 1> <Delay = 1.00> <Generic> <Opcode : >

State 15 <SV = 14> <Delay = 0.00>
ST_15 : Operation 33 [2/2] (0.00ns)   --->   "%call_ln477 = call void @flow_calc, i64 %outputs, i18 %buf_V_1, i18 %buf_V, i192 %tensor" [optical_flow.cpp:477]   --->   Operation 33 'call' 'call_ln477' <Predicate = true> <Delay = 0.00> <CoreType = "Generic">   --->   Core 0 '' <Latency = 0> <II = 1> <Delay = 1.00> <Generic> <Opcode : >

State 16 <SV = 15> <Delay = 0.00>
ST_16 : Operation 34 [1/1] (0.00ns)   --->   "%specdataflowpipeline_ln409 = specdataflowpipeline void @_ssdm_op_SpecDataflowPipeline, i32 4294967295, i32 0, void @empty_10" [optical_flow.cpp:409]   --->   Operation 34 'specdataflowpipeline' 'specdataflowpipeline_ln409' <Predicate = true> <Delay = 0.00>
ST_16 : Operation 35 [1/1] (0.00ns)   --->   "%empty = specchannel i32 @_ssdm_op_SpecChannel, void @filtered_gradient_OC_x_OC_V_str, i32 1, void @p_str, void @p_str, i32 1024, i32 1024, i32 %filtered_gradient_x_V, i32 %filtered_gradient_x_V"   --->   Operation 35 'specchannel' 'empty' <Predicate = true> <Delay = 0.00>
ST_16 : Operation 36 [1/1] (0.00ns)   --->   "%empty_43 = specchannel i32 @_ssdm_op_SpecChannel, void @filtered_gradient_OC_y_OC_V_str, i32 1, void @p_str, void @p_str, i32 1024, i32 1024, i32 %filtered_gradient_y_V, i32 %filtered_gradient_y_V"   --->   Operation 36 'specchannel' 'empty_43' <Predicate = true> <Delay = 0.00>
ST_16 : Operation 37 [1/1] (0.00ns)   --->   "%empty_44 = specchannel i32 @_ssdm_op_SpecChannel, void @filtered_gradient_OC_z_OC_V_str, i32 1, void @p_str, void @p_str, i32 1024, i32 1024, i32 %filtered_gradient_z_V, i32 %filtered_gradient_z_V"   --->   Operation 37 'specchannel' 'empty_44' <Predicate = true> <Delay = 0.00>
ST_16 : Operation 38 [1/1] (0.00ns)   --->   "%empty_45 = specchannel i32 @_ssdm_op_SpecChannel, void @frame1_a_OC_V_str, i32 1, void @p_str, void @p_str, i32 1024, i32 1024, i17 %frame1_a_V, i17 %frame1_a_V"   --->   Operation 38 'specchannel' 'empty_45' <Predicate = true> <Delay = 0.00>
ST_16 : Operation 39 [1/1] (0.00ns)   --->   "%empty_46 = specchannel i32 @_ssdm_op_SpecChannel, void @frame2_a_OC_V_str, i32 1, void @p_str, void @p_str, i32 1024, i32 1024, i17 %frame2_a_V, i17 %frame2_a_V"   --->   Operation 39 'specchannel' 'empty_46' <Predicate = true> <Delay = 0.00>
ST_16 : Operation 40 [1/1] (0.00ns)   --->   "%empty_47 = specchannel i32 @_ssdm_op_SpecChannel, void @frame3_a_OC_V_str, i32 1, void @p_str, void @p_str, i32 1024, i32 1024, i17 %frame3_a_V, i17 %frame3_a_V"   --->   Operation 40 'specchannel' 'empty_47' <Predicate = true> <Delay = 0.00>
ST_16 : Operation 41 [1/1] (0.00ns)   --->   "%empty_48 = specchannel i32 @_ssdm_op_SpecChannel, void @frame4_a_OC_V_str, i32 1, void @p_str, void @p_str, i32 1024, i32 1024, i17 %frame4_a_V, i17 %frame4_a_V"   --->   Operation 41 'specchannel' 'empty_48' <Predicate = true> <Delay = 0.00>
ST_16 : Operation 42 [1/1] (0.00ns)   --->   "%empty_49 = specchannel i32 @_ssdm_op_SpecChannel, void @frame5_a_OC_V_str, i32 1, void @p_str, void @p_str, i32 1024, i32 1024, i17 %frame5_a_V, i17 %frame5_a_V"   --->   Operation 42 'specchannel' 'empty_49' <Predicate = true> <Delay = 0.00>
ST_16 : Operation 43 [1/1] (0.00ns)   --->   "%empty_50 = specchannel i32 @_ssdm_op_SpecChannel, void @gradient_x_OC_V_str, i32 1, void @p_str, void @p_str, i32 1024, i32 1024, i32 %gradient_x_V, i32 %gradient_x_V"   --->   Operation 43 'specchannel' 'empty_50' <Predicate = true> <Delay = 0.00>
ST_16 : Operation 44 [1/1] (0.00ns)   --->   "%empty_51 = specchannel i32 @_ssdm_op_SpecChannel, void @gradient_y_OC_V_str, i32 1, void @p_str, void @p_str, i32 1024, i32 1024, i32 %gradient_y_V, i32 %gradient_y_V"   --->   Operation 44 'specchannel' 'empty_51' <Predicate = true> <Delay = 0.00>
ST_16 : Operation 45 [1/1] (0.00ns)   --->   "%empty_52 = specchannel i32 @_ssdm_op_SpecChannel, void @gradient_z_OC_V_str, i32 1, void @p_str, void @p_str, i32 4096, i32 4096, i32 %gradient_z_V, i32 %gradient_z_V"   --->   Operation 45 'specchannel' 'empty_52' <Predicate = true> <Delay = 0.00>
ST_16 : Operation 46 [1/1] (0.00ns)   --->   "%empty_53 = specchannel i32 @_ssdm_op_SpecChannel, void @out_product_str, i32 1, void @p_str, void @p_str, i32 1024, i32 1024, i192 %out_product, i192 %out_product"   --->   Operation 46 'specchannel' 'empty_53' <Predicate = true> <Delay = 0.00>
ST_16 : Operation 47 [1/1] (0.00ns)   --->   "%empty_54 = specchannel i32 @_ssdm_op_SpecChannel, void @tensor_str, i32 1, void @p_str, void @p_str, i32 1024, i32 1024, i192 %tensor, i192 %tensor"   --->   Operation 47 'specchannel' 'empty_54' <Predicate = true> <Delay = 0.00>
ST_16 : Operation 48 [1/1] (0.00ns)   --->   "%empty_55 = specchannel i32 @_ssdm_op_SpecChannel, void @tensor_y_str, i32 1, void @p_str, void @p_str, i32 1024, i32 1024, i192 %tensor_y, i192 %tensor_y"   --->   Operation 48 'specchannel' 'empty_55' <Predicate = true> <Delay = 0.00>
ST_16 : Operation 49 [1/1] (0.00ns)   --->   "%empty_56 = specchannel i32 @_ssdm_op_SpecChannel, void @y_filtered_OC_x_OC_V_str, i32 1, void @p_str, void @p_str, i32 1024, i32 1024, i32 %y_filtered_x_V, i32 %y_filtered_x_V"   --->   Operation 49 'specchannel' 'empty_56' <Predicate = true> <Delay = 0.00>
ST_16 : Operation 50 [1/1] (0.00ns)   --->   "%empty_57 = specchannel i32 @_ssdm_op_SpecChannel, void @y_filtered_OC_y_OC_V_str, i32 1, void @p_str, void @p_str, i32 1024, i32 1024, i32 %y_filtered_y_V, i32 %y_filtered_y_V"   --->   Operation 50 'specchannel' 'empty_57' <Predicate = true> <Delay = 0.00>
ST_16 : Operation 51 [1/1] (0.00ns)   --->   "%empty_58 = specchannel i32 @_ssdm_op_SpecChannel, void @y_filtered_OC_z_OC_V_str, i32 1, void @p_str, void @p_str, i32 1024, i32 1024, i32 %y_filtered_z_V, i32 %y_filtered_z_V"   --->   Operation 51 'specchannel' 'empty_58' <Predicate = true> <Delay = 0.00>
ST_16 : Operation 52 [1/1] (0.00ns)   --->   "%spectopmodule_ln404 = spectopmodule void @_ssdm_op_SpecTopModule, void @empty_8" [optical_flow.cpp:404]   --->   Operation 52 'spectopmodule' 'spectopmodule_ln404' <Predicate = true> <Delay = 0.00>
ST_16 : Operation 53 [1/1] (0.00ns)   --->   "%specinterface_ln0 = specinterface void @_ssdm_op_SpecInterface, i64 %frames, void @empty_11, i32 0, i32 0, void @empty_10, i32 4294967295, i32 0, void @empty_10, void @empty_10, void @empty_10, i32 0, i32 0, i32 0, i32 0, void @empty_10, void @empty_10, i32 4294967295, i32 0"   --->   Operation 53 'specinterface' 'specinterface_ln0' <Predicate = true> <Delay = 0.00>
ST_16 : Operation 54 [1/1] (0.00ns)   --->   "%specbitsmap_ln0 = specbitsmap void @_ssdm_op_SpecBitsMap, i64 %frames"   --->   Operation 54 'specbitsmap' 'specbitsmap_ln0' <Predicate = true> <Delay = 0.00>
ST_16 : Operation 55 [1/1] (0.00ns)   --->   "%specinterface_ln0 = specinterface void @_ssdm_op_SpecInterface, i64 %outputs, void @empty_11, i32 0, i32 0, void @empty_10, i32 4294967295, i32 0, void @empty_10, void @empty_10, void @empty_10, i32 0, i32 0, i32 0, i32 0, void @empty_10, void @empty_10, i32 4294967295, i32 0"   --->   Operation 55 'specinterface' 'specinterface_ln0' <Predicate = true> <Delay = 0.00>
ST_16 : Operation 56 [1/1] (0.00ns)   --->   "%specbitsmap_ln0 = specbitsmap void @_ssdm_op_SpecBitsMap, i64 %outputs"   --->   Operation 56 'specbitsmap' 'specbitsmap_ln0' <Predicate = true> <Delay = 0.00>
ST_16 : Operation 57 [1/1] (0.00ns)   --->   "%specinterface_ln0 = specinterface void @_ssdm_op_SpecInterface, i17 %frame1_a_V, void @empty_9, i32 0, i32 0, void @empty_10, i32 0, i32 0, void @empty_10, void @empty_10, void @empty_10, i32 0, i32 0, i32 0, i32 0, void @empty_10, void @empty_10, i32 4294967295, i32 0"   --->   Operation 57 'specinterface' 'specinterface_ln0' <Predicate = true> <Delay = 0.00>
ST_16 : Operation 58 [1/1] (0.00ns)   --->   "%specinterface_ln0 = specinterface void @_ssdm_op_SpecInterface, i17 %frame2_a_V, void @empty_9, i32 0, i32 0, void @empty_10, i32 0, i32 0, void @empty_10, void @empty_10, void @empty_10, i32 0, i32 0, i32 0, i32 0, void @empty_10, void @empty_10, i32 4294967295, i32 0"   --->   Operation 58 'specinterface' 'specinterface_ln0' <Predicate = true> <Delay = 0.00>
ST_16 : Operation 59 [1/1] (0.00ns)   --->   "%specinterface_ln0 = specinterface void @_ssdm_op_SpecInterface, i17 %frame3_a_V, void @empty_9, i32 0, i32 0, void @empty_10, i32 0, i32 0, void @empty_10, void @empty_10, void @empty_10, i32 0, i32 0, i32 0, i32 0, void @empty_10, void @empty_10, i32 4294967295, i32 0"   --->   Operation 59 'specinterface' 'specinterface_ln0' <Predicate = true> <Delay = 0.00>
ST_16 : Operation 60 [1/1] (0.00ns)   --->   "%specinterface_ln0 = specinterface void @_ssdm_op_SpecInterface, i17 %frame4_a_V, void @empty_9, i32 0, i32 0, void @empty_10, i32 0, i32 0, void @empty_10, void @empty_10, void @empty_10, i32 0, i32 0, i32 0, i32 0, void @empty_10, void @empty_10, i32 4294967295, i32 0"   --->   Operation 60 'specinterface' 'specinterface_ln0' <Predicate = true> <Delay = 0.00>
ST_16 : Operation 61 [1/1] (0.00ns)   --->   "%specinterface_ln0 = specinterface void @_ssdm_op_SpecInterface, i17 %frame5_a_V, void @empty_9, i32 0, i32 0, void @empty_10, i32 0, i32 0, void @empty_10, void @empty_10, void @empty_10, i32 0, i32 0, i32 0, i32 0, void @empty_10, void @empty_10, i32 4294967295, i32 0"   --->   Operation 61 'specinterface' 'specinterface_ln0' <Predicate = true> <Delay = 0.00>
ST_16 : Operation 62 [1/1] (0.00ns)   --->   "%specinterface_ln0 = specinterface void @_ssdm_op_SpecInterface, i32 %gradient_x_V, void @empty_9, i32 0, i32 0, void @empty_10, i32 0, i32 0, void @empty_10, void @empty_10, void @empty_10, i32 0, i32 0, i32 0, i32 0, void @empty_10, void @empty_10, i32 4294967295, i32 0"   --->   Operation 62 'specinterface' 'specinterface_ln0' <Predicate = true> <Delay = 0.00>
ST_16 : Operation 63 [1/1] (0.00ns)   --->   "%specinterface_ln0 = specinterface void @_ssdm_op_SpecInterface, i32 %gradient_y_V, void @empty_9, i32 0, i32 0, void @empty_10, i32 0, i32 0, void @empty_10, void @empty_10, void @empty_10, i32 0, i32 0, i32 0, i32 0, void @empty_10, void @empty_10, i32 4294967295, i32 0"   --->   Operation 63 'specinterface' 'specinterface_ln0' <Predicate = true> <Delay = 0.00>
ST_16 : Operation 64 [1/1] (0.00ns)   --->   "%specinterface_ln0 = specinterface void @_ssdm_op_SpecInterface, i32 %gradient_z_V, void @empty_9, i32 0, i32 0, void @empty_10, i32 0, i32 0, void @empty_10, void @empty_10, void @empty_10, i32 0, i32 0, i32 0, i32 0, void @empty_10, void @empty_10, i32 4294967295, i32 0"   --->   Operation 64 'specinterface' 'specinterface_ln0' <Predicate = true> <Delay = 0.00>
ST_16 : Operation 65 [1/1] (0.00ns)   --->   "%specinterface_ln0 = specinterface void @_ssdm_op_SpecInterface, i32 %y_filtered_x_V, void @empty_9, i32 0, i32 0, void @empty_10, i32 0, i32 0, void @empty_10, void @empty_10, void @empty_10, i32 0, i32 0, i32 0, i32 0, void @empty_10, void @empty_10, i32 4294967295, i32 0"   --->   Operation 65 'specinterface' 'specinterface_ln0' <Predicate = true> <Delay = 0.00>
ST_16 : Operation 66 [1/1] (0.00ns)   --->   "%specinterface_ln0 = specinterface void @_ssdm_op_SpecInterface, i32 %y_filtered_y_V, void @empty_9, i32 0, i32 0, void @empty_10, i32 0, i32 0, void @empty_10, void @empty_10, void @empty_10, i32 0, i32 0, i32 0, i32 0, void @empty_10, void @empty_10, i32 4294967295, i32 0"   --->   Operation 66 'specinterface' 'specinterface_ln0' <Predicate = true> <Delay = 0.00>
ST_16 : Operation 67 [1/1] (0.00ns)   --->   "%specinterface_ln0 = specinterface void @_ssdm_op_SpecInterface, i32 %y_filtered_z_V, void @empty_9, i32 0, i32 0, void @empty_10, i32 0, i32 0, void @empty_10, void @empty_10, void @empty_10, i32 0, i32 0, i32 0, i32 0, void @empty_10, void @empty_10, i32 4294967295, i32 0"   --->   Operation 67 'specinterface' 'specinterface_ln0' <Predicate = true> <Delay = 0.00>
ST_16 : Operation 68 [1/1] (0.00ns)   --->   "%specinterface_ln0 = specinterface void @_ssdm_op_SpecInterface, i32 %filtered_gradient_x_V, void @empty_9, i32 0, i32 0, void @empty_10, i32 0, i32 0, void @empty_10, void @empty_10, void @empty_10, i32 0, i32 0, i32 0, i32 0, void @empty_10, void @empty_10, i32 4294967295, i32 0"   --->   Operation 68 'specinterface' 'specinterface_ln0' <Predicate = true> <Delay = 0.00>
ST_16 : Operation 69 [1/1] (0.00ns)   --->   "%specinterface_ln0 = specinterface void @_ssdm_op_SpecInterface, i32 %filtered_gradient_y_V, void @empty_9, i32 0, i32 0, void @empty_10, i32 0, i32 0, void @empty_10, void @empty_10, void @empty_10, i32 0, i32 0, i32 0, i32 0, void @empty_10, void @empty_10, i32 4294967295, i32 0"   --->   Operation 69 'specinterface' 'specinterface_ln0' <Predicate = true> <Delay = 0.00>
ST_16 : Operation 70 [1/1] (0.00ns)   --->   "%specinterface_ln0 = specinterface void @_ssdm_op_SpecInterface, i32 %filtered_gradient_z_V, void @empty_9, i32 0, i32 0, void @empty_10, i32 0, i32 0, void @empty_10, void @empty_10, void @empty_10, i32 0, i32 0, i32 0, i32 0, void @empty_10, void @empty_10, i32 4294967295, i32 0"   --->   Operation 70 'specinterface' 'specinterface_ln0' <Predicate = true> <Delay = 0.00>
ST_16 : Operation 71 [1/1] (0.00ns)   --->   "%specinterface_ln0 = specinterface void @_ssdm_op_SpecInterface, i192 %out_product, void @empty_9, i32 0, i32 0, void @empty_10, i32 0, i32 0, void @empty_10, void @empty_10, void @empty_10, i32 0, i32 0, i32 0, i32 0, void @empty_10, void @empty_10, i32 4294967295, i32 0"   --->   Operation 71 'specinterface' 'specinterface_ln0' <Predicate = true> <Delay = 0.00>
ST_16 : Operation 72 [1/1] (0.00ns)   --->   "%specinterface_ln0 = specinterface void @_ssdm_op_SpecInterface, i192 %tensor_y, void @empty_9, i32 0, i32 0, void @empty_10, i32 0, i32 0, void @empty_10, void @empty_10, void @empty_10, i32 0, i32 0, i32 0, i32 0, void @empty_10, void @empty_10, i32 4294967295, i32 0"   --->   Operation 72 'specinterface' 'specinterface_ln0' <Predicate = true> <Delay = 0.00>
ST_16 : Operation 73 [1/1] (0.00ns)   --->   "%specinterface_ln0 = specinterface void @_ssdm_op_SpecInterface, i192 %tensor, void @empty_9, i32 0, i32 0, void @empty_10, i32 0, i32 0, void @empty_10, void @empty_10, void @empty_10, i32 0, i32 0, i32 0, i32 0, void @empty_10, void @empty_10, i32 4294967295, i32 0"   --->   Operation 73 'specinterface' 'specinterface_ln0' <Predicate = true> <Delay = 0.00>
ST_16 : Operation 74 [1/2] (0.00ns)   --->   "%call_ln477 = call void @flow_calc, i64 %outputs, i18 %buf_V_1, i18 %buf_V, i192 %tensor" [optical_flow.cpp:477]   --->   Operation 74 'call' 'call_ln477' <Predicate = true> <Delay = 0.00> <CoreType = "Generic">   --->   Core 0 '' <Latency = 0> <II = 1> <Delay = 1.00> <Generic> <Opcode : >
ST_16 : Operation 75 [1/1] (0.00ns)   --->   "%ret_ln479 = ret" [optical_flow.cpp:479]   --->   Operation 75 'ret' 'ret_ln479' <Predicate = true> <Delay = 0.00>


============================================================
+ Verbose Summary: Timing violations
============================================================
Target clock period: 10ns, clock uncertainty: 2.7ns.

 <State 1>: 0ns
The critical path consists of the following:

 <State 2>: 0ns
The critical path consists of the following:

 <State 3>: 0ns
The critical path consists of the following:

 <State 4>: 0ns
The critical path consists of the following:

 <State 5>: 0ns
The critical path consists of the following:

 <State 6>: 0ns
The critical path consists of the following:

 <State 7>: 0ns
The critical path consists of the following:

 <State 8>: 0ns
The critical path consists of the following:

 <State 9>: 0ns
The critical path consists of the following:

 <State 10>: 0ns
The critical path consists of the following:

 <State 11>: 0ns
The critical path consists of the following:

 <State 12>: 0ns
The critical path consists of the following:

 <State 13>: 0ns
The critical path consists of the following:

 <State 14>: 0ns
The critical path consists of the following:

 <State 15>: 0ns
The critical path consists of the following:

 <State 16>: 0ns
The critical path consists of the following:


============================================================
+ Verbose Summary: Binding
============================================================
N/A
* FSMD analyzer results:
  - Output states:
 - Input state : 
  - Chain level:
	State 1
	State 2
	State 3
	State 4
	State 5
	State 6
	State 7
	State 8
	State 9
	State 10
	State 11
	State 12
	State 13
	State 14
	State 15
	State 16


============================================================
+ Verbose Summary: Datapath Resource usage 
============================================================
N/A
