/data/zedongpeng/HLSBatchProcessor/data/kernels/rosetta_flatten/BNN/project/solution1/.autopilot/db/Accel.pp.0.cpp:37979:7: warning: Added loop label VITIS_LOOP_1211_1:   [xilinx-label-all-loops]
      for (i = 0; i < __N - 1; ++i) {
      ^~~
      VITIS_LOOP_1211_1: 
/data/zedongpeng/HLSBatchProcessor/data/kernels/rosetta_flatten/BNN/project/solution1/.autopilot/db/Accel.pp.0.cpp:37979:7: note: FIX-IT applied suggested code changes
/data/zedongpeng/HLSBatchProcessor/data/kernels/rosetta_flatten/BNN/project/solution1/.autopilot/db/Accel.pp.0.cpp:38953:5: warning: Added loop label VITIS_LOOP_676_1:   [xilinx-label-all-loops]
    for (unsigned i = low; i != high; ++i) {
    ^~~
    VITIS_LOOP_676_1: 
/data/zedongpeng/HLSBatchProcessor/data/kernels/rosetta_flatten/BNN/project/solution1/.autopilot/db/Accel.pp.0.cpp:38953:5: note: FIX-IT applied suggested code changes
/data/zedongpeng/HLSBatchProcessor/data/kernels/rosetta_flatten/BNN/project/solution1/.autopilot/db/Accel.pp.0.cpp:38967:5: warning: Added loop label VITIS_LOOP_690_1:   [xilinx-label-all-loops]
    for (unsigned i = low; i != high; ++i) {
    ^~~
    VITIS_LOOP_690_1: 
/data/zedongpeng/HLSBatchProcessor/data/kernels/rosetta_flatten/BNN/project/solution1/.autopilot/db/Accel.pp.0.cpp:38967:5: note: FIX-IT applied suggested code changes
/data/zedongpeng/HLSBatchProcessor/data/kernels/rosetta_flatten/BNN/project/solution1/.autopilot/db/Accel.pp.0.cpp:38981:5: warning: Added loop label VITIS_LOOP_704_1:   [xilinx-label-all-loops]
    for (unsigned i = low; i != high; ++i) {
    ^~~
    VITIS_LOOP_704_1: 
/data/zedongpeng/HLSBatchProcessor/data/kernels/rosetta_flatten/BNN/project/solution1/.autopilot/db/Accel.pp.0.cpp:38981:5: note: FIX-IT applied suggested code changes
/data/zedongpeng/HLSBatchProcessor/data/kernels/rosetta_flatten/BNN/project/solution1/.autopilot/db/Accel.pp.0.cpp:40592:7: warning: Added loop label VITIS_LOOP_1245_1:   [xilinx-label-all-loops]
      for (i = 0; i < __N - 1; ++i) {
      ^~~
      VITIS_LOOP_1245_1: 
/data/zedongpeng/HLSBatchProcessor/data/kernels/rosetta_flatten/BNN/project/solution1/.autopilot/db/Accel.pp.0.cpp:40592:7: note: FIX-IT applied suggested code changes
/data/zedongpeng/HLSBatchProcessor/data/kernels/rosetta_flatten/BNN/project/solution1/.autopilot/db/Accel.pp.0.cpp:49692:2: warning: Added loop label VITIS_LOOP_307_1:   [xilinx-label-all-loops]
 for (int k = 0; k < N; k++) {
 ^~~
 VITIS_LOOP_307_1: 
/data/zedongpeng/HLSBatchProcessor/data/kernels/rosetta_flatten/BNN/project/solution1/.autopilot/db/Accel.pp.0.cpp:49692:2: note: FIX-IT applied suggested code changes
/data/zedongpeng/HLSBatchProcessor/data/kernels/rosetta_flatten/BNN/project/solution1/.autopilot/db/Accel.pp.0.cpp:49707:5: warning: Added loop label VITIS_LOOP_322_1:   [xilinx-label-all-loops]
    for (int k = 0; k < N; k++) {
    ^~~
    VITIS_LOOP_322_1: 
/data/zedongpeng/HLSBatchProcessor/data/kernels/rosetta_flatten/BNN/project/solution1/.autopilot/db/Accel.pp.0.cpp:49707:5: note: FIX-IT applied suggested code changes
/data/zedongpeng/HLSBatchProcessor/data/kernels/rosetta_flatten/BNN/project/solution1/.autopilot/db/Accel.pp.0.cpp:49723:5: warning: Added loop label VITIS_LOOP_338_1:   [xilinx-label-all-loops]
    for (int k = 0; k < N; k++) {
    ^~~
    VITIS_LOOP_338_1: 
/data/zedongpeng/HLSBatchProcessor/data/kernels/rosetta_flatten/BNN/project/solution1/.autopilot/db/Accel.pp.0.cpp:49723:5: note: FIX-IT applied suggested code changes
/data/zedongpeng/HLSBatchProcessor/data/kernels/rosetta_flatten/BNN/project/solution1/.autopilot/db/Accel.pp.0.cpp:49739:5: warning: Added loop label VITIS_LOOP_354_1:   [xilinx-label-all-loops]
    for (int k = 0; k < N; k++) {
    ^~~
    VITIS_LOOP_354_1: 
/data/zedongpeng/HLSBatchProcessor/data/kernels/rosetta_flatten/BNN/project/solution1/.autopilot/db/Accel.pp.0.cpp:49739:5: note: FIX-IT applied suggested code changes
/data/zedongpeng/HLSBatchProcessor/data/kernels/rosetta_flatten/BNN/project/solution1/.autopilot/db/Accel.pp.0.cpp:49755:5: warning: Added loop label VITIS_LOOP_370_1:   [xilinx-label-all-loops]
    for (int k = 0; k < N; k++) {
    ^~~
    VITIS_LOOP_370_1: 
/data/zedongpeng/HLSBatchProcessor/data/kernels/rosetta_flatten/BNN/project/solution1/.autopilot/db/Accel.pp.0.cpp:49755:5: note: FIX-IT applied suggested code changes
/data/zedongpeng/HLSBatchProcessor/data/kernels/rosetta_flatten/BNN/project/solution1/.autopilot/db/Accel.pp.0.cpp:49771:5: warning: Added loop label VITIS_LOOP_386_1:   [xilinx-label-all-loops]
    for (int k = 0; k < N; k++) {
    ^~~
    VITIS_LOOP_386_1: 
/data/zedongpeng/HLSBatchProcessor/data/kernels/rosetta_flatten/BNN/project/solution1/.autopilot/db/Accel.pp.0.cpp:49771:5: note: FIX-IT applied suggested code changes
/data/zedongpeng/HLSBatchProcessor/data/kernels/rosetta_flatten/BNN/project/solution1/.autopilot/db/Accel.pp.0.cpp:49787:5: warning: Added loop label VITIS_LOOP_402_1:   [xilinx-label-all-loops]
    for (int k = 0; k < N; k++) {
    ^~~
    VITIS_LOOP_402_1: 
/data/zedongpeng/HLSBatchProcessor/data/kernels/rosetta_flatten/BNN/project/solution1/.autopilot/db/Accel.pp.0.cpp:49787:5: note: FIX-IT applied suggested code changes
/data/zedongpeng/HLSBatchProcessor/data/kernels/rosetta_flatten/BNN/project/solution1/.autopilot/db/Accel.pp.0.cpp:49803:5: warning: Added loop label VITIS_LOOP_418_1:   [xilinx-label-all-loops]
    for (int k = 0; k < N; k++) {
    ^~~
    VITIS_LOOP_418_1: 
/data/zedongpeng/HLSBatchProcessor/data/kernels/rosetta_flatten/BNN/project/solution1/.autopilot/db/Accel.pp.0.cpp:49803:5: note: FIX-IT applied suggested code changes
/data/zedongpeng/HLSBatchProcessor/data/kernels/rosetta_flatten/BNN/project/solution1/.autopilot/db/Accel.pp.0.cpp:49819:5: warning: Added loop label VITIS_LOOP_434_1:   [xilinx-label-all-loops]
    for (int k = 0; k < N; k++) {
    ^~~
    VITIS_LOOP_434_1: 
/data/zedongpeng/HLSBatchProcessor/data/kernels/rosetta_flatten/BNN/project/solution1/.autopilot/db/Accel.pp.0.cpp:49819:5: note: FIX-IT applied suggested code changes
/data/zedongpeng/HLSBatchProcessor/data/kernels/rosetta_flatten/BNN/project/solution1/.autopilot/db/Accel.pp.0.cpp:49897:9: warning: Added loop label VITIS_LOOP_520_1:   [xilinx-label-all-loops]
        for (int i = 0; i < (rows * ((cols + NPC - 1) >> xfNPixelsPerCycle<NPC>::datashift)); ++i) {
        ^~~
        VITIS_LOOP_520_1: 
/data/zedongpeng/HLSBatchProcessor/data/kernels/rosetta_flatten/BNN/project/solution1/.autopilot/db/Accel.pp.0.cpp:49897:9: note: FIX-IT applied suggested code changes
/data/zedongpeng/HLSBatchProcessor/data/kernels/rosetta_flatten/BNN/project/solution1/.autopilot/db/Accel.pp.0.cpp:50106:5: warning: Added loop label VITIS_LOOP_729_1:   [xilinx-label-all-loops]
    for (int r = 0; r < rows; r++) {
    ^~~
    VITIS_LOOP_729_1: 
/data/zedongpeng/HLSBatchProcessor/data/kernels/rosetta_flatten/BNN/project/solution1/.autopilot/db/Accel.pp.0.cpp:50106:5: note: FIX-IT applied suggested code changes
/data/zedongpeng/HLSBatchProcessor/data/kernels/rosetta_flatten/BNN/project/solution1/.autopilot/db/Accel.pp.0.cpp:50108:2: warning: Added loop label VITIS_LOOP_731_2:   [xilinx-label-all-loops]
 for (int c = 0; c < packcols; c++) {
 ^~~
 VITIS_LOOP_731_2: 
/data/zedongpeng/HLSBatchProcessor/data/kernels/rosetta_flatten/BNN/project/solution1/.autopilot/db/Accel.pp.0.cpp:50108:2: note: FIX-IT applied suggested code changes
/data/zedongpeng/HLSBatchProcessor/data/kernels/rosetta_flatten/BNN/project/solution1/.autopilot/db/Accel.pp.0.cpp:50110:2: warning: Added loop label VITIS_LOOP_733_3:   [xilinx-label-all-loops]
 for (int p = 0; p < nppc; p++) {
 ^~~
 VITIS_LOOP_733_3: 
/data/zedongpeng/HLSBatchProcessor/data/kernels/rosetta_flatten/BNN/project/solution1/.autopilot/db/Accel.pp.0.cpp:50110:2: note: FIX-IT applied suggested code changes
/data/zedongpeng/HLSBatchProcessor/data/kernels/rosetta_flatten/BNN/project/solution1/.autopilot/db/Accel.pp.0.cpp:50113:17: warning: Added loop label VITIS_LOOP_736_4:   [xilinx-label-all-loops]
                for (int ch = 0; ch < DataType<T, NPPC>::channel; ch++) {
                ^~~
                VITIS_LOOP_736_4: 
/data/zedongpeng/HLSBatchProcessor/data/kernels/rosetta_flatten/BNN/project/solution1/.autopilot/db/Accel.pp.0.cpp:50113:17: note: FIX-IT applied suggested code changes
/data/zedongpeng/HLSBatchProcessor/data/kernels/rosetta_flatten/BNN/project/solution1/.autopilot/db/Accel.pp.0.cpp:50152:5: warning: Added loop label VITIS_LOOP_775_1:   [xilinx-label-all-loops]
    for (int r = 0; r < rows; r++) {
    ^~~
    VITIS_LOOP_775_1: 
/data/zedongpeng/HLSBatchProcessor/data/kernels/rosetta_flatten/BNN/project/solution1/.autopilot/db/Accel.pp.0.cpp:50152:5: note: FIX-IT applied suggested code changes
/data/zedongpeng/HLSBatchProcessor/data/kernels/rosetta_flatten/BNN/project/solution1/.autopilot/db/Accel.pp.0.cpp:50154:2: warning: Added loop label VITIS_LOOP_777_2:   [xilinx-label-all-loops]
 for (int c = 0; c < cols; c++) {
 ^~~
 VITIS_LOOP_777_2: 
/data/zedongpeng/HLSBatchProcessor/data/kernels/rosetta_flatten/BNN/project/solution1/.autopilot/db/Accel.pp.0.cpp:50154:2: note: FIX-IT applied suggested code changes
/data/zedongpeng/HLSBatchProcessor/data/kernels/rosetta_flatten/BNN/project/solution1/.autopilot/db/Accel.pp.0.cpp:50157:13: warning: Added loop label VITIS_LOOP_780_3:   [xilinx-label-all-loops]
            for (int ch = 0; ch < DataType<T, NPPC>::channel; ch++) {
            ^~~
            VITIS_LOOP_780_3: 
/data/zedongpeng/HLSBatchProcessor/data/kernels/rosetta_flatten/BNN/project/solution1/.autopilot/db/Accel.pp.0.cpp:50157:13: note: FIX-IT applied suggested code changes
/data/zedongpeng/HLSBatchProcessor/data/kernels/rosetta_flatten/BNN/project/solution1/.autopilot/db/Accel.pp.0.cpp:50159:2: warning: Added loop label VITIS_LOOP_782_4:   [xilinx-label-all-loops]
 for (int b = 0; b < cv_nbytes; ++b) {
 ^~~
 VITIS_LOOP_782_4: 
/data/zedongpeng/HLSBatchProcessor/data/kernels/rosetta_flatten/BNN/project/solution1/.autopilot/db/Accel.pp.0.cpp:50159:2: note: FIX-IT applied suggested code changes
/data/zedongpeng/HLSBatchProcessor/data/kernels/rosetta_flatten/BNN/project/solution1/.autopilot/db/Accel.pp.0.cpp:50214:5: warning: Added loop label VITIS_LOOP_837_1:   [xilinx-label-all-loops]
    for (int i = 0; i < rows; i++) {
    ^~~
    VITIS_LOOP_837_1: 
/data/zedongpeng/HLSBatchProcessor/data/kernels/rosetta_flatten/BNN/project/solution1/.autopilot/db/Accel.pp.0.cpp:50214:5: note: FIX-IT applied suggested code changes
/data/zedongpeng/HLSBatchProcessor/data/kernels/rosetta_flatten/BNN/project/solution1/.autopilot/db/Accel.pp.0.cpp:50216:2: warning: Added loop label VITIS_LOOP_839_2:   [xilinx-label-all-loops]
 for (int j = 0; j<cols>> (xfNPixelsPerCycle<NPPC>::datashift); j++) {
 ^~~
 VITIS_LOOP_839_2: 
/data/zedongpeng/HLSBatchProcessor/data/kernels/rosetta_flatten/BNN/project/solution1/.autopilot/db/Accel.pp.0.cpp:50216:2: note: FIX-IT applied suggested code changes
/data/zedongpeng/HLSBatchProcessor/data/kernels/rosetta_flatten/BNN/project/solution1/.autopilot/db/Accel.pp.0.cpp:50225:13: warning: Added loop label VITIS_LOOP_848_3:   [xilinx-label-all-loops]
            for (int k = 0; k < (1 << (xfNPixelsPerCycle<NPPC>::datashift)); k++) {
            ^~~
            VITIS_LOOP_848_3: 
/data/zedongpeng/HLSBatchProcessor/data/kernels/rosetta_flatten/BNN/project/solution1/.autopilot/db/Accel.pp.0.cpp:50225:13: note: FIX-IT applied suggested code changes
/data/zedongpeng/HLSBatchProcessor/data/kernels/rosetta_flatten/BNN/project/solution1/.autopilot/db/Accel.pp.0.cpp:50339:9: error: Invalid Directive: for current device, mul + dsp is invalid combination for bind_op [clang-diagnostic-error]
#pragma HLS BIND_OP variable=mul_rows_cols op=mul impl=dsp latency=2
        ^
/data/zedongpeng/HLSBatchProcessor/data/kernels/rosetta_flatten/BNN/project/solution1/.autopilot/db/Accel.pp.0.cpp:50414:2: warning: Added loop label VITIS_LOOP_1045_1:   [xilinx-label-all-loops]
 for (c = 0; c < cols_addrbound; c++) {
 ^~~
 VITIS_LOOP_1045_1: 
/data/zedongpeng/HLSBatchProcessor/data/kernels/rosetta_flatten/BNN/project/solution1/.autopilot/db/Accel.pp.0.cpp:50414:2: note: FIX-IT applied suggested code changes
/data/zedongpeng/HLSBatchProcessor/data/kernels/rosetta_flatten/BNN/project/solution1/.autopilot/db/Accel.pp.0.cpp:50830:13: warning: Added loop label VITIS_LOOP_1461_1:   [xilinx-label-all-loops]
            for (int rowIdx = 0, offset = 0; rowIdx < rows; rowIdx++, offset += offset_1row) {
            ^~~
            VITIS_LOOP_1461_1: 
/data/zedongpeng/HLSBatchProcessor/data/kernels/rosetta_flatten/BNN/project/solution1/.autopilot/db/Accel.pp.0.cpp:50830:13: note: FIX-IT applied suggested code changes
/data/zedongpeng/HLSBatchProcessor/data/kernels/rosetta_flatten/BNN/project/solution1/.autopilot/db/Accel.pp.0.cpp:50859:13: warning: Added loop label VITIS_LOOP_1490_1:   [xilinx-label-all-loops]
            for (int rowIdx = 0, offset = 0; rowIdx < rows; rowIdx++, offset += offset_1row) {
            ^~~
            VITIS_LOOP_1490_1: 
/data/zedongpeng/HLSBatchProcessor/data/kernels/rosetta_flatten/BNN/project/solution1/.autopilot/db/Accel.pp.0.cpp:50859:13: note: FIX-IT applied suggested code changes
/data/zedongpeng/HLSBatchProcessor/data/kernels/rosetta_flatten/BNN/project/solution1/.autopilot/db/Accel.pp.0.cpp:50890:13: warning: Added loop label VITIS_LOOP_1521_1:   [xilinx-label-all-loops]
            for (int rowIdx = 0, offset = 0; rowIdx < rows; rowIdx++, offset += offset_1row) {
            ^~~
            VITIS_LOOP_1521_1: 
/data/zedongpeng/HLSBatchProcessor/data/kernels/rosetta_flatten/BNN/project/solution1/.autopilot/db/Accel.pp.0.cpp:50890:13: note: FIX-IT applied suggested code changes
/data/zedongpeng/HLSBatchProcessor/data/kernels/rosetta_flatten/BNN/project/solution1/.autopilot/db/Accel.pp.0.cpp:50921:13: warning: Added loop label VITIS_LOOP_1552_1:   [xilinx-label-all-loops]
            for (int rowIdx = 0, offset = 0; rowIdx < rows; rowIdx++, offset += offset_1row) {
            ^~~
            VITIS_LOOP_1552_1: 
/data/zedongpeng/HLSBatchProcessor/data/kernels/rosetta_flatten/BNN/project/solution1/.autopilot/db/Accel.pp.0.cpp:50921:13: note: FIX-IT applied suggested code changes
/data/zedongpeng/HLSBatchProcessor/data/kernels/rosetta_flatten/BNN/project/solution1/.autopilot/db/Accel.pp.0.cpp:51460:5: warning: Added loop label VITIS_LOOP_122_1:   [xilinx-label-all-loops]
    for (i = 0; i < ROWS; i++) {
    ^~~
    VITIS_LOOP_122_1: 
/data/zedongpeng/HLSBatchProcessor/data/kernels/rosetta_flatten/BNN/project/solution1/.autopilot/db/Accel.pp.0.cpp:51460:5: note: FIX-IT applied suggested code changes
/data/zedongpeng/HLSBatchProcessor/data/kernels/rosetta_flatten/BNN/project/solution1/.autopilot/db/Accel.pp.0.cpp:51465:2: warning: Added loop label VITIS_LOOP_127_2:   [xilinx-label-all-loops]
 for (j = 0; j < COLS - 1; j++) {
 ^~~
 VITIS_LOOP_127_2: 
/data/zedongpeng/HLSBatchProcessor/data/kernels/rosetta_flatten/BNN/project/solution1/.autopilot/db/Accel.pp.0.cpp:51465:2: note: FIX-IT applied suggested code changes
/data/zedongpeng/HLSBatchProcessor/data/kernels/rosetta_flatten/BNN/project/solution1/.autopilot/db/Accel.pp.0.cpp:51493:5: warning: Added loop label VITIS_LOOP_170_1:   [xilinx-label-all-loops]
    for (i = 0; i < ROWS; i++) {
    ^~~
    VITIS_LOOP_170_1: 
/data/zedongpeng/HLSBatchProcessor/data/kernels/rosetta_flatten/BNN/project/solution1/.autopilot/db/Accel.pp.0.cpp:51493:5: note: FIX-IT applied suggested code changes
/data/zedongpeng/HLSBatchProcessor/data/kernels/rosetta_flatten/BNN/project/solution1/.autopilot/db/Accel.pp.0.cpp:51498:2: warning: Added loop label VITIS_LOOP_175_2:   [xilinx-label-all-loops]
 for (j = COLS - 1; j > 0; j--) {
 ^~~
 VITIS_LOOP_175_2: 
/data/zedongpeng/HLSBatchProcessor/data/kernels/rosetta_flatten/BNN/project/solution1/.autopilot/db/Accel.pp.0.cpp:51498:2: note: FIX-IT applied suggested code changes
/data/zedongpeng/HLSBatchProcessor/data/kernels/rosetta_flatten/BNN/project/solution1/.autopilot/db/Accel.pp.0.cpp:51526:5: warning: Added loop label VITIS_LOOP_218_1:   [xilinx-label-all-loops]
    for (i = 0; i < ROWS - 1; i++) {
    ^~~
    VITIS_LOOP_218_1: 
/data/zedongpeng/HLSBatchProcessor/data/kernels/rosetta_flatten/BNN/project/solution1/.autopilot/db/Accel.pp.0.cpp:51526:5: note: FIX-IT applied suggested code changes
/data/zedongpeng/HLSBatchProcessor/data/kernels/rosetta_flatten/BNN/project/solution1/.autopilot/db/Accel.pp.0.cpp:51531:2: warning: Added loop label VITIS_LOOP_223_2:   [xilinx-label-all-loops]
 for (j = 0; j < COLS; j++) {
 ^~~
 VITIS_LOOP_223_2: 
/data/zedongpeng/HLSBatchProcessor/data/kernels/rosetta_flatten/BNN/project/solution1/.autopilot/db/Accel.pp.0.cpp:51531:2: note: FIX-IT applied suggested code changes
/data/zedongpeng/HLSBatchProcessor/data/kernels/rosetta_flatten/BNN/project/solution1/.autopilot/db/Accel.pp.0.cpp:51559:5: warning: Added loop label VITIS_LOOP_266_1:   [xilinx-label-all-loops]
    for (i = ROWS - 1; i > 0; i--) {
    ^~~
    VITIS_LOOP_266_1: 
/data/zedongpeng/HLSBatchProcessor/data/kernels/rosetta_flatten/BNN/project/solution1/.autopilot/db/Accel.pp.0.cpp:51559:5: note: FIX-IT applied suggested code changes
/data/zedongpeng/HLSBatchProcessor/data/kernels/rosetta_flatten/BNN/project/solution1/.autopilot/db/Accel.pp.0.cpp:51564:2: warning: Added loop label VITIS_LOOP_271_2:   [xilinx-label-all-loops]
 for (j = 0; j < COLS; j++) {
 ^~~
 VITIS_LOOP_271_2: 
/data/zedongpeng/HLSBatchProcessor/data/kernels/rosetta_flatten/BNN/project/solution1/.autopilot/db/Accel.pp.0.cpp:51564:2: note: FIX-IT applied suggested code changes
/data/zedongpeng/HLSBatchProcessor/data/kernels/rosetta_flatten/BNN/project/solution1/.autopilot/db/Accel.pp.0.cpp:51611:5: warning: Added loop label VITIS_LOOP_348_1:   [xilinx-label-all-loops]
    for (j = 0; j < COLS; j++) {
    ^~~
    VITIS_LOOP_348_1: 
/data/zedongpeng/HLSBatchProcessor/data/kernels/rosetta_flatten/BNN/project/solution1/.autopilot/db/Accel.pp.0.cpp:51611:5: note: FIX-IT applied suggested code changes
/data/zedongpeng/HLSBatchProcessor/data/kernels/rosetta_flatten/BNN/project/solution1/.autopilot/db/Accel.pp.0.cpp:51675:5: warning: Added loop label VITIS_LOOP_460_1:   [xilinx-label-all-loops]
    for (i = 0; i < ROWS; i++) {
    ^~~
    VITIS_LOOP_460_1: 
/data/zedongpeng/HLSBatchProcessor/data/kernels/rosetta_flatten/BNN/project/solution1/.autopilot/db/Accel.pp.0.cpp:51675:5: note: FIX-IT applied suggested code changes
/data/zedongpeng/HLSBatchProcessor/data/kernels/rosetta_flatten/BNN/project/solution1/.autopilot/db/Accel.pp.0.cpp:51873:44: error: Invalid Directive: for current device, RAM_1P + BRAM is invalid combination for BIND_STORAGE's option 'type + impl' [clang-diagnostic-error]
#pragma HLS bind_storage variable=val type=RAM_1P impl=BRAM
                                           ^
/data/zedongpeng/HLSBatchProcessor/data/kernels/rosetta_flatten/BNN/project/solution1/.autopilot/db/Accel.pp.0.cpp:51878:44: error: Invalid Directive: for current device, RAM_1P + URAM is invalid combination for BIND_STORAGE's option 'type + impl' [clang-diagnostic-error]
#pragma HLS bind_storage variable=val type=RAM_1P impl=URAM
                                           ^
/data/zedongpeng/HLSBatchProcessor/data/kernels/rosetta_flatten/BNN/project/solution1/.autopilot/db/Accel.pp.0.cpp:51883:44: error: Invalid Directive: for current device, RAM_2P + BRAM is invalid combination for BIND_STORAGE's option 'type + impl' [clang-diagnostic-error]
#pragma HLS bind_storage variable=val type=RAM_2P impl=BRAM
                                           ^
/data/zedongpeng/HLSBatchProcessor/data/kernels/rosetta_flatten/BNN/project/solution1/.autopilot/db/Accel.pp.0.cpp:51888:44: error: Invalid Directive: for current device, RAM_2P + URAM is invalid combination for BIND_STORAGE's option 'type + impl' [clang-diagnostic-error]
#pragma HLS bind_storage variable=val type=RAM_2P impl=URAM
                                           ^
/data/zedongpeng/HLSBatchProcessor/data/kernels/rosetta_flatten/BNN/project/solution1/.autopilot/db/Accel.pp.0.cpp:51893:44: error: Invalid Directive: for current device, RAM_S2P + BRAM is invalid combination for BIND_STORAGE's option 'type + impl' [clang-diagnostic-error]
#pragma HLS bind_storage variable=val type=RAM_S2P impl=BRAM
                                           ^
/data/zedongpeng/HLSBatchProcessor/data/kernels/rosetta_flatten/BNN/project/solution1/.autopilot/db/Accel.pp.0.cpp:51898:44: error: Invalid Directive: for current device, RAM_S2P + URAM is invalid combination for BIND_STORAGE's option 'type + impl' [clang-diagnostic-error]
#pragma HLS bind_storage variable=val type=RAM_S2P impl=URAM
                                           ^
/data/zedongpeng/HLSBatchProcessor/data/kernels/rosetta_flatten/BNN/project/solution1/.autopilot/db/Accel.pp.0.cpp:51903:44: error: Invalid Directive: for current device, RAM_T2P + BRAM is invalid combination for BIND_STORAGE's option 'type + impl' [clang-diagnostic-error]
#pragma HLS bind_storage variable=val type=RAM_T2P impl=BRAM
                                           ^
/data/zedongpeng/HLSBatchProcessor/data/kernels/rosetta_flatten/BNN/project/solution1/.autopilot/db/Accel.pp.0.cpp:51908:44: error: Invalid Directive: for current device, RAM_T2P + URAM is invalid combination for BIND_STORAGE's option 'type + impl' [clang-diagnostic-error]
#pragma HLS bind_storage variable=val type=RAM_T2P impl=URAM
                                           ^
/data/zedongpeng/HLSBatchProcessor/data/kernels/rosetta_flatten/BNN/project/solution1/.autopilot/db/Accel.pp.0.cpp:51964:5: warning: Added loop label VITIS_LOOP_860_1:   [xilinx-label-all-loops]
    for (i = ROWS - 1; i > 0; i--) {
    ^~~
    VITIS_LOOP_860_1: 
/data/zedongpeng/HLSBatchProcessor/data/kernels/rosetta_flatten/BNN/project/solution1/.autopilot/db/Accel.pp.0.cpp:51964:5: note: FIX-IT applied suggested code changes
/data/zedongpeng/HLSBatchProcessor/data/kernels/rosetta_flatten/BNN/project/solution1/.autopilot/db/Accel.pp.0.cpp:51991:5: warning: Added loop label VITIS_LOOP_906_1:   [xilinx-label-all-loops]
    for (i = 0; i < ROWS - 1; i++) {
    ^~~
    VITIS_LOOP_906_1: 
/data/zedongpeng/HLSBatchProcessor/data/kernels/rosetta_flatten/BNN/project/solution1/.autopilot/db/Accel.pp.0.cpp:51991:5: note: FIX-IT applied suggested code changes
/data/zedongpeng/HLSBatchProcessor/data/kernels/rosetta_flatten/BNN/project/solution1/.autopilot/db/Accel.pp.0.cpp:52048:5: warning: Added loop label VITIS_LOOP_1014_1:   [xilinx-label-all-loops]
    for (i = 0; i < ROWS; i++) {
    ^~~
    VITIS_LOOP_1014_1: 
/data/zedongpeng/HLSBatchProcessor/data/kernels/rosetta_flatten/BNN/project/solution1/.autopilot/db/Accel.pp.0.cpp:52048:5: note: FIX-IT applied suggested code changes
/data/zedongpeng/HLSBatchProcessor/data/kernels/rosetta_flatten/BNN/project/solution1/.autopilot/db/Accel.pp.0.cpp:52145:5: warning: Added loop label VITIS_LOOP_39_1:   [xilinx-label-all-loops]
    for (int i = 0; i < loopcount; i++) {
    ^~~
    VITIS_LOOP_39_1: 
/data/zedongpeng/HLSBatchProcessor/data/kernels/rosetta_flatten/BNN/project/solution1/.autopilot/db/Accel.pp.0.cpp:52145:5: note: FIX-IT applied suggested code changes
/data/zedongpeng/HLSBatchProcessor/data/kernels/rosetta_flatten/BNN/project/solution1/.autopilot/db/Accel.pp.0.cpp:52165:5: warning: Added loop label VITIS_LOOP_59_1:   [xilinx-label-all-loops]
    for (int i = 0; i < loopcount; i++) {
    ^~~
    VITIS_LOOP_59_1: 
/data/zedongpeng/HLSBatchProcessor/data/kernels/rosetta_flatten/BNN/project/solution1/.autopilot/db/Accel.pp.0.cpp:52165:5: note: FIX-IT applied suggested code changes
/data/zedongpeng/HLSBatchProcessor/data/kernels/rosetta_flatten/BNN/project/solution1/.autopilot/db/Accel.pp.0.cpp:52194:5: warning: Added loop label VITIS_LOOP_88_1:   [xilinx-label-all-loops]
    for (int i = 0; i < loopcount; i++) {
    ^~~
    VITIS_LOOP_88_1: 
/data/zedongpeng/HLSBatchProcessor/data/kernels/rosetta_flatten/BNN/project/solution1/.autopilot/db/Accel.pp.0.cpp:52194:5: note: FIX-IT applied suggested code changes
/data/zedongpeng/HLSBatchProcessor/data/kernels/rosetta_flatten/BNN/project/solution1/.autopilot/db/Accel.pp.0.cpp:52228:5: warning: Added loop label VITIS_LOOP_122_1:   [xilinx-label-all-loops]
    for (int i = 0; i < loopcount; i++) {
    ^~~
    VITIS_LOOP_122_1: 
/data/zedongpeng/HLSBatchProcessor/data/kernels/rosetta_flatten/BNN/project/solution1/.autopilot/db/Accel.pp.0.cpp:52228:5: note: FIX-IT applied suggested code changes
/data/zedongpeng/HLSBatchProcessor/data/kernels/rosetta_flatten/BNN/project/solution1/.autopilot/db/Accel.pp.0.cpp:52263:5: warning: Added loop label VITIS_LOOP_157_1:   [xilinx-label-all-loops]
    for (int i = 0; i < loopcount; i++) {
    ^~~
    VITIS_LOOP_157_1: 
/data/zedongpeng/HLSBatchProcessor/data/kernels/rosetta_flatten/BNN/project/solution1/.autopilot/db/Accel.pp.0.cpp:52263:5: note: FIX-IT applied suggested code changes
/data/zedongpeng/HLSBatchProcessor/data/kernels/rosetta_flatten/BNN/project/solution1/.autopilot/db/Accel.pp.0.cpp:52292:5: warning: Added loop label VITIS_LOOP_186_1:   [xilinx-label-all-loops]
    for (int i = 0; i < loopcount; i++) {
    ^~~
    VITIS_LOOP_186_1: 
/data/zedongpeng/HLSBatchProcessor/data/kernels/rosetta_flatten/BNN/project/solution1/.autopilot/db/Accel.pp.0.cpp:52292:5: note: FIX-IT applied suggested code changes
/data/zedongpeng/HLSBatchProcessor/data/kernels/rosetta_flatten/BNN/project/solution1/.autopilot/db/Accel.pp.0.cpp:52317:5: warning: Added loop label VITIS_LOOP_211_1:   [xilinx-label-all-loops]
    for (int i = 0; i < loopcount; i++) {
    ^~~
    VITIS_LOOP_211_1: 
/data/zedongpeng/HLSBatchProcessor/data/kernels/rosetta_flatten/BNN/project/solution1/.autopilot/db/Accel.pp.0.cpp:52317:5: note: FIX-IT applied suggested code changes
/data/zedongpeng/HLSBatchProcessor/data/kernels/rosetta_flatten/BNN/project/solution1/.autopilot/db/Accel.pp.0.cpp:52341:5: warning: Added loop label VITIS_LOOP_235_1:   [xilinx-label-all-loops]
    for (int i = 0; i < loopcount; i++) {
    ^~~
    VITIS_LOOP_235_1: 
/data/zedongpeng/HLSBatchProcessor/data/kernels/rosetta_flatten/BNN/project/solution1/.autopilot/db/Accel.pp.0.cpp:52341:5: note: FIX-IT applied suggested code changes
/data/zedongpeng/HLSBatchProcessor/data/kernels/rosetta_flatten/BNN/project/solution1/.autopilot/db/Accel.pp.0.cpp:52377:5: warning: Added loop label VITIS_LOOP_271_1:   [xilinx-label-all-loops]
    for (uint16_t r = 0; r < K_ROWS; r++) {
    ^~~
    VITIS_LOOP_271_1: 
/data/zedongpeng/HLSBatchProcessor/data/kernels/rosetta_flatten/BNN/project/solution1/.autopilot/db/Accel.pp.0.cpp:52377:5: note: FIX-IT applied suggested code changes
/data/zedongpeng/HLSBatchProcessor/data/kernels/rosetta_flatten/BNN/project/solution1/.autopilot/db/Accel.pp.0.cpp:52380:2: warning: Added loop label VITIS_LOOP_274_2:   [xilinx-label-all-loops]
 for (uint16_t c = 0; c < K_COLS; c++) {
 ^~~
 VITIS_LOOP_274_2: 
/data/zedongpeng/HLSBatchProcessor/data/kernels/rosetta_flatten/BNN/project/solution1/.autopilot/db/Accel.pp.0.cpp:52380:2: note: FIX-IT applied suggested code changes
/data/zedongpeng/HLSBatchProcessor/data/kernels/rosetta_flatten/BNN/project/solution1/.autopilot/db/Accel.pp.0.cpp:52441:5: warning: Added loop label VITIS_LOOP_335_1:   [xilinx-label-all-loops]
    for (ap_int<9> i = 0; i < loopIter; i++) {
    ^~~
    VITIS_LOOP_335_1: 
/data/zedongpeng/HLSBatchProcessor/data/kernels/rosetta_flatten/BNN/project/solution1/.autopilot/db/Accel.pp.0.cpp:52441:5: note: FIX-IT applied suggested code changes
/data/zedongpeng/HLSBatchProcessor/data/kernels/rosetta_flatten/BNN/project/solution1/.autopilot/db/Accel.pp.0.cpp:52515:5: warning: Added loop label VITIS_LOOP_409_1:   [xilinx-label-all-loops]
    for (i = 0; i < 6; i++, ind++) {
    ^~~
    VITIS_LOOP_409_1: 
/data/zedongpeng/HLSBatchProcessor/data/kernels/rosetta_flatten/BNN/project/solution1/.autopilot/db/Accel.pp.0.cpp:52515:5: note: FIX-IT applied suggested code changes
/data/zedongpeng/HLSBatchProcessor/data/kernels/rosetta_flatten/BNN/project/solution1/.autopilot/db/Accel.pp.0.cpp:52587:5: warning: Added loop label VITIS_LOOP_481_1:   [xilinx-label-all-loops]
    for (int i = 0; i < imheight; i++) {
    ^~~
    VITIS_LOOP_481_1: 
/data/zedongpeng/HLSBatchProcessor/data/kernels/rosetta_flatten/BNN/project/solution1/.autopilot/db/Accel.pp.0.cpp:52587:5: note: FIX-IT applied suggested code changes
/data/zedongpeng/HLSBatchProcessor/data/kernels/rosetta_flatten/BNN/project/solution1/.autopilot/db/Accel.pp.0.cpp:52593:2: warning: Added loop label VITIS_LOOP_487_2:   [xilinx-label-all-loops]
 for (int j = 0; j < (imwidth >> NPC); j++) {
 ^~~
 VITIS_LOOP_487_2: 
/data/zedongpeng/HLSBatchProcessor/data/kernels/rosetta_flatten/BNN/project/solution1/.autopilot/db/Accel.pp.0.cpp:52593:2: note: FIX-IT applied suggested code changes
/data/zedongpeng/HLSBatchProcessor/data/kernels/rosetta_flatten/BNN/project/solution1/.autopilot/db/Accel.pp.0.cpp:52620:9: warning: Added loop label VITIS_LOOP_514_1:   [xilinx-label-all-loops]
        for (int i = 0; i < loop_count; i++) {
        ^~~
        VITIS_LOOP_514_1: 
/data/zedongpeng/HLSBatchProcessor/data/kernels/rosetta_flatten/BNN/project/solution1/.autopilot/db/Accel.pp.0.cpp:52620:9: note: FIX-IT applied suggested code changes
/data/zedongpeng/HLSBatchProcessor/data/kernels/rosetta_flatten/BNN/project/solution1/.autopilot/db/Accel.pp.0.cpp:52728:9: warning: Added loop label VITIS_LOOP_640_1:   [xilinx-label-all-loops]
        for (int i = 0; i < loop_count; i++) {
        ^~~
        VITIS_LOOP_640_1: 
/data/zedongpeng/HLSBatchProcessor/data/kernels/rosetta_flatten/BNN/project/solution1/.autopilot/db/Accel.pp.0.cpp:52728:9: note: FIX-IT applied suggested code changes
/data/zedongpeng/HLSBatchProcessor/data/kernels/rosetta_flatten/BNN/project/solution1/.autopilot/db/Accel.pp.0.cpp:52844:9: warning: Added loop label VITIS_LOOP_756_1:   [xilinx-label-all-loops]
        for (int i = 0; i < loop_count; i++) {
        ^~~
        VITIS_LOOP_756_1: 
/data/zedongpeng/HLSBatchProcessor/data/kernels/rosetta_flatten/BNN/project/solution1/.autopilot/db/Accel.pp.0.cpp:52844:9: note: FIX-IT applied suggested code changes
/data/zedongpeng/HLSBatchProcessor/data/kernels/rosetta_flatten/BNN/project/solution1/.autopilot/db/Accel.pp.0.cpp:52877:9: warning: Added loop label VITIS_LOOP_808_1:   [xilinx-label-all-loops]
        for (int i = 0; i < loop_count; i++) {
        ^~~
        VITIS_LOOP_808_1: 
/data/zedongpeng/HLSBatchProcessor/data/kernels/rosetta_flatten/BNN/project/solution1/.autopilot/db/Accel.pp.0.cpp:52877:9: note: FIX-IT applied suggested code changes
/data/zedongpeng/HLSBatchProcessor/data/kernels/rosetta_flatten/BNN/project/solution1/.autopilot/db/Accel.pp.0.cpp:53168:3: warning: Added loop label VITIS_LOOP_35_1:   [xilinx-label-all-loops]
  for (unsigned r = 0; r < R; ++r) {
  ^~~
  VITIS_LOOP_35_1: 
/data/zedongpeng/HLSBatchProcessor/data/kernels/rosetta_flatten/BNN/project/solution1/.autopilot/db/Accel.pp.0.cpp:53168:3: note: FIX-IT applied suggested code changes
/data/zedongpeng/HLSBatchProcessor/data/kernels/rosetta_flatten/BNN/project/solution1/.autopilot/db/Accel.pp.0.cpp:53169:5: warning: Added loop label VITIS_LOOP_36_2:   [xilinx-label-all-loops]
    for (unsigned c = 0; c < C; ++c)
    ^~~
    VITIS_LOOP_36_2: 
/data/zedongpeng/HLSBatchProcessor/data/kernels/rosetta_flatten/BNN/project/solution1/.autopilot/db/Accel.pp.0.cpp:53169:5: note: FIX-IT applied suggested code changes
/data/zedongpeng/HLSBatchProcessor/data/kernels/rosetta_flatten/BNN/project/solution1/.autopilot/db/Accel.pp.0.cpp:53177:3: warning: Added loop label VITIS_LOOP_44_1:   [xilinx-label-all-loops]
  for (unsigned m = M; m < M+num; ++m) {
  ^~~
  VITIS_LOOP_44_1: 
/data/zedongpeng/HLSBatchProcessor/data/kernels/rosetta_flatten/BNN/project/solution1/.autopilot/db/Accel.pp.0.cpp:53177:3: note: FIX-IT applied suggested code changes
/data/zedongpeng/HLSBatchProcessor/data/kernels/rosetta_flatten/BNN/project/solution1/.autopilot/db/Accel.pp.0.cpp:53187:3: warning: Added loop label VITIS_LOOP_54_1:   [xilinx-label-all-loops]
  for (unsigned r = 0; r < R; ++r) {
  ^~~
  VITIS_LOOP_54_1: 
/data/zedongpeng/HLSBatchProcessor/data/kernels/rosetta_flatten/BNN/project/solution1/.autopilot/db/Accel.pp.0.cpp:53187:3: note: FIX-IT applied suggested code changes
/data/zedongpeng/HLSBatchProcessor/data/kernels/rosetta_flatten/BNN/project/solution1/.autopilot/db/Accel.pp.0.cpp:53188:5: warning: Added loop label VITIS_LOOP_55_2:   [xilinx-label-all-loops]
    for (unsigned c = 0; c < C; ++c)
    ^~~
    VITIS_LOOP_55_2: 
/data/zedongpeng/HLSBatchProcessor/data/kernels/rosetta_flatten/BNN/project/solution1/.autopilot/db/Accel.pp.0.cpp:53188:5: note: FIX-IT applied suggested code changes
/data/zedongpeng/HLSBatchProcessor/data/kernels/rosetta_flatten/BNN/project/solution1/.autopilot/db/Accel.pp.0.cpp:53196:3: warning: Added loop label VITIS_LOOP_63_1:   [xilinx-label-all-loops]
  for (unsigned m = M; m < M+num; ++m) {
  ^~~
  VITIS_LOOP_63_1: 
/data/zedongpeng/HLSBatchProcessor/data/kernels/rosetta_flatten/BNN/project/solution1/.autopilot/db/Accel.pp.0.cpp:53196:3: note: FIX-IT applied suggested code changes
/data/zedongpeng/HLSBatchProcessor/data/kernels/rosetta_flatten/BNN/project/solution1/.autopilot/db/Accel.pp.0.cpp:53218:3: warning: Added loop label VITIS_LOOP_18_1:   [xilinx-label-all-loops]
  for (unsigned i = 0; i < W; ++i)
  ^~~
  VITIS_LOOP_18_1: 
/data/zedongpeng/HLSBatchProcessor/data/kernels/rosetta_flatten/BNN/project/solution1/.autopilot/db/Accel.pp.0.cpp:53218:3: note: FIX-IT applied suggested code changes
/data/zedongpeng/HLSBatchProcessor/data/kernels/rosetta_flatten/BNN/project/solution1/.autopilot/db/Accel.pp.0.cpp:53225:3: warning: Added loop label VITIS_LOOP_25_1:   [xilinx-label-all-loops]
  for (unsigned m = 0; m < CONVOLVERS; ++m) {
  ^~~
  VITIS_LOOP_25_1: 
/data/zedongpeng/HLSBatchProcessor/data/kernels/rosetta_flatten/BNN/project/solution1/.autopilot/db/Accel.pp.0.cpp:53225:3: note: FIX-IT applied suggested code changes
/data/zedongpeng/HLSBatchProcessor/data/kernels/rosetta_flatten/BNN/project/solution1/.autopilot/db/Accel.pp.0.cpp:53226:5: warning: Added loop label VITIS_LOOP_26_2:   [xilinx-label-all-loops]
    for (unsigned wr = 0; wr < K; ++wr) {
    ^~~
    VITIS_LOOP_26_2: 
/data/zedongpeng/HLSBatchProcessor/data/kernels/rosetta_flatten/BNN/project/solution1/.autopilot/db/Accel.pp.0.cpp:53226:5: note: FIX-IT applied suggested code changes
/data/zedongpeng/HLSBatchProcessor/data/kernels/rosetta_flatten/BNN/project/solution1/.autopilot/db/Accel.pp.0.cpp:53227:7: warning: Added loop label VITIS_LOOP_27_3:   [xilinx-label-all-loops]
      for (unsigned wc = 0; wc < K; ++wc) {
      ^~~
      VITIS_LOOP_27_3: 
/data/zedongpeng/HLSBatchProcessor/data/kernels/rosetta_flatten/BNN/project/solution1/.autopilot/db/Accel.pp.0.cpp:53227:7: note: FIX-IT applied suggested code changes
/data/zedongpeng/HLSBatchProcessor/data/kernels/rosetta_flatten/BNN/project/solution1/.autopilot/db/Accel.pp.0.cpp:53238:3: warning: Added loop label VITIS_LOOP_38_1:   [xilinx-label-all-loops]
  for (unsigned wr = 0; wr < CONV_ROWS; ++wr) {
  ^~~
  VITIS_LOOP_38_1: 
/data/zedongpeng/HLSBatchProcessor/data/kernels/rosetta_flatten/BNN/project/solution1/.autopilot/db/Accel.pp.0.cpp:53238:3: note: FIX-IT applied suggested code changes
/data/zedongpeng/HLSBatchProcessor/data/kernels/rosetta_flatten/BNN/project/solution1/.autopilot/db/Accel.pp.0.cpp:53239:3: warning: Added loop label VITIS_LOOP_39_2:   [xilinx-label-all-loops]
  for (unsigned bank = 0; bank < CONV_BANKS; ++bank) {
  ^~~
  VITIS_LOOP_39_2: 
/data/zedongpeng/HLSBatchProcessor/data/kernels/rosetta_flatten/BNN/project/solution1/.autopilot/db/Accel.pp.0.cpp:53239:3: note: FIX-IT applied suggested code changes
/data/zedongpeng/HLSBatchProcessor/data/kernels/rosetta_flatten/BNN/project/solution1/.autopilot/db/Accel.pp.0.cpp:53240:5: warning: Added loop label VITIS_LOOP_40_3:   [xilinx-label-all-loops]
    for (unsigned wc = 0; wc < CONV_COLS; ++wc) {
    ^~~
    VITIS_LOOP_40_3: 
/data/zedongpeng/HLSBatchProcessor/data/kernels/rosetta_flatten/BNN/project/solution1/.autopilot/db/Accel.pp.0.cpp:53240:5: note: FIX-IT applied suggested code changes
/data/zedongpeng/HLSBatchProcessor/data/kernels/rosetta_flatten/BNN/project/solution1/.autopilot/db/Accel.pp.0.cpp:53263:3: warning: Added loop label VITIS_LOOP_63_1:   [xilinx-label-all-loops]
  for (ap_uint<2> kr = 0; kr < K; ++kr) {
  ^~~
  VITIS_LOOP_63_1: 
/data/zedongpeng/HLSBatchProcessor/data/kernels/rosetta_flatten/BNN/project/solution1/.autopilot/db/Accel.pp.0.cpp:53263:3: note: FIX-IT applied suggested code changes
/data/zedongpeng/HLSBatchProcessor/data/kernels/rosetta_flatten/BNN/project/solution1/.autopilot/db/Accel.pp.0.cpp:53264:5: warning: Added loop label VITIS_LOOP_64_2:   [xilinx-label-all-loops]
    for (ap_uint<2> kc = 0; kc < K; ++kc) {
    ^~~
    VITIS_LOOP_64_2: 
/data/zedongpeng/HLSBatchProcessor/data/kernels/rosetta_flatten/BNN/project/solution1/.autopilot/db/Accel.pp.0.cpp:53264:5: note: FIX-IT applied suggested code changes
/data/zedongpeng/HLSBatchProcessor/data/kernels/rosetta_flatten/BNN/project/solution1/.autopilot/db/Accel.pp.0.cpp:53282:3: warning: Added loop label VITIS_LOOP_82_1:   [xilinx-label-all-loops]
  for (ap_uint<4> bank = 0; bank < CONV_BANKS; ++bank) {
  ^~~
  VITIS_LOOP_82_1: 
/data/zedongpeng/HLSBatchProcessor/data/kernels/rosetta_flatten/BNN/project/solution1/.autopilot/db/Accel.pp.0.cpp:53282:3: note: FIX-IT applied suggested code changes
/data/zedongpeng/HLSBatchProcessor/data/kernels/rosetta_flatten/BNN/project/solution1/.autopilot/db/Accel.pp.0.cpp:53283:5: warning: Added loop label VITIS_LOOP_83_2:   [xilinx-label-all-loops]
    for (ap_uint<4> cc = 0; cc < BANK_WIDTH; ++cc) {
    ^~~
    VITIS_LOOP_83_2: 
/data/zedongpeng/HLSBatchProcessor/data/kernels/rosetta_flatten/BNN/project/solution1/.autopilot/db/Accel.pp.0.cpp:53283:5: note: FIX-IT applied suggested code changes
/data/zedongpeng/HLSBatchProcessor/data/kernels/rosetta_flatten/BNN/project/solution1/.autopilot/db/Accel.pp.0.cpp:53313:3: warning: Added loop label VITIS_LOOP_113_1:   [xilinx-label-all-loops]
  for (ap_uint<4> bank = 0; bank < CONV_BANKS; ++bank) {
  ^~~
  VITIS_LOOP_113_1: 
/data/zedongpeng/HLSBatchProcessor/data/kernels/rosetta_flatten/BNN/project/solution1/.autopilot/db/Accel.pp.0.cpp:53313:3: note: FIX-IT applied suggested code changes
/data/zedongpeng/HLSBatchProcessor/data/kernels/rosetta_flatten/BNN/project/solution1/.autopilot/db/Accel.pp.0.cpp:53317:7: warning: Added loop label VITIS_LOOP_117_2:   [xilinx-label-all-loops]
      for (ap_uint<4> cc = 1; cc < CONV_COLS-1; ++cc) {
      ^~~
      VITIS_LOOP_117_2: 
/data/zedongpeng/HLSBatchProcessor/data/kernels/rosetta_flatten/BNN/project/solution1/.autopilot/db/Accel.pp.0.cpp:53317:7: note: FIX-IT applied suggested code changes
/data/zedongpeng/HLSBatchProcessor/data/kernels/rosetta_flatten/BNN/project/solution1/.autopilot/db/Accel.pp.0.cpp:53324:7: warning: Added loop label VITIS_LOOP_124_3:   [xilinx-label-all-loops]
      for (ap_uint<4> cc = 1; cc < CONV_COLS-1; ++cc) {
      ^~~
      VITIS_LOOP_124_3: 
/data/zedongpeng/HLSBatchProcessor/data/kernels/rosetta_flatten/BNN/project/solution1/.autopilot/db/Accel.pp.0.cpp:53324:7: note: FIX-IT applied suggested code changes
/data/zedongpeng/HLSBatchProcessor/data/kernels/rosetta_flatten/BNN/project/solution1/.autopilot/db/Accel.pp.0.cpp:53342:3: warning: Added loop label VITIS_LOOP_142_4:   [xilinx-label-all-loops]
  for (ap_uint<4> bank = 0; bank < CONV_BANKS; ++bank) {
  ^~~
  VITIS_LOOP_142_4: 
/data/zedongpeng/HLSBatchProcessor/data/kernels/rosetta_flatten/BNN/project/solution1/.autopilot/db/Accel.pp.0.cpp:53342:3: note: FIX-IT applied suggested code changes
/data/zedongpeng/HLSBatchProcessor/data/kernels/rosetta_flatten/BNN/project/solution1/.autopilot/db/Accel.pp.0.cpp:53348:7: warning: Added loop label VITIS_LOOP_148_5:   [xilinx-label-all-loops]
      for (ap_uint<4> cc = 1; cc < CONV_COLS-1; ++cc) {
      ^~~
      VITIS_LOOP_148_5: 
/data/zedongpeng/HLSBatchProcessor/data/kernels/rosetta_flatten/BNN/project/solution1/.autopilot/db/Accel.pp.0.cpp:53348:7: note: FIX-IT applied suggested code changes
/data/zedongpeng/HLSBatchProcessor/data/kernels/rosetta_flatten/BNN/project/solution1/.autopilot/db/Accel.pp.0.cpp:53355:7: warning: Added loop label VITIS_LOOP_155_6:   [xilinx-label-all-loops]
      for (ap_uint<4> cc = 1; cc < CONV_COLS-1; ++cc) {
      ^~~
      VITIS_LOOP_155_6: 
/data/zedongpeng/HLSBatchProcessor/data/kernels/rosetta_flatten/BNN/project/solution1/.autopilot/db/Accel.pp.0.cpp:53355:7: note: FIX-IT applied suggested code changes
/data/zedongpeng/HLSBatchProcessor/data/kernels/rosetta_flatten/BNN/project/solution1/.autopilot/db/Accel.pp.0.cpp:53364:5: warning: Added loop label VITIS_LOOP_164_7:   [xilinx-label-all-loops]
    for (ap_uint<4> cc = 1; cc < CONV_COLS-1; ++cc) {
    ^~~
    VITIS_LOOP_164_7: 
/data/zedongpeng/HLSBatchProcessor/data/kernels/rosetta_flatten/BNN/project/solution1/.autopilot/db/Accel.pp.0.cpp:53364:5: note: FIX-IT applied suggested code changes
/data/zedongpeng/HLSBatchProcessor/data/kernels/rosetta_flatten/BNN/project/solution1/.autopilot/db/Accel.pp.0.cpp:53431:3: warning: Added loop label VITIS_LOOP_231_1:   [xilinx-label-all-loops]
  for (ap_uint<4> bank = 0; bank < CONV_BANKS; ++bank) {
  ^~~
  VITIS_LOOP_231_1: 
/data/zedongpeng/HLSBatchProcessor/data/kernels/rosetta_flatten/BNN/project/solution1/.autopilot/db/Accel.pp.0.cpp:53431:3: note: FIX-IT applied suggested code changes
/data/zedongpeng/HLSBatchProcessor/data/kernels/rosetta_flatten/BNN/project/solution1/.autopilot/db/Accel.pp.0.cpp:53440:3: warning: Added loop label VITIS_LOOP_240_2:   [xilinx-label-all-loops]
  for (IdxType i = 0; i < WORDS_PER_PHASE; ++i) {
  ^~~
  VITIS_LOOP_240_2: 
/data/zedongpeng/HLSBatchProcessor/data/kernels/rosetta_flatten/BNN/project/solution1/.autopilot/db/Accel.pp.0.cpp:53440:3: note: FIX-IT applied suggested code changes
/data/zedongpeng/HLSBatchProcessor/data/kernels/rosetta_flatten/BNN/project/solution1/.autopilot/db/Accel.pp.0.cpp:53441:5: warning: Added loop label VITIS_LOOP_241_3:   [xilinx-label-all-loops]
    for (IdxType j = 0; j < WORD_SIZE; ++j) {
    ^~~
    VITIS_LOOP_241_3: 
/data/zedongpeng/HLSBatchProcessor/data/kernels/rosetta_flatten/BNN/project/solution1/.autopilot/db/Accel.pp.0.cpp:53441:5: note: FIX-IT applied suggested code changes
/data/zedongpeng/HLSBatchProcessor/data/kernels/rosetta_flatten/BNN/project/solution1/.autopilot/db/Accel.pp.0.cpp:53500:11: warning: Added loop label VITIS_LOOP_300_4:   [xilinx-label-all-loops]
          for (ap_uint<2> kr = 0; kr < K; ++kr) {
          ^~~
          VITIS_LOOP_300_4: 
/data/zedongpeng/HLSBatchProcessor/data/kernels/rosetta_flatten/BNN/project/solution1/.autopilot/db/Accel.pp.0.cpp:53500:11: note: FIX-IT applied suggested code changes
/data/zedongpeng/HLSBatchProcessor/data/kernels/rosetta_flatten/BNN/project/solution1/.autopilot/db/Accel.pp.0.cpp:53501:13: warning: Added loop label VITIS_LOOP_301_5:   [xilinx-label-all-loops]
            for (ap_uint<2> kc = 0; kc < K; ++kc)
            ^~~
            VITIS_LOOP_301_5: 
/data/zedongpeng/HLSBatchProcessor/data/kernels/rosetta_flatten/BNN/project/solution1/.autopilot/db/Accel.pp.0.cpp:53501:13: note: FIX-IT applied suggested code changes
/data/zedongpeng/HLSBatchProcessor/data/kernels/rosetta_flatten/BNN/project/solution1/.autopilot/db/Accel.pp.0.cpp:53518:11: warning: Added loop label VITIS_LOOP_318_6:   [xilinx-label-all-loops]
          for (IdxType bank = 0; bank < CONV_BANKS; ++bank) {
          ^~~
          VITIS_LOOP_318_6: 
/data/zedongpeng/HLSBatchProcessor/data/kernels/rosetta_flatten/BNN/project/solution1/.autopilot/db/Accel.pp.0.cpp:53518:11: note: FIX-IT applied suggested code changes
/data/zedongpeng/HLSBatchProcessor/data/kernels/rosetta_flatten/BNN/project/solution1/.autopilot/db/Accel.pp.0.cpp:53519:13: warning: Added loop label VITIS_LOOP_319_7:   [xilinx-label-all-loops]
            for (IdxType cc = 0; cc < CONV_COLS-2; ++cc) {
            ^~~
            VITIS_LOOP_319_7: 
/data/zedongpeng/HLSBatchProcessor/data/kernels/rosetta_flatten/BNN/project/solution1/.autopilot/db/Accel.pp.0.cpp:53519:13: note: FIX-IT applied suggested code changes
/data/zedongpeng/HLSBatchProcessor/data/kernels/rosetta_flatten/BNN/project/solution1/.autopilot/db/Accel.pp.0.cpp:53538:7: warning: Added loop label VITIS_LOOP_338_8:   [xilinx-label-all-loops]
      for (IdxType m = 0; m < CONVOLVERS; ++m) {
      ^~~
      VITIS_LOOP_338_8: 
/data/zedongpeng/HLSBatchProcessor/data/kernels/rosetta_flatten/BNN/project/solution1/.autopilot/db/Accel.pp.0.cpp:53538:7: note: FIX-IT applied suggested code changes
/data/zedongpeng/HLSBatchProcessor/data/kernels/rosetta_flatten/BNN/project/solution1/.autopilot/db/Accel.pp.0.cpp:53539:9: warning: Added loop label VITIS_LOOP_339_9:   [xilinx-label-all-loops]
        for (IdxType bank = 0; bank < CONV_BANKS; ++bank) {
        ^~~
        VITIS_LOOP_339_9: 
/data/zedongpeng/HLSBatchProcessor/data/kernels/rosetta_flatten/BNN/project/solution1/.autopilot/db/Accel.pp.0.cpp:53539:9: note: FIX-IT applied suggested code changes
/data/zedongpeng/HLSBatchProcessor/data/kernels/rosetta_flatten/BNN/project/solution1/.autopilot/db/Accel.pp.0.cpp:53540:11: warning: Added loop label VITIS_LOOP_340_10:   [xilinx-label-all-loops]
          for (IdxType cc = 0; cc < CONV_COLS; ++cc) {
          ^~~
          VITIS_LOOP_340_10: 
/data/zedongpeng/HLSBatchProcessor/data/kernels/rosetta_flatten/BNN/project/solution1/.autopilot/db/Accel.pp.0.cpp:53540:11: note: FIX-IT applied suggested code changes
/data/zedongpeng/HLSBatchProcessor/data/kernels/rosetta_flatten/BNN/project/solution1/.autopilot/db/Accel.pp.0.cpp:53548:7: warning: Added loop label VITIS_LOOP_348_11:   [xilinx-label-all-loops]
      for (IdxType i = 0; i < WORD_SIZE; ++i) {
      ^~~
      VITIS_LOOP_348_11: 
/data/zedongpeng/HLSBatchProcessor/data/kernels/rosetta_flatten/BNN/project/solution1/.autopilot/db/Accel.pp.0.cpp:53548:7: note: FIX-IT applied suggested code changes
/data/zedongpeng/HLSBatchProcessor/data/kernels/rosetta_flatten/BNN/project/solution1/.autopilot/db/Accel.pp.0.cpp:53552:11: warning: Added loop label VITIS_LOOP_352_12:   [xilinx-label-all-loops]
          for (IdxType m = 0; m < CONVOLVERS; ++m)
          ^~~
          VITIS_LOOP_352_12: 
/data/zedongpeng/HLSBatchProcessor/data/kernels/rosetta_flatten/BNN/project/solution1/.autopilot/db/Accel.pp.0.cpp:53552:11: note: FIX-IT applied suggested code changes
/data/zedongpeng/HLSBatchProcessor/data/kernels/rosetta_flatten/BNN/project/solution1/.autopilot/db/Accel.pp.0.cpp:53573:5: warning: Added loop label VITIS_LOOP_373_13:   [xilinx-label-all-loops]
    for (IdxType b = 0; b < WORD_SIZE; ++b) {
    ^~~
    VITIS_LOOP_373_13: 
/data/zedongpeng/HLSBatchProcessor/data/kernels/rosetta_flatten/BNN/project/solution1/.autopilot/db/Accel.pp.0.cpp:53573:5: note: FIX-IT applied suggested code changes
/data/zedongpeng/HLSBatchProcessor/data/kernels/rosetta_flatten/BNN/project/solution1/.autopilot/db/Accel.pp.0.cpp:53581:2: warning: Added loop label VITIS_LOOP_381_14:   [xilinx-label-all-loops]
 for (IdxType b = 0; b < WORD_SIZE; ++b) {
 ^~~
 VITIS_LOOP_381_14: 
/data/zedongpeng/HLSBatchProcessor/data/kernels/rosetta_flatten/BNN/project/solution1/.autopilot/db/Accel.pp.0.cpp:53581:2: note: FIX-IT applied suggested code changes
/data/zedongpeng/HLSBatchProcessor/data/kernels/rosetta_flatten/BNN/project/solution1/.autopilot/db/Accel.pp.0.cpp:53585:5: warning: Added loop label VITIS_LOOP_385_15:   [xilinx-label-all-loops]
    for (IdxType b = 0; b < WORD_SIZE; ++b) {
    ^~~
    VITIS_LOOP_385_15: 
/data/zedongpeng/HLSBatchProcessor/data/kernels/rosetta_flatten/BNN/project/solution1/.autopilot/db/Accel.pp.0.cpp:53585:5: note: FIX-IT applied suggested code changes
/data/zedongpeng/HLSBatchProcessor/data/kernels/rosetta_flatten/BNN/project/solution1/.autopilot/db/Accel.pp.0.cpp:53611:5: warning: Added loop label VITIS_LOOP_411_16:   [xilinx-label-all-loops]
    for (ap_uint<7> i = 0; i < WORD_SIZE; ++i) {
    ^~~
    VITIS_LOOP_411_16: 
/data/zedongpeng/HLSBatchProcessor/data/kernels/rosetta_flatten/BNN/project/solution1/.autopilot/db/Accel.pp.0.cpp:53611:5: note: FIX-IT applied suggested code changes
/data/zedongpeng/HLSBatchProcessor/data/kernels/rosetta_flatten/BNN/project/solution1/.autopilot/db/Accel.pp.0.cpp:53621:7: warning: Added loop label VITIS_LOOP_421_17:   [xilinx-label-all-loops]
      for (ap_uint<6> i = 0; i < WORD_SIZE/2; ++i) {
      ^~~
      VITIS_LOOP_421_17: 
/data/zedongpeng/HLSBatchProcessor/data/kernels/rosetta_flatten/BNN/project/solution1/.autopilot/db/Accel.pp.0.cpp:53621:7: note: FIX-IT applied suggested code changes
/data/zedongpeng/HLSBatchProcessor/data/kernels/rosetta_flatten/BNN/project/solution1/.autopilot/db/Accel.pp.0.cpp:53626:7: warning: Added loop label VITIS_LOOP_426_18:   [xilinx-label-all-loops]
      for (ap_uint<6> i = 0; i < WORD_SIZE/4; ++i) {
      ^~~
      VITIS_LOOP_426_18: 
/data/zedongpeng/HLSBatchProcessor/data/kernels/rosetta_flatten/BNN/project/solution1/.autopilot/db/Accel.pp.0.cpp:53626:7: note: FIX-IT applied suggested code changes
/data/zedongpeng/HLSBatchProcessor/data/kernels/rosetta_flatten/BNN/project/solution1/.autopilot/db/Accel.pp.0.cpp:53689:11: warning: Added loop label VITIS_LOOP_489_1:   [xilinx-label-all-loops]
          for (IdxType lr = 0; lr < K-2; ++lr) {
          ^~~
          VITIS_LOOP_489_1: 
/data/zedongpeng/HLSBatchProcessor/data/kernels/rosetta_flatten/BNN/project/solution1/.autopilot/db/Accel.pp.0.cpp:53689:11: note: FIX-IT applied suggested code changes
/data/zedongpeng/HLSBatchProcessor/data/kernels/rosetta_flatten/BNN/project/solution1/.autopilot/db/Accel.pp.0.cpp:53722:9: warning: Added loop label VITIS_LOOP_522_2:   [xilinx-label-all-loops]
        for (ap_uint<2> m = 0; m < M; ++m) {
        ^~~
        VITIS_LOOP_522_2: 
/data/zedongpeng/HLSBatchProcessor/data/kernels/rosetta_flatten/BNN/project/solution1/.autopilot/db/Accel.pp.0.cpp:53722:9: note: FIX-IT applied suggested code changes
/data/zedongpeng/HLSBatchProcessor/data/kernels/rosetta_flatten/BNN/project/solution1/.autopilot/db/Accel.pp.0.cpp:53731:11: warning: Added loop label VITIS_LOOP_531_3:   [xilinx-label-all-loops]
          for (IdxType wr = 0; wr < K; ++wr) {
          ^~~
          VITIS_LOOP_531_3: 
/data/zedongpeng/HLSBatchProcessor/data/kernels/rosetta_flatten/BNN/project/solution1/.autopilot/db/Accel.pp.0.cpp:53731:11: note: FIX-IT applied suggested code changes
/data/zedongpeng/HLSBatchProcessor/data/kernels/rosetta_flatten/BNN/project/solution1/.autopilot/db/Accel.pp.0.cpp:53732:13: warning: Added loop label VITIS_LOOP_532_4:   [xilinx-label-all-loops]
            for (IdxType wc = 0; wc < K-1; ++wc) {
            ^~~
            VITIS_LOOP_532_4: 
/data/zedongpeng/HLSBatchProcessor/data/kernels/rosetta_flatten/BNN/project/solution1/.autopilot/db/Accel.pp.0.cpp:53732:13: note: FIX-IT applied suggested code changes
/data/zedongpeng/HLSBatchProcessor/data/kernels/rosetta_flatten/BNN/project/solution1/.autopilot/db/Accel.pp.0.cpp:53737:11: warning: Added loop label VITIS_LOOP_537_5:   [xilinx-label-all-loops]
          for (IdxType wr = 0; wr < K-1; ++wr) {
          ^~~
          VITIS_LOOP_537_5: 
/data/zedongpeng/HLSBatchProcessor/data/kernels/rosetta_flatten/BNN/project/solution1/.autopilot/db/Accel.pp.0.cpp:53737:11: note: FIX-IT applied suggested code changes
/data/zedongpeng/HLSBatchProcessor/data/kernels/rosetta_flatten/BNN/project/solution1/.autopilot/db/Accel.pp.0.cpp:53747:13: warning: Added loop label VITIS_LOOP_547_6:   [xilinx-label-all-loops]
            for (IdxType lr = 0; lr < K-2; ++lr) {
            ^~~
            VITIS_LOOP_547_6: 
/data/zedongpeng/HLSBatchProcessor/data/kernels/rosetta_flatten/BNN/project/solution1/.autopilot/db/Accel.pp.0.cpp:53747:13: note: FIX-IT applied suggested code changes
/data/zedongpeng/HLSBatchProcessor/data/kernels/rosetta_flatten/BNN/project/solution1/.autopilot/db/Accel.pp.0.cpp:53757:11: warning: Added loop label VITIS_LOOP_557_7:   [xilinx-label-all-loops]
          for (ap_uint<2> m = 0; m < M; ++m) {
          ^~~
          VITIS_LOOP_557_7: 
/data/zedongpeng/HLSBatchProcessor/data/kernels/rosetta_flatten/BNN/project/solution1/.autopilot/db/Accel.pp.0.cpp:53757:11: note: FIX-IT applied suggested code changes
/data/zedongpeng/HLSBatchProcessor/data/kernels/rosetta_flatten/BNN/project/solution1/.autopilot/db/Accel.pp.0.cpp:53758:13: warning: Added loop label VITIS_LOOP_558_8:   [xilinx-label-all-loops]
            for (ap_uint<2> wr = 0; wr < K; ++wr) {
            ^~~
            VITIS_LOOP_558_8: 
/data/zedongpeng/HLSBatchProcessor/data/kernels/rosetta_flatten/BNN/project/solution1/.autopilot/db/Accel.pp.0.cpp:53758:13: note: FIX-IT applied suggested code changes
/data/zedongpeng/HLSBatchProcessor/data/kernels/rosetta_flatten/BNN/project/solution1/.autopilot/db/Accel.pp.0.cpp:53759:15: warning: Added loop label VITIS_LOOP_559_9:   [xilinx-label-all-loops]
              for (ap_uint<2> wc = 0; wc < K; ++wc) {
              ^~~
              VITIS_LOOP_559_9: 
/data/zedongpeng/HLSBatchProcessor/data/kernels/rosetta_flatten/BNN/project/solution1/.autopilot/db/Accel.pp.0.cpp:53759:15: note: FIX-IT applied suggested code changes
/data/zedongpeng/HLSBatchProcessor/data/kernels/rosetta_flatten/BNN/project/solution1/.autopilot/db/Accel.pp.0.cpp:53821:7: warning: Added loop label VITIS_LOOP_621_1:   [xilinx-label-all-loops]
      for (IdxType j = 0; j < CONVOLVERS; ++j) {
      ^~~
      VITIS_LOOP_621_1: 
/data/zedongpeng/HLSBatchProcessor/data/kernels/rosetta_flatten/BNN/project/solution1/.autopilot/db/Accel.pp.0.cpp:53821:7: note: FIX-IT applied suggested code changes
/data/zedongpeng/HLSBatchProcessor/data/kernels/rosetta_flatten/BNN/project/solution1/.autopilot/db/Accel.pp.0.cpp:53841:7: warning: Added loop label VITIS_LOOP_641_2:   [xilinx-label-all-loops]
      for (IdxType j = 0; j < CONVOLVERS; ++j)
      ^~~
      VITIS_LOOP_641_2: 
/data/zedongpeng/HLSBatchProcessor/data/kernels/rosetta_flatten/BNN/project/solution1/.autopilot/db/Accel.pp.0.cpp:53841:7: note: FIX-IT applied suggested code changes
