In file included from Accel.cpp:4:
In file included from ./Accel.h:5:
In file included from ./xf_utility.hpp:21:
In file included from /home/zedongpeng/Xilinx/Vitis_HLS/2022.2/common/technology/autopilot/ap_axi_sdata.h:42:
In file included from /home/zedongpeng/Xilinx/Vitis_HLS/2022.2/common/technology/autopilot/ap_int.h:12:
/home/zedongpeng/Xilinx/Vitis_HLS/2022.2/common/technology/autopilot/ap_int_ref.h:678:9: warning: HLS pragma dump _XLX_SEP_ PragmaIsValid=1_XLX_SEP_ PragmaType=unroll_XLX_SEP_ PragmaContext=_XLX_SEP_ PragmaFunction=and_reduce_XLX_SEP_ PragmaOptions=_XLX_SEP_ [-Wdump-hls-pragmas]
#pragma HLS unroll
        ^
/home/zedongpeng/Xilinx/Vitis_HLS/2022.2/common/technology/autopilot/ap_int_ref.h:692:9: warning: HLS pragma dump _XLX_SEP_ PragmaIsValid=1_XLX_SEP_ PragmaType=unroll_XLX_SEP_ PragmaContext=_XLX_SEP_ PragmaFunction=or_reduce_XLX_SEP_ PragmaOptions=_XLX_SEP_ [-Wdump-hls-pragmas]
#pragma HLS unroll
        ^
/home/zedongpeng/Xilinx/Vitis_HLS/2022.2/common/technology/autopilot/ap_int_ref.h:706:9: warning: HLS pragma dump _XLX_SEP_ PragmaIsValid=1_XLX_SEP_ PragmaType=unroll_XLX_SEP_ PragmaContext=_XLX_SEP_ PragmaFunction=xor_reduce_XLX_SEP_ PragmaOptions=_XLX_SEP_ [-Wdump-hls-pragmas]
#pragma HLS unroll
        ^
In file included from Accel.cpp:4:
In file included from ./Accel.h:5:
In file included from ./xf_utility.hpp:21:
/home/zedongpeng/Xilinx/Vitis_HLS/2022.2/common/technology/autopilot/ap_axi_sdata.h:76:9: warning: HLS pragma dump _XLX_SEP_ PragmaIsValid=1_XLX_SEP_ PragmaType=inline_XLX_SEP_ PragmaContext=_XLX_SEP_ PragmaFunction=get_user_ptr_XLX_SEP_ PragmaOptions=_XLX_SEP_ [-Wdump-hls-pragmas]
#pragma HLS inline
        ^
/home/zedongpeng/Xilinx/Vitis_HLS/2022.2/common/technology/autopilot/ap_axi_sdata.h:80:9: warning: HLS pragma dump _XLX_SEP_ PragmaIsValid=1_XLX_SEP_ PragmaType=inline_XLX_SEP_ PragmaContext=_XLX_SEP_ PragmaFunction=get_id_ptr_XLX_SEP_ PragmaOptions=_XLX_SEP_ [-Wdump-hls-pragmas]
#pragma HLS inline
        ^
/home/zedongpeng/Xilinx/Vitis_HLS/2022.2/common/technology/autopilot/ap_axi_sdata.h:84:9: warning: HLS pragma dump _XLX_SEP_ PragmaIsValid=1_XLX_SEP_ PragmaType=inline_XLX_SEP_ PragmaContext=_XLX_SEP_ PragmaFunction=get_dest_ptr_XLX_SEP_ PragmaOptions=_XLX_SEP_ [-Wdump-hls-pragmas]
#pragma HLS inline
        ^
/home/zedongpeng/Xilinx/Vitis_HLS/2022.2/common/technology/autopilot/ap_axi_sdata.h:114:9: warning: HLS pragma dump _XLX_SEP_ PragmaIsValid=1_XLX_SEP_ PragmaType=inline_XLX_SEP_ PragmaContext=_XLX_SEP_ PragmaFunction=get_strb_ptr_XLX_SEP_ PragmaOptions=_XLX_SEP_ [-Wdump-hls-pragmas]
#pragma HLS inline
        ^
/home/zedongpeng/Xilinx/Vitis_HLS/2022.2/common/technology/autopilot/ap_axi_sdata.h:118:9: warning: HLS pragma dump _XLX_SEP_ PragmaIsValid=1_XLX_SEP_ PragmaType=inline_XLX_SEP_ PragmaContext=_XLX_SEP_ PragmaFunction=get_user_ptr_XLX_SEP_ PragmaOptions=_XLX_SEP_ [-Wdump-hls-pragmas]
#pragma HLS inline
        ^
/home/zedongpeng/Xilinx/Vitis_HLS/2022.2/common/technology/autopilot/ap_axi_sdata.h:122:9: warning: HLS pragma dump _XLX_SEP_ PragmaIsValid=1_XLX_SEP_ PragmaType=inline_XLX_SEP_ PragmaContext=_XLX_SEP_ PragmaFunction=get_id_ptr_XLX_SEP_ PragmaOptions=_XLX_SEP_ [-Wdump-hls-pragmas]
#pragma HLS inline
        ^
/home/zedongpeng/Xilinx/Vitis_HLS/2022.2/common/technology/autopilot/ap_axi_sdata.h:126:9: warning: HLS pragma dump _XLX_SEP_ PragmaIsValid=1_XLX_SEP_ PragmaType=inline_XLX_SEP_ PragmaContext=_XLX_SEP_ PragmaFunction=get_dest_ptr_XLX_SEP_ PragmaOptions=_XLX_SEP_ [-Wdump-hls-pragmas]
#pragma HLS inline
        ^
/home/zedongpeng/Xilinx/Vitis_HLS/2022.2/common/technology/autopilot/ap_axi_sdata.h:132:9: warning: HLS pragma dump _XLX_SEP_ PragmaIsValid=1_XLX_SEP_ PragmaType=inline_XLX_SEP_ PragmaContext=_XLX_SEP_ PragmaFunction=get_data_XLX_SEP_ PragmaOptions=_XLX_SEP_ [-Wdump-hls-pragmas]
#pragma HLS inline
        ^
/home/zedongpeng/Xilinx/Vitis_HLS/2022.2/common/technology/autopilot/ap_axi_sdata.h:136:9: warning: HLS pragma dump _XLX_SEP_ PragmaIsValid=1_XLX_SEP_ PragmaType=inline_XLX_SEP_ PragmaContext=_XLX_SEP_ PragmaFunction=get_keep_XLX_SEP_ PragmaOptions=_XLX_SEP_ [-Wdump-hls-pragmas]
#pragma HLS inline
        ^
/home/zedongpeng/Xilinx/Vitis_HLS/2022.2/common/technology/autopilot/ap_axi_sdata.h:140:9: warning: HLS pragma dump _XLX_SEP_ PragmaIsValid=1_XLX_SEP_ PragmaType=inline_XLX_SEP_ PragmaContext=_XLX_SEP_ PragmaFunction=get_last_XLX_SEP_ PragmaOptions=_XLX_SEP_ [-Wdump-hls-pragmas]
#pragma HLS inline
        ^
/home/zedongpeng/Xilinx/Vitis_HLS/2022.2/common/technology/autopilot/ap_axi_sdata.h:145:9: warning: HLS pragma dump _XLX_SEP_ PragmaIsValid=1_XLX_SEP_ PragmaType=inline_XLX_SEP_ PragmaContext=_XLX_SEP_ PragmaFunction=set_data_XLX_SEP_ PragmaOptions=_XLX_SEP_ [-Wdump-hls-pragmas]
#pragma HLS inline
        ^
/home/zedongpeng/Xilinx/Vitis_HLS/2022.2/common/technology/autopilot/ap_axi_sdata.h:149:9: warning: HLS pragma dump _XLX_SEP_ PragmaIsValid=1_XLX_SEP_ PragmaType=inline_XLX_SEP_ PragmaContext=_XLX_SEP_ PragmaFunction=set_keep_XLX_SEP_ PragmaOptions=_XLX_SEP_ [-Wdump-hls-pragmas]
#pragma HLS inline
        ^
/home/zedongpeng/Xilinx/Vitis_HLS/2022.2/common/technology/autopilot/ap_axi_sdata.h:153:9: warning: HLS pragma dump _XLX_SEP_ PragmaIsValid=1_XLX_SEP_ PragmaType=inline_XLX_SEP_ PragmaContext=_XLX_SEP_ PragmaFunction=set_last_XLX_SEP_ PragmaOptions=_XLX_SEP_ [-Wdump-hls-pragmas]
#pragma HLS inline
        ^
/home/zedongpeng/Xilinx/Vitis_HLS/2022.2/common/technology/autopilot/ap_axi_sdata.h:157:9: warning: HLS pragma dump _XLX_SEP_ PragmaIsValid=1_XLX_SEP_ PragmaType=inline_XLX_SEP_ PragmaContext=_XLX_SEP_ PragmaFunction=keep_all_XLX_SEP_ PragmaOptions=_XLX_SEP_ [-Wdump-hls-pragmas]
#pragma HLS inline
        ^
/home/zedongpeng/Xilinx/Vitis_HLS/2022.2/common/technology/autopilot/ap_axi_sdata.h:163:9: warning: HLS pragma dump _XLX_SEP_ PragmaIsValid=1_XLX_SEP_ PragmaType=inline_XLX_SEP_ PragmaContext=_XLX_SEP_ PragmaFunction=qdma_axis<WData, 0, 0, 0>_XLX_SEP_ PragmaOptions=_XLX_SEP_ [-Wdump-hls-pragmas]
#pragma HLS inline
        ^
/home/zedongpeng/Xilinx/Vitis_HLS/2022.2/common/technology/autopilot/ap_axi_sdata.h:167:9: warning: HLS pragma dump _XLX_SEP_ PragmaIsValid=1_XLX_SEP_ PragmaType=inline_XLX_SEP_ PragmaContext=_XLX_SEP_ PragmaFunction=qdma_axis<WData, 0, 0, 0>_XLX_SEP_ PragmaOptions=_XLX_SEP_ [-Wdump-hls-pragmas]
#pragma HLS inline
        ^
/home/zedongpeng/Xilinx/Vitis_HLS/2022.2/common/technology/autopilot/ap_axi_sdata.h:171:9: warning: HLS pragma dump _XLX_SEP_ PragmaIsValid=1_XLX_SEP_ PragmaType=inline_XLX_SEP_ PragmaContext=_XLX_SEP_ PragmaFunction=qdma_axis<WData, 0, 0, 0>_XLX_SEP_ PragmaOptions=_XLX_SEP_ [-Wdump-hls-pragmas]
#pragma HLS inline
        ^
/home/zedongpeng/Xilinx/Vitis_HLS/2022.2/common/technology/autopilot/ap_axi_sdata.h:176:9: warning: HLS pragma dump _XLX_SEP_ PragmaIsValid=1_XLX_SEP_ PragmaType=inline_XLX_SEP_ PragmaContext=_XLX_SEP_ PragmaFunction=qdma_axis<WData, 0, 0, 0>_XLX_SEP_ PragmaOptions=_XLX_SEP_ [-Wdump-hls-pragmas]
#pragma HLS inline
        ^
/home/zedongpeng/Xilinx/Vitis_HLS/2022.2/common/technology/autopilot/ap_axi_sdata.h:181:9: warning: HLS pragma dump _XLX_SEP_ PragmaIsValid=1_XLX_SEP_ PragmaType=inline_XLX_SEP_ PragmaContext=_XLX_SEP_ PragmaFunction=qdma_axis<WData, 0, 0, 0>_XLX_SEP_ PragmaOptions=_XLX_SEP_ [-Wdump-hls-pragmas]
#pragma HLS inline
        ^
/home/zedongpeng/Xilinx/Vitis_HLS/2022.2/common/technology/autopilot/ap_axi_sdata.h:185:9: warning: HLS pragma dump _XLX_SEP_ PragmaIsValid=1_XLX_SEP_ PragmaType=inline_XLX_SEP_ PragmaContext=_XLX_SEP_ PragmaFunction=operator=_XLX_SEP_ PragmaOptions=_XLX_SEP_ [-Wdump-hls-pragmas]
#pragma HLS inline
        ^
/home/zedongpeng/Xilinx/Vitis_HLS/2022.2/common/technology/autopilot/ap_axi_sdata.h:220:9: warning: HLS pragma dump _XLX_SEP_ PragmaIsValid=1_XLX_SEP_ PragmaType=inline_XLX_SEP_ PragmaContext=_XLX_SEP_ PragmaFunction=empty_XLX_SEP_ PragmaOptions=_XLX_SEP_ [-Wdump-hls-pragmas]
#pragma HLS inline
        ^
/home/zedongpeng/Xilinx/Vitis_HLS/2022.2/common/technology/autopilot/ap_axi_sdata.h:227:9: warning: HLS pragma dump _XLX_SEP_ PragmaIsValid=1_XLX_SEP_ PragmaType=inline_XLX_SEP_ PragmaContext=_XLX_SEP_ PragmaFunction=full_XLX_SEP_ PragmaOptions=_XLX_SEP_ [-Wdump-hls-pragmas]
#pragma HLS inline
        ^
/home/zedongpeng/Xilinx/Vitis_HLS/2022.2/common/technology/autopilot/ap_axi_sdata.h:235:9: warning: HLS pragma dump _XLX_SEP_ PragmaIsValid=1_XLX_SEP_ PragmaType=inline_XLX_SEP_ PragmaContext=_XLX_SEP_ PragmaFunction=read_XLX_SEP_ PragmaOptions=_XLX_SEP_ [-Wdump-hls-pragmas]
#pragma HLS inline
        ^
/home/zedongpeng/Xilinx/Vitis_HLS/2022.2/common/technology/autopilot/ap_axi_sdata.h:245:9: warning: HLS pragma dump _XLX_SEP_ PragmaIsValid=1_XLX_SEP_ PragmaType=inline_XLX_SEP_ PragmaContext=_XLX_SEP_ PragmaFunction=read_XLX_SEP_ PragmaOptions=_XLX_SEP_ [-Wdump-hls-pragmas]
#pragma HLS inline
        ^
/home/zedongpeng/Xilinx/Vitis_HLS/2022.2/common/technology/autopilot/ap_axi_sdata.h:256:9: warning: HLS pragma dump _XLX_SEP_ PragmaIsValid=1_XLX_SEP_ PragmaType=inline_XLX_SEP_ PragmaContext=_XLX_SEP_ PragmaFunction=write_XLX_SEP_ PragmaOptions=_XLX_SEP_ [-Wdump-hls-pragmas]
#pragma HLS inline
        ^
/home/zedongpeng/Xilinx/Vitis_HLS/2022.2/common/technology/autopilot/ap_axi_sdata.h:266:9: warning: HLS pragma dump _XLX_SEP_ PragmaIsValid=1_XLX_SEP_ PragmaType=inline_XLX_SEP_ PragmaContext=_XLX_SEP_ PragmaFunction=read_nb_XLX_SEP_ PragmaOptions=_XLX_SEP_ [-Wdump-hls-pragmas]
#pragma HLS inline
        ^
/home/zedongpeng/Xilinx/Vitis_HLS/2022.2/common/technology/autopilot/ap_axi_sdata.h:281:9: warning: HLS pragma dump _XLX_SEP_ PragmaIsValid=1_XLX_SEP_ PragmaType=inline_XLX_SEP_ PragmaContext=_XLX_SEP_ PragmaFunction=write_nb_XLX_SEP_ PragmaOptions=_XLX_SEP_ [-Wdump-hls-pragmas]
#pragma HLS inline
        ^
/home/zedongpeng/Xilinx/Vitis_HLS/2022.2/common/technology/autopilot/ap_axi_sdata.h:317:9: warning: HLS pragma dump _XLX_SEP_ PragmaIsValid=1_XLX_SEP_ PragmaType=inline_XLX_SEP_ PragmaContext=_XLX_SEP_ PragmaFunction=empty_XLX_SEP_ PragmaOptions=_XLX_SEP_ [-Wdump-hls-pragmas]
#pragma HLS inline
        ^
/home/zedongpeng/Xilinx/Vitis_HLS/2022.2/common/technology/autopilot/ap_axi_sdata.h:324:9: warning: HLS pragma dump _XLX_SEP_ PragmaIsValid=1_XLX_SEP_ PragmaType=inline_XLX_SEP_ PragmaContext=_XLX_SEP_ PragmaFunction=full_XLX_SEP_ PragmaOptions=_XLX_SEP_ [-Wdump-hls-pragmas]
#pragma HLS inline
        ^
/home/zedongpeng/Xilinx/Vitis_HLS/2022.2/common/technology/autopilot/ap_axi_sdata.h:332:9: warning: HLS pragma dump _XLX_SEP_ PragmaIsValid=1_XLX_SEP_ PragmaType=inline_XLX_SEP_ PragmaContext=_XLX_SEP_ PragmaFunction=read_XLX_SEP_ PragmaOptions=_XLX_SEP_ [-Wdump-hls-pragmas]
#pragma HLS inline
        ^
/home/zedongpeng/Xilinx/Vitis_HLS/2022.2/common/technology/autopilot/ap_axi_sdata.h:342:9: warning: HLS pragma dump _XLX_SEP_ PragmaIsValid=1_XLX_SEP_ PragmaType=inline_XLX_SEP_ PragmaContext=_XLX_SEP_ PragmaFunction=read_XLX_SEP_ PragmaOptions=_XLX_SEP_ [-Wdump-hls-pragmas]
#pragma HLS inline
        ^
/home/zedongpeng/Xilinx/Vitis_HLS/2022.2/common/technology/autopilot/ap_axi_sdata.h:353:9: warning: HLS pragma dump _XLX_SEP_ PragmaIsValid=1_XLX_SEP_ PragmaType=inline_XLX_SEP_ PragmaContext=_XLX_SEP_ PragmaFunction=write_XLX_SEP_ PragmaOptions=_XLX_SEP_ [-Wdump-hls-pragmas]
#pragma HLS inline
        ^
/home/zedongpeng/Xilinx/Vitis_HLS/2022.2/common/technology/autopilot/ap_axi_sdata.h:363:9: warning: HLS pragma dump _XLX_SEP_ PragmaIsValid=1_XLX_SEP_ PragmaType=inline_XLX_SEP_ PragmaContext=_XLX_SEP_ PragmaFunction=read_nb_XLX_SEP_ PragmaOptions=_XLX_SEP_ [-Wdump-hls-pragmas]
#pragma HLS inline
        ^
/home/zedongpeng/Xilinx/Vitis_HLS/2022.2/common/technology/autopilot/ap_axi_sdata.h:379:9: warning: HLS pragma dump _XLX_SEP_ PragmaIsValid=1_XLX_SEP_ PragmaType=inline_XLX_SEP_ PragmaContext=_XLX_SEP_ PragmaFunction=write_nb_XLX_SEP_ PragmaOptions=_XLX_SEP_ [-Wdump-hls-pragmas]
#pragma HLS inline
        ^
In file included from Accel.cpp:4:
In file included from ./Accel.h:5:
In file included from ./xf_utility.hpp:22:
In file included from ./xf_common.hpp:20:
./xf_structs.hpp:245:9: warning: HLS pragma dump _XLX_SEP_ PragmaIsValid=1_XLX_SEP_ PragmaType=inline_XLX_SEP_ PragmaContext=_XLX_SEP_ PragmaFunction=Scalar<N, T>_XLX_SEP_ PragmaOptions=_XLX_SEP_ [-Wdump-hls-pragmas]
#pragma HLS INLINE
        ^
./xf_structs.hpp:246:9: warning: HLS pragma dump _XLX_SEP_ PragmaIsValid=1_XLX_SEP_ PragmaType=array_partition_XLX_SEP_ PragmaContext=_XLX_SEP_ PragmaFunction=Scalar<N, T>_XLX_SEP_ PragmaOptions=variable=val type=cyclic factor=8 dim=1_XLX_SEP_ [-Wdump-hls-pragmas]
#pragma HLS array_partition variable=val type=cyclic factor=8 dim=1
        ^
./xf_structs.hpp:252:9: warning: HLS pragma dump _XLX_SEP_ PragmaIsValid=1_XLX_SEP_ PragmaType=inline_XLX_SEP_ PragmaContext=_XLX_SEP_ PragmaFunction=Scalar<N, T>_XLX_SEP_ PragmaOptions=_XLX_SEP_ [-Wdump-hls-pragmas]
#pragma HLS INLINE
        ^
./xf_structs.hpp:253:9: warning: HLS pragma dump _XLX_SEP_ PragmaIsValid=1_XLX_SEP_ PragmaType=array_partition_XLX_SEP_ PragmaContext=_XLX_SEP_ PragmaFunction=Scalar<N, T>_XLX_SEP_ PragmaOptions=variable=val type=cyclic factor=8 dim=1_XLX_SEP_ [-Wdump-hls-pragmas]
#pragma HLS array_partition variable=val type=cyclic factor=8 dim=1
        ^
./xf_structs.hpp:260:9: warning: HLS pragma dump _XLX_SEP_ PragmaIsValid=1_XLX_SEP_ PragmaType=array_partition_XLX_SEP_ PragmaContext=_XLX_SEP_ PragmaFunction=Scalar<N, T>_XLX_SEP_ PragmaOptions=variable=val type=cyclic factor=8 dim=1_XLX_SEP_ [-Wdump-hls-pragmas]
#pragma HLS array_partition variable=val type=cyclic factor=8 dim=1
        ^
./xf_structs.hpp:261:9: warning: HLS pragma dump _XLX_SEP_ PragmaIsValid=1_XLX_SEP_ PragmaType=inline_XLX_SEP_ PragmaContext=_XLX_SEP_ PragmaFunction=Scalar<N, T>_XLX_SEP_ PragmaOptions=_XLX_SEP_ [-Wdump-hls-pragmas]
#pragma HLS INLINE
        ^
./xf_structs.hpp:269:9: warning: HLS pragma dump _XLX_SEP_ PragmaIsValid=1_XLX_SEP_ PragmaType=array_partition_XLX_SEP_ PragmaContext=_XLX_SEP_ PragmaFunction=Scalar<N, T>_XLX_SEP_ PragmaOptions=variable=val type=cyclic factor=8 dim=1_XLX_SEP_ [-Wdump-hls-pragmas]
#pragma HLS array_partition variable=val type=cyclic factor=8 dim=1
        ^
./xf_structs.hpp:270:9: warning: HLS pragma dump _XLX_SEP_ PragmaIsValid=1_XLX_SEP_ PragmaType=inline_XLX_SEP_ PragmaContext=_XLX_SEP_ PragmaFunction=Scalar<N, T>_XLX_SEP_ PragmaOptions=_XLX_SEP_ [-Wdump-hls-pragmas]
#pragma HLS INLINE
        ^
./xf_structs.hpp:279:9: warning: HLS pragma dump _XLX_SEP_ PragmaIsValid=1_XLX_SEP_ PragmaType=array_partition_XLX_SEP_ PragmaContext=_XLX_SEP_ PragmaFunction=Scalar<N, T>_XLX_SEP_ PragmaOptions=variable=val type=cyclic factor=8 dim=1_XLX_SEP_ [-Wdump-hls-pragmas]
#pragma HLS array_partition variable=val type=cyclic factor=8 dim=1
        ^
./xf_structs.hpp:280:9: warning: HLS pragma dump _XLX_SEP_ PragmaIsValid=1_XLX_SEP_ PragmaType=inline_XLX_SEP_ PragmaContext=_XLX_SEP_ PragmaFunction=Scalar<N, T>_XLX_SEP_ PragmaOptions=_XLX_SEP_ [-Wdump-hls-pragmas]
#pragma HLS INLINE
        ^
./xf_structs.hpp:305:9: warning: HLS pragma dump _XLX_SEP_ PragmaIsValid=1_XLX_SEP_ PragmaType=inline_XLX_SEP_ PragmaContext=_XLX_SEP_ PragmaFunction=operator=_XLX_SEP_ PragmaOptions=_XLX_SEP_ [-Wdump-hls-pragmas]
#pragma HLS inline
        ^
./xf_structs.hpp:308:9: warning: HLS pragma dump _XLX_SEP_ PragmaIsValid=1_XLX_SEP_ PragmaType=loop_tripcount_XLX_SEP_ PragmaContext=_XLX_SEP_ PragmaFunction=operator=_XLX_SEP_ PragmaOptions=min=1 max=1024_XLX_SEP_ [-Wdump-hls-pragmas]
#pragma HLS loop_tripcount min=1 max=1024
        ^
./xf_structs.hpp:310:9: warning: HLS pragma dump _XLX_SEP_ PragmaIsValid=1_XLX_SEP_ PragmaType=unroll_XLX_SEP_ PragmaContext=_XLX_SEP_ PragmaFunction=operator=_XLX_SEP_ PragmaOptions=factor=1_XLX_SEP_ [-Wdump-hls-pragmas]
#pragma HLS unroll factor=1
        ^
./xf_structs.hpp:319:9: warning: HLS pragma dump _XLX_SEP_ PragmaIsValid=1_XLX_SEP_ PragmaType=inline_XLX_SEP_ PragmaContext=_XLX_SEP_ PragmaFunction=operator+_XLX_SEP_ PragmaOptions=_XLX_SEP_ [-Wdump-hls-pragmas]
#pragma HLS inline
        ^
./xf_structs.hpp:323:9: warning: HLS pragma dump _XLX_SEP_ PragmaIsValid=1_XLX_SEP_ PragmaType=loop_tripcount_XLX_SEP_ PragmaContext=_XLX_SEP_ PragmaFunction=operator+_XLX_SEP_ PragmaOptions=min=1 max=1024_XLX_SEP_ [-Wdump-hls-pragmas]
#pragma HLS loop_tripcount min=1 max=1024
        ^
./xf_structs.hpp:325:9: warning: HLS pragma dump _XLX_SEP_ PragmaIsValid=1_XLX_SEP_ PragmaType=unroll_XLX_SEP_ PragmaContext=_XLX_SEP_ PragmaFunction=operator+_XLX_SEP_ PragmaOptions=factor=1_XLX_SEP_ [-Wdump-hls-pragmas]
#pragma HLS unroll factor=1
        ^
./xf_structs.hpp:335:9: warning: HLS pragma dump _XLX_SEP_ PragmaIsValid=1_XLX_SEP_ PragmaType=inline_XLX_SEP_ PragmaContext=_XLX_SEP_ PragmaFunction=operator+_XLX_SEP_ PragmaOptions=_XLX_SEP_ [-Wdump-hls-pragmas]
#pragma HLS inline
        ^
./xf_structs.hpp:339:9: warning: HLS pragma dump _XLX_SEP_ PragmaIsValid=1_XLX_SEP_ PragmaType=loop_tripcount_XLX_SEP_ PragmaContext=_XLX_SEP_ PragmaFunction=operator+_XLX_SEP_ PragmaOptions=min=1 max=1024_XLX_SEP_ [-Wdump-hls-pragmas]
#pragma HLS loop_tripcount min=1 max=1024
        ^
./xf_structs.hpp:341:9: warning: HLS pragma dump _XLX_SEP_ PragmaIsValid=1_XLX_SEP_ PragmaType=unroll_XLX_SEP_ PragmaContext=_XLX_SEP_ PragmaFunction=operator+_XLX_SEP_ PragmaOptions=factor=1_XLX_SEP_ [-Wdump-hls-pragmas]
#pragma HLS unroll factor=1
        ^
./xf_structs.hpp:351:9: warning: HLS pragma dump _XLX_SEP_ PragmaIsValid=1_XLX_SEP_ PragmaType=inline_XLX_SEP_ PragmaContext=_XLX_SEP_ PragmaFunction=operator-_XLX_SEP_ PragmaOptions=_XLX_SEP_ [-Wdump-hls-pragmas]
#pragma HLS inline
        ^
./xf_structs.hpp:355:9: warning: HLS pragma dump _XLX_SEP_ PragmaIsValid=1_XLX_SEP_ PragmaType=loop_tripcount_XLX_SEP_ PragmaContext=_XLX_SEP_ PragmaFunction=operator-_XLX_SEP_ PragmaOptions=min=1 max=1024_XLX_SEP_ [-Wdump-hls-pragmas]
#pragma HLS loop_tripcount min=1 max=1024
        ^
./xf_structs.hpp:357:9: warning: HLS pragma dump _XLX_SEP_ PragmaIsValid=1_XLX_SEP_ PragmaType=unroll_XLX_SEP_ PragmaContext=_XLX_SEP_ PragmaFunction=operator-_XLX_SEP_ PragmaOptions=factor=1_XLX_SEP_ [-Wdump-hls-pragmas]
#pragma HLS unroll factor=1
        ^
./xf_structs.hpp:367:9: warning: HLS pragma dump _XLX_SEP_ PragmaIsValid=1_XLX_SEP_ PragmaType=inline_XLX_SEP_ PragmaContext=_XLX_SEP_ PragmaFunction=operator-_XLX_SEP_ PragmaOptions=_XLX_SEP_ [-Wdump-hls-pragmas]
#pragma HLS inline
        ^
./xf_structs.hpp:371:9: warning: HLS pragma dump _XLX_SEP_ PragmaIsValid=1_XLX_SEP_ PragmaType=loop_tripcount_XLX_SEP_ PragmaContext=_XLX_SEP_ PragmaFunction=operator-_XLX_SEP_ PragmaOptions=min=1 max=1024_XLX_SEP_ [-Wdump-hls-pragmas]
#pragma HLS loop_tripcount min=1 max=1024
        ^
./xf_structs.hpp:373:9: warning: HLS pragma dump _XLX_SEP_ PragmaIsValid=1_XLX_SEP_ PragmaType=unroll_XLX_SEP_ PragmaContext=_XLX_SEP_ PragmaFunction=operator-_XLX_SEP_ PragmaOptions=factor=1_XLX_SEP_ [-Wdump-hls-pragmas]
#pragma HLS unroll factor=1
        ^
./xf_structs.hpp:383:9: warning: HLS pragma dump _XLX_SEP_ PragmaIsValid=1_XLX_SEP_ PragmaType=inline_XLX_SEP_ PragmaContext=_XLX_SEP_ PragmaFunction=operator*_XLX_SEP_ PragmaOptions=_XLX_SEP_ [-Wdump-hls-pragmas]
#pragma HLS inline
        ^
./xf_structs.hpp:387:9: warning: HLS pragma dump _XLX_SEP_ PragmaIsValid=1_XLX_SEP_ PragmaType=loop_tripcount_XLX_SEP_ PragmaContext=_XLX_SEP_ PragmaFunction=operator*_XLX_SEP_ PragmaOptions=min=1 max=1024_XLX_SEP_ [-Wdump-hls-pragmas]
#pragma HLS loop_tripcount min=1 max=1024
        ^
./xf_structs.hpp:389:9: warning: HLS pragma dump _XLX_SEP_ PragmaIsValid=1_XLX_SEP_ PragmaType=unroll_XLX_SEP_ PragmaContext=_XLX_SEP_ PragmaFunction=operator*_XLX_SEP_ PragmaOptions=factor=1_XLX_SEP_ [-Wdump-hls-pragmas]
#pragma HLS unroll factor=1
        ^
./xf_structs.hpp:399:9: warning: HLS pragma dump _XLX_SEP_ PragmaIsValid=1_XLX_SEP_ PragmaType=inline_XLX_SEP_ PragmaContext=_XLX_SEP_ PragmaFunction=operator*_XLX_SEP_ PragmaOptions=_XLX_SEP_ [-Wdump-hls-pragmas]
#pragma HLS inline
        ^
./xf_structs.hpp:403:9: warning: HLS pragma dump _XLX_SEP_ PragmaIsValid=1_XLX_SEP_ PragmaType=loop_tripcount_XLX_SEP_ PragmaContext=_XLX_SEP_ PragmaFunction=operator*_XLX_SEP_ PragmaOptions=min=1 max=1024_XLX_SEP_ [-Wdump-hls-pragmas]
#pragma HLS loop_tripcount min=1 max=1024
        ^
./xf_structs.hpp:405:9: warning: HLS pragma dump _XLX_SEP_ PragmaIsValid=1_XLX_SEP_ PragmaType=unroll_XLX_SEP_ PragmaContext=_XLX_SEP_ PragmaFunction=operator*_XLX_SEP_ PragmaOptions=factor=1_XLX_SEP_ [-Wdump-hls-pragmas]
#pragma HLS unroll factor=1
        ^
./xf_structs.hpp:415:9: warning: HLS pragma dump _XLX_SEP_ PragmaIsValid=1_XLX_SEP_ PragmaType=inline_XLX_SEP_ PragmaContext=_XLX_SEP_ PragmaFunction=operator/_XLX_SEP_ PragmaOptions=_XLX_SEP_ [-Wdump-hls-pragmas]
#pragma HLS inline
        ^
./xf_structs.hpp:419:9: warning: HLS pragma dump _XLX_SEP_ PragmaIsValid=1_XLX_SEP_ PragmaType=loop_tripcount_XLX_SEP_ PragmaContext=_XLX_SEP_ PragmaFunction=operator/_XLX_SEP_ PragmaOptions=min=1 max=1024_XLX_SEP_ [-Wdump-hls-pragmas]
#pragma HLS loop_tripcount min=1 max=1024
        ^
./xf_structs.hpp:421:9: warning: HLS pragma dump _XLX_SEP_ PragmaIsValid=1_XLX_SEP_ PragmaType=unroll_XLX_SEP_ PragmaContext=_XLX_SEP_ PragmaFunction=operator/_XLX_SEP_ PragmaOptions=factor=1_XLX_SEP_ [-Wdump-hls-pragmas]
#pragma HLS unroll factor=1
        ^
./xf_structs.hpp:431:9: warning: HLS pragma dump _XLX_SEP_ PragmaIsValid=1_XLX_SEP_ PragmaType=inline_XLX_SEP_ PragmaContext=_XLX_SEP_ PragmaFunction=operator/_XLX_SEP_ PragmaOptions=_XLX_SEP_ [-Wdump-hls-pragmas]
#pragma HLS inline
        ^
./xf_structs.hpp:435:9: warning: HLS pragma dump _XLX_SEP_ PragmaIsValid=1_XLX_SEP_ PragmaType=loop_tripcount_XLX_SEP_ PragmaContext=_XLX_SEP_ PragmaFunction=operator/_XLX_SEP_ PragmaOptions=min=1 max=1024_XLX_SEP_ [-Wdump-hls-pragmas]
#pragma HLS loop_tripcount min=1 max=1024
        ^
./xf_structs.hpp:437:9: warning: HLS pragma dump _XLX_SEP_ PragmaIsValid=1_XLX_SEP_ PragmaType=unroll_XLX_SEP_ PragmaContext=_XLX_SEP_ PragmaFunction=operator/_XLX_SEP_ PragmaOptions=factor=1_XLX_SEP_ [-Wdump-hls-pragmas]
#pragma HLS unroll factor=1
        ^
./xf_structs.hpp:521:9: warning: HLS pragma dump _XLX_SEP_ PragmaIsValid=1_XLX_SEP_ PragmaType=loop_tripcount_XLX_SEP_ PragmaContext=_XLX_SEP_ PragmaFunction=copyData_XLX_SEP_ PragmaOptions=min=1 max=1024_XLX_SEP_ [-Wdump-hls-pragmas]
#pragma HLS loop_tripcount min=1 max=1024
        ^
./xf_structs.hpp:527:30: warning: unused parameter 'src' [-Wunused-parameter]
    void copyData(const Mat& src) {
                             ^
./xf_structs.hpp:538:30: warning: unused parameter '_data' [-Wunused-parameter]
    void assignDataPtr(void* _data) {
                             ^
./xf_structs.hpp:551:14: warning: unused parameter 'index' [-Wunused-parameter]
    read(int index) {
             ^
./xf_structs.hpp:562:20: warning: unused parameter 'index' [-Wunused-parameter]
    void write(int index, typename DataType<T, NPC>::name val) {
                   ^
./xf_structs.hpp:594:9: warning: HLS pragma dump _XLX_SEP_ PragmaIsValid=1_XLX_SEP_ PragmaType=inline_XLX_SEP_ PragmaContext=_XLX_SEP_ PragmaFunction=type_XLX_SEP_ PragmaOptions=_XLX_SEP_ [-Wdump-hls-pragmas]
#pragma HLS inline
        ^
./xf_structs.hpp:602:9: warning: HLS pragma dump _XLX_SEP_ PragmaIsValid=1_XLX_SEP_ PragmaType=inline_XLX_SEP_ PragmaContext=_XLX_SEP_ PragmaFunction=depth_XLX_SEP_ PragmaOptions=_XLX_SEP_ [-Wdump-hls-pragmas]
#pragma HLS inline
        ^
./xf_structs.hpp:609:9: warning: HLS pragma dump _XLX_SEP_ PragmaIsValid=1_XLX_SEP_ PragmaType=inline_XLX_SEP_ PragmaContext=_XLX_SEP_ PragmaFunction=channels_XLX_SEP_ PragmaOptions=_XLX_SEP_ [-Wdump-hls-pragmas]
#pragma HLS inline
        ^
./xf_structs.hpp:617:9: warning: HLS pragma dump _XLX_SEP_ PragmaIsValid=1_XLX_SEP_ PragmaType=inline_XLX_SEP_ PragmaContext=_XLX_SEP_ PragmaFunction=init_XLX_SEP_ PragmaOptions=_XLX_SEP_ [-Wdump-hls-pragmas]
#pragma HLS inline
        ^
./xf_structs.hpp:664:9: warning: HLS pragma dump _XLX_SEP_ PragmaIsValid=1_XLX_SEP_ PragmaType=inline_XLX_SEP_ PragmaContext=_XLX_SEP_ PragmaFunction=Mat<T, ROWS, COLS, NPC, XFCVDEPTH>_XLX_SEP_ PragmaOptions=_XLX_SEP_ [-Wdump-hls-pragmas]
#pragma HLS inline
        ^
./xf_structs.hpp:673:9: warning: HLS pragma dump _XLX_SEP_ PragmaIsValid=1_XLX_SEP_ PragmaType=inline_XLX_SEP_ PragmaContext=_XLX_SEP_ PragmaFunction=Mat<T, ROWS, COLS, NPC, XFCVDEPTH>_XLX_SEP_ PragmaOptions=_XLX_SEP_ [-Wdump-hls-pragmas]
#pragma HLS inline
        ^
./xf_structs.hpp:682:9: warning: HLS pragma dump _XLX_SEP_ PragmaIsValid=1_XLX_SEP_ PragmaType=inline_XLX_SEP_ PragmaContext=_XLX_SEP_ PragmaFunction=Mat<T, ROWS, COLS, NPC, XFCVDEPTH>_XLX_SEP_ PragmaOptions=_XLX_SEP_ [-Wdump-hls-pragmas]
#pragma HLS inline
        ^
./xf_structs.hpp:691:9: warning: HLS pragma dump _XLX_SEP_ PragmaIsValid=1_XLX_SEP_ PragmaType=inline_XLX_SEP_ PragmaContext=_XLX_SEP_ PragmaFunction=Mat<T, ROWS, COLS, NPC, XFCVDEPTH>_XLX_SEP_ PragmaOptions=_XLX_SEP_ [-Wdump-hls-pragmas]
#pragma HLS inline
        ^
./xf_structs.hpp:718:9: warning: HLS pragma dump _XLX_SEP_ PragmaIsValid=1_XLX_SEP_ PragmaType=inline_XLX_SEP_ PragmaContext=_XLX_SEP_ PragmaFunction=copyTo_XLX_SEP_ PragmaOptions=_XLX_SEP_ [-Wdump-hls-pragmas]
#pragma HLS inline
        ^
./xf_structs.hpp:730:9: warning: HLS pragma dump _XLX_SEP_ PragmaIsValid=1_XLX_SEP_ PragmaType=loop_tripcount_XLX_SEP_ PragmaContext=_XLX_SEP_ PragmaFunction=copyTo_XLX_SEP_ PragmaOptions=min=1 max=1024_XLX_SEP_ [-Wdump-hls-pragmas]
#pragma HLS loop_tripcount min=1 max=1024
        ^
./xf_structs.hpp:732:9: warning: HLS pragma dump _XLX_SEP_ PragmaIsValid=1_XLX_SEP_ PragmaType=loop_tripcount_XLX_SEP_ PragmaContext=_XLX_SEP_ PragmaFunction=copyTo_XLX_SEP_ PragmaOptions=min=1 max=1024_XLX_SEP_ [-Wdump-hls-pragmas]
#pragma HLS loop_tripcount min=1 max=1024
        ^
./xf_structs.hpp:734:9: warning: HLS pragma dump _XLX_SEP_ PragmaIsValid=1_XLX_SEP_ PragmaType=loop_tripcount_XLX_SEP_ PragmaContext=_XLX_SEP_ PragmaFunction=copyTo_XLX_SEP_ PragmaOptions=min=1 max=1024_XLX_SEP_ [-Wdump-hls-pragmas]
#pragma HLS loop_tripcount min=1 max=1024
        ^
./xf_structs.hpp:737:9: warning: HLS pragma dump _XLX_SEP_ PragmaIsValid=1_XLX_SEP_ PragmaType=loop_tripcount_XLX_SEP_ PragmaContext=_XLX_SEP_ PragmaFunction=copyTo_XLX_SEP_ PragmaOptions=min=1 max=1024_XLX_SEP_ [-Wdump-hls-pragmas]
#pragma HLS loop_tripcount min=1 max=1024
        ^
./xf_structs.hpp:756:9: warning: HLS pragma dump _XLX_SEP_ PragmaIsValid=1_XLX_SEP_ PragmaType=inline_XLX_SEP_ PragmaContext=_XLX_SEP_ PragmaFunction=copyFrom_XLX_SEP_ PragmaOptions=_XLX_SEP_ [-Wdump-hls-pragmas]
#pragma HLS inline
        ^
./xf_structs.hpp:776:9: warning: HLS pragma dump _XLX_SEP_ PragmaIsValid=1_XLX_SEP_ PragmaType=loop_tripcount_XLX_SEP_ PragmaContext=_XLX_SEP_ PragmaFunction=copyFrom_XLX_SEP_ PragmaOptions=min=1 max=1024_XLX_SEP_ [-Wdump-hls-pragmas]
#pragma HLS loop_tripcount min=1 max=1024
        ^
./xf_structs.hpp:778:9: warning: HLS pragma dump _XLX_SEP_ PragmaIsValid=1_XLX_SEP_ PragmaType=loop_tripcount_XLX_SEP_ PragmaContext=_XLX_SEP_ PragmaFunction=copyFrom_XLX_SEP_ PragmaOptions=min=1 max=1024_XLX_SEP_ [-Wdump-hls-pragmas]
#pragma HLS loop_tripcount min=1 max=1024
        ^
./xf_structs.hpp:781:9: warning: HLS pragma dump _XLX_SEP_ PragmaIsValid=1_XLX_SEP_ PragmaType=loop_tripcount_XLX_SEP_ PragmaContext=_XLX_SEP_ PragmaFunction=copyFrom_XLX_SEP_ PragmaOptions=min=1 max=1024_XLX_SEP_ [-Wdump-hls-pragmas]
#pragma HLS loop_tripcount min=1 max=1024
        ^
./xf_structs.hpp:783:9: warning: HLS pragma dump _XLX_SEP_ PragmaIsValid=1_XLX_SEP_ PragmaType=loop_tripcount_XLX_SEP_ PragmaContext=_XLX_SEP_ PragmaFunction=copyFrom_XLX_SEP_ PragmaOptions=min=1 max=1024_XLX_SEP_ [-Wdump-hls-pragmas]
#pragma HLS loop_tripcount min=1 max=1024
        ^
./xf_structs.hpp:838:9: warning: HLS pragma dump _XLX_SEP_ PragmaIsValid=1_XLX_SEP_ PragmaType=loop_tripcount_XLX_SEP_ PragmaContext=_XLX_SEP_ PragmaFunction=convertTo_XLX_SEP_ PragmaOptions=min=1 max=1024_XLX_SEP_ [-Wdump-hls-pragmas]
#pragma HLS loop_tripcount min=1 max=1024
        ^
./xf_structs.hpp:840:9: warning: HLS pragma dump _XLX_SEP_ PragmaIsValid=1_XLX_SEP_ PragmaType=loop_tripcount_XLX_SEP_ PragmaContext=_XLX_SEP_ PragmaFunction=convertTo_XLX_SEP_ PragmaOptions=min=1 max=1024_XLX_SEP_ [-Wdump-hls-pragmas]
#pragma HLS loop_tripcount min=1 max=1024
        ^
./xf_structs.hpp:849:9: warning: HLS pragma dump _XLX_SEP_ PragmaIsValid=1_XLX_SEP_ PragmaType=loop_tripcount_XLX_SEP_ PragmaContext=_XLX_SEP_ PragmaFunction=convertTo_XLX_SEP_ PragmaOptions=min=1 max=1024_XLX_SEP_ [-Wdump-hls-pragmas]
#pragma HLS loop_tripcount min=1 max=1024
        ^
./xf_structs.hpp:970:9: warning: HLS pragma dump _XLX_SEP_ PragmaIsValid=1_XLX_SEP_ PragmaType=bind_op_XLX_SEP_ PragmaContext=_XLX_SEP_ PragmaFunction=addrbound_XLX_SEP_ PragmaOptions=variable=mul_rows_cols op=mul impl=dsp latency=2_XLX_SEP_ [-Wdump-hls-pragmas]
#pragma HLS BIND_OP variable=mul_rows_cols op=mul impl=dsp latency=2
        ^
./xf_structs.hpp:1004:9: warning: HLS pragma dump _XLX_SEP_ PragmaIsValid=1_XLX_SEP_ PragmaType=loop_tripcount_XLX_SEP_ PragmaContext=_XLX_SEP_ PragmaFunction=Axi2AxiStream_XLX_SEP_ PragmaOptions=min=1 max=1024_XLX_SEP_ [-Wdump-hls-pragmas]
#pragma HLS loop_tripcount min=1 max=1024
        ^
./xf_structs.hpp:1006:9: warning: HLS pragma dump _XLX_SEP_ PragmaIsValid=1_XLX_SEP_ PragmaType=loop_tripcount_XLX_SEP_ PragmaContext=_XLX_SEP_ PragmaFunction=Axi2AxiStream_XLX_SEP_ PragmaOptions=min=1 max=ADDRBOUND_XLX_SEP_ [-Wdump-hls-pragmas]
#pragma HLS LOOP_TRIPCOUNT min=1 max=ADDRBOUND
        ^
./xf_structs.hpp:1007:9: warning: HLS pragma dump _XLX_SEP_ PragmaIsValid=1_XLX_SEP_ PragmaType=pipeline_XLX_SEP_ PragmaContext=_XLX_SEP_ PragmaFunction=Axi2AxiStream_XLX_SEP_ PragmaOptions=_XLX_SEP_ [-Wdump-hls-pragmas]
#pragma HLS pipeline
        ^
./xf_structs.hpp:1019:9: warning: HLS pragma dump _XLX_SEP_ PragmaIsValid=1_XLX_SEP_ PragmaType=loop_tripcount_XLX_SEP_ PragmaContext=_XLX_SEP_ PragmaFunction=Axi2AxiStream_XLX_SEP_ PragmaOptions=min=1 max=1024_XLX_SEP_ [-Wdump-hls-pragmas]
#pragma HLS loop_tripcount min=1 max=1024
        ^
./xf_structs.hpp:1021:9: warning: HLS pragma dump _XLX_SEP_ PragmaIsValid=1_XLX_SEP_ PragmaType=loop_tripcount_XLX_SEP_ PragmaContext=_XLX_SEP_ PragmaFunction=Axi2AxiStream_XLX_SEP_ PragmaOptions=min=1 max=ADDRBOUND_XLX_SEP_ [-Wdump-hls-pragmas]
#pragma HLS LOOP_TRIPCOUNT min=1 max=ADDRBOUND
        ^
./xf_structs.hpp:1022:9: warning: HLS pragma dump _XLX_SEP_ PragmaIsValid=1_XLX_SEP_ PragmaType=pipeline_XLX_SEP_ PragmaContext=_XLX_SEP_ PragmaFunction=Axi2AxiStream_XLX_SEP_ PragmaOptions=_XLX_SEP_ [-Wdump-hls-pragmas]
#pragma HLS pipeline
        ^
./xf_structs.hpp:1041:9: warning: HLS pragma dump _XLX_SEP_ PragmaIsValid=1_XLX_SEP_ PragmaType=loop_tripcount_XLX_SEP_ PragmaContext=_XLX_SEP_ PragmaFunction=Axi2AxiStream_XLX_SEP_ PragmaOptions=min=1 max=1024_XLX_SEP_ [-Wdump-hls-pragmas]
#pragma HLS loop_tripcount min=1 max=1024
        ^
./xf_structs.hpp:1043:9: warning: HLS pragma dump _XLX_SEP_ PragmaIsValid=1_XLX_SEP_ PragmaType=loop_tripcount_XLX_SEP_ PragmaContext=_XLX_SEP_ PragmaFunction=Axi2AxiStream_XLX_SEP_ PragmaOptions=min=1 max=ROWS_XLX_SEP_ [-Wdump-hls-pragmas]
#pragma HLS LOOP_TRIPCOUNT min=1 max=ROWS
        ^
./xf_structs.hpp:1046:9: warning: HLS pragma dump _XLX_SEP_ PragmaIsValid=1_XLX_SEP_ PragmaType=loop_tripcount_XLX_SEP_ PragmaContext=_XLX_SEP_ PragmaFunction=Axi2AxiStream_XLX_SEP_ PragmaOptions=min=1 max=1024_XLX_SEP_ [-Wdump-hls-pragmas]
#pragma HLS loop_tripcount min=1 max=1024
        ^
./xf_structs.hpp:1048:9: warning: HLS pragma dump _XLX_SEP_ PragmaIsValid=1_XLX_SEP_ PragmaType=loop_tripcount_XLX_SEP_ PragmaContext=_XLX_SEP_ PragmaFunction=Axi2AxiStream_XLX_SEP_ PragmaOptions=min=1 max=COLS_ADDRBOUND_XLX_SEP_ [-Wdump-hls-pragmas]
#pragma HLS LOOP_TRIPCOUNT min=1 max=COLS_ADDRBOUND
        ^
./xf_structs.hpp:1049:9: warning: HLS pragma dump _XLX_SEP_ PragmaIsValid=1_XLX_SEP_ PragmaType=pipeline_XLX_SEP_ PragmaContext=_XLX_SEP_ PragmaFunction=Axi2AxiStream_XLX_SEP_ PragmaOptions=_XLX_SEP_ [-Wdump-hls-pragmas]
#pragma HLS pipeline
        ^
./xf_structs.hpp:1080:9: warning: HLS pragma dump _XLX_SEP_ PragmaIsValid=1_XLX_SEP_ PragmaType=loop_tripcount_XLX_SEP_ PragmaContext=_XLX_SEP_ PragmaFunction=AxiStream2MatStream_XLX_SEP_ PragmaOptions=min=1 max=1024_XLX_SEP_ [-Wdump-hls-pragmas]
#pragma HLS loop_tripcount min=1 max=1024
        ^
./xf_structs.hpp:1082:9: warning: HLS pragma dump _XLX_SEP_ PragmaIsValid=1_XLX_SEP_ PragmaType=loop_tripcount_XLX_SEP_ PragmaContext=_XLX_SEP_ PragmaFunction=AxiStream2MatStream_XLX_SEP_ PragmaOptions=min=1 max=LOOPBOUND_XLX_SEP_ [-Wdump-hls-pragmas]
#pragma HLS LOOP_TRIPCOUNT min=1 max=LOOPBOUND
        ^
./xf_structs.hpp:1083:9: warning: HLS pragma dump _XLX_SEP_ PragmaIsValid=1_XLX_SEP_ PragmaType=pipeline_XLX_SEP_ PragmaContext=_XLX_SEP_ PragmaFunction=AxiStream2MatStream_XLX_SEP_ PragmaOptions=_XLX_SEP_ [-Wdump-hls-pragmas]
#pragma HLS pipeline
        ^
./xf_structs.hpp:1061:41: warning: unused parameter 'stride' [-Wunused-parameter]
                                    int stride = -1) {
                                        ^
./xf_structs.hpp:1125:9: warning: HLS pragma dump _XLX_SEP_ PragmaIsValid=1_XLX_SEP_ PragmaType=loop_tripcount_XLX_SEP_ PragmaContext=_XLX_SEP_ PragmaFunction=MatStream2Mat_XLX_SEP_ PragmaOptions=min=1 max=1024_XLX_SEP_ [-Wdump-hls-pragmas]
#pragma HLS loop_tripcount min=1 max=1024
        ^
./xf_structs.hpp:1127:9: warning: HLS pragma dump _XLX_SEP_ PragmaIsValid=1_XLX_SEP_ PragmaType=loop_tripcount_XLX_SEP_ PragmaContext=_XLX_SEP_ PragmaFunction=MatStream2Mat_XLX_SEP_ PragmaOptions=min=1 max=LOOPBOUND_XLX_SEP_ [-Wdump-hls-pragmas]
#pragma HLS LOOP_TRIPCOUNT min=1 max=LOOPBOUND
        ^
./xf_structs.hpp:1128:9: warning: HLS pragma dump _XLX_SEP_ PragmaIsValid=1_XLX_SEP_ PragmaType=pipeline_XLX_SEP_ PragmaContext=_XLX_SEP_ PragmaFunction=MatStream2Mat_XLX_SEP_ PragmaOptions=_XLX_SEP_ [-Wdump-hls-pragmas]
#pragma HLS pipeline
        ^
./xf_structs.hpp:1140:9: warning: HLS pragma dump _XLX_SEP_ PragmaIsValid=1_XLX_SEP_ PragmaType=dataflow_XLX_SEP_ PragmaContext=_XLX_SEP_ PragmaFunction=AxiStream2Mat_XLX_SEP_ PragmaOptions=_XLX_SEP_ [-Wdump-hls-pragmas]
#pragma HLS DATAFLOW
        ^
./xf_structs.hpp:1153:9: warning: HLS pragma dump _XLX_SEP_ PragmaIsValid=1_XLX_SEP_ PragmaType=dataflow_XLX_SEP_ PragmaContext=_XLX_SEP_ PragmaFunction=AxiStream2Mat_XLX_SEP_ PragmaOptions=_XLX_SEP_ [-Wdump-hls-pragmas]
#pragma HLS DATAFLOW
        ^
./xf_structs.hpp:1168:9: warning: HLS pragma dump _XLX_SEP_ PragmaIsValid=1_XLX_SEP_ PragmaType=dataflow_XLX_SEP_ PragmaContext=_XLX_SEP_ PragmaFunction=Axi2Mat_XLX_SEP_ PragmaOptions=_XLX_SEP_ [-Wdump-hls-pragmas]
#pragma HLS DATAFLOW
        ^
./xf_structs.hpp:1191:9: warning: HLS pragma dump _XLX_SEP_ PragmaIsValid=1_XLX_SEP_ PragmaType=dataflow_XLX_SEP_ PragmaContext=_XLX_SEP_ PragmaFunction=Axi2Mat_XLX_SEP_ PragmaOptions=_XLX_SEP_ [-Wdump-hls-pragmas]
#pragma HLS DATAFLOW
        ^
./xf_structs.hpp:1203:9: warning: HLS pragma dump _XLX_SEP_ PragmaIsValid=1_XLX_SEP_ PragmaType=dataflow_XLX_SEP_ PragmaContext=_XLX_SEP_ PragmaFunction=Axi2Mat_XLX_SEP_ PragmaOptions=_XLX_SEP_ [-Wdump-hls-pragmas]
#pragma HLS DATAFLOW
        ^
./xf_structs.hpp:1226:9: warning: HLS pragma dump _XLX_SEP_ PragmaIsValid=1_XLX_SEP_ PragmaType=dataflow_XLX_SEP_ PragmaContext=_XLX_SEP_ PragmaFunction=Axi2Mat_XLX_SEP_ PragmaOptions=_XLX_SEP_ [-Wdump-hls-pragmas]
#pragma HLS DATAFLOW
        ^
./xf_structs.hpp:1251:102: warning: unused parameter 'index' [-Wunused-parameter]
    inline static ap_uint<XF_BITS_PER_CLOCK> read(hls::stream<ap_uint<XF_BITS_PER_CLOCK> >& din, int index) {
                                                                                                     ^
./xf_structs.hpp:1299:9: warning: HLS pragma dump _XLX_SEP_ PragmaIsValid=1_XLX_SEP_ PragmaType=loop_tripcount_XLX_SEP_ PragmaContext=_XLX_SEP_ PragmaFunction=Mat2MatStream_XLX_SEP_ PragmaOptions=min=1 max=1024_XLX_SEP_ [-Wdump-hls-pragmas]
#pragma HLS loop_tripcount min=1 max=1024
        ^
./xf_structs.hpp:1301:9: warning: HLS pragma dump _XLX_SEP_ PragmaIsValid=1_XLX_SEP_ PragmaType=loop_tripcount_XLX_SEP_ PragmaContext=_XLX_SEP_ PragmaFunction=Mat2MatStream_XLX_SEP_ PragmaOptions=min=1 max=LOOPBOUND_XLX_SEP_ [-Wdump-hls-pragmas]
#pragma HLS LOOP_TRIPCOUNT min=1 max=LOOPBOUND
        ^
./xf_structs.hpp:1302:9: warning: HLS pragma dump _XLX_SEP_ PragmaIsValid=1_XLX_SEP_ PragmaType=pipeline_XLX_SEP_ PragmaContext=_XLX_SEP_ PragmaFunction=Mat2MatStream_XLX_SEP_ PragmaOptions=_XLX_SEP_ [-Wdump-hls-pragmas]
#pragma HLS pipeline
        ^
./xf_structs.hpp:1330:9: warning: HLS pragma dump _XLX_SEP_ PragmaIsValid=1_XLX_SEP_ PragmaType=loop_tripcount_XLX_SEP_ PragmaContext=_XLX_SEP_ PragmaFunction=MatStream2AxiStream_XLX_SEP_ PragmaOptions=min=1 max=1024_XLX_SEP_ [-Wdump-hls-pragmas]
#pragma HLS loop_tripcount min=1 max=1024
        ^
./xf_structs.hpp:1332:9: warning: HLS pragma dump _XLX_SEP_ PragmaIsValid=1_XLX_SEP_ PragmaType=loop_tripcount_XLX_SEP_ PragmaContext=_XLX_SEP_ PragmaFunction=MatStream2AxiStream_XLX_SEP_ PragmaOptions=min=1 max=ROWS_XLX_SEP_ [-Wdump-hls-pragmas]
#pragma HLS LOOP_TRIPCOUNT min=1 max=ROWS
        ^
./xf_structs.hpp:1336:9: warning: HLS pragma dump _XLX_SEP_ PragmaIsValid=1_XLX_SEP_ PragmaType=loop_tripcount_XLX_SEP_ PragmaContext=_XLX_SEP_ PragmaFunction=MatStream2AxiStream_XLX_SEP_ PragmaOptions=min=1 max=1024_XLX_SEP_ [-Wdump-hls-pragmas]
#pragma HLS loop_tripcount min=1 max=1024
        ^
./xf_structs.hpp:1338:9: warning: HLS pragma dump _XLX_SEP_ PragmaIsValid=1_XLX_SEP_ PragmaType=loop_tripcount_XLX_SEP_ PragmaContext=_XLX_SEP_ PragmaFunction=MatStream2AxiStream_XLX_SEP_ PragmaOptions=min=1 max=COLS_BOUND_PER_NPC_XLX_SEP_ [-Wdump-hls-pragmas]
#pragma HLS LOOP_TRIPCOUNT min=1 max=COLS_BOUND_PER_NPC
        ^
./xf_structs.hpp:1339:9: warning: HLS pragma dump _XLX_SEP_ PragmaIsValid=1_XLX_SEP_ PragmaType=pipeline_XLX_SEP_ PragmaContext=_XLX_SEP_ PragmaFunction=MatStream2AxiStream_XLX_SEP_ PragmaOptions=_XLX_SEP_ [-Wdump-hls-pragmas]
#pragma HLS pipeline
        ^
./xf_structs.hpp:1381:9: warning: HLS pragma dump _XLX_SEP_ PragmaIsValid=1_XLX_SEP_ PragmaType=dataflow_XLX_SEP_ PragmaContext=_XLX_SEP_ PragmaFunction=Mat2AxiStream_XLX_SEP_ PragmaOptions=_XLX_SEP_ [-Wdump-hls-pragmas]
#pragma HLS DATAFLOW
        ^
./xf_structs.hpp:1394:9: warning: HLS pragma dump _XLX_SEP_ PragmaIsValid=1_XLX_SEP_ PragmaType=dataflow_XLX_SEP_ PragmaContext=_XLX_SEP_ PragmaFunction=Mat2AxiStream_XLX_SEP_ PragmaOptions=_XLX_SEP_ [-Wdump-hls-pragmas]
#pragma HLS DATAFLOW
        ^
./xf_structs.hpp:1410:9: warning: HLS pragma dump _XLX_SEP_ PragmaIsValid=1_XLX_SEP_ PragmaType=loop_tripcount_XLX_SEP_ PragmaContext=_XLX_SEP_ PragmaFunction=AxiStream2Axi_XLX_SEP_ PragmaOptions=min=1 max=1024_XLX_SEP_ [-Wdump-hls-pragmas]
#pragma HLS loop_tripcount min=1 max=1024
        ^
./xf_structs.hpp:1412:9: warning: HLS pragma dump _XLX_SEP_ PragmaIsValid=1_XLX_SEP_ PragmaType=loop_tripcount_XLX_SEP_ PragmaContext=_XLX_SEP_ PragmaFunction=AxiStream2Axi_XLX_SEP_ PragmaOptions=min=1 max=ADDRBOUND_XLX_SEP_ [-Wdump-hls-pragmas]
#pragma HLS LOOP_TRIPCOUNT min=1 max=ADDRBOUND
        ^
./xf_structs.hpp:1413:9: warning: HLS pragma dump _XLX_SEP_ PragmaIsValid=1_XLX_SEP_ PragmaType=pipeline_XLX_SEP_ PragmaContext=_XLX_SEP_ PragmaFunction=AxiStream2Axi_XLX_SEP_ PragmaOptions=_XLX_SEP_ [-Wdump-hls-pragmas]
#pragma HLS pipeline
        ^
./xf_structs.hpp:1426:9: warning: HLS pragma dump _XLX_SEP_ PragmaIsValid=1_XLX_SEP_ PragmaType=loop_tripcount_XLX_SEP_ PragmaContext=_XLX_SEP_ PragmaFunction=AxiStream2Axi_XLX_SEP_ PragmaOptions=min=1 max=1024_XLX_SEP_ [-Wdump-hls-pragmas]
#pragma HLS loop_tripcount min=1 max=1024
        ^
./xf_structs.hpp:1428:9: warning: HLS pragma dump _XLX_SEP_ PragmaIsValid=1_XLX_SEP_ PragmaType=loop_tripcount_XLX_SEP_ PragmaContext=_XLX_SEP_ PragmaFunction=AxiStream2Axi_XLX_SEP_ PragmaOptions=min=1 max=ADDRBOUND_XLX_SEP_ [-Wdump-hls-pragmas]
#pragma HLS LOOP_TRIPCOUNT min=1 max=ADDRBOUND
        ^
./xf_structs.hpp:1429:9: warning: HLS pragma dump _XLX_SEP_ PragmaIsValid=1_XLX_SEP_ PragmaType=pipeline_XLX_SEP_ PragmaContext=_XLX_SEP_ PragmaFunction=AxiStream2Axi_XLX_SEP_ PragmaOptions=_XLX_SEP_ [-Wdump-hls-pragmas]
#pragma HLS pipeline
        ^
./xf_structs.hpp:1443:9: warning: HLS pragma dump _XLX_SEP_ PragmaIsValid=1_XLX_SEP_ PragmaType=dataflow_XLX_SEP_ PragmaContext=_XLX_SEP_ PragmaFunction=Mat2Axi_XLX_SEP_ PragmaOptions=_XLX_SEP_ [-Wdump-hls-pragmas]
#pragma HLS DATAFLOW
        ^
./xf_structs.hpp:1462:9: warning: HLS pragma dump _XLX_SEP_ PragmaIsValid=1_XLX_SEP_ PragmaType=loop_tripcount_XLX_SEP_ PragmaContext=_XLX_SEP_ PragmaFunction=Mat2Axi_XLX_SEP_ PragmaOptions=min=1 max=1024_XLX_SEP_ [-Wdump-hls-pragmas]
#pragma HLS loop_tripcount min=1 max=1024
        ^
./xf_structs.hpp:1471:9: warning: HLS pragma dump _XLX_SEP_ PragmaIsValid=1_XLX_SEP_ PragmaType=dataflow_XLX_SEP_ PragmaContext=_XLX_SEP_ PragmaFunction=Mat2Axi_XLX_SEP_ PragmaOptions=_XLX_SEP_ [-Wdump-hls-pragmas]
#pragma HLS DATAFLOW
        ^
./xf_structs.hpp:1491:9: warning: HLS pragma dump _XLX_SEP_ PragmaIsValid=1_XLX_SEP_ PragmaType=loop_tripcount_XLX_SEP_ PragmaContext=_XLX_SEP_ PragmaFunction=Mat2Axi_XLX_SEP_ PragmaOptions=min=1 max=1024_XLX_SEP_ [-Wdump-hls-pragmas]
#pragma HLS loop_tripcount min=1 max=1024
        ^
./xf_structs.hpp:1503:9: warning: HLS pragma dump _XLX_SEP_ PragmaIsValid=1_XLX_SEP_ PragmaType=dataflow_XLX_SEP_ PragmaContext=_XLX_SEP_ PragmaFunction=Mat2Axi_XLX_SEP_ PragmaOptions=_XLX_SEP_ [-Wdump-hls-pragmas]
#pragma HLS DATAFLOW
        ^
./xf_structs.hpp:1522:9: warning: HLS pragma dump _XLX_SEP_ PragmaIsValid=1_XLX_SEP_ PragmaType=loop_tripcount_XLX_SEP_ PragmaContext=_XLX_SEP_ PragmaFunction=Mat2Axi_XLX_SEP_ PragmaOptions=min=1 max=1024_XLX_SEP_ [-Wdump-hls-pragmas]
#pragma HLS loop_tripcount min=1 max=1024
        ^
./xf_structs.hpp:1534:9: warning: HLS pragma dump _XLX_SEP_ PragmaIsValid=1_XLX_SEP_ PragmaType=dataflow_XLX_SEP_ PragmaContext=_XLX_SEP_ PragmaFunction=Mat2Axi_XLX_SEP_ PragmaOptions=_XLX_SEP_ [-Wdump-hls-pragmas]
#pragma HLS DATAFLOW
        ^
./xf_structs.hpp:1553:9: warning: HLS pragma dump _XLX_SEP_ PragmaIsValid=1_XLX_SEP_ PragmaType=loop_tripcount_XLX_SEP_ PragmaContext=_XLX_SEP_ PragmaFunction=Mat2Axi_XLX_SEP_ PragmaOptions=min=1 max=1024_XLX_SEP_ [-Wdump-hls-pragmas]
#pragma HLS loop_tripcount min=1 max=1024
        ^
./xf_structs.hpp:1566:34: warning: unused parameter 'index' [-Wunused-parameter]
                             int index) {
                                 ^
In file included from Accel.cpp:4:
In file included from ./Accel.h:5:
In file included from ./xf_utility.hpp:23:
./xf_video_mem.hpp:46:9: warning: HLS pragma dump _XLX_SEP_ PragmaIsValid=1_XLX_SEP_ PragmaType=inline_XLX_SEP_ PragmaContext=_XLX_SEP_ PragmaFunction=Window<ROWS, COLS, T>_XLX_SEP_ PragmaOptions=_XLX_SEP_ [-Wdump-hls-pragmas]
#pragma HLS INLINE
        ^
./xf_video_mem.hpp:47:9: warning: HLS pragma dump _XLX_SEP_ PragmaIsValid=1_XLX_SEP_ PragmaType=array_partition_XLX_SEP_ PragmaContext=_XLX_SEP_ PragmaFunction=Window<ROWS, COLS, T>_XLX_SEP_ PragmaOptions=variable=val type=cyclic factor=8 dim=1_XLX_SEP_ [-Wdump-hls-pragmas]
#pragma HLS array_partition variable=val type=cyclic factor=8 dim=1
        ^
./xf_video_mem.hpp:48:9: warning: HLS pragma dump _XLX_SEP_ PragmaIsValid=1_XLX_SEP_ PragmaType=array_partition_XLX_SEP_ PragmaContext=_XLX_SEP_ PragmaFunction=Window<ROWS, COLS, T>_XLX_SEP_ PragmaOptions=variable=val type=cyclic factor=8 dim=2_XLX_SEP_ [-Wdump-hls-pragmas]
#pragma HLS array_partition variable=val type=cyclic factor=8 dim=2
        ^
./xf_video_mem.hpp:112:9: warning: HLS pragma dump _XLX_SEP_ PragmaIsValid=1_XLX_SEP_ PragmaType=inline_XLX_SEP_ PragmaContext=_XLX_SEP_ PragmaFunction=shift_pixels_left_XLX_SEP_ PragmaOptions=_XLX_SEP_ [-Wdump-hls-pragmas]
#pragma HLS inline
        ^
./xf_video_mem.hpp:123:9: warning: HLS pragma dump _XLX_SEP_ PragmaIsValid=1_XLX_SEP_ PragmaType=loop_tripcount_XLX_SEP_ PragmaContext=_XLX_SEP_ PragmaFunction=shift_pixels_left_XLX_SEP_ PragmaOptions=min=1 max=1024_XLX_SEP_ [-Wdump-hls-pragmas]
#pragma HLS loop_tripcount min=1 max=1024
        ^
./xf_video_mem.hpp:125:9: warning: HLS pragma dump _XLX_SEP_ PragmaIsValid=1_XLX_SEP_ PragmaType=unroll_XLX_SEP_ PragmaContext=_XLX_SEP_ PragmaFunction=shift_pixels_left_XLX_SEP_ PragmaOptions=factor=1_XLX_SEP_ [-Wdump-hls-pragmas]
#pragma HLS unroll factor=1
        ^
./xf_video_mem.hpp:128:9: warning: HLS pragma dump _XLX_SEP_ PragmaIsValid=1_XLX_SEP_ PragmaType=loop_tripcount_XLX_SEP_ PragmaContext=_XLX_SEP_ PragmaFunction=shift_pixels_left_XLX_SEP_ PragmaOptions=min=1 max=1024_XLX_SEP_ [-Wdump-hls-pragmas]
#pragma HLS loop_tripcount min=1 max=1024
        ^
./xf_video_mem.hpp:130:9: warning: HLS pragma dump _XLX_SEP_ PragmaIsValid=1_XLX_SEP_ PragmaType=unroll_XLX_SEP_ PragmaContext=_XLX_SEP_ PragmaFunction=shift_pixels_left_XLX_SEP_ PragmaOptions=factor=1_XLX_SEP_ [-Wdump-hls-pragmas]
#pragma HLS unroll factor=1
        ^
./xf_video_mem.hpp:160:9: warning: HLS pragma dump _XLX_SEP_ PragmaIsValid=1_XLX_SEP_ PragmaType=inline_XLX_SEP_ PragmaContext=_XLX_SEP_ PragmaFunction=shift_pixels_right_XLX_SEP_ PragmaOptions=_XLX_SEP_ [-Wdump-hls-pragmas]
#pragma HLS inline
        ^
./xf_video_mem.hpp:171:9: warning: HLS pragma dump _XLX_SEP_ PragmaIsValid=1_XLX_SEP_ PragmaType=loop_tripcount_XLX_SEP_ PragmaContext=_XLX_SEP_ PragmaFunction=shift_pixels_right_XLX_SEP_ PragmaOptions=min=1 max=1024_XLX_SEP_ [-Wdump-hls-pragmas]
#pragma HLS loop_tripcount min=1 max=1024
        ^
./xf_video_mem.hpp:173:9: warning: HLS pragma dump _XLX_SEP_ PragmaIsValid=1_XLX_SEP_ PragmaType=unroll_XLX_SEP_ PragmaContext=_XLX_SEP_ PragmaFunction=shift_pixels_right_XLX_SEP_ PragmaOptions=factor=1_XLX_SEP_ [-Wdump-hls-pragmas]
#pragma HLS unroll factor=1
        ^
./xf_video_mem.hpp:176:9: warning: HLS pragma dump _XLX_SEP_ PragmaIsValid=1_XLX_SEP_ PragmaType=loop_tripcount_XLX_SEP_ PragmaContext=_XLX_SEP_ PragmaFunction=shift_pixels_right_XLX_SEP_ PragmaOptions=min=1 max=1024_XLX_SEP_ [-Wdump-hls-pragmas]
#pragma HLS loop_tripcount min=1 max=1024
        ^
./xf_video_mem.hpp:178:9: warning: HLS pragma dump _XLX_SEP_ PragmaIsValid=1_XLX_SEP_ PragmaType=unroll_XLX_SEP_ PragmaContext=_XLX_SEP_ PragmaFunction=shift_pixels_right_XLX_SEP_ PragmaOptions=factor=1_XLX_SEP_ [-Wdump-hls-pragmas]
#pragma HLS unroll factor=1
        ^
./xf_video_mem.hpp:208:9: warning: HLS pragma dump _XLX_SEP_ PragmaIsValid=1_XLX_SEP_ PragmaType=inline_XLX_SEP_ PragmaContext=_XLX_SEP_ PragmaFunction=shift_pixels_up_XLX_SEP_ PragmaOptions=_XLX_SEP_ [-Wdump-hls-pragmas]
#pragma HLS inline
        ^
./xf_video_mem.hpp:219:9: warning: HLS pragma dump _XLX_SEP_ PragmaIsValid=1_XLX_SEP_ PragmaType=loop_tripcount_XLX_SEP_ PragmaContext=_XLX_SEP_ PragmaFunction=shift_pixels_up_XLX_SEP_ PragmaOptions=min=1 max=1024_XLX_SEP_ [-Wdump-hls-pragmas]
#pragma HLS loop_tripcount min=1 max=1024
        ^
./xf_video_mem.hpp:221:9: warning: HLS pragma dump _XLX_SEP_ PragmaIsValid=1_XLX_SEP_ PragmaType=unroll_XLX_SEP_ PragmaContext=_XLX_SEP_ PragmaFunction=shift_pixels_up_XLX_SEP_ PragmaOptions=factor=1_XLX_SEP_ [-Wdump-hls-pragmas]
#pragma HLS unroll factor=1
        ^
./xf_video_mem.hpp:224:9: warning: HLS pragma dump _XLX_SEP_ PragmaIsValid=1_XLX_SEP_ PragmaType=loop_tripcount_XLX_SEP_ PragmaContext=_XLX_SEP_ PragmaFunction=shift_pixels_up_XLX_SEP_ PragmaOptions=min=1 max=1024_XLX_SEP_ [-Wdump-hls-pragmas]
#pragma HLS loop_tripcount min=1 max=1024
        ^
./xf_video_mem.hpp:226:9: warning: HLS pragma dump _XLX_SEP_ PragmaIsValid=1_XLX_SEP_ PragmaType=unroll_XLX_SEP_ PragmaContext=_XLX_SEP_ PragmaFunction=shift_pixels_up_XLX_SEP_ PragmaOptions=factor=1_XLX_SEP_ [-Wdump-hls-pragmas]
#pragma HLS unroll factor=1
        ^
./xf_video_mem.hpp:256:9: warning: HLS pragma dump _XLX_SEP_ PragmaIsValid=1_XLX_SEP_ PragmaType=inline_XLX_SEP_ PragmaContext=_XLX_SEP_ PragmaFunction=shift_pixels_down_XLX_SEP_ PragmaOptions=_XLX_SEP_ [-Wdump-hls-pragmas]
#pragma HLS inline
        ^
./xf_video_mem.hpp:267:9: warning: HLS pragma dump _XLX_SEP_ PragmaIsValid=1_XLX_SEP_ PragmaType=loop_tripcount_XLX_SEP_ PragmaContext=_XLX_SEP_ PragmaFunction=shift_pixels_down_XLX_SEP_ PragmaOptions=min=1 max=1024_XLX_SEP_ [-Wdump-hls-pragmas]
#pragma HLS loop_tripcount min=1 max=1024
        ^
./xf_video_mem.hpp:269:9: warning: HLS pragma dump _XLX_SEP_ PragmaIsValid=1_XLX_SEP_ PragmaType=unroll_XLX_SEP_ PragmaContext=_XLX_SEP_ PragmaFunction=shift_pixels_down_XLX_SEP_ PragmaOptions=factor=1_XLX_SEP_ [-Wdump-hls-pragmas]
#pragma HLS unroll factor=1
        ^
./xf_video_mem.hpp:272:9: warning: HLS pragma dump _XLX_SEP_ PragmaIsValid=1_XLX_SEP_ PragmaType=loop_tripcount_XLX_SEP_ PragmaContext=_XLX_SEP_ PragmaFunction=shift_pixels_down_XLX_SEP_ PragmaOptions=min=1 max=1024_XLX_SEP_ [-Wdump-hls-pragmas]
#pragma HLS loop_tripcount min=1 max=1024
        ^
./xf_video_mem.hpp:274:9: warning: HLS pragma dump _XLX_SEP_ PragmaIsValid=1_XLX_SEP_ PragmaType=unroll_XLX_SEP_ PragmaContext=_XLX_SEP_ PragmaFunction=shift_pixels_down_XLX_SEP_ PragmaOptions=factor=1_XLX_SEP_ [-Wdump-hls-pragmas]
#pragma HLS unroll factor=1
        ^
./xf_video_mem.hpp:303:9: warning: HLS pragma dump _XLX_SEP_ PragmaIsValid=1_XLX_SEP_ PragmaType=inline_XLX_SEP_ PragmaContext=_XLX_SEP_ PragmaFunction=insert_pixel_XLX_SEP_ PragmaOptions=_XLX_SEP_ [-Wdump-hls-pragmas]
#pragma HLS inline
        ^
./xf_video_mem.hpp:338:9: warning: HLS pragma dump _XLX_SEP_ PragmaIsValid=1_XLX_SEP_ PragmaType=inline_XLX_SEP_ PragmaContext=_XLX_SEP_ PragmaFunction=insert_row_XLX_SEP_ PragmaOptions=_XLX_SEP_ [-Wdump-hls-pragmas]
#pragma HLS inline
        ^
./xf_video_mem.hpp:349:9: warning: HLS pragma dump _XLX_SEP_ PragmaIsValid=1_XLX_SEP_ PragmaType=loop_tripcount_XLX_SEP_ PragmaContext=_XLX_SEP_ PragmaFunction=insert_row_XLX_SEP_ PragmaOptions=min=1 max=1024_XLX_SEP_ [-Wdump-hls-pragmas]
#pragma HLS loop_tripcount min=1 max=1024
        ^
./xf_video_mem.hpp:351:9: warning: HLS pragma dump _XLX_SEP_ PragmaIsValid=1_XLX_SEP_ PragmaType=unroll_XLX_SEP_ PragmaContext=_XLX_SEP_ PragmaFunction=insert_row_XLX_SEP_ PragmaOptions=factor=1_XLX_SEP_ [-Wdump-hls-pragmas]
#pragma HLS unroll factor=1
        ^
./xf_video_mem.hpp:380:9: warning: HLS pragma dump _XLX_SEP_ PragmaIsValid=1_XLX_SEP_ PragmaType=inline_XLX_SEP_ PragmaContext=_XLX_SEP_ PragmaFunction=insert_top_row_XLX_SEP_ PragmaOptions=_XLX_SEP_ [-Wdump-hls-pragmas]
#pragma HLS inline
        ^
./xf_video_mem.hpp:415:9: warning: HLS pragma dump _XLX_SEP_ PragmaIsValid=1_XLX_SEP_ PragmaType=inline_XLX_SEP_ PragmaContext=_XLX_SEP_ PragmaFunction=insert_bottom_row_XLX_SEP_ PragmaOptions=_XLX_SEP_ [-Wdump-hls-pragmas]
#pragma HLS inline
        ^
./xf_video_mem.hpp:450:9: warning: HLS pragma dump _XLX_SEP_ PragmaIsValid=1_XLX_SEP_ PragmaType=inline_XLX_SEP_ PragmaContext=_XLX_SEP_ PragmaFunction=insert_col_XLX_SEP_ PragmaOptions=_XLX_SEP_ [-Wdump-hls-pragmas]
#pragma HLS inline
        ^
./xf_video_mem.hpp:461:9: warning: HLS pragma dump _XLX_SEP_ PragmaIsValid=1_XLX_SEP_ PragmaType=loop_tripcount_XLX_SEP_ PragmaContext=_XLX_SEP_ PragmaFunction=insert_col_XLX_SEP_ PragmaOptions=min=1 max=1024_XLX_SEP_ [-Wdump-hls-pragmas]
#pragma HLS loop_tripcount min=1 max=1024
        ^
./xf_video_mem.hpp:463:9: warning: HLS pragma dump _XLX_SEP_ PragmaIsValid=1_XLX_SEP_ PragmaType=unroll_XLX_SEP_ PragmaContext=_XLX_SEP_ PragmaFunction=insert_col_XLX_SEP_ PragmaOptions=factor=1_XLX_SEP_ [-Wdump-hls-pragmas]
#pragma HLS unroll factor=1
        ^
./xf_video_mem.hpp:492:9: warning: HLS pragma dump _XLX_SEP_ PragmaIsValid=1_XLX_SEP_ PragmaType=inline_XLX_SEP_ PragmaContext=_XLX_SEP_ PragmaFunction=insert_left_col_XLX_SEP_ PragmaOptions=_XLX_SEP_ [-Wdump-hls-pragmas]
#pragma HLS inline
        ^
./xf_video_mem.hpp:527:9: warning: HLS pragma dump _XLX_SEP_ PragmaIsValid=1_XLX_SEP_ PragmaType=inline_XLX_SEP_ PragmaContext=_XLX_SEP_ PragmaFunction=insert_right_col_XLX_SEP_ PragmaOptions=_XLX_SEP_ [-Wdump-hls-pragmas]
#pragma HLS inline
        ^
./xf_video_mem.hpp:562:9: warning: HLS pragma dump _XLX_SEP_ PragmaIsValid=1_XLX_SEP_ PragmaType=inline_XLX_SEP_ PragmaContext=_XLX_SEP_ PragmaFunction=getval_XLX_SEP_ PragmaOptions=_XLX_SEP_ [-Wdump-hls-pragmas]
#pragma HLS inline
        ^
./xf_video_mem.hpp:574:9: warning: HLS pragma dump _XLX_SEP_ PragmaIsValid=1_XLX_SEP_ PragmaType=inline_XLX_SEP_ PragmaContext=_XLX_SEP_ PragmaFunction=operator()_XLX_SEP_ PragmaOptions=_XLX_SEP_ [-Wdump-hls-pragmas]
#pragma HLS inline
        ^
./xf_video_mem.hpp:615:9: warning: HLS pragma dump _XLX_SEP_ PragmaIsValid=1_XLX_SEP_ PragmaType=inline_XLX_SEP_ PragmaContext=_XLX_SEP_ PragmaFunction=shift_left_XLX_SEP_ PragmaOptions=_XLX_SEP_ [-Wdump-hls-pragmas]
#pragma HLS inline
        ^
./xf_video_mem.hpp:628:9: warning: HLS pragma dump _XLX_SEP_ PragmaIsValid=1_XLX_SEP_ PragmaType=inline_XLX_SEP_ PragmaContext=_XLX_SEP_ PragmaFunction=shift_right_XLX_SEP_ PragmaOptions=_XLX_SEP_ [-Wdump-hls-pragmas]
#pragma HLS inline
        ^
./xf_video_mem.hpp:641:9: warning: HLS pragma dump _XLX_SEP_ PragmaIsValid=1_XLX_SEP_ PragmaType=inline_XLX_SEP_ PragmaContext=_XLX_SEP_ PragmaFunction=shift_up_XLX_SEP_ PragmaOptions=_XLX_SEP_ [-Wdump-hls-pragmas]
#pragma HLS inline
        ^
./xf_video_mem.hpp:654:9: warning: HLS pragma dump _XLX_SEP_ PragmaIsValid=1_XLX_SEP_ PragmaType=inline_XLX_SEP_ PragmaContext=_XLX_SEP_ PragmaFunction=shift_down_XLX_SEP_ PragmaOptions=_XLX_SEP_ [-Wdump-hls-pragmas]
#pragma HLS inline
        ^
./xf_video_mem.hpp:667:9: warning: HLS pragma dump _XLX_SEP_ PragmaIsValid=1_XLX_SEP_ PragmaType=inline_XLX_SEP_ PragmaContext=_XLX_SEP_ PragmaFunction=insert_XLX_SEP_ PragmaOptions=_XLX_SEP_ [-Wdump-hls-pragmas]
#pragma HLS inline
        ^
./xf_video_mem.hpp:680:9: warning: HLS pragma dump _XLX_SEP_ PragmaIsValid=1_XLX_SEP_ PragmaType=inline_XLX_SEP_ PragmaContext=_XLX_SEP_ PragmaFunction=insert_top_XLX_SEP_ PragmaOptions=_XLX_SEP_ [-Wdump-hls-pragmas]
#pragma HLS inline
        ^
./xf_video_mem.hpp:693:9: warning: HLS pragma dump _XLX_SEP_ PragmaIsValid=1_XLX_SEP_ PragmaType=inline_XLX_SEP_ PragmaContext=_XLX_SEP_ PragmaFunction=insert_bottom_XLX_SEP_ PragmaOptions=_XLX_SEP_ [-Wdump-hls-pragmas]
#pragma HLS inline
        ^
./xf_video_mem.hpp:706:9: warning: HLS pragma dump _XLX_SEP_ PragmaIsValid=1_XLX_SEP_ PragmaType=inline_XLX_SEP_ PragmaContext=_XLX_SEP_ PragmaFunction=insert_left_XLX_SEP_ PragmaOptions=_XLX_SEP_ [-Wdump-hls-pragmas]
#pragma HLS inline
        ^
./xf_video_mem.hpp:719:9: warning: HLS pragma dump _XLX_SEP_ PragmaIsValid=1_XLX_SEP_ PragmaType=inline_XLX_SEP_ PragmaContext=_XLX_SEP_ PragmaFunction=insert_right_XLX_SEP_ PragmaOptions=_XLX_SEP_ [-Wdump-hls-pragmas]
#pragma HLS inline
        ^
./xf_video_mem.hpp:736:9: warning: HLS pragma dump _XLX_SEP_ PragmaIsValid=1_XLX_SEP_ PragmaType=inline_XLX_SEP_ PragmaContext=_XLX_SEP_ PragmaFunction=LineBuffer<ROWS, COLS, T, MEM_TYPE, RESHAPE_FACTOR>_XLX_SEP_ PragmaOptions=_XLX_SEP_ [-Wdump-hls-pragmas]
#pragma HLS INLINE
        ^
./xf_video_mem.hpp:737:9: warning: HLS pragma dump _XLX_SEP_ PragmaIsValid=1_XLX_SEP_ PragmaType=dependence_XLX_SEP_ PragmaContext=_XLX_SEP_ PragmaFunction=LineBuffer<ROWS, COLS, T, MEM_TYPE, RESHAPE_FACTOR>_XLX_SEP_ PragmaOptions=variable=val inter false_XLX_SEP_ [-Wdump-hls-pragmas]
#pragma HLS dependence variable=val inter false
        ^
./xf_video_mem.hpp:738:9: warning: HLS pragma dump _XLX_SEP_ PragmaIsValid=1_XLX_SEP_ PragmaType=dependence_XLX_SEP_ PragmaContext=_XLX_SEP_ PragmaFunction=LineBuffer<ROWS, COLS, T, MEM_TYPE, RESHAPE_FACTOR>_XLX_SEP_ PragmaOptions=variable=val intra false_XLX_SEP_ [-Wdump-hls-pragmas]
#pragma HLS dependence variable=val intra false
        ^
./xf_video_mem.hpp:747:9: warning: HLS pragma dump _XLX_SEP_ PragmaIsValid=1_XLX_SEP_ PragmaType=bind_storage_XLX_SEP_ PragmaContext=_XLX_SEP_ PragmaFunction=LineBuffer<ROWS, COLS, T, MEM_TYPE, RESHAPE_FACTOR>_XLX_SEP_ PragmaOptions=variable=val type=RAM_1P impl=BRAM_XLX_SEP_ [-Wdump-hls-pragmas]
#pragma HLS bind_storage variable=val type=RAM_1P impl=BRAM
        ^
./xf_video_mem.hpp:752:9: warning: HLS pragma dump _XLX_SEP_ PragmaIsValid=1_XLX_SEP_ PragmaType=bind_storage_XLX_SEP_ PragmaContext=_XLX_SEP_ PragmaFunction=LineBuffer<ROWS, COLS, T, MEM_TYPE, RESHAPE_FACTOR>_XLX_SEP_ PragmaOptions=variable=val type=RAM_1P impl=URAM_XLX_SEP_ [-Wdump-hls-pragmas]
#pragma HLS bind_storage variable=val type=RAM_1P impl=URAM
        ^
./xf_video_mem.hpp:757:9: warning: HLS pragma dump _XLX_SEP_ PragmaIsValid=1_XLX_SEP_ PragmaType=bind_storage_XLX_SEP_ PragmaContext=_XLX_SEP_ PragmaFunction=LineBuffer<ROWS, COLS, T, MEM_TYPE, RESHAPE_FACTOR>_XLX_SEP_ PragmaOptions=variable=val type=RAM_2P impl=BRAM_XLX_SEP_ [-Wdump-hls-pragmas]
#pragma HLS bind_storage variable=val type=RAM_2P impl=BRAM
        ^
./xf_video_mem.hpp:762:9: warning: HLS pragma dump _XLX_SEP_ PragmaIsValid=1_XLX_SEP_ PragmaType=bind_storage_XLX_SEP_ PragmaContext=_XLX_SEP_ PragmaFunction=LineBuffer<ROWS, COLS, T, MEM_TYPE, RESHAPE_FACTOR>_XLX_SEP_ PragmaOptions=variable=val type=RAM_2P impl=URAM_XLX_SEP_ [-Wdump-hls-pragmas]
#pragma HLS bind_storage variable=val type=RAM_2P impl=URAM
        ^
./xf_video_mem.hpp:767:9: warning: HLS pragma dump _XLX_SEP_ PragmaIsValid=1_XLX_SEP_ PragmaType=bind_storage_XLX_SEP_ PragmaContext=_XLX_SEP_ PragmaFunction=LineBuffer<ROWS, COLS, T, MEM_TYPE, RESHAPE_FACTOR>_XLX_SEP_ PragmaOptions=variable=val type=RAM_S2P impl=BRAM_XLX_SEP_ [-Wdump-hls-pragmas]
#pragma HLS bind_storage variable=val type=RAM_S2P impl=BRAM
        ^
./xf_video_mem.hpp:772:9: warning: HLS pragma dump _XLX_SEP_ PragmaIsValid=1_XLX_SEP_ PragmaType=bind_storage_XLX_SEP_ PragmaContext=_XLX_SEP_ PragmaFunction=LineBuffer<ROWS, COLS, T, MEM_TYPE, RESHAPE_FACTOR>_XLX_SEP_ PragmaOptions=variable=val type=RAM_S2P impl=URAM_XLX_SEP_ [-Wdump-hls-pragmas]
#pragma HLS bind_storage variable=val type=RAM_S2P impl=URAM
        ^
./xf_video_mem.hpp:777:9: warning: HLS pragma dump _XLX_SEP_ PragmaIsValid=1_XLX_SEP_ PragmaType=bind_storage_XLX_SEP_ PragmaContext=_XLX_SEP_ PragmaFunction=LineBuffer<ROWS, COLS, T, MEM_TYPE, RESHAPE_FACTOR>_XLX_SEP_ PragmaOptions=variable=val type=RAM_T2P impl=BRAM_XLX_SEP_ [-Wdump-hls-pragmas]
#pragma HLS bind_storage variable=val type=RAM_T2P impl=BRAM
        ^
./xf_video_mem.hpp:782:9: warning: HLS pragma dump _XLX_SEP_ PragmaIsValid=1_XLX_SEP_ PragmaType=bind_storage_XLX_SEP_ PragmaContext=_XLX_SEP_ PragmaFunction=LineBuffer<ROWS, COLS, T, MEM_TYPE, RESHAPE_FACTOR>_XLX_SEP_ PragmaOptions=variable=val type=RAM_T2P impl=URAM_XLX_SEP_ [-Wdump-hls-pragmas]
#pragma HLS bind_storage variable=val type=RAM_T2P impl=URAM
        ^
./xf_video_mem.hpp:791:9: warning: HLS pragma dump _XLX_SEP_ PragmaIsValid=1_XLX_SEP_ PragmaType=array_partition_XLX_SEP_ PragmaContext=_XLX_SEP_ PragmaFunction=LineBuffer<ROWS, COLS, T, MEM_TYPE, RESHAPE_FACTOR>_XLX_SEP_ PragmaOptions=variable=val type=cyclic factor=8 dim=1_XLX_SEP_ [-Wdump-hls-pragmas]
#pragma HLS array_partition variable=val type=cyclic factor=8 dim=1
        ^
./xf_video_mem.hpp:795:47: warning: 'factor' in '#pragma HLS array_reshape' is ignored [-Wextra-tokens]
#pragma HLS ARRAY_RESHAPE variable=val factor=RESHAPE_FACTOR dim=1
                                              ^
./xf_video_mem.hpp:795:9: warning: HLS pragma dump _XLX_SEP_ PragmaIsValid=1_XLX_SEP_ PragmaType=array_reshape_XLX_SEP_ PragmaContext=_XLX_SEP_ PragmaFunction=LineBuffer<ROWS, COLS, T, MEM_TYPE, RESHAPE_FACTOR>_XLX_SEP_ PragmaOptions=variable=val factor=RESHAPE_FACTOR dim=1_XLX_SEP_ [-Wdump-hls-pragmas]
#pragma HLS ARRAY_RESHAPE variable=val factor=RESHAPE_FACTOR dim=1
        ^
./xf_video_mem.hpp:849:9: warning: HLS pragma dump _XLX_SEP_ PragmaIsValid=1_XLX_SEP_ PragmaType=inline_XLX_SEP_ PragmaContext=_XLX_SEP_ PragmaFunction=shift_pixels_down_XLX_SEP_ PragmaOptions=_XLX_SEP_ [-Wdump-hls-pragmas]
#pragma HLS inline
        ^
./xf_video_mem.hpp:861:9: warning: HLS pragma dump _XLX_SEP_ PragmaIsValid=1_XLX_SEP_ PragmaType=loop_tripcount_XLX_SEP_ PragmaContext=_XLX_SEP_ PragmaFunction=shift_pixels_down_XLX_SEP_ PragmaOptions=min=1 max=1024_XLX_SEP_ [-Wdump-hls-pragmas]
#pragma HLS loop_tripcount min=1 max=1024
        ^
./xf_video_mem.hpp:863:9: warning: HLS pragma dump _XLX_SEP_ PragmaIsValid=1_XLX_SEP_ PragmaType=unroll_XLX_SEP_ PragmaContext=_XLX_SEP_ PragmaFunction=shift_pixels_down_XLX_SEP_ PragmaOptions=factor=1_XLX_SEP_ [-Wdump-hls-pragmas]
#pragma HLS unroll factor=1
        ^
./xf_video_mem.hpp:895:9: warning: HLS pragma dump _XLX_SEP_ PragmaIsValid=1_XLX_SEP_ PragmaType=inline_XLX_SEP_ PragmaContext=_XLX_SEP_ PragmaFunction=shift_pixels_up_XLX_SEP_ PragmaOptions=_XLX_SEP_ [-Wdump-hls-pragmas]
#pragma HLS inline
        ^
./xf_video_mem.hpp:907:9: warning: HLS pragma dump _XLX_SEP_ PragmaIsValid=1_XLX_SEP_ PragmaType=loop_tripcount_XLX_SEP_ PragmaContext=_XLX_SEP_ PragmaFunction=shift_pixels_up_XLX_SEP_ PragmaOptions=min=1 max=1024_XLX_SEP_ [-Wdump-hls-pragmas]
#pragma HLS loop_tripcount min=1 max=1024
        ^
./xf_video_mem.hpp:909:9: warning: HLS pragma dump _XLX_SEP_ PragmaIsValid=1_XLX_SEP_ PragmaType=unroll_XLX_SEP_ PragmaContext=_XLX_SEP_ PragmaFunction=shift_pixels_up_XLX_SEP_ PragmaOptions=factor=1_XLX_SEP_ [-Wdump-hls-pragmas]
#pragma HLS unroll factor=1
        ^
./xf_video_mem.hpp:940:9: warning: HLS pragma dump _XLX_SEP_ PragmaIsValid=1_XLX_SEP_ PragmaType=inline_XLX_SEP_ PragmaContext=_XLX_SEP_ PragmaFunction=insert_bottom_row_XLX_SEP_ PragmaOptions=_XLX_SEP_ [-Wdump-hls-pragmas]
#pragma HLS inline
        ^
./xf_video_mem.hpp:975:9: warning: HLS pragma dump _XLX_SEP_ PragmaIsValid=1_XLX_SEP_ PragmaType=inline_XLX_SEP_ PragmaContext=_XLX_SEP_ PragmaFunction=insert_top_row_XLX_SEP_ PragmaOptions=_XLX_SEP_ [-Wdump-hls-pragmas]
#pragma HLS inline
        ^
./xf_video_mem.hpp:1010:9: warning: HLS pragma dump _XLX_SEP_ PragmaIsValid=1_XLX_SEP_ PragmaType=inline_XLX_SEP_ PragmaContext=_XLX_SEP_ PragmaFunction=get_col_XLX_SEP_ PragmaOptions=_XLX_SEP_ [-Wdump-hls-pragmas]
#pragma HLS inline
        ^
./xf_video_mem.hpp:1015:9: warning: HLS pragma dump _XLX_SEP_ PragmaIsValid=1_XLX_SEP_ PragmaType=loop_tripcount_XLX_SEP_ PragmaContext=_XLX_SEP_ PragmaFunction=get_col_XLX_SEP_ PragmaOptions=min=1 max=1024_XLX_SEP_ [-Wdump-hls-pragmas]
#pragma HLS loop_tripcount min=1 max=1024
        ^
./xf_video_mem.hpp:1017:9: warning: HLS pragma dump _XLX_SEP_ PragmaIsValid=1_XLX_SEP_ PragmaType=unroll_XLX_SEP_ PragmaContext=_XLX_SEP_ PragmaFunction=get_col_XLX_SEP_ PragmaOptions=factor=1_XLX_SEP_ [-Wdump-hls-pragmas]
#pragma HLS unroll factor=1
        ^
./xf_video_mem.hpp:1028:9: warning: HLS pragma dump _XLX_SEP_ PragmaIsValid=1_XLX_SEP_ PragmaType=inline_XLX_SEP_ PragmaContext=_XLX_SEP_ PragmaFunction=getval_XLX_SEP_ PragmaOptions=_XLX_SEP_ [-Wdump-hls-pragmas]
#pragma HLS inline
        ^
./xf_video_mem.hpp:1039:9: warning: HLS pragma dump _XLX_SEP_ PragmaIsValid=1_XLX_SEP_ PragmaType=inline_XLX_SEP_ PragmaContext=_XLX_SEP_ PragmaFunction=operator()_XLX_SEP_ PragmaOptions=_XLX_SEP_ [-Wdump-hls-pragmas]
#pragma HLS inline
        ^
./xf_video_mem.hpp:1051:9: warning: HLS pragma dump _XLX_SEP_ PragmaIsValid=1_XLX_SEP_ PragmaType=inline_XLX_SEP_ PragmaContext=_XLX_SEP_ PragmaFunction=shift_down_XLX_SEP_ PragmaOptions=_XLX_SEP_ [-Wdump-hls-pragmas]
#pragma HLS inline
        ^
./xf_video_mem.hpp:1063:9: warning: HLS pragma dump _XLX_SEP_ PragmaIsValid=1_XLX_SEP_ PragmaType=inline_XLX_SEP_ PragmaContext=_XLX_SEP_ PragmaFunction=shift_up_XLX_SEP_ PragmaOptions=_XLX_SEP_ [-Wdump-hls-pragmas]
#pragma HLS inline
        ^
./xf_video_mem.hpp:1075:9: warning: HLS pragma dump _XLX_SEP_ PragmaIsValid=1_XLX_SEP_ PragmaType=inline_XLX_SEP_ PragmaContext=_XLX_SEP_ PragmaFunction=insert_bottom_XLX_SEP_ PragmaOptions=_XLX_SEP_ [-Wdump-hls-pragmas]
#pragma HLS inline
        ^
./xf_video_mem.hpp:1087:9: warning: HLS pragma dump _XLX_SEP_ PragmaIsValid=1_XLX_SEP_ PragmaType=inline_XLX_SEP_ PragmaContext=_XLX_SEP_ PragmaFunction=insert_top_XLX_SEP_ PragmaOptions=_XLX_SEP_ [-Wdump-hls-pragmas]
#pragma HLS inline
        ^
In file included from Accel.cpp:4:
In file included from ./Accel.h:5:
./xf_utility.hpp:35:9: warning: HLS pragma dump _XLX_SEP_ PragmaIsValid=1_XLX_SEP_ PragmaType=inline_XLX_SEP_ PragmaContext=_XLX_SEP_ PragmaFunction=Ptr2xfMat_XLX_SEP_ PragmaOptions=OFF_XLX_SEP_ [-Wdump-hls-pragmas]
#pragma HLS INLINE OFF
        ^
./xf_utility.hpp:40:9: warning: HLS pragma dump _XLX_SEP_ PragmaIsValid=1_XLX_SEP_ PragmaType=loop_tripcount_XLX_SEP_ PragmaContext=_XLX_SEP_ PragmaFunction=Ptr2xfMat_XLX_SEP_ PragmaOptions=min=1 max=1024_XLX_SEP_ [-Wdump-hls-pragmas]
#pragma HLS loop_tripcount min=1 max=1024
        ^
./xf_utility.hpp:41:9: warning: HLS pragma dump _XLX_SEP_ PragmaIsValid=1_XLX_SEP_ PragmaType=pipeline_XLX_SEP_ PragmaContext=_XLX_SEP_ PragmaFunction=Ptr2xfMat_XLX_SEP_ PragmaOptions=_XLX_SEP_ [-Wdump-hls-pragmas]
#pragma HLS pipeline
        ^
./xf_utility.hpp:42:9: warning: HLS pragma dump _XLX_SEP_ PragmaIsValid=1_XLX_SEP_ PragmaType=loop_tripcount_XLX_SEP_ PragmaContext=_XLX_SEP_ PragmaFunction=Ptr2xfMat_XLX_SEP_ PragmaOptions=min = c_TRIP_COUNT max = c_TRIP_COUNT_XLX_SEP_ [-Wdump-hls-pragmas]
#pragma HLS LOOP_TRIPCOUNT min = c_TRIP_COUNT max = c_TRIP_COUNT
        ^
./xf_utility.hpp:54:9: warning: HLS pragma dump _XLX_SEP_ PragmaIsValid=1_XLX_SEP_ PragmaType=inline_XLX_SEP_ PragmaContext=_XLX_SEP_ PragmaFunction=xfMat2Ptr_XLX_SEP_ PragmaOptions=OFF_XLX_SEP_ [-Wdump-hls-pragmas]
#pragma HLS INLINE OFF
        ^
./xf_utility.hpp:60:9: warning: HLS pragma dump _XLX_SEP_ PragmaIsValid=1_XLX_SEP_ PragmaType=loop_tripcount_XLX_SEP_ PragmaContext=_XLX_SEP_ PragmaFunction=xfMat2Ptr_XLX_SEP_ PragmaOptions=min=1 max=1024_XLX_SEP_ [-Wdump-hls-pragmas]
#pragma HLS loop_tripcount min=1 max=1024
        ^
./xf_utility.hpp:61:9: warning: HLS pragma dump _XLX_SEP_ PragmaIsValid=1_XLX_SEP_ PragmaType=pipeline_XLX_SEP_ PragmaContext=_XLX_SEP_ PragmaFunction=xfMat2Ptr_XLX_SEP_ PragmaOptions=_XLX_SEP_ [-Wdump-hls-pragmas]
#pragma HLS pipeline
        ^
./xf_utility.hpp:62:9: warning: HLS pragma dump _XLX_SEP_ PragmaIsValid=1_XLX_SEP_ PragmaType=loop_tripcount_XLX_SEP_ PragmaContext=_XLX_SEP_ PragmaFunction=xfMat2Ptr_XLX_SEP_ PragmaOptions=min = c_TRIP_COUNT max = c_TRIP_COUNT_XLX_SEP_ [-Wdump-hls-pragmas]
#pragma HLS LOOP_TRIPCOUNT min = c_TRIP_COUNT max = c_TRIP_COUNT
        ^
./xf_utility.hpp:83:9: warning: HLS pragma dump _XLX_SEP_ PragmaIsValid=1_XLX_SEP_ PragmaType=inline_XLX_SEP_ PragmaContext=_XLX_SEP_ PragmaFunction=xFDuplicateMat_PTRMAT_XLX_SEP_ PragmaOptions=OFF_XLX_SEP_ [-Wdump-hls-pragmas]
#pragma HLS INLINE OFF
        ^
./xf_utility.hpp:89:9: warning: HLS pragma dump _XLX_SEP_ PragmaIsValid=1_XLX_SEP_ PragmaType=loop_tripcount_XLX_SEP_ PragmaContext=_XLX_SEP_ PragmaFunction=xFDuplicateMat_PTRMAT_XLX_SEP_ PragmaOptions=min=1 max=1024_XLX_SEP_ [-Wdump-hls-pragmas]
#pragma HLS loop_tripcount min=1 max=1024
        ^
./xf_utility.hpp:90:9: warning: HLS pragma dump _XLX_SEP_ PragmaIsValid=1_XLX_SEP_ PragmaType=pipeline_XLX_SEP_ PragmaContext=_XLX_SEP_ PragmaFunction=xFDuplicateMat_PTRMAT_XLX_SEP_ PragmaOptions=_XLX_SEP_ [-Wdump-hls-pragmas]
#pragma HLS pipeline
        ^
./xf_utility.hpp:91:9: warning: HLS pragma dump _XLX_SEP_ PragmaIsValid=1_XLX_SEP_ PragmaType=loop_tripcount_XLX_SEP_ PragmaContext=_XLX_SEP_ PragmaFunction=xFDuplicateMat_PTRMAT_XLX_SEP_ PragmaOptions=min = c_TRIP_COUNT max = c_TRIP_COUNT_XLX_SEP_ [-Wdump-hls-pragmas]
#pragma HLS LOOP_TRIPCOUNT min = c_TRIP_COUNT max = c_TRIP_COUNT
        ^
./xf_utility.hpp:117:9: warning: HLS pragma dump _XLX_SEP_ PragmaIsValid=1_XLX_SEP_ PragmaType=inline_XLX_SEP_ PragmaContext=_XLX_SEP_ PragmaFunction=xFDuplicateMat_PTRMAT2_XLX_SEP_ PragmaOptions=OFF_XLX_SEP_ [-Wdump-hls-pragmas]
#pragma HLS INLINE OFF
        ^
./xf_utility.hpp:123:9: warning: HLS pragma dump _XLX_SEP_ PragmaIsValid=1_XLX_SEP_ PragmaType=loop_tripcount_XLX_SEP_ PragmaContext=_XLX_SEP_ PragmaFunction=xFDuplicateMat_PTRMAT2_XLX_SEP_ PragmaOptions=min=1 max=1024_XLX_SEP_ [-Wdump-hls-pragmas]
#pragma HLS loop_tripcount min=1 max=1024
        ^
./xf_utility.hpp:124:9: warning: HLS pragma dump _XLX_SEP_ PragmaIsValid=1_XLX_SEP_ PragmaType=pipeline_XLX_SEP_ PragmaContext=_XLX_SEP_ PragmaFunction=xFDuplicateMat_PTRMAT2_XLX_SEP_ PragmaOptions=_XLX_SEP_ [-Wdump-hls-pragmas]
#pragma HLS pipeline
        ^
./xf_utility.hpp:125:9: warning: HLS pragma dump _XLX_SEP_ PragmaIsValid=1_XLX_SEP_ PragmaType=loop_tripcount_XLX_SEP_ PragmaContext=_XLX_SEP_ PragmaFunction=xFDuplicateMat_PTRMAT2_XLX_SEP_ PragmaOptions=min = c_TRIP_COUNT max = c_TRIP_COUNT_XLX_SEP_ [-Wdump-hls-pragmas]
#pragma HLS LOOP_TRIPCOUNT min = c_TRIP_COUNT max = c_TRIP_COUNT
        ^
./xf_utility.hpp:152:9: warning: HLS pragma dump _XLX_SEP_ PragmaIsValid=1_XLX_SEP_ PragmaType=inline_XLX_SEP_ PragmaContext=_XLX_SEP_ PragmaFunction=xFDuplicateMat_PTR_MAT_AXI_XLX_SEP_ PragmaOptions=OFF_XLX_SEP_ [-Wdump-hls-pragmas]
#pragma HLS INLINE OFF
        ^
./xf_utility.hpp:158:9: warning: HLS pragma dump _XLX_SEP_ PragmaIsValid=1_XLX_SEP_ PragmaType=loop_tripcount_XLX_SEP_ PragmaContext=_XLX_SEP_ PragmaFunction=xFDuplicateMat_PTR_MAT_AXI_XLX_SEP_ PragmaOptions=min=1 max=1024_XLX_SEP_ [-Wdump-hls-pragmas]
#pragma HLS loop_tripcount min=1 max=1024
        ^
./xf_utility.hpp:159:9: warning: HLS pragma dump _XLX_SEP_ PragmaIsValid=1_XLX_SEP_ PragmaType=pipeline_XLX_SEP_ PragmaContext=_XLX_SEP_ PragmaFunction=xFDuplicateMat_PTR_MAT_AXI_XLX_SEP_ PragmaOptions=_XLX_SEP_ [-Wdump-hls-pragmas]
#pragma HLS pipeline
        ^
./xf_utility.hpp:160:9: warning: HLS pragma dump _XLX_SEP_ PragmaIsValid=1_XLX_SEP_ PragmaType=loop_tripcount_XLX_SEP_ PragmaContext=_XLX_SEP_ PragmaFunction=xFDuplicateMat_PTR_MAT_AXI_XLX_SEP_ PragmaOptions=min = c_TRIP_COUNT max = c_TRIP_COUNT_XLX_SEP_ [-Wdump-hls-pragmas]
#pragma HLS LOOP_TRIPCOUNT min = c_TRIP_COUNT max = c_TRIP_COUNT
        ^
./xf_utility.hpp:181:9: warning: HLS pragma dump _XLX_SEP_ PragmaIsValid=1_XLX_SEP_ PragmaType=inline_XLX_SEP_ PragmaContext=_XLX_SEP_ PragmaFunction=xFMat2AXI_Strm_XLX_SEP_ PragmaOptions=OFF_XLX_SEP_ [-Wdump-hls-pragmas]
#pragma HLS INLINE OFF
        ^
./xf_utility.hpp:187:9: warning: HLS pragma dump _XLX_SEP_ PragmaIsValid=1_XLX_SEP_ PragmaType=loop_tripcount_XLX_SEP_ PragmaContext=_XLX_SEP_ PragmaFunction=xFMat2AXI_Strm_XLX_SEP_ PragmaOptions=min=1 max=1024_XLX_SEP_ [-Wdump-hls-pragmas]
#pragma HLS loop_tripcount min=1 max=1024
        ^
./xf_utility.hpp:188:9: warning: HLS pragma dump _XLX_SEP_ PragmaIsValid=1_XLX_SEP_ PragmaType=pipeline_XLX_SEP_ PragmaContext=_XLX_SEP_ PragmaFunction=xFMat2AXI_Strm_XLX_SEP_ PragmaOptions=_XLX_SEP_ [-Wdump-hls-pragmas]
#pragma HLS pipeline
        ^
./xf_utility.hpp:189:9: warning: HLS pragma dump _XLX_SEP_ PragmaIsValid=1_XLX_SEP_ PragmaType=loop_tripcount_XLX_SEP_ PragmaContext=_XLX_SEP_ PragmaFunction=xFMat2AXI_Strm_XLX_SEP_ PragmaOptions=min = c_TRIP_COUNT max = c_TRIP_COUNT_XLX_SEP_ [-Wdump-hls-pragmas]
#pragma HLS LOOP_TRIPCOUNT min = c_TRIP_COUNT max = c_TRIP_COUNT
        ^
./xf_utility.hpp:206:9: warning: HLS pragma dump _XLX_SEP_ PragmaIsValid=1_XLX_SEP_ PragmaType=inline_XLX_SEP_ PragmaContext=_XLX_SEP_ PragmaFunction=AXI_Strm2xFMat_XLX_SEP_ PragmaOptions=OFF_XLX_SEP_ [-Wdump-hls-pragmas]
#pragma HLS INLINE OFF
        ^
./xf_utility.hpp:212:9: warning: HLS pragma dump _XLX_SEP_ PragmaIsValid=1_XLX_SEP_ PragmaType=loop_tripcount_XLX_SEP_ PragmaContext=_XLX_SEP_ PragmaFunction=AXI_Strm2xFMat_XLX_SEP_ PragmaOptions=min=1 max=1024_XLX_SEP_ [-Wdump-hls-pragmas]
#pragma HLS loop_tripcount min=1 max=1024
        ^
./xf_utility.hpp:213:9: warning: HLS pragma dump _XLX_SEP_ PragmaIsValid=1_XLX_SEP_ PragmaType=pipeline_XLX_SEP_ PragmaContext=_XLX_SEP_ PragmaFunction=AXI_Strm2xFMat_XLX_SEP_ PragmaOptions=_XLX_SEP_ [-Wdump-hls-pragmas]
#pragma HLS pipeline
        ^
./xf_utility.hpp:214:9: warning: HLS pragma dump _XLX_SEP_ PragmaIsValid=1_XLX_SEP_ PragmaType=loop_tripcount_XLX_SEP_ PragmaContext=_XLX_SEP_ PragmaFunction=AXI_Strm2xFMat_XLX_SEP_ PragmaOptions=min = c_TRIP_COUNT max = c_TRIP_COUNT_XLX_SEP_ [-Wdump-hls-pragmas]
#pragma HLS LOOP_TRIPCOUNT min = c_TRIP_COUNT max = c_TRIP_COUNT
        ^
./xf_utility.hpp:230:9: warning: HLS pragma dump _XLX_SEP_ PragmaIsValid=1_XLX_SEP_ PragmaType=inline_XLX_SEP_ PragmaContext=_XLX_SEP_ PragmaFunction=xFDuplicateMat_PTR_AXI_XLX_SEP_ PragmaOptions=OFF_XLX_SEP_ [-Wdump-hls-pragmas]
#pragma HLS INLINE OFF
        ^
./xf_utility.hpp:236:9: warning: HLS pragma dump _XLX_SEP_ PragmaIsValid=1_XLX_SEP_ PragmaType=loop_tripcount_XLX_SEP_ PragmaContext=_XLX_SEP_ PragmaFunction=xFDuplicateMat_PTR_AXI_XLX_SEP_ PragmaOptions=min=1 max=1024_XLX_SEP_ [-Wdump-hls-pragmas]
#pragma HLS loop_tripcount min=1 max=1024
        ^
./xf_utility.hpp:237:9: warning: HLS pragma dump _XLX_SEP_ PragmaIsValid=1_XLX_SEP_ PragmaType=pipeline_XLX_SEP_ PragmaContext=_XLX_SEP_ PragmaFunction=xFDuplicateMat_PTR_AXI_XLX_SEP_ PragmaOptions=_XLX_SEP_ [-Wdump-hls-pragmas]
#pragma HLS pipeline
        ^
./xf_utility.hpp:238:9: warning: HLS pragma dump _XLX_SEP_ PragmaIsValid=1_XLX_SEP_ PragmaType=loop_tripcount_XLX_SEP_ PragmaContext=_XLX_SEP_ PragmaFunction=xFDuplicateMat_PTR_AXI_XLX_SEP_ PragmaOptions=min = c_TRIP_COUNT max = c_TRIP_COUNT_XLX_SEP_ [-Wdump-hls-pragmas]
#pragma HLS LOOP_TRIPCOUNT min = c_TRIP_COUNT max = c_TRIP_COUNT
        ^
./xf_utility.hpp:260:9: warning: HLS pragma dump _XLX_SEP_ PragmaIsValid=1_XLX_SEP_ PragmaType=inline_XLX_SEP_ PragmaContext=_XLX_SEP_ PragmaFunction=xFSetBorder_XLX_SEP_ PragmaOptions=OFF_XLX_SEP_ [-Wdump-hls-pragmas]
#pragma HLS INLINE OFF
        ^
./xf_utility.hpp:272:9: warning: HLS pragma dump _XLX_SEP_ PragmaIsValid=1_XLX_SEP_ PragmaType=loop_tripcount_XLX_SEP_ PragmaContext=_XLX_SEP_ PragmaFunction=xFSetBorder_XLX_SEP_ PragmaOptions=min=1 max=1024_XLX_SEP_ [-Wdump-hls-pragmas]
#pragma HLS loop_tripcount min=1 max=1024
        ^
./xf_utility.hpp:273:9: warning: HLS pragma dump _XLX_SEP_ PragmaIsValid=1_XLX_SEP_ PragmaType=unroll_XLX_SEP_ PragmaContext=_XLX_SEP_ PragmaFunction=xFSetBorder_XLX_SEP_ PragmaOptions=factor=1_XLX_SEP_ [-Wdump-hls-pragmas]
#pragma HLS unroll factor=1
        ^
./xf_utility.hpp:275:9: warning: HLS pragma dump _XLX_SEP_ PragmaIsValid=1_XLX_SEP_ PragmaType=loop_tripcount_XLX_SEP_ PragmaContext=_XLX_SEP_ PragmaFunction=xFSetBorder_XLX_SEP_ PragmaOptions=min=1 max=1024_XLX_SEP_ [-Wdump-hls-pragmas]
#pragma HLS loop_tripcount min=1 max=1024
        ^
./xf_utility.hpp:276:9: warning: HLS pragma dump _XLX_SEP_ PragmaIsValid=1_XLX_SEP_ PragmaType=unroll_XLX_SEP_ PragmaContext=_XLX_SEP_ PragmaFunction=xFSetBorder_XLX_SEP_ PragmaOptions=factor=1_XLX_SEP_ [-Wdump-hls-pragmas]
#pragma HLS unroll factor=1
        ^
./xf_utility.hpp:331:9: warning: HLS pragma dump _XLX_SEP_ PragmaIsValid=1_XLX_SEP_ PragmaType=inline_XLX_SEP_ PragmaContext=_XLX_SEP_ PragmaFunction=xfPackPixels_XLX_SEP_ PragmaOptions=_XLX_SEP_ [-Wdump-hls-pragmas]
#pragma HLS INLINE
        ^
./xf_utility.hpp:336:9: warning: HLS pragma dump _XLX_SEP_ PragmaIsValid=1_XLX_SEP_ PragmaType=loop_tripcount_XLX_SEP_ PragmaContext=_XLX_SEP_ PragmaFunction=xfPackPixels_XLX_SEP_ PragmaOptions=min=1 max=1024_XLX_SEP_ [-Wdump-hls-pragmas]
#pragma HLS loop_tripcount min=1 max=1024
        ^
./xf_utility.hpp:338:9: warning: HLS pragma dump _XLX_SEP_ PragmaIsValid=1_XLX_SEP_ PragmaType=unroll_XLX_SEP_ PragmaContext=_XLX_SEP_ PragmaFunction=xfPackPixels_XLX_SEP_ PragmaOptions=factor=1_XLX_SEP_ [-Wdump-hls-pragmas]
#pragma HLS unroll factor=1
        ^
./xf_utility.hpp:350:9: warning: HLS pragma dump _XLX_SEP_ PragmaIsValid=1_XLX_SEP_ PragmaType=inline_XLX_SEP_ PragmaContext=_XLX_SEP_ PragmaFunction=xfExtractPixels_XLX_SEP_ PragmaOptions=off_XLX_SEP_ [-Wdump-hls-pragmas]
#pragma HLS inline off
        ^
./xf_utility.hpp:358:9: warning: HLS pragma dump _XLX_SEP_ PragmaIsValid=1_XLX_SEP_ PragmaType=loop_tripcount_XLX_SEP_ PragmaContext=_XLX_SEP_ PragmaFunction=xfExtractPixels_XLX_SEP_ PragmaOptions=min=1 max=1024_XLX_SEP_ [-Wdump-hls-pragmas]
#pragma HLS loop_tripcount min=1 max=1024
        ^
./xf_utility.hpp:360:9: warning: HLS pragma dump _XLX_SEP_ PragmaIsValid=1_XLX_SEP_ PragmaType=unroll_XLX_SEP_ PragmaContext=_XLX_SEP_ PragmaFunction=xfExtractPixels_XLX_SEP_ PragmaOptions=factor=1_XLX_SEP_ [-Wdump-hls-pragmas]
#pragma HLS unroll factor=1
        ^
./xf_utility.hpp:383:9: warning: HLS pragma dump _XLX_SEP_ PragmaIsValid=1_XLX_SEP_ PragmaType=inline_XLX_SEP_ PragmaContext=_XLX_SEP_ PragmaFunction=xfExtractData_XLX_SEP_ PragmaOptions=_XLX_SEP_ [-Wdump-hls-pragmas]
#pragma HLS INLINE
        ^
./xf_utility.hpp:403:9: warning: HLS pragma dump _XLX_SEP_ PragmaIsValid=1_XLX_SEP_ PragmaType=inline_XLX_SEP_ PragmaContext=_XLX_SEP_ PragmaFunction=xfCopyData_XLX_SEP_ PragmaOptions=_XLX_SEP_ [-Wdump-hls-pragmas]
#pragma HLS INLINE
        ^
./xf_utility.hpp:410:9: warning: HLS pragma dump _XLX_SEP_ PragmaIsValid=1_XLX_SEP_ PragmaType=loop_tripcount_XLX_SEP_ PragmaContext=_XLX_SEP_ PragmaFunction=xfCopyData_XLX_SEP_ PragmaOptions=min=1 max=1024_XLX_SEP_ [-Wdump-hls-pragmas]
#pragma HLS loop_tripcount min=1 max=1024
        ^
./xf_utility.hpp:412:9: warning: HLS pragma dump _XLX_SEP_ PragmaIsValid=1_XLX_SEP_ PragmaType=loop_tripcount_XLX_SEP_ PragmaContext=_XLX_SEP_ PragmaFunction=xfCopyData_XLX_SEP_ PragmaOptions=min=6 max=6_XLX_SEP_ [-Wdump-hls-pragmas]
#pragma HLS LOOP_TRIPCOUNT min=6 max=6
        ^
./xf_utility.hpp:413:9: warning: HLS pragma dump _XLX_SEP_ PragmaIsValid=1_XLX_SEP_ PragmaType=unroll_XLX_SEP_ PragmaContext=_XLX_SEP_ PragmaFunction=xfCopyData_XLX_SEP_ PragmaOptions=factor=1_XLX_SEP_ [-Wdump-hls-pragmas]
#pragma HLS unroll factor=1
        ^
./xf_utility.hpp:482:9: warning: HLS pragma dump _XLX_SEP_ PragmaIsValid=1_XLX_SEP_ PragmaType=loop_tripcount_XLX_SEP_ PragmaContext=_XLX_SEP_ PragmaFunction=xFDuplicateStream_XLX_SEP_ PragmaOptions=min=1 max=1024_XLX_SEP_ [-Wdump-hls-pragmas]
#pragma HLS loop_tripcount min=1 max=1024
        ^
./xf_utility.hpp:484:9: warning: HLS pragma dump _XLX_SEP_ PragmaIsValid=1_XLX_SEP_ PragmaType=loop_tripcount_XLX_SEP_ PragmaContext=_XLX_SEP_ PragmaFunction=xFDuplicateStream_XLX_SEP_ PragmaOptions=min=IN_BH max=IN_BH_XLX_SEP_ [-Wdump-hls-pragmas]
#pragma HLS LOOP_TRIPCOUNT min=IN_BH max=IN_BH
        ^
./xf_utility.hpp:485:9: warning: HLS pragma dump _XLX_SEP_ PragmaIsValid=1_XLX_SEP_ PragmaType=loop_flatten_XLX_SEP_ PragmaContext=_XLX_SEP_ PragmaFunction=xFDuplicateStream_XLX_SEP_ PragmaOptions=off_XLX_SEP_ [-Wdump-hls-pragmas]
#pragma HLS LOOP_FLATTEN off
        ^
./xf_utility.hpp:488:9: warning: HLS pragma dump _XLX_SEP_ PragmaIsValid=1_XLX_SEP_ PragmaType=loop_tripcount_XLX_SEP_ PragmaContext=_XLX_SEP_ PragmaFunction=xFDuplicateStream_XLX_SEP_ PragmaOptions=min=1 max=1024_XLX_SEP_ [-Wdump-hls-pragmas]
#pragma HLS loop_tripcount min=1 max=1024
        ^
./xf_utility.hpp:490:9: warning: HLS pragma dump _XLX_SEP_ PragmaIsValid=1_XLX_SEP_ PragmaType=pipeline_XLX_SEP_ PragmaContext=_XLX_SEP_ PragmaFunction=xFDuplicateStream_XLX_SEP_ PragmaOptions=_XLX_SEP_ [-Wdump-hls-pragmas]
#pragma HLS pipeline
        ^
./xf_utility.hpp:491:9: warning: HLS pragma dump _XLX_SEP_ PragmaIsValid=1_XLX_SEP_ PragmaType=loop_tripcount_XLX_SEP_ PragmaContext=_XLX_SEP_ PragmaFunction=xFDuplicateStream_XLX_SEP_ PragmaOptions=min=IN_BW max=IN_BW_XLX_SEP_ [-Wdump-hls-pragmas]
#pragma HLS LOOP_TRIPCOUNT min=IN_BW max=IN_BW
        ^
./xf_utility.hpp:515:9: warning: HLS pragma dump _XLX_SEP_ PragmaIsValid=1_XLX_SEP_ PragmaType=loop_tripcount_XLX_SEP_ PragmaContext=_XLX_SEP_ PragmaFunction=Array2hlsStrm_XLX_SEP_ PragmaOptions=min=1 max=1024_XLX_SEP_ [-Wdump-hls-pragmas]
#pragma HLS loop_tripcount min=1 max=1024
        ^
./xf_utility.hpp:517:9: warning: HLS pragma dump _XLX_SEP_ PragmaIsValid=1_XLX_SEP_ PragmaType=loop_tripcount_XLX_SEP_ PragmaContext=_XLX_SEP_ PragmaFunction=Array2hlsStrm_XLX_SEP_ PragmaOptions=min=1 max=TRIPCOUNT_XLX_SEP_ [-Wdump-hls-pragmas]
#pragma HLS LOOP_TRIPCOUNT min=1 max=TRIPCOUNT
        ^
./xf_utility.hpp:518:9: warning: HLS pragma dump _XLX_SEP_ PragmaIsValid=1_XLX_SEP_ PragmaType=pipeline_XLX_SEP_ PragmaContext=_XLX_SEP_ PragmaFunction=Array2hlsStrm_XLX_SEP_ PragmaOptions=_XLX_SEP_ [-Wdump-hls-pragmas]
#pragma HLS pipeline
        ^
./xf_utility.hpp:558:9: warning: HLS pragma dump _XLX_SEP_ PragmaIsValid=1_XLX_SEP_ PragmaType=loop_tripcount_XLX_SEP_ PragmaContext=_XLX_SEP_ PragmaFunction=hlsStrm2xfMat_XLX_SEP_ PragmaOptions=min=1 max=1024_XLX_SEP_ [-Wdump-hls-pragmas]
#pragma HLS loop_tripcount min=1 max=1024
        ^
./xf_utility.hpp:560:9: warning: HLS pragma dump _XLX_SEP_ PragmaIsValid=1_XLX_SEP_ PragmaType=loop_tripcount_XLX_SEP_ PragmaContext=_XLX_SEP_ PragmaFunction=hlsStrm2xfMat_XLX_SEP_ PragmaOptions=min=1 max=TRIPCOUNT_XLX_SEP_ [-Wdump-hls-pragmas]
#pragma HLS LOOP_TRIPCOUNT min=1 max=TRIPCOUNT
        ^
./xf_utility.hpp:561:9: warning: HLS pragma dump _XLX_SEP_ PragmaIsValid=1_XLX_SEP_ PragmaType=pipeline_XLX_SEP_ PragmaContext=_XLX_SEP_ PragmaFunction=hlsStrm2xfMat_XLX_SEP_ PragmaOptions=_XLX_SEP_ [-Wdump-hls-pragmas]
#pragma HLS pipeline
        ^
./xf_utility.hpp:641:9: warning: HLS pragma dump _XLX_SEP_ PragmaIsValid=1_XLX_SEP_ PragmaType=loop_tripcount_XLX_SEP_ PragmaContext=_XLX_SEP_ PragmaFunction=axiStrm2hlsStrm_XLX_SEP_ PragmaOptions=min=1 max=1024_XLX_SEP_ [-Wdump-hls-pragmas]
#pragma HLS loop_tripcount min=1 max=1024
        ^
./xf_utility.hpp:643:9: warning: HLS pragma dump _XLX_SEP_ PragmaIsValid=1_XLX_SEP_ PragmaType=loop_tripcount_XLX_SEP_ PragmaContext=_XLX_SEP_ PragmaFunction=axiStrm2hlsStrm_XLX_SEP_ PragmaOptions=min=1 max=TRIPCOUNT_XLX_SEP_ [-Wdump-hls-pragmas]
#pragma HLS LOOP_TRIPCOUNT min=1 max=TRIPCOUNT
        ^
./xf_utility.hpp:644:9: warning: HLS pragma dump _XLX_SEP_ PragmaIsValid=1_XLX_SEP_ PragmaType=pipeline_XLX_SEP_ PragmaContext=_XLX_SEP_ PragmaFunction=axiStrm2hlsStrm_XLX_SEP_ PragmaOptions=_XLX_SEP_ [-Wdump-hls-pragmas]
#pragma HLS pipeline
        ^
./xf_utility.hpp:655:9: warning: HLS pragma dump _XLX_SEP_ PragmaIsValid=1_XLX_SEP_ PragmaType=dataflow_XLX_SEP_ PragmaContext=_XLX_SEP_ PragmaFunction=axiStrm2xfMat_XLX_SEP_ PragmaOptions=_XLX_SEP_ [-Wdump-hls-pragmas]
#pragma HLS DATAFLOW
        ^
./xf_utility.hpp:710:9: warning: HLS pragma dump _XLX_SEP_ PragmaIsValid=1_XLX_SEP_ PragmaType=loop_tripcount_XLX_SEP_ PragmaContext=_XLX_SEP_ PragmaFunction=xfMat2hlsStrm_XLX_SEP_ PragmaOptions=min=1 max=1024_XLX_SEP_ [-Wdump-hls-pragmas]
#pragma HLS loop_tripcount min=1 max=1024
        ^
./xf_utility.hpp:712:9: warning: HLS pragma dump _XLX_SEP_ PragmaIsValid=1_XLX_SEP_ PragmaType=loop_tripcount_XLX_SEP_ PragmaContext=_XLX_SEP_ PragmaFunction=xfMat2hlsStrm_XLX_SEP_ PragmaOptions=min=1 max=TRIPCOUNT_XLX_SEP_ [-Wdump-hls-pragmas]
#pragma HLS LOOP_TRIPCOUNT min=1 max=TRIPCOUNT
        ^
./xf_utility.hpp:713:9: warning: HLS pragma dump _XLX_SEP_ PragmaIsValid=1_XLX_SEP_ PragmaType=pipeline_XLX_SEP_ PragmaContext=_XLX_SEP_ PragmaFunction=xfMat2hlsStrm_XLX_SEP_ PragmaOptions=_XLX_SEP_ [-Wdump-hls-pragmas]
#pragma HLS pipeline
        ^
./xf_utility.hpp:757:9: warning: HLS pragma dump _XLX_SEP_ PragmaIsValid=1_XLX_SEP_ PragmaType=loop_tripcount_XLX_SEP_ PragmaContext=_XLX_SEP_ PragmaFunction=hlsStrm2Array_XLX_SEP_ PragmaOptions=min=1 max=1024_XLX_SEP_ [-Wdump-hls-pragmas]
#pragma HLS loop_tripcount min=1 max=1024
        ^
./xf_utility.hpp:759:9: warning: HLS pragma dump _XLX_SEP_ PragmaIsValid=1_XLX_SEP_ PragmaType=loop_tripcount_XLX_SEP_ PragmaContext=_XLX_SEP_ PragmaFunction=hlsStrm2Array_XLX_SEP_ PragmaOptions=min=1 max=TRIPCOUNT_XLX_SEP_ [-Wdump-hls-pragmas]
#pragma HLS LOOP_TRIPCOUNT min=1 max=TRIPCOUNT
        ^
./xf_utility.hpp:760:9: warning: HLS pragma dump _XLX_SEP_ PragmaIsValid=1_XLX_SEP_ PragmaType=pipeline_XLX_SEP_ PragmaContext=_XLX_SEP_ PragmaFunction=hlsStrm2Array_XLX_SEP_ PragmaOptions=_XLX_SEP_ [-Wdump-hls-pragmas]
#pragma HLS pipeline
        ^
./xf_utility.hpp:809:9: warning: HLS pragma dump _XLX_SEP_ PragmaIsValid=1_XLX_SEP_ PragmaType=loop_tripcount_XLX_SEP_ PragmaContext=_XLX_SEP_ PragmaFunction=hlsStrm2axiStrm_XLX_SEP_ PragmaOptions=min=1 max=1024_XLX_SEP_ [-Wdump-hls-pragmas]
#pragma HLS loop_tripcount min=1 max=1024
        ^
./xf_utility.hpp:811:9: warning: HLS pragma dump _XLX_SEP_ PragmaIsValid=1_XLX_SEP_ PragmaType=loop_tripcount_XLX_SEP_ PragmaContext=_XLX_SEP_ PragmaFunction=hlsStrm2axiStrm_XLX_SEP_ PragmaOptions=min=1 max=TRIPCOUNT_XLX_SEP_ [-Wdump-hls-pragmas]
#pragma HLS LOOP_TRIPCOUNT min=1 max=TRIPCOUNT
        ^
./xf_utility.hpp:812:9: warning: HLS pragma dump _XLX_SEP_ PragmaIsValid=1_XLX_SEP_ PragmaType=pipeline_XLX_SEP_ PragmaContext=_XLX_SEP_ PragmaFunction=hlsStrm2axiStrm_XLX_SEP_ PragmaOptions=_XLX_SEP_ [-Wdump-hls-pragmas]
#pragma HLS pipeline
        ^
./xf_utility.hpp:824:9: warning: HLS pragma dump _XLX_SEP_ PragmaIsValid=1_XLX_SEP_ PragmaType=dataflow_XLX_SEP_ PragmaContext=_XLX_SEP_ PragmaFunction=xfMat2axiStrm_XLX_SEP_ PragmaOptions=_XLX_SEP_ [-Wdump-hls-pragmas]
#pragma HLS DATAFLOW
        ^
In file included from Accel.cpp:4:
In file included from ./Accel.h:12:
./Common.h:17:9: warning: HLS pragma dump _XLX_SEP_ PragmaIsValid=1_XLX_SEP_ PragmaType=inline_XLX_SEP_ PragmaContext=_XLX_SEP_ PragmaFunction=sgn_XLX_SEP_ PragmaOptions=_XLX_SEP_ [-Wdump-hls-pragmas]
#pragma HLS INLINE
        ^
In file included from Accel.cpp:4:
./Accel.h:95:9: warning: unknown pragma ignored [-Winvalid-hls-pragmas]
#pragma SDS data copy(dmem_i[0:input_words], dmem_o[0:output_words])
        ^
./Accel.h:96:9: warning: unknown pragma ignored [-Winvalid-hls-pragmas]
#pragma SDS data access_pattern(dmem_i:SEQUENTIAL, dmem_o:SEQUENTIAL)
        ^
./Accel.h:97:9: warning: unknown pragma ignored [-Winvalid-hls-pragmas]
#pragma SDS data access_pattern(wt_i:SEQUENTIAL, kh_i:SEQUENTIAL)
        ^
./Accel.h:98:9: warning: unknown pragma ignored [-Winvalid-hls-pragmas]
#pragma SDS data mem_attribute(dmem_i:PHYSICAL_CONTIGUOUS, dmem_o:PHYSICAL_CONTIGUOUS)
        ^
./Accel.h:99:9: warning: unknown pragma ignored [-Winvalid-hls-pragmas]
#pragma SDS data mem_attribute(wt_i:PHYSICAL_CONTIGUOUS, kh_i:PHYSICAL_CONTIGUOUS)
        ^
./Accel.h:100:9: warning: unknown pragma ignored [-Winvalid-hls-pragmas]
#pragma SDS data data_mover(dmem_i:AXIDMA_SIMPLE, dmem_o:AXIDMA_SIMPLE)
        ^
./Accel.h:101:9: warning: unknown pragma ignored [-Winvalid-hls-pragmas]
#pragma SDS data data_mover(wt_i:AXIDMA_SIMPLE, kh_i:AXIDMA_SIMPLE)
        ^
Accel.cpp:203:21: warning: the argument to '__builtin_assume' has side effects that will be discarded [-Wassume]
  (__builtin_assume(static_cast <bool> (images_per_phase*words_per_image == WORDS_PER_PHASE)));
                    ^~~~~~~~~~~~~~~~~~~~~~~~~~~~~~~~~~~~~~~~~~~~~~~~~~~~~~~~~~~~~~~~~~~~~~~~
Accel.cpp:228:21: warning: the argument to '__builtin_assume' has side effects that will be discarded [-Wassume]
  (__builtin_assume(static_cast <bool> (w_div_8 > 0)));
                    ^~~~~~~~~~~~~~~~~~~~~~~~~~~~~~~~
Accel.cpp:232:9: warning: HLS pragma dump _XLX_SEP_ PragmaIsValid=1_XLX_SEP_ PragmaType=unroll_XLX_SEP_ PragmaContext=_XLX_SEP_ PragmaFunction=bin_conv_XLX_SEP_ PragmaOptions=_XLX_SEP_ [-Wdump-hls-pragmas]
#pragma HLS unroll
        ^
Accel.cpp:242:9: warning: HLS pragma dump _XLX_SEP_ PragmaIsValid=1_XLX_SEP_ PragmaType=unroll_XLX_SEP_ PragmaContext=_XLX_SEP_ PragmaFunction=bin_conv_XLX_SEP_ PragmaOptions=_XLX_SEP_ [-Wdump-hls-pragmas]
#pragma HLS UNROLL
        ^
Accel.cpp:253:9: warning: HLS pragma dump _XLX_SEP_ PragmaIsValid=1_XLX_SEP_ PragmaType=loop_tripcount_XLX_SEP_ PragmaContext=_XLX_SEP_ PragmaFunction=bin_conv_XLX_SEP_ PragmaOptions=min=8 max=64_XLX_SEP_ [-Wdump-hls-pragmas]
#pragma HLS loop_tripcount min=8 max=64
        ^
Accel.cpp:374:9: warning: HLS pragma dump _XLX_SEP_ PragmaIsValid=1_XLX_SEP_ PragmaType=unroll_XLX_SEP_ PragmaContext=_XLX_SEP_ PragmaFunction=bin_conv_XLX_SEP_ PragmaOptions=_XLX_SEP_ [-Wdump-hls-pragmas]
#pragma HLS unroll
        ^
Accel.cpp:380:9: warning: HLS pragma dump _XLX_SEP_ PragmaIsValid=1_XLX_SEP_ PragmaType=loop_tripcount_XLX_SEP_ PragmaContext=_XLX_SEP_ PragmaFunction=bin_conv_XLX_SEP_ PragmaOptions=min= 32 max= 512_XLX_SEP_ [-Wdump-hls-pragmas]
#pragma HLS loop_tripcount min= 32 max= 512
        ^
Accel.cpp:386:9: warning: HLS pragma dump _XLX_SEP_ PragmaIsValid=1_XLX_SEP_ PragmaType=unroll_XLX_SEP_ PragmaContext=_XLX_SEP_ PragmaFunction=bin_conv_XLX_SEP_ PragmaOptions=_XLX_SEP_ [-Wdump-hls-pragmas]
#pragma HLS unroll
        ^
Accel.cpp:405:9: warning: HLS pragma dump _XLX_SEP_ PragmaIsValid=1_XLX_SEP_ PragmaType=loop_tripcount_XLX_SEP_ PragmaContext=_XLX_SEP_ PragmaFunction=bin_conv_XLX_SEP_ PragmaOptions=min=1 max=16_XLX_SEP_ [-Wdump-hls-pragmas]
#pragma HLS loop_tripcount min=1 max=16
        ^
Accel.cpp:597:21: warning: the argument to '__builtin_assume' has side effects that will be discarded [-Wassume]
  (__builtin_assume(static_cast <bool> (layer_type == LAYER_DENSE || n_outputs == 10)));
                    ^~~~~~~~~~~~~~~~~~~~~~~~~~~~~~~~~~~~~~~~~~~~~~~~~~~~~~~~~~~~~~~~~
Accel.cpp:609:9: warning: HLS pragma dump _XLX_SEP_ PragmaIsValid=1_XLX_SEP_ PragmaType=loop_tripcount_XLX_SEP_ PragmaContext=_XLX_SEP_ PragmaFunction=bin_dense_XLX_SEP_ PragmaOptions=min=8 max=64_XLX_SEP_ [-Wdump-hls-pragmas]
#pragma HLS loop_tripcount min=8 max=64
        ^
Accel.cpp:618:9: warning: HLS pragma dump _XLX_SEP_ PragmaIsValid=1_XLX_SEP_ PragmaType=loop_tripcount_XLX_SEP_ PragmaContext=_XLX_SEP_ PragmaFunction=bin_dense_XLX_SEP_ PragmaOptions=min=8 max=64_XLX_SEP_ [-Wdump-hls-pragmas]
#pragma HLS loop_tripcount min=8 max=64
        ^
/data/zedongpeng/HLSBatchProcessor/data/kernels/rosetta_flatten/BNN/run_hls.tcl:8:9: warning: HLS pragma dump _XLX_SEP_ PragmaIsValid=1_XLX_SEP_ PragmaType=top_XLX_SEP_ PragmaContext=directive_XLX_SEP_ PragmaFunction=top_XLX_SEP_ PragmaOptions=name=top_XLX_SEP_ [-Wdump-hls-pragmas]
#pragma HLSDIRECTIVE TOP name=top
        ^
Accel.cpp:727:21: warning: the argument to '__builtin_assume' has side effects that will be discarded [-Wassume]
  (__builtin_assume(static_cast <bool> (n_inputs != 0)));
                    ^~~~~~~~~~~~~~~~~~~~~~~~~~~~~~~~~~
Accel.cpp:729:23: warning: the argument to '__builtin_assume' has side effects that will be discarded [-Wassume]
    (__builtin_assume(static_cast <bool> (input_words % CONVOLVERS == 0)));
                      ^~~~~~~~~~~~~~~~~~~~~~~~~~~~~~~~~~~~~~~~~~~~~~~~~~
Accel.cpp:730:23: warning: the argument to '__builtin_assume' has side effects that will be discarded [-Wassume]
    (__builtin_assume(static_cast <bool> (n_inputs*width*width <= DMEM_WORDS*WORD_SIZE)));
                      ^~~~~~~~~~~~~~~~~~~~~~~~~~~~~~~~~~~~~~~~~~~~~~~~~~~~~~~~~~~~~~~~~
Accel.cpp:731:23: warning: the argument to '__builtin_assume' has side effects that will be discarded [-Wassume]
    (__builtin_assume(static_cast <bool> (n_inputs*WT_SIZE <= WT_WORDS*WORD_SIZE)));
                      ^~~~~~~~~~~~~~~~~~~~~~~~~~~~~~~~~~~~~~~~~~~~~~~~~~~~~~~~~~~
Accel.cpp:783:23: warning: the argument to '__builtin_assume' has side effects that will be discarded [-Wassume]
    (__builtin_assume(static_cast <bool> (n_inputs == 3)));
                      ^~~~~~~~~~~~~~~~~~~~~~~~~~~~~~~~~~
Accel.cpp:800:23: warning: the argument to '__builtin_assume' has side effects that will be discarded [-Wassume]
    (__builtin_assume(static_cast <bool> (norm_mode != 2 || n_outputs % 4 == 0)));
                      ^~~~~~~~~~~~~~~~~~~~~~~~~~~~~~~~~~~~~~~~~~~~~~~~~~~~~~~~~
Accel.cpp:801:23: warning: the argument to '__builtin_assume' has side effects that will be discarded [-Wassume]
    (__builtin_assume(static_cast <bool> (n_inputs % CONVOLVERS == 0)));
                      ^~~~~~~~~~~~~~~~~~~~~~~~~~~~~~~~~~~~~~~~~~~~~~~
329 warnings generated.
