

================================================================
== Synthesis Summary Report of 'rendering'
================================================================
+ General Information: 
    * Date:           Tue Dec 17 15:07:26 2024
    * Version:        2022.2 (Build 3670227 on Oct 13 2022)
    * Project:        project
    * Solution:       solution1 (Vivado IP Flow Target)
    * Product family: virtexuplus
    * Target device:  xcu280-fsvh2892-2L-e
    

+ Performance & Resource Estimates: 
    
    PS: '+' for module; 'o' for loop; '*' for dataflow
    +------------------------------------------------------------+------+------+------------+-----------+----------+------------+-------+----------+----------+---------+------------+------------+-----+
    |                           Modules                          | Issue|      |  Latency   |  Latency  | Iteration|            |  Trip |          |          |         |            |            |     |
    |                           & Loops                          | Type | Slack|  (cycles)  |    (ns)   |  Latency |  Interval  | Count | Pipelined|   BRAM   |   DSP   |     FF     |     LUT    | URAM|
    +------------------------------------------------------------+------+------+------------+-----------+----------+------------+-------+----------+----------+---------+------------+------------+-----+
    |+ rendering                                                 |     -|  0.25|  1046938124|  1.047e+10|         -|  1046938125|      -|        no|  11 (~0%)|  3 (~0%)|  4652 (~0%)|  41411 (3%)|    -|
    | + rendering_Pipeline_OUTPUT_FB_ROW_OUTPUT_FB_COL           |     -|  4.36|       16386|  1.639e+05|         -|       16386|      -|        no|         -|        -|    59 (~0%)|  5521 (~0%)|    -|
    |  o OUTPUT_FB_ROW_OUTPUT_FB_COL                             |     -|  7.30|       16384|  1.638e+05|         2|           1|  16384|       yes|         -|        -|           -|           -|    -|
    | o TRIANGLES                                                |     -|  7.30|  1046921736|  1.047e+10|    327983|           -|   3192|        no|         -|        -|           -|           -|    -|
    |  + projection                                              |     -|  4.76|           0|      0.000|         -|           0|      -|        no|         -|        -|           -|   224 (~0%)|    -|
    |  + rasterization1                                          |     -|  3.70|           1|     10.000|         -|           1|      -|        no|         -|        -|   148 (~0%)|   793 (~0%)|    -|
    |  + rasterization2                                          |     -|  3.73|       65560|  6.556e+05|         -|       65560|      -|        no|         -|  3 (~0%)|  1803 (~0%)|  1576 (~0%)|    -|
    |   + rasterization2_Pipeline_RAST2                          |     -|  3.73|       65558|  6.556e+05|         -|       65558|      -|        no|         -|  3 (~0%)|  1712 (~0%)|  1425 (~0%)|    -|
    |    o RAST2                                                 |     -|  7.30|       65556|  6.556e+05|        23|           1|  65535|       yes|         -|        -|           -|           -|    -|
    |  + zculling                                                |     -|  4.22|      196615|  1.966e+06|         -|      196615|      -|        no|   4 (~0%)|        -|   173 (~0%)|   432 (~0%)|    -|
    |   + zculling_Pipeline_ZCULLING_INIT_ROW_ZCULLING_INIT_COL  |     -|  4.25|       65538|  6.554e+05|         -|       65538|      -|        no|         -|        -|    38 (~0%)|   168 (~0%)|    -|
    |    o ZCULLING_INIT_ROW_ZCULLING_INIT_COL                   |     -|  7.30|       65536|  6.554e+05|         1|           1|  65536|       yes|         -|        -|           -|           -|    -|
    |   + zculling_Pipeline_ZCULLING                             |     -|  4.22|      131073|  1.311e+06|         -|      131073|      -|        no|         -|        -|   127 (~0%)|   163 (~0%)|    -|
    |    o ZCULLING                                              |    II|  7.30|      131071|  1.311e+06|         4|           2|  65535|       yes|         -|        -|           -|           -|    -|
    |  + coloringFB                                              |     -|  5.50|       65798|  6.580e+05|         -|       65798|      -|        no|         -|        -|    37 (~0%)|  14504 (1%)|    -|
    |   + coloringFB_Pipeline_COLORING_FB_INIT_ROW               |     -|  6.08|         258|  2.580e+03|         -|         258|      -|        no|         -|        -|    11 (~0%)|    54 (~0%)|    -|
    |    o COLORING_FB_INIT_ROW                                  |     -|  7.30|         256|  2.560e+03|         1|           1|    256|       yes|         -|        -|           -|           -|    -|
    |   + coloringFB_Pipeline_COLORING_FB                        |     -|  5.50|       65537|  6.554e+05|         -|       65537|      -|        no|         -|        -|    19 (~0%)|    74 (~0%)|    -|
    |    o COLORING_FB                                           |     -|  7.30|       65535|  6.554e+05|         2|           1|  65535|       yes|         -|        -|           -|           -|    -|
    +------------------------------------------------------------+------+------+------------+-----------+----------+------------+-------+----------+----------+---------+------------+------------+-----+


================================================================
== HW Interfaces
================================================================
* AP_MEMORY
+-------------------+----------+
| Interface         | Bitwidth |
+-------------------+----------+
| input_r_address0  | 14       |
| input_r_address1  | 14       |
| input_r_q0        | 32       |
| input_r_q1        | 32       |
| output_r_address0 | 14       |
| output_r_d0       | 32       |
+-------------------+----------+

* TOP LEVEL CONTROL
+-----------+------------+-----------------------------------+
| Interface | Type       | Ports                             |
+-----------+------------+-----------------------------------+
| ap_clk    | clock      | ap_clk                            |
| ap_rst    | reset      | ap_rst                            |
| ap_ctrl   | ap_ctrl_hs | ap_done ap_idle ap_ready ap_start |
+-----------+------------+-----------------------------------+


================================================================
== SW I/O Information
================================================================
* Top Function Arguments
+----------+-----------+--------------+
| Argument | Direction | Datatype     |
+----------+-----------+--------------+
| input    | in        | ap_uint<32>* |
| output   | out       | ap_uint<32>* |
+----------+-----------+--------------+

* SW-to-HW Mapping
+----------+-------------------+---------+----------+
| Argument | HW Interface      | HW Type | HW Usage |
+----------+-------------------+---------+----------+
| input    | input_r_address0  | port    | offset   |
| input    | input_r_ce0       | port    |          |
| input    | input_r_q0        | port    |          |
| input    | input_r_address1  | port    | offset   |
| input    | input_r_ce1       | port    |          |
| input    | input_r_q1        | port    |          |
| output   | output_r_address0 | port    | offset   |
| output   | output_r_ce0      | port    |          |
| output   | output_r_we0      | port    |          |
| output   | output_r_d0       | port    |          |
+----------+-------------------+---------+----------+


================================================================
== Bind Op Report
================================================================
+-----------------------------------------------------------+-----+--------+--------------+-----+--------+---------+
| Name                                                      | DSP | Pragma | Variable     | Op  | Impl   | Latency |
+-----------------------------------------------------------+-----+--------+--------------+-----+--------+---------+
| + rendering                                               | 3   |        |              |     |        |         |
|   i_V_fu_1830_p2                                          | -   |        | i_V          | add | fabric | 0       |
|   ret_V_3_fu_1848_p2                                      | -   |        | ret_V_3      | sub | fabric | 0       |
|   ret_V_fu_1864_p2                                        | -   |        | ret_V        | add | fabric | 0       |
|   ret_V_2_fu_1874_p2                                      | -   |        | ret_V_2      | add | fabric | 0       |
|  + rendering_Pipeline_OUTPUT_FB_ROW_OUTPUT_FB_COL         | 0   |        |              |     |        |         |
|    add_ln1027_fu_3949_p2                                  | -   |        | add_ln1027   | add | fabric | 0       |
|    add_ln840_fu_3961_p2                                   | -   |        | add_ln840    | add | fabric | 0       |
|    add_ln186_fu_4269_p2                                   | -   |        | add_ln186    | add | fabric | 0       |
|  + projection                                             | 0   |        |              |     |        |         |
|    mul_8ns_10ns_17_1_1_U1                                 | -   |        | mul_ln1513   | mul | auto   | 0       |
|    mul_8ns_10ns_17_1_1_U2                                 | -   |        | mul_ln1513_1 | mul | auto   | 0       |
|    mul_8ns_10ns_17_1_1_U3                                 | -   |        | mul_ln1513_2 | mul | auto   | 0       |
|  + rasterization1                                         | 0   |        |              |     |        |         |
|    ret_V_37_fu_178_p2                                     | -   |        | ret_V_37     | sub | fabric | 0       |
|    ret_V_38_fu_192_p2                                     | -   |        | ret_V_38     | sub | fabric | 0       |
|    mul_9s_9s_18_1_1_U14                                   | -   |        | ret_V_39     | mul | auto   | 0       |
|    ret_V_40_fu_216_p2                                     | -   |        | ret_V_40     | sub | fabric | 0       |
|    ret_V_41_fu_226_p2                                     | -   |        | ret_V_41     | sub | fabric | 0       |
|    mul_9s_9s_18_1_1_U15                                   | -   |        | ret_V_42     | mul | auto   | 0       |
|    ret_V_fu_246_p2                                        | -   |        | ret_V        | sub | fabric | 0       |
|    ret_V_35_fu_434_p2                                     | -   |        | ret_V_35     | sub | fabric | 0       |
|    ret_V_36_fu_452_p2                                     | -   |        | ret_V_36     | sub | fabric | 0       |
|    mul_9s_9s_16_1_1_U16                                   | -   |        | mul_ln186    | mul | auto   | 0       |
|  + rasterization2                                         | 3   |        |              |     |        |         |
|    ret_V_27_fu_188_p2                                     | -   |        | ret_V_27     | sub | fabric | 0       |
|    ret_V_30_fu_203_p2                                     | -   |        | ret_V_30     | sub | fabric | 0       |
|    ret_V_33_fu_214_p2                                     | -   |        | ret_V_33     | sub | fabric | 0       |
|    ret_V_36_fu_225_p2                                     | -   |        | ret_V_36     | sub | fabric | 0       |
|    ret_V_39_fu_232_p2                                     | -   |        | ret_V_39     | sub | fabric | 0       |
|    ret_V_42_fu_239_p2                                     | -   |        | ret_V_42     | sub | fabric | 0       |
|   + rasterization2_Pipeline_RAST2                         | 3   |        |              |     |        |         |
|     add_ln840_fu_321_p2                                   | -   |        | add_ln840    | add | fabric | 0       |
|     x_V_fu_348_p2                                         | -   |        | x_V          | add | fabric | 0       |
|     y_V_fu_357_p2                                         | -   |        | y_V          | add | fabric | 0       |
|     ret_V_17_fu_396_p2                                    | -   |        | ret_V_17     | sub | fabric | 0       |
|     mul_9s_9s_18_1_1_U41                                  | -   |        | ret_V_18     | mul | auto   | 0       |
|     ret_V_19_fu_366_p2                                    | -   |        | ret_V_19     | sub | fabric | 0       |
|     mac_mulsub_9s_9s_18s_18_4_1_U44                       | 1   |        | ret_V_20     | mul | dsp48  | 3       |
|     mac_mulsub_9s_9s_18s_18_4_1_U44                       | 1   |        | sub_ln61     | sub | dsp48  | 3       |
|     ret_V_21_fu_410_p2                                    | -   |        | ret_V_21     | sub | fabric | 0       |
|     mul_9s_9s_18_1_1_U42                                  | -   |        | ret_V_22     | mul | auto   | 0       |
|     ret_V_23_fu_375_p2                                    | -   |        | ret_V_23     | sub | fabric | 0       |
|     mac_mulsub_9s_9s_18s_18_4_1_U45                       | 1   |        | ret_V_24     | mul | dsp48  | 3       |
|     mac_mulsub_9s_9s_18s_18_4_1_U45                       | 1   |        | sub_ln61_1   | sub | dsp48  | 3       |
|     ret_V_25_fu_424_p2                                    | -   |        | ret_V_25     | sub | fabric | 0       |
|     mul_9s_9s_18_1_1_U43                                  | -   |        | ret_V_26     | mul | auto   | 0       |
|     ret_V_27_fu_384_p2                                    | -   |        | ret_V_27     | sub | fabric | 0       |
|     mac_mulsub_9s_9s_18s_18_4_1_U46                       | 1   |        | ret_V_28     | mul | dsp48  | 3       |
|     mac_mulsub_9s_9s_18s_18_4_1_U46                       | 1   |        | ret_V_16     | sub | dsp48  | 3       |
|     i_V_2_fu_466_p2                                       | -   |        | i_V_2        | add | fabric | 0       |
|  + zculling                                               | 0   |        |              |     |        |         |
|   + zculling_Pipeline_ZCULLING_INIT_ROW_ZCULLING_INIT_COL | 0   |        |              |     |        |         |
|     add_ln1027_fu_92_p2                                   | -   |        | add_ln1027   | add | fabric | 0       |
|     add_ln840_fu_104_p2                                   | -   |        | add_ln840    | add | fabric | 0       |
|     add_ln224_fu_148_p2                                   | -   |        | add_ln224    | add | fabric | 0       |
|     add_ln840_1_fu_159_p2                                 | -   |        | add_ln840_1  | add | fabric | 0       |
|   + zculling_Pipeline_ZCULLING                            | 0   |        |              |     |        |         |
|     add_ln840_fu_202_p2                                   | -   |        | add_ln840    | add | fabric | 0       |
|     pixel_cntr_V_fu_247_p2                                | -   |        | pixel_cntr_V | add | fabric | 0       |
|  + coloringFB                                             | 0   |        |              |     |        |         |
|   + coloringFB_Pipeline_COLORING_FB_INIT_ROW              | 0   |        |              |     |        |         |
|     add_ln840_fu_4140_p2                                  | -   |        | add_ln840    | add | fabric | 0       |
|   + coloringFB_Pipeline_COLORING_FB                       | 0   |        |              |     |        |         |
|     add_ln840_fu_4701_p2                                  | -   |        | add_ln840    | add | fabric | 0       |
+-----------------------------------------------------------+-----+--------+--------------+-----+--------+---------+


================================================================
== Bind Storage Report
================================================================
+----------------------+------+------+--------+------------------+---------+------+---------+
| Name                 | BRAM | URAM | Pragma | Variable         | Storage | Impl | Latency |
+----------------------+------+------+--------+------------------+---------+------+---------+
| + rendering          | 11   | 0    |        |                  |         |      |         |
|   fragment_x_V_U     | 1    | -    |        | fragment_x_V     | ram_1p  | auto | 1       |
|   fragment_y_V_U     | 1    | -    |        | fragment_y_V     | ram_1p  | auto | 1       |
|   fragment_z_V_U     | 1    | -    |        | fragment_z_V     | ram_1p  | auto | 1       |
|   fragment_color_V_U | 1    | -    |        | fragment_color_V | ram_1p  | auto | 1       |
|   pixels_x_V_U       | 1    | -    |        | pixels_x_V       | ram_1p  | auto | 1       |
|   pixels_y_V_U       | 1    | -    |        | pixels_y_V       | ram_1p  | auto | 1       |
|   pixels_color_V_U   | 1    | -    |        | pixels_color_V   | ram_1p  | auto | 1       |
|   frame_buffer_0_U   | -    | -    |        | frame_buffer_0   | ram_1p  | auto | 1       |
|   frame_buffer_1_U   | -    | -    |        | frame_buffer_1   | ram_1p  | auto | 1       |
|   frame_buffer_2_U   | -    | -    |        | frame_buffer_2   | ram_1p  | auto | 1       |
|   frame_buffer_3_U   | -    | -    |        | frame_buffer_3   | ram_1p  | auto | 1       |
|   frame_buffer_4_U   | -    | -    |        | frame_buffer_4   | ram_1p  | auto | 1       |
|   frame_buffer_5_U   | -    | -    |        | frame_buffer_5   | ram_1p  | auto | 1       |
|   frame_buffer_6_U   | -    | -    |        | frame_buffer_6   | ram_1p  | auto | 1       |
|   frame_buffer_7_U   | -    | -    |        | frame_buffer_7   | ram_1p  | auto | 1       |
|   frame_buffer_8_U   | -    | -    |        | frame_buffer_8   | ram_1p  | auto | 1       |
|   frame_buffer_9_U   | -    | -    |        | frame_buffer_9   | ram_1p  | auto | 1       |
|   frame_buffer_10_U  | -    | -    |        | frame_buffer_10  | ram_1p  | auto | 1       |
|   frame_buffer_11_U  | -    | -    |        | frame_buffer_11  | ram_1p  | auto | 1       |
|   frame_buffer_12_U  | -    | -    |        | frame_buffer_12  | ram_1p  | auto | 1       |
|   frame_buffer_13_U  | -    | -    |        | frame_buffer_13  | ram_1p  | auto | 1       |
|   frame_buffer_14_U  | -    | -    |        | frame_buffer_14  | ram_1p  | auto | 1       |
|   frame_buffer_15_U  | -    | -    |        | frame_buffer_15  | ram_1p  | auto | 1       |
|   frame_buffer_16_U  | -    | -    |        | frame_buffer_16  | ram_1p  | auto | 1       |
|   frame_buffer_17_U  | -    | -    |        | frame_buffer_17  | ram_1p  | auto | 1       |
|   frame_buffer_18_U  | -    | -    |        | frame_buffer_18  | ram_1p  | auto | 1       |
|   frame_buffer_19_U  | -    | -    |        | frame_buffer_19  | ram_1p  | auto | 1       |
|   frame_buffer_20_U  | -    | -    |        | frame_buffer_20  | ram_1p  | auto | 1       |
|   frame_buffer_21_U  | -    | -    |        | frame_buffer_21  | ram_1p  | auto | 1       |
|   frame_buffer_22_U  | -    | -    |        | frame_buffer_22  | ram_1p  | auto | 1       |
|   frame_buffer_23_U  | -    | -    |        | frame_buffer_23  | ram_1p  | auto | 1       |
|   frame_buffer_24_U  | -    | -    |        | frame_buffer_24  | ram_1p  | auto | 1       |
|   frame_buffer_25_U  | -    | -    |        | frame_buffer_25  | ram_1p  | auto | 1       |
|   frame_buffer_26_U  | -    | -    |        | frame_buffer_26  | ram_1p  | auto | 1       |
|   frame_buffer_27_U  | -    | -    |        | frame_buffer_27  | ram_1p  | auto | 1       |
|   frame_buffer_28_U  | -    | -    |        | frame_buffer_28  | ram_1p  | auto | 1       |
|   frame_buffer_29_U  | -    | -    |        | frame_buffer_29  | ram_1p  | auto | 1       |
|   frame_buffer_30_U  | -    | -    |        | frame_buffer_30  | ram_1p  | auto | 1       |
|   frame_buffer_31_U  | -    | -    |        | frame_buffer_31  | ram_1p  | auto | 1       |
|   frame_buffer_32_U  | -    | -    |        | frame_buffer_32  | ram_1p  | auto | 1       |
|   frame_buffer_33_U  | -    | -    |        | frame_buffer_33  | ram_1p  | auto | 1       |
|   frame_buffer_34_U  | -    | -    |        | frame_buffer_34  | ram_1p  | auto | 1       |
|   frame_buffer_35_U  | -    | -    |        | frame_buffer_35  | ram_1p  | auto | 1       |
|   frame_buffer_36_U  | -    | -    |        | frame_buffer_36  | ram_1p  | auto | 1       |
|   frame_buffer_37_U  | -    | -    |        | frame_buffer_37  | ram_1p  | auto | 1       |
|   frame_buffer_38_U  | -    | -    |        | frame_buffer_38  | ram_1p  | auto | 1       |
|   frame_buffer_39_U  | -    | -    |        | frame_buffer_39  | ram_1p  | auto | 1       |
|   frame_buffer_40_U  | -    | -    |        | frame_buffer_40  | ram_1p  | auto | 1       |
|   frame_buffer_41_U  | -    | -    |        | frame_buffer_41  | ram_1p  | auto | 1       |
|   frame_buffer_42_U  | -    | -    |        | frame_buffer_42  | ram_1p  | auto | 1       |
|   frame_buffer_43_U  | -    | -    |        | frame_buffer_43  | ram_1p  | auto | 1       |
|   frame_buffer_44_U  | -    | -    |        | frame_buffer_44  | ram_1p  | auto | 1       |
|   frame_buffer_45_U  | -    | -    |        | frame_buffer_45  | ram_1p  | auto | 1       |
|   frame_buffer_46_U  | -    | -    |        | frame_buffer_46  | ram_1p  | auto | 1       |
|   frame_buffer_47_U  | -    | -    |        | frame_buffer_47  | ram_1p  | auto | 1       |
|   frame_buffer_48_U  | -    | -    |        | frame_buffer_48  | ram_1p  | auto | 1       |
|   frame_buffer_49_U  | -    | -    |        | frame_buffer_49  | ram_1p  | auto | 1       |
|   frame_buffer_50_U  | -    | -    |        | frame_buffer_50  | ram_1p  | auto | 1       |
|   frame_buffer_51_U  | -    | -    |        | frame_buffer_51  | ram_1p  | auto | 1       |
|   frame_buffer_52_U  | -    | -    |        | frame_buffer_52  | ram_1p  | auto | 1       |
|   frame_buffer_53_U  | -    | -    |        | frame_buffer_53  | ram_1p  | auto | 1       |
|   frame_buffer_54_U  | -    | -    |        | frame_buffer_54  | ram_1p  | auto | 1       |
|   frame_buffer_55_U  | -    | -    |        | frame_buffer_55  | ram_1p  | auto | 1       |
|   frame_buffer_56_U  | -    | -    |        | frame_buffer_56  | ram_1p  | auto | 1       |
|   frame_buffer_57_U  | -    | -    |        | frame_buffer_57  | ram_1p  | auto | 1       |
|   frame_buffer_58_U  | -    | -    |        | frame_buffer_58  | ram_1p  | auto | 1       |
|   frame_buffer_59_U  | -    | -    |        | frame_buffer_59  | ram_1p  | auto | 1       |
|   frame_buffer_60_U  | -    | -    |        | frame_buffer_60  | ram_1p  | auto | 1       |
|   frame_buffer_61_U  | -    | -    |        | frame_buffer_61  | ram_1p  | auto | 1       |
|   frame_buffer_62_U  | -    | -    |        | frame_buffer_62  | ram_1p  | auto | 1       |
|   frame_buffer_63_U  | -    | -    |        | frame_buffer_63  | ram_1p  | auto | 1       |
|   frame_buffer_64_U  | -    | -    |        | frame_buffer_64  | ram_1p  | auto | 1       |
|   frame_buffer_65_U  | -    | -    |        | frame_buffer_65  | ram_1p  | auto | 1       |
|   frame_buffer_66_U  | -    | -    |        | frame_buffer_66  | ram_1p  | auto | 1       |
|   frame_buffer_67_U  | -    | -    |        | frame_buffer_67  | ram_1p  | auto | 1       |
|   frame_buffer_68_U  | -    | -    |        | frame_buffer_68  | ram_1p  | auto | 1       |
|   frame_buffer_69_U  | -    | -    |        | frame_buffer_69  | ram_1p  | auto | 1       |
|   frame_buffer_70_U  | -    | -    |        | frame_buffer_70  | ram_1p  | auto | 1       |
|   frame_buffer_71_U  | -    | -    |        | frame_buffer_71  | ram_1p  | auto | 1       |
|   frame_buffer_72_U  | -    | -    |        | frame_buffer_72  | ram_1p  | auto | 1       |
|   frame_buffer_73_U  | -    | -    |        | frame_buffer_73  | ram_1p  | auto | 1       |
|   frame_buffer_74_U  | -    | -    |        | frame_buffer_74  | ram_1p  | auto | 1       |
|   frame_buffer_75_U  | -    | -    |        | frame_buffer_75  | ram_1p  | auto | 1       |
|   frame_buffer_76_U  | -    | -    |        | frame_buffer_76  | ram_1p  | auto | 1       |
|   frame_buffer_77_U  | -    | -    |        | frame_buffer_77  | ram_1p  | auto | 1       |
|   frame_buffer_78_U  | -    | -    |        | frame_buffer_78  | ram_1p  | auto | 1       |
|   frame_buffer_79_U  | -    | -    |        | frame_buffer_79  | ram_1p  | auto | 1       |
|   frame_buffer_80_U  | -    | -    |        | frame_buffer_80  | ram_1p  | auto | 1       |
|   frame_buffer_81_U  | -    | -    |        | frame_buffer_81  | ram_1p  | auto | 1       |
|   frame_buffer_82_U  | -    | -    |        | frame_buffer_82  | ram_1p  | auto | 1       |
|   frame_buffer_83_U  | -    | -    |        | frame_buffer_83  | ram_1p  | auto | 1       |
|   frame_buffer_84_U  | -    | -    |        | frame_buffer_84  | ram_1p  | auto | 1       |
|   frame_buffer_85_U  | -    | -    |        | frame_buffer_85  | ram_1p  | auto | 1       |
|   frame_buffer_86_U  | -    | -    |        | frame_buffer_86  | ram_1p  | auto | 1       |
|   frame_buffer_87_U  | -    | -    |        | frame_buffer_87  | ram_1p  | auto | 1       |
|   frame_buffer_88_U  | -    | -    |        | frame_buffer_88  | ram_1p  | auto | 1       |
|   frame_buffer_89_U  | -    | -    |        | frame_buffer_89  | ram_1p  | auto | 1       |
|   frame_buffer_90_U  | -    | -    |        | frame_buffer_90  | ram_1p  | auto | 1       |
|   frame_buffer_91_U  | -    | -    |        | frame_buffer_91  | ram_1p  | auto | 1       |
|   frame_buffer_92_U  | -    | -    |        | frame_buffer_92  | ram_1p  | auto | 1       |
|   frame_buffer_93_U  | -    | -    |        | frame_buffer_93  | ram_1p  | auto | 1       |
|   frame_buffer_94_U  | -    | -    |        | frame_buffer_94  | ram_1p  | auto | 1       |
|   frame_buffer_95_U  | -    | -    |        | frame_buffer_95  | ram_1p  | auto | 1       |
|   frame_buffer_96_U  | -    | -    |        | frame_buffer_96  | ram_1p  | auto | 1       |
|   frame_buffer_97_U  | -    | -    |        | frame_buffer_97  | ram_1p  | auto | 1       |
|   frame_buffer_98_U  | -    | -    |        | frame_buffer_98  | ram_1p  | auto | 1       |
|   frame_buffer_99_U  | -    | -    |        | frame_buffer_99  | ram_1p  | auto | 1       |
|   frame_buffer_100_U | -    | -    |        | frame_buffer_100 | ram_1p  | auto | 1       |
|   frame_buffer_101_U | -    | -    |        | frame_buffer_101 | ram_1p  | auto | 1       |
|   frame_buffer_102_U | -    | -    |        | frame_buffer_102 | ram_1p  | auto | 1       |
|   frame_buffer_103_U | -    | -    |        | frame_buffer_103 | ram_1p  | auto | 1       |
|   frame_buffer_104_U | -    | -    |        | frame_buffer_104 | ram_1p  | auto | 1       |
|   frame_buffer_105_U | -    | -    |        | frame_buffer_105 | ram_1p  | auto | 1       |
|   frame_buffer_106_U | -    | -    |        | frame_buffer_106 | ram_1p  | auto | 1       |
|   frame_buffer_107_U | -    | -    |        | frame_buffer_107 | ram_1p  | auto | 1       |
|   frame_buffer_108_U | -    | -    |        | frame_buffer_108 | ram_1p  | auto | 1       |
|   frame_buffer_109_U | -    | -    |        | frame_buffer_109 | ram_1p  | auto | 1       |
|   frame_buffer_110_U | -    | -    |        | frame_buffer_110 | ram_1p  | auto | 1       |
|   frame_buffer_111_U | -    | -    |        | frame_buffer_111 | ram_1p  | auto | 1       |
|   frame_buffer_112_U | -    | -    |        | frame_buffer_112 | ram_1p  | auto | 1       |
|   frame_buffer_113_U | -    | -    |        | frame_buffer_113 | ram_1p  | auto | 1       |
|   frame_buffer_114_U | -    | -    |        | frame_buffer_114 | ram_1p  | auto | 1       |
|   frame_buffer_115_U | -    | -    |        | frame_buffer_115 | ram_1p  | auto | 1       |
|   frame_buffer_116_U | -    | -    |        | frame_buffer_116 | ram_1p  | auto | 1       |
|   frame_buffer_117_U | -    | -    |        | frame_buffer_117 | ram_1p  | auto | 1       |
|   frame_buffer_118_U | -    | -    |        | frame_buffer_118 | ram_1p  | auto | 1       |
|   frame_buffer_119_U | -    | -    |        | frame_buffer_119 | ram_1p  | auto | 1       |
|   frame_buffer_120_U | -    | -    |        | frame_buffer_120 | ram_1p  | auto | 1       |
|   frame_buffer_121_U | -    | -    |        | frame_buffer_121 | ram_1p  | auto | 1       |
|   frame_buffer_122_U | -    | -    |        | frame_buffer_122 | ram_1p  | auto | 1       |
|   frame_buffer_123_U | -    | -    |        | frame_buffer_123 | ram_1p  | auto | 1       |
|   frame_buffer_124_U | -    | -    |        | frame_buffer_124 | ram_1p  | auto | 1       |
|   frame_buffer_125_U | -    | -    |        | frame_buffer_125 | ram_1p  | auto | 1       |
|   frame_buffer_126_U | -    | -    |        | frame_buffer_126 | ram_1p  | auto | 1       |
|   frame_buffer_127_U | -    | -    |        | frame_buffer_127 | ram_1p  | auto | 1       |
|   frame_buffer_128_U | -    | -    |        | frame_buffer_128 | ram_1p  | auto | 1       |
|   frame_buffer_129_U | -    | -    |        | frame_buffer_129 | ram_1p  | auto | 1       |
|   frame_buffer_130_U | -    | -    |        | frame_buffer_130 | ram_1p  | auto | 1       |
|   frame_buffer_131_U | -    | -    |        | frame_buffer_131 | ram_1p  | auto | 1       |
|   frame_buffer_132_U | -    | -    |        | frame_buffer_132 | ram_1p  | auto | 1       |
|   frame_buffer_133_U | -    | -    |        | frame_buffer_133 | ram_1p  | auto | 1       |
|   frame_buffer_134_U | -    | -    |        | frame_buffer_134 | ram_1p  | auto | 1       |
|   frame_buffer_135_U | -    | -    |        | frame_buffer_135 | ram_1p  | auto | 1       |
|   frame_buffer_136_U | -    | -    |        | frame_buffer_136 | ram_1p  | auto | 1       |
|   frame_buffer_137_U | -    | -    |        | frame_buffer_137 | ram_1p  | auto | 1       |
|   frame_buffer_138_U | -    | -    |        | frame_buffer_138 | ram_1p  | auto | 1       |
|   frame_buffer_139_U | -    | -    |        | frame_buffer_139 | ram_1p  | auto | 1       |
|   frame_buffer_140_U | -    | -    |        | frame_buffer_140 | ram_1p  | auto | 1       |
|   frame_buffer_141_U | -    | -    |        | frame_buffer_141 | ram_1p  | auto | 1       |
|   frame_buffer_142_U | -    | -    |        | frame_buffer_142 | ram_1p  | auto | 1       |
|   frame_buffer_143_U | -    | -    |        | frame_buffer_143 | ram_1p  | auto | 1       |
|   frame_buffer_144_U | -    | -    |        | frame_buffer_144 | ram_1p  | auto | 1       |
|   frame_buffer_145_U | -    | -    |        | frame_buffer_145 | ram_1p  | auto | 1       |
|   frame_buffer_146_U | -    | -    |        | frame_buffer_146 | ram_1p  | auto | 1       |
|   frame_buffer_147_U | -    | -    |        | frame_buffer_147 | ram_1p  | auto | 1       |
|   frame_buffer_148_U | -    | -    |        | frame_buffer_148 | ram_1p  | auto | 1       |
|   frame_buffer_149_U | -    | -    |        | frame_buffer_149 | ram_1p  | auto | 1       |
|   frame_buffer_150_U | -    | -    |        | frame_buffer_150 | ram_1p  | auto | 1       |
|   frame_buffer_151_U | -    | -    |        | frame_buffer_151 | ram_1p  | auto | 1       |
|   frame_buffer_152_U | -    | -    |        | frame_buffer_152 | ram_1p  | auto | 1       |
|   frame_buffer_153_U | -    | -    |        | frame_buffer_153 | ram_1p  | auto | 1       |
|   frame_buffer_154_U | -    | -    |        | frame_buffer_154 | ram_1p  | auto | 1       |
|   frame_buffer_155_U | -    | -    |        | frame_buffer_155 | ram_1p  | auto | 1       |
|   frame_buffer_156_U | -    | -    |        | frame_buffer_156 | ram_1p  | auto | 1       |
|   frame_buffer_157_U | -    | -    |        | frame_buffer_157 | ram_1p  | auto | 1       |
|   frame_buffer_158_U | -    | -    |        | frame_buffer_158 | ram_1p  | auto | 1       |
|   frame_buffer_159_U | -    | -    |        | frame_buffer_159 | ram_1p  | auto | 1       |
|   frame_buffer_160_U | -    | -    |        | frame_buffer_160 | ram_1p  | auto | 1       |
|   frame_buffer_161_U | -    | -    |        | frame_buffer_161 | ram_1p  | auto | 1       |
|   frame_buffer_162_U | -    | -    |        | frame_buffer_162 | ram_1p  | auto | 1       |
|   frame_buffer_163_U | -    | -    |        | frame_buffer_163 | ram_1p  | auto | 1       |
|   frame_buffer_164_U | -    | -    |        | frame_buffer_164 | ram_1p  | auto | 1       |
|   frame_buffer_165_U | -    | -    |        | frame_buffer_165 | ram_1p  | auto | 1       |
|   frame_buffer_166_U | -    | -    |        | frame_buffer_166 | ram_1p  | auto | 1       |
|   frame_buffer_167_U | -    | -    |        | frame_buffer_167 | ram_1p  | auto | 1       |
|   frame_buffer_168_U | -    | -    |        | frame_buffer_168 | ram_1p  | auto | 1       |
|   frame_buffer_169_U | -    | -    |        | frame_buffer_169 | ram_1p  | auto | 1       |
|   frame_buffer_170_U | -    | -    |        | frame_buffer_170 | ram_1p  | auto | 1       |
|   frame_buffer_171_U | -    | -    |        | frame_buffer_171 | ram_1p  | auto | 1       |
|   frame_buffer_172_U | -    | -    |        | frame_buffer_172 | ram_1p  | auto | 1       |
|   frame_buffer_173_U | -    | -    |        | frame_buffer_173 | ram_1p  | auto | 1       |
|   frame_buffer_174_U | -    | -    |        | frame_buffer_174 | ram_1p  | auto | 1       |
|   frame_buffer_175_U | -    | -    |        | frame_buffer_175 | ram_1p  | auto | 1       |
|   frame_buffer_176_U | -    | -    |        | frame_buffer_176 | ram_1p  | auto | 1       |
|   frame_buffer_177_U | -    | -    |        | frame_buffer_177 | ram_1p  | auto | 1       |
|   frame_buffer_178_U | -    | -    |        | frame_buffer_178 | ram_1p  | auto | 1       |
|   frame_buffer_179_U | -    | -    |        | frame_buffer_179 | ram_1p  | auto | 1       |
|   frame_buffer_180_U | -    | -    |        | frame_buffer_180 | ram_1p  | auto | 1       |
|   frame_buffer_181_U | -    | -    |        | frame_buffer_181 | ram_1p  | auto | 1       |
|   frame_buffer_182_U | -    | -    |        | frame_buffer_182 | ram_1p  | auto | 1       |
|   frame_buffer_183_U | -    | -    |        | frame_buffer_183 | ram_1p  | auto | 1       |
|   frame_buffer_184_U | -    | -    |        | frame_buffer_184 | ram_1p  | auto | 1       |
|   frame_buffer_185_U | -    | -    |        | frame_buffer_185 | ram_1p  | auto | 1       |
|   frame_buffer_186_U | -    | -    |        | frame_buffer_186 | ram_1p  | auto | 1       |
|   frame_buffer_187_U | -    | -    |        | frame_buffer_187 | ram_1p  | auto | 1       |
|   frame_buffer_188_U | -    | -    |        | frame_buffer_188 | ram_1p  | auto | 1       |
|   frame_buffer_189_U | -    | -    |        | frame_buffer_189 | ram_1p  | auto | 1       |
|   frame_buffer_190_U | -    | -    |        | frame_buffer_190 | ram_1p  | auto | 1       |
|   frame_buffer_191_U | -    | -    |        | frame_buffer_191 | ram_1p  | auto | 1       |
|   frame_buffer_192_U | -    | -    |        | frame_buffer_192 | ram_1p  | auto | 1       |
|   frame_buffer_193_U | -    | -    |        | frame_buffer_193 | ram_1p  | auto | 1       |
|   frame_buffer_194_U | -    | -    |        | frame_buffer_194 | ram_1p  | auto | 1       |
|   frame_buffer_195_U | -    | -    |        | frame_buffer_195 | ram_1p  | auto | 1       |
|   frame_buffer_196_U | -    | -    |        | frame_buffer_196 | ram_1p  | auto | 1       |
|   frame_buffer_197_U | -    | -    |        | frame_buffer_197 | ram_1p  | auto | 1       |
|   frame_buffer_198_U | -    | -    |        | frame_buffer_198 | ram_1p  | auto | 1       |
|   frame_buffer_199_U | -    | -    |        | frame_buffer_199 | ram_1p  | auto | 1       |
|   frame_buffer_200_U | -    | -    |        | frame_buffer_200 | ram_1p  | auto | 1       |
|   frame_buffer_201_U | -    | -    |        | frame_buffer_201 | ram_1p  | auto | 1       |
|   frame_buffer_202_U | -    | -    |        | frame_buffer_202 | ram_1p  | auto | 1       |
|   frame_buffer_203_U | -    | -    |        | frame_buffer_203 | ram_1p  | auto | 1       |
|   frame_buffer_204_U | -    | -    |        | frame_buffer_204 | ram_1p  | auto | 1       |
|   frame_buffer_205_U | -    | -    |        | frame_buffer_205 | ram_1p  | auto | 1       |
|   frame_buffer_206_U | -    | -    |        | frame_buffer_206 | ram_1p  | auto | 1       |
|   frame_buffer_207_U | -    | -    |        | frame_buffer_207 | ram_1p  | auto | 1       |
|   frame_buffer_208_U | -    | -    |        | frame_buffer_208 | ram_1p  | auto | 1       |
|   frame_buffer_209_U | -    | -    |        | frame_buffer_209 | ram_1p  | auto | 1       |
|   frame_buffer_210_U | -    | -    |        | frame_buffer_210 | ram_1p  | auto | 1       |
|   frame_buffer_211_U | -    | -    |        | frame_buffer_211 | ram_1p  | auto | 1       |
|   frame_buffer_212_U | -    | -    |        | frame_buffer_212 | ram_1p  | auto | 1       |
|   frame_buffer_213_U | -    | -    |        | frame_buffer_213 | ram_1p  | auto | 1       |
|   frame_buffer_214_U | -    | -    |        | frame_buffer_214 | ram_1p  | auto | 1       |
|   frame_buffer_215_U | -    | -    |        | frame_buffer_215 | ram_1p  | auto | 1       |
|   frame_buffer_216_U | -    | -    |        | frame_buffer_216 | ram_1p  | auto | 1       |
|   frame_buffer_217_U | -    | -    |        | frame_buffer_217 | ram_1p  | auto | 1       |
|   frame_buffer_218_U | -    | -    |        | frame_buffer_218 | ram_1p  | auto | 1       |
|   frame_buffer_219_U | -    | -    |        | frame_buffer_219 | ram_1p  | auto | 1       |
|   frame_buffer_220_U | -    | -    |        | frame_buffer_220 | ram_1p  | auto | 1       |
|   frame_buffer_221_U | -    | -    |        | frame_buffer_221 | ram_1p  | auto | 1       |
|   frame_buffer_222_U | -    | -    |        | frame_buffer_222 | ram_1p  | auto | 1       |
|   frame_buffer_223_U | -    | -    |        | frame_buffer_223 | ram_1p  | auto | 1       |
|   frame_buffer_224_U | -    | -    |        | frame_buffer_224 | ram_1p  | auto | 1       |
|   frame_buffer_225_U | -    | -    |        | frame_buffer_225 | ram_1p  | auto | 1       |
|   frame_buffer_226_U | -    | -    |        | frame_buffer_226 | ram_1p  | auto | 1       |
|   frame_buffer_227_U | -    | -    |        | frame_buffer_227 | ram_1p  | auto | 1       |
|   frame_buffer_228_U | -    | -    |        | frame_buffer_228 | ram_1p  | auto | 1       |
|   frame_buffer_229_U | -    | -    |        | frame_buffer_229 | ram_1p  | auto | 1       |
|   frame_buffer_230_U | -    | -    |        | frame_buffer_230 | ram_1p  | auto | 1       |
|   frame_buffer_231_U | -    | -    |        | frame_buffer_231 | ram_1p  | auto | 1       |
|   frame_buffer_232_U | -    | -    |        | frame_buffer_232 | ram_1p  | auto | 1       |
|   frame_buffer_233_U | -    | -    |        | frame_buffer_233 | ram_1p  | auto | 1       |
|   frame_buffer_234_U | -    | -    |        | frame_buffer_234 | ram_1p  | auto | 1       |
|   frame_buffer_235_U | -    | -    |        | frame_buffer_235 | ram_1p  | auto | 1       |
|   frame_buffer_236_U | -    | -    |        | frame_buffer_236 | ram_1p  | auto | 1       |
|   frame_buffer_237_U | -    | -    |        | frame_buffer_237 | ram_1p  | auto | 1       |
|   frame_buffer_238_U | -    | -    |        | frame_buffer_238 | ram_1p  | auto | 1       |
|   frame_buffer_239_U | -    | -    |        | frame_buffer_239 | ram_1p  | auto | 1       |
|   frame_buffer_240_U | -    | -    |        | frame_buffer_240 | ram_1p  | auto | 1       |
|   frame_buffer_241_U | -    | -    |        | frame_buffer_241 | ram_1p  | auto | 1       |
|   frame_buffer_242_U | -    | -    |        | frame_buffer_242 | ram_1p  | auto | 1       |
|   frame_buffer_243_U | -    | -    |        | frame_buffer_243 | ram_1p  | auto | 1       |
|   frame_buffer_244_U | -    | -    |        | frame_buffer_244 | ram_1p  | auto | 1       |
|   frame_buffer_245_U | -    | -    |        | frame_buffer_245 | ram_1p  | auto | 1       |
|   frame_buffer_246_U | -    | -    |        | frame_buffer_246 | ram_1p  | auto | 1       |
|   frame_buffer_247_U | -    | -    |        | frame_buffer_247 | ram_1p  | auto | 1       |
|   frame_buffer_248_U | -    | -    |        | frame_buffer_248 | ram_1p  | auto | 1       |
|   frame_buffer_249_U | -    | -    |        | frame_buffer_249 | ram_1p  | auto | 1       |
|   frame_buffer_250_U | -    | -    |        | frame_buffer_250 | ram_1p  | auto | 1       |
|   frame_buffer_251_U | -    | -    |        | frame_buffer_251 | ram_1p  | auto | 1       |
|   frame_buffer_252_U | -    | -    |        | frame_buffer_252 | ram_1p  | auto | 1       |
|   frame_buffer_253_U | -    | -    |        | frame_buffer_253 | ram_1p  | auto | 1       |
|   frame_buffer_254_U | -    | -    |        | frame_buffer_254 | ram_1p  | auto | 1       |
|   frame_buffer_255_U | -    | -    |        | frame_buffer_255 | ram_1p  | auto | 1       |
|  + zculling          | 4    | 0    |        |                  |         |      |         |
|    z_buffer_V_U      | 4    | -    |        | z_buffer_V       | ram_1p  | auto | 1       |
+----------------------+------+------+--------+------------------+---------+------+---------+


================================================================
== Pragma Report
================================================================
* Valid Pragma Syntax
+----------+---------+-------------------------------------+
| Type     | Options | Location                            |
+----------+---------+-------------------------------------+
| inline   | off     | rendering.cpp:108 in projection     |
| inline   | off     | rendering.cpp:150 in rasterization1 |
| inline   | off     | rendering.cpp:182 in rasterization2 |
| pipeline | II=1    | rendering.cpp:193 in rasterization2 |
| inline   | off     | rendering.cpp:213 in zculling       |
| pipeline | II=1    | rendering.cpp:235 in zculling       |
| inline   | off     | rendering.cpp:252 in coloringfb     |
| pipeline | II=1    | rendering.cpp:259 in coloringfb     |
| pipeline | II=1    | rendering.cpp:268 in coloringfb     |
| inline   |         | rendering.cpp:277 in output_fb      |
+----------+---------+-------------------------------------+

* Inferred Pragmas
+----------------------------+-----------------+--------------------------------------------+------------------------------------+
| Source Pragma              | Inferred Pragma | Options                                    | Location                           |
+----------------------------+-----------------+--------------------------------------------+------------------------------------+
| pipeline rendering.cpp:259 | array_partition | dim=2 type=complete  variable=frame_buffer | variable frame_buffer in rendering |
+----------------------------+-----------------+--------------------------------------------+------------------------------------+


