

================================================================
== Vitis HLS Report for 'projection'
================================================================
* Date:           Tue Dec 17 15:07:09 2024

* Version:        2022.2 (Build 3670227 on Oct 13 2022)
* Project:        project
* Solution:       solution1 (Vivado IP Flow Target)
* Product family: virtexuplus
* Target device:  xcu280-fsvh2892-2L-e


================================================================
== Performance Estimates
================================================================
+ Timing: 
    * Summary: 
    +--------+----------+----------+------------+
    |  Clock |  Target  | Estimated| Uncertainty|
    +--------+----------+----------+------------+
    |ap_clk  |  10.00 ns|  2.538 ns|     2.70 ns|
    +--------+----------+----------+------------+

+ Latency: 
    * Summary: 
    +---------+---------+----------+----------+-----+-----+---------+
    |  Latency (cycles) |  Latency (absolute) |  Interval | Pipeline|
    |   min   |   max   |    min   |    max   | min | max |   Type  |
    +---------+---------+----------+----------+-----+-----+---------+
    |        0|        0|      0 ns|      0 ns|    0|    0|       no|
    +---------+---------+----------+----------+-----+-----+---------+

    + Detail: 
        * Instance: 
        N/A

        * Loop: 
        N/A



================================================================
== Utilization Estimates
================================================================
* Summary: 
+---------------------+---------+------+---------+---------+-----+
|         Name        | BRAM_18K|  DSP |    FF   |   LUT   | URAM|
+---------------------+---------+------+---------+---------+-----+
|DSP                  |        -|     -|        -|        -|    -|
|Expression           |        -|     -|        0|       38|    -|
|FIFO                 |        -|     -|        -|        -|    -|
|Instance             |        -|     0|        0|      186|    -|
|Memory               |        -|     -|        -|        -|    -|
|Multiplexer          |        -|     -|        -|        -|    -|
|Register             |        -|     -|        -|        -|    -|
+---------------------+---------+------+---------+---------+-----+
|Total                |        0|     0|        0|      224|    0|
+---------------------+---------+------+---------+---------+-----+
|Available SLR        |     1344|  3008|   869120|   434560|  320|
+---------------------+---------+------+---------+---------+-----+
|Utilization SLR (%)  |        0|     0|        0|       ~0|    0|
+---------------------+---------+------+---------+---------+-----+
|Available            |     4032|  9024|  2607360|  1303680|  960|
+---------------------+---------+------+---------+---------+-----+
|Utilization (%)      |        0|     0|        0|       ~0|    0|
+---------------------+---------+------+---------+---------+-----+

+ Detail: 
    * Instance: 
    +------------------------+---------------------+---------+----+---+----+-----+
    |        Instance        |        Module       | BRAM_18K| DSP| FF| LUT| URAM|
    +------------------------+---------------------+---------+----+---+----+-----+
    |mul_8ns_10ns_17_1_1_U1  |mul_8ns_10ns_17_1_1  |        0|   0|  0|  62|    0|
    |mul_8ns_10ns_17_1_1_U2  |mul_8ns_10ns_17_1_1  |        0|   0|  0|  62|    0|
    |mul_8ns_10ns_17_1_1_U3  |mul_8ns_10ns_17_1_1  |        0|   0|  0|  62|    0|
    +------------------------+---------------------+---------+----+---+----+-----+
    |Total                   |                     |        0|   0|  0| 186|    0|
    +------------------------+---------------------+---------+----+---+----+-----+

    * DSP: 
    N/A

    * Memory: 
    N/A

    * FIFO: 
    N/A

    * Expression: 
    +-----------------------+----------+----+---+----+------------+------------+
    |     Variable Name     | Operation| DSP| FF| LUT| Bitwidth P0| Bitwidth P1|
    +-----------------------+----------+----+---+----+------------+------------+
    |add_ln186_1_fu_162_p2  |         +|   0|  0|  19|           8|           8|
    |add_ln186_fu_156_p2    |         +|   0|  0|  19|           8|           8|
    +-----------------------+----------+----+---+----+------------+------------+
    |Total                  |          |   0|  0|  38|          16|          16|
    +-----------------------+----------+----+---+----+------------+------------+

    * Multiplexer: 
    N/A

    * Register: 
    N/A



================================================================
== Interface
================================================================
* Summary: 
+------------------------+-----+-----+------------+------------------------+--------------+
|        RTL Ports       | Dir | Bits|  Protocol  |      Source Object     |    C Type    |
+------------------------+-----+-----+------------+------------------------+--------------+
|ap_ready                |  out|    1|  ap_ctrl_hs|              projection|  return value|
|ap_return_0             |  out|    8|  ap_ctrl_hs|              projection|  return value|
|ap_return_1             |  out|    8|  ap_ctrl_hs|              projection|  return value|
|ap_return_2             |  out|    8|  ap_ctrl_hs|              projection|  return value|
|ap_return_3             |  out|    8|  ap_ctrl_hs|              projection|  return value|
|ap_return_4             |  out|    8|  ap_ctrl_hs|              projection|  return value|
|ap_return_5             |  out|    8|  ap_ctrl_hs|              projection|  return value|
|ap_return_6             |  out|    8|  ap_ctrl_hs|              projection|  return value|
|triangle_2d_x0_V_write  |   in|    8|     ap_none|  triangle_2d_x0_V_write|        scalar|
|triangle_2d_y0_V_write  |   in|    8|     ap_none|  triangle_2d_y0_V_write|        scalar|
|triangle_3d_z0          |   in|    8|     ap_none|          triangle_3d_z0|        scalar|
|triangle_2d_x1_V_write  |   in|    8|     ap_none|  triangle_2d_x1_V_write|        scalar|
|triangle_2d_y1_V_write  |   in|    8|     ap_none|  triangle_2d_y1_V_write|        scalar|
|triangle_3d_z1          |   in|    8|     ap_none|          triangle_3d_z1|        scalar|
|triangle_2d_x2_V_write  |   in|    8|     ap_none|  triangle_2d_x2_V_write|        scalar|
|triangle_2d_y2_V_write  |   in|    8|     ap_none|  triangle_2d_y2_V_write|        scalar|
|triangle_3d_z2          |   in|    8|     ap_none|          triangle_3d_z2|        scalar|
+------------------------+-----+-----+------------+------------------------+--------------+

