

================================================================
== Vitis HLS Report for 'rasterization1'
================================================================
* Date:           Tue Dec 17 15:07:09 2024

* Version:        2022.2 (Build 3670227 on Oct 13 2022)
* Project:        project
* Solution:       solution1 (Vivado IP Flow Target)
* Product family: virtexuplus
* Target device:  xcu280-fsvh2892-2L-e


================================================================
== Performance Estimates
================================================================
+ Timing: 
    * Summary: 
    +--------+----------+----------+------------+
    |  Clock |  Target  | Estimated| Uncertainty|
    +--------+----------+----------+------------+
    |ap_clk  |  10.00 ns|  3.595 ns|     2.70 ns|
    +--------+----------+----------+------------+

+ Latency: 
    * Summary: 
    +---------+---------+-----------+-----------+-----+-----+---------+
    |  Latency (cycles) |   Latency (absolute)  |  Interval | Pipeline|
    |   min   |   max   |    min    |    max    | min | max |   Type  |
    +---------+---------+-----------+-----------+-----+-----+---------+
    |        1|        1|  10.000 ns|  10.000 ns|    1|    1|       no|
    +---------+---------+-----------+-----------+-----+-----+---------+

    + Detail: 
        * Instance: 
        N/A

        * Loop: 
        N/A



================================================================
== Utilization Estimates
================================================================
* Summary: 
+---------------------+---------+------+---------+---------+-----+
|         Name        | BRAM_18K|  DSP |    FF   |   LUT   | URAM|
+---------------------+---------+------+---------+---------+-----+
|DSP                  |        -|     -|        -|        -|    -|
|Expression           |        -|     -|        0|      506|    -|
|FIFO                 |        -|     -|        -|        -|    -|
|Instance             |        -|     0|        0|      147|    -|
|Memory               |        -|     -|        -|        -|    -|
|Multiplexer          |        -|     -|        -|      140|    -|
|Register             |        -|     -|      148|        -|    -|
+---------------------+---------+------+---------+---------+-----+
|Total                |        0|     0|      148|      793|    0|
+---------------------+---------+------+---------+---------+-----+
|Available SLR        |     1344|  3008|   869120|   434560|  320|
+---------------------+---------+------+---------+---------+-----+
|Utilization SLR (%)  |        0|     0|       ~0|       ~0|    0|
+---------------------+---------+------+---------+---------+-----+
|Available            |     4032|  9024|  2607360|  1303680|  960|
+---------------------+---------+------+---------+---------+-----+
|Utilization (%)      |        0|     0|       ~0|       ~0|    0|
+---------------------+---------+------+---------+---------+-----+

+ Detail: 
    * Instance: 
    +----------------------+------------------+---------+----+---+----+-----+
    |       Instance       |      Module      | BRAM_18K| DSP| FF| LUT| URAM|
    +----------------------+------------------+---------+----+---+----+-----+
    |mul_9s_9s_16_1_1_U16  |mul_9s_9s_16_1_1  |        0|   0|  0|  49|    0|
    |mul_9s_9s_18_1_1_U14  |mul_9s_9s_18_1_1  |        0|   0|  0|  49|    0|
    |mul_9s_9s_18_1_1_U15  |mul_9s_9s_18_1_1  |        0|   0|  0|  49|    0|
    +----------------------+------------------+---------+----+---+----+-----+
    |Total                 |                  |        0|   0|  0| 147|    0|
    +----------------------+------------------+---------+----+---+----+-----+

    * DSP: 
    N/A

    * Memory: 
    N/A

    * FIFO: 
    N/A

    * Expression: 
    +---------------------------+----------+----+---+----+------------+------------+
    |       Variable Name       | Operation| DSP| FF| LUT| Bitwidth P0| Bitwidth P1|
    +---------------------------+----------+----+---+----+------------+------------+
    |ret_V_35_fu_434_p2         |         -|   0|  0|  16|           9|           9|
    |ret_V_36_fu_452_p2         |         -|   0|  0|  16|           9|           9|
    |ret_V_37_fu_178_p2         |         -|   0|  0|  16|           9|           9|
    |ret_V_38_fu_192_p2         |         -|   0|  0|  16|           9|           9|
    |ret_V_40_fu_216_p2         |         -|   0|  0|  16|           9|           9|
    |ret_V_41_fu_226_p2         |         -|   0|  0|  16|           9|           9|
    |ret_V_fu_246_p2            |         -|   0|  0|  25|          18|          18|
    |icmp_ln1027_3_fu_302_p2    |      icmp|   0|  0|  11|           8|           8|
    |icmp_ln1027_4_fu_312_p2    |      icmp|   0|  0|  11|           8|           8|
    |icmp_ln1027_5_fu_362_p2    |      icmp|   0|  0|  11|           8|           8|
    |icmp_ln1027_6_fu_366_p2    |      icmp|   0|  0|  11|           8|           8|
    |icmp_ln1027_7_fu_376_p2    |      icmp|   0|  0|  11|           8|           8|
    |icmp_ln1027_fu_298_p2      |      icmp|   0|  0|  11|           8|           8|
    |icmp_ln1035_1_fu_334_p2    |      icmp|   0|  0|  11|           8|           8|
    |icmp_ln1035_2_fu_344_p2    |      icmp|   0|  0|  11|           8|           8|
    |icmp_ln1035_3_fu_394_p2    |      icmp|   0|  0|  11|           8|           8|
    |icmp_ln1035_4_fu_398_p2    |      icmp|   0|  0|  11|           8|           8|
    |icmp_ln1035_5_fu_408_p2    |      icmp|   0|  0|  11|           8|           8|
    |icmp_ln1035_fu_330_p2      |      icmp|   0|  0|  11|           8|           8|
    |icmp_ln152_fu_252_p2       |      icmp|   0|  0|  13|          18|          18|
    |in0_V_1_fu_282_p3          |    select|   0|  0|   8|           1|           8|
    |in0_V_fu_290_p3            |    select|   0|  0|   8|           1|           8|
    |in1_V_1_fu_266_p3          |    select|   0|  0|   8|           1|           8|
    |in1_V_fu_274_p3            |    select|   0|  0|   8|           1|           8|
    |lhs_5_fu_354_p3            |    select|   0|  0|   8|           1|           8|
    |lhs_6_fu_418_p3            |    select|   0|  0|   8|           1|           8|
    |rhs_5_fu_322_p3            |    select|   0|  0|   8|           1|           8|
    |rhs_6_fu_386_p3            |    select|   0|  0|   8|           1|           8|
    |select_ln152_10_fu_538_p3  |    select|   0|  0|   8|           1|           8|
    |select_ln152_11_fu_544_p3  |    select|   0|  0|   8|           1|           8|
    |select_ln152_12_fu_550_p3  |    select|   0|  0|   8|           1|           8|
    |select_ln152_1_fu_479_p3   |    select|   0|  0|   8|           1|           8|
    |select_ln152_2_fu_486_p3   |    select|   0|  0|   8|           1|           8|
    |select_ln152_3_fu_493_p3   |    select|   0|  0|   8|           1|           8|
    |select_ln152_4_fu_500_p3   |    select|   0|  0|  16|           1|          16|
    |select_ln152_5_fu_507_p3   |    select|   0|  0|   8|           1|           8|
    |select_ln152_6_fu_514_p3   |    select|   0|  0|   8|           1|           8|
    |select_ln152_7_fu_520_p3   |    select|   0|  0|   8|           1|           8|
    |select_ln152_8_fu_526_p3   |    select|   0|  0|   8|           1|           8|
    |select_ln152_9_fu_532_p3   |    select|   0|  0|   8|           1|           8|
    |select_ln152_fu_472_p3     |    select|   0|  0|   8|           1|           8|
    |select_ln69_1_fu_380_p3    |    select|   0|  0|   8|           1|           8|
    |select_ln69_fu_316_p3      |    select|   0|  0|   8|           1|           8|
    |select_ln76_1_fu_370_p3    |    select|   0|  0|   8|           1|           8|
    |select_ln76_fu_306_p3      |    select|   0|  0|   8|           1|           8|
    |select_ln89_1_fu_412_p3    |    select|   0|  0|   8|           1|           8|
    |select_ln89_fu_348_p3      |    select|   0|  0|   8|           1|           8|
    |select_ln96_1_fu_402_p3    |    select|   0|  0|   8|           1|           8|
    |select_ln96_fu_338_p3      |    select|   0|  0|   8|           1|           8|
    +---------------------------+----------+----+---+----+------------+------------+
    |Total                      |          |   0|  0| 506|         215|         426|
    +---------------------------+----------+----+---+----+------------+------------+

    * Multiplexer: 
    +--------------+----+-----------+-----+-----------+
    |     Name     | LUT| Input Size| Bits| Total Bits|
    +--------------+----+-----------+-----+-----------+
    |ap_NS_fsm     |  14|          3|    1|          3|
    |ap_return_0   |   9|          2|    1|          2|
    |ap_return_1   |   9|          2|    8|         16|
    |ap_return_10  |   9|          2|    8|         16|
    |ap_return_11  |   9|          2|    8|         16|
    |ap_return_12  |   9|          2|    8|         16|
    |ap_return_13  |   9|          2|   16|         32|
    |ap_return_2   |   9|          2|    8|         16|
    |ap_return_3   |   9|          2|    8|         16|
    |ap_return_4   |   9|          2|    8|         16|
    |ap_return_5   |   9|          2|    8|         16|
    |ap_return_6   |   9|          2|    8|         16|
    |ap_return_7   |   9|          2|    8|         16|
    |ap_return_8   |   9|          2|    8|         16|
    |ap_return_9   |   9|          2|    8|         16|
    +--------------+----+-----------+-----+-----------+
    |Total         | 140|         31|  114|        229|
    +--------------+----+-----------+-----+-----------+

    * Register: 
    +--------------------+----+----+-----+-----------+
    |        Name        | FF | LUT| Bits| Const Bits|
    +--------------------+----+----+-----+-----------+
    |ap_CS_fsm           |   2|   0|    2|          0|
    |ap_return_0_preg    |   1|   0|    2|          1|
    |ap_return_10_preg   |   8|   0|    8|          0|
    |ap_return_11_preg   |   8|   0|    8|          0|
    |ap_return_12_preg   |   8|   0|    8|          0|
    |ap_return_13_preg   |  16|   0|   16|          0|
    |ap_return_1_preg    |   8|   0|    8|          0|
    |ap_return_2_preg    |   8|   0|    8|          0|
    |ap_return_3_preg    |   8|   0|    8|          0|
    |ap_return_4_preg    |   8|   0|    8|          0|
    |ap_return_5_preg    |   8|   0|    8|          0|
    |ap_return_6_preg    |   8|   0|    8|          0|
    |ap_return_7_preg    |   8|   0|    8|          0|
    |ap_return_8_preg    |   8|   0|    8|          0|
    |ap_return_9_preg    |   8|   0|    8|          0|
    |icmp_ln152_reg_670  |   1|   0|    1|          0|
    |in0_V_1_reg_710     |   8|   0|    8|          0|
    |in0_V_reg_721       |   8|   0|    8|          0|
    |in1_V_1_reg_688     |   8|   0|    8|          0|
    |in1_V_reg_699       |   8|   0|    8|          0|
    +--------------------+----+----+-----+-----------+
    |Total               | 148|   0|  149|          1|
    +--------------------+----+----+-----+-----------+



================================================================
== Interface
================================================================
* Summary: 
+----------------------------+-----+-----+------------+----------------------------+--------------+
|          RTL Ports         | Dir | Bits|  Protocol  |        Source Object       |    C Type    |
+----------------------------+-----+-----+------------+----------------------------+--------------+
|ap_clk                      |   in|    1|  ap_ctrl_hs|              rasterization1|  return value|
|ap_rst                      |   in|    1|  ap_ctrl_hs|              rasterization1|  return value|
|ap_start                    |   in|    1|  ap_ctrl_hs|              rasterization1|  return value|
|ap_done                     |  out|    1|  ap_ctrl_hs|              rasterization1|  return value|
|ap_idle                     |  out|    1|  ap_ctrl_hs|              rasterization1|  return value|
|ap_ready                    |  out|    1|  ap_ctrl_hs|              rasterization1|  return value|
|ap_return_0                 |  out|    2|  ap_ctrl_hs|              rasterization1|  return value|
|ap_return_1                 |  out|    8|  ap_ctrl_hs|              rasterization1|  return value|
|ap_return_2                 |  out|    8|  ap_ctrl_hs|              rasterization1|  return value|
|ap_return_3                 |  out|    8|  ap_ctrl_hs|              rasterization1|  return value|
|ap_return_4                 |  out|    8|  ap_ctrl_hs|              rasterization1|  return value|
|ap_return_5                 |  out|    8|  ap_ctrl_hs|              rasterization1|  return value|
|ap_return_6                 |  out|    8|  ap_ctrl_hs|              rasterization1|  return value|
|ap_return_7                 |  out|    8|  ap_ctrl_hs|              rasterization1|  return value|
|ap_return_8                 |  out|    8|  ap_ctrl_hs|              rasterization1|  return value|
|ap_return_9                 |  out|    8|  ap_ctrl_hs|              rasterization1|  return value|
|ap_return_10                |  out|    8|  ap_ctrl_hs|              rasterization1|  return value|
|ap_return_11                |  out|    8|  ap_ctrl_hs|              rasterization1|  return value|
|ap_return_12                |  out|    8|  ap_ctrl_hs|              rasterization1|  return value|
|ap_return_13                |  out|   16|  ap_ctrl_hs|              rasterization1|  return value|
|triangle_2d_x0              |   in|    8|     ap_none|              triangle_2d_x0|        scalar|
|triangle_2d_y0              |   in|    8|     ap_none|              triangle_2d_y0|        scalar|
|triangle_2d_x1              |   in|    8|     ap_none|              triangle_2d_x1|        scalar|
|triangle_2d_y1              |   in|    8|     ap_none|              triangle_2d_y1|        scalar|
|triangle_2d_x2              |   in|    8|     ap_none|              triangle_2d_x2|        scalar|
|triangle_2d_y2              |   in|    8|     ap_none|              triangle_2d_y2|        scalar|
|triangle_2d_z               |   in|    8|     ap_none|               triangle_2d_z|        scalar|
|p_read1                     |   in|    8|     ap_none|                     p_read1|        scalar|
|p_read2                     |   in|    8|     ap_none|                     p_read2|        scalar|
|p_read3                     |   in|    8|     ap_none|                     p_read3|        scalar|
|p_read4                     |   in|    8|     ap_none|                     p_read4|        scalar|
|p_read5                     |   in|    8|     ap_none|                     p_read5|        scalar|
|triangle_2d_same_x0_V_read  |   in|    8|     ap_none|  triangle_2d_same_x0_V_read|        scalar|
|triangle_2d_same_y0_V_read  |   in|    8|     ap_none|  triangle_2d_same_y0_V_read|        scalar|
|triangle_2d_same_x1_V_read  |   in|    8|     ap_none|  triangle_2d_same_x1_V_read|        scalar|
|triangle_2d_same_y1_V_read  |   in|    8|     ap_none|  triangle_2d_same_y1_V_read|        scalar|
|triangle_2d_same_x2_V_read  |   in|    8|     ap_none|  triangle_2d_same_x2_V_read|        scalar|
|triangle_2d_same_y2_V_read  |   in|    8|     ap_none|  triangle_2d_same_y2_V_read|        scalar|
|triangle_2d_same_z_V_read   |   in|    8|     ap_none|   triangle_2d_same_z_V_read|        scalar|
|p_read11                    |   in|   16|     ap_none|                    p_read11|        scalar|
+----------------------------+-----+-----+------------+----------------------------+--------------+

