

================================================================
== Vitis HLS Report for 'rasterization2'
================================================================
* Date:           Tue Dec 17 15:07:10 2024

* Version:        2022.2 (Build 3670227 on Oct 13 2022)
* Project:        project
* Solution:       solution1 (Vivado IP Flow Target)
* Product family: virtexuplus
* Target device:  xcu280-fsvh2892-2L-e


================================================================
== Performance Estimates
================================================================
+ Timing: 
    * Summary: 
    +--------+----------+----------+------------+
    |  Clock |  Target  | Estimated| Uncertainty|
    +--------+----------+----------+------------+
    |ap_clk  |  10.00 ns|  3.574 ns|     2.70 ns|
    +--------+----------+----------+------------+

+ Latency: 
    * Summary: 
    +---------+---------+-----------+----------+-----+-------+---------+
    |  Latency (cycles) |  Latency (absolute)  |   Interval  | Pipeline|
    |   min   |   max   |    min    |    max   | min |  max  |   Type  |
    +---------+---------+-----------+----------+-----+-------+---------+
    |        1|    65560|  10.000 ns|  0.656 ms|    1|  65560|       no|
    +---------+---------+-----------+----------+-----+-------+---------+

    + Detail: 
        * Instance: 
        +------------------------------------------+-------------------------------+---------+---------+-----------+----------+-----+-------+---------+
        |                                          |                               |  Latency (cycles) |  Latency (absolute)  |   Interval  | Pipeline|
        |                 Instance                 |             Module            |   min   |   max   |    min    |    max   | min |  max  |   Type  |
        +------------------------------------------+-------------------------------+---------+---------+-----------+----------+-----+-------+---------+
        |grp_rasterization2_Pipeline_RAST2_fu_133  |rasterization2_Pipeline_RAST2  |        2|    65558|  20.000 ns|  0.656 ms|    2|  65558|       no|
        +------------------------------------------+-------------------------------+---------+---------+-----------+----------+-----+-------+---------+

        * Loop: 
        N/A



================================================================
== Utilization Estimates
================================================================
* Summary: 
+---------------------+---------+------+---------+---------+-----+
|         Name        | BRAM_18K|  DSP |    FF   |   LUT   | URAM|
+---------------------+---------+------+---------+---------+-----+
|DSP                  |        -|     -|        -|        -|    -|
|Expression           |        -|     -|        0|      104|    -|
|FIFO                 |        -|     -|        -|        -|    -|
|Instance             |        -|     3|     1712|     1425|    -|
|Memory               |        -|     -|        -|        -|    -|
|Multiplexer          |        -|     -|        -|       47|    -|
|Register             |        -|     -|       91|        -|    -|
+---------------------+---------+------+---------+---------+-----+
|Total                |        0|     3|     1803|     1576|    0|
+---------------------+---------+------+---------+---------+-----+
|Available SLR        |     1344|  3008|   869120|   434560|  320|
+---------------------+---------+------+---------+---------+-----+
|Utilization SLR (%)  |        0|    ~0|       ~0|       ~0|    0|
+---------------------+---------+------+---------+---------+-----+
|Available            |     4032|  9024|  2607360|  1303680|  960|
+---------------------+---------+------+---------+---------+-----+
|Utilization (%)      |        0|    ~0|       ~0|       ~0|    0|
+---------------------+---------+------+---------+---------+-----+

+ Detail: 
    * Instance: 
    +------------------------------------------+-------------------------------+---------+----+------+------+-----+
    |                 Instance                 |             Module            | BRAM_18K| DSP|  FF  |  LUT | URAM|
    +------------------------------------------+-------------------------------+---------+----+------+------+-----+
    |grp_rasterization2_Pipeline_RAST2_fu_133  |rasterization2_Pipeline_RAST2  |        0|   3|  1712|  1425|    0|
    +------------------------------------------+-------------------------------+---------+----+------+------+-----+
    |Total                                     |                               |        0|   3|  1712|  1425|    0|
    +------------------------------------------+-------------------------------+---------+----+------+------+-----+

    * DSP: 
    N/A

    * Memory: 
    N/A

    * FIFO: 
    N/A

    * Expression: 
    +----------------------+----------+----+---+----+------------+------------+
    |     Variable Name    | Operation| DSP| FF| LUT| Bitwidth P0| Bitwidth P1|
    +----------------------+----------+----+---+----+------------+------------+
    |ret_V_27_fu_188_p2    |         -|   0|  0|  16|           9|           9|
    |ret_V_30_fu_203_p2    |         -|   0|  0|  16|           9|           9|
    |ret_V_33_fu_214_p2    |         -|   0|  0|  16|           9|           9|
    |ret_V_36_fu_225_p2    |         -|   0|  0|  16|           9|           9|
    |ret_V_39_fu_232_p2    |         -|   0|  0|  16|           9|           9|
    |ret_V_42_fu_239_p2    |         -|   0|  0|  16|           9|           9|
    |icmp_ln184_fu_174_p2  |      icmp|   0|  0|   8|           2|           1|
    +----------------------+----------+----+---+----+------------+------------+
    |Total                 |          |   0|  0| 104|          56|          55|
    +----------------------+----------+----+---+----+------------+------------+

    * Multiplexer: 
    +---------------------------------------+----+-----------+-----+-----------+
    |                  Name                 | LUT| Input Size| Bits| Total Bits|
    +---------------------------------------+----+-----------+-----+-----------+
    |agg_result_0_reg_122                   |   9|          2|   16|         32|
    |ap_NS_fsm                              |  20|          4|    1|          4|
    |ap_phi_mux_agg_result_0_phi_fu_126_p4  |   9|          2|   16|         32|
    |ap_return                              |   9|          2|   16|         32|
    +---------------------------------------+----+-----------+-----+-----------+
    |Total                                  |  47|         10|   49|        100|
    +---------------------------------------+----+-----------+-----+-----------+

    * Register: 
    +-------------------------------------------------------+----+----+-----+-----------+
    |                          Name                         | FF | LUT| Bits| Const Bits|
    +-------------------------------------------------------+----+----+-----+-----------+
    |agg_result_0_reg_122                                   |  16|   0|   16|          0|
    |ap_CS_fsm                                              |   3|   0|    3|          0|
    |ap_return_preg                                         |  16|   0|   16|          0|
    |grp_rasterization2_Pipeline_RAST2_fu_133_ap_start_reg  |   1|   0|    1|          0|
    |icmp_ln184_reg_311                                     |   1|   0|    1|          0|
    |ret_V_27_reg_315                                       |   9|   0|    9|          0|
    |ret_V_30_reg_320                                       |   9|   0|    9|          0|
    |ret_V_33_reg_325                                       |   9|   0|    9|          0|
    |ret_V_36_reg_330                                       |   9|   0|    9|          0|
    |ret_V_39_reg_335                                       |   9|   0|    9|          0|
    |ret_V_42_reg_340                                       |   9|   0|    9|          0|
    +-------------------------------------------------------+----+----+-----+-----------+
    |Total                                                  |  91|   0|   91|          0|
    +-------------------------------------------------------+----+----+-----+-----------+



================================================================
== Interface
================================================================
* Summary: 
+--------------------------+-----+-----+------------+---------------------+--------------+
|         RTL Ports        | Dir | Bits|  Protocol  |    Source Object    |    C Type    |
+--------------------------+-----+-----+------------+---------------------+--------------+
|ap_clk                    |   in|    1|  ap_ctrl_hs|       rasterization2|  return value|
|ap_rst                    |   in|    1|  ap_ctrl_hs|       rasterization2|  return value|
|ap_start                  |   in|    1|  ap_ctrl_hs|       rasterization2|  return value|
|ap_done                   |  out|    1|  ap_ctrl_hs|       rasterization2|  return value|
|ap_idle                   |  out|    1|  ap_ctrl_hs|       rasterization2|  return value|
|ap_ready                  |  out|    1|  ap_ctrl_hs|       rasterization2|  return value|
|ap_return                 |  out|   16|  ap_ctrl_hs|       rasterization2|  return value|
|flag                      |   in|    2|     ap_none|                 flag|        scalar|
|p_read1                   |   in|    8|     ap_none|              p_read1|        scalar|
|p_read2                   |   in|    8|     ap_none|              p_read2|        scalar|
|p_read3                   |   in|    8|     ap_none|              p_read3|        scalar|
|p_read4                   |   in|   16|     ap_none|              p_read4|        scalar|
|triangle_2d_same_x0       |   in|    8|     ap_none|  triangle_2d_same_x0|        scalar|
|triangle_2d_same_y0       |   in|    8|     ap_none|  triangle_2d_same_y0|        scalar|
|triangle_2d_same_x1       |   in|    8|     ap_none|  triangle_2d_same_x1|        scalar|
|triangle_2d_same_y1       |   in|    8|     ap_none|  triangle_2d_same_y1|        scalar|
|triangle_2d_same_x2       |   in|    8|     ap_none|  triangle_2d_same_x2|        scalar|
|triangle_2d_same_y2       |   in|    8|     ap_none|  triangle_2d_same_y2|        scalar|
|triangle_2d_same_z        |   in|    8|     ap_none|   triangle_2d_same_z|        scalar|
|fragment2_x_address0      |  out|    9|   ap_memory|          fragment2_x|         array|
|fragment2_x_ce0           |  out|    1|   ap_memory|          fragment2_x|         array|
|fragment2_x_we0           |  out|    1|   ap_memory|          fragment2_x|         array|
|fragment2_x_d0            |  out|    8|   ap_memory|          fragment2_x|         array|
|fragment2_y_address0      |  out|    9|   ap_memory|          fragment2_y|         array|
|fragment2_y_ce0           |  out|    1|   ap_memory|          fragment2_y|         array|
|fragment2_y_we0           |  out|    1|   ap_memory|          fragment2_y|         array|
|fragment2_y_d0            |  out|    8|   ap_memory|          fragment2_y|         array|
|fragment2_z_address0      |  out|    9|   ap_memory|          fragment2_z|         array|
|fragment2_z_ce0           |  out|    1|   ap_memory|          fragment2_z|         array|
|fragment2_z_we0           |  out|    1|   ap_memory|          fragment2_z|         array|
|fragment2_z_d0            |  out|    8|   ap_memory|          fragment2_z|         array|
|fragment2_color_address0  |  out|    9|   ap_memory|      fragment2_color|         array|
|fragment2_color_ce0       |  out|    1|   ap_memory|      fragment2_color|         array|
|fragment2_color_we0       |  out|    1|   ap_memory|      fragment2_color|         array|
|fragment2_color_d0        |  out|    6|   ap_memory|      fragment2_color|         array|
+--------------------------+-----+-----+------------+---------------------+--------------+

