

================================================================
== Vitis HLS Report for 'zculling'
================================================================
* Date:           Tue Dec 17 15:07:10 2024

* Version:        2022.2 (Build 3670227 on Oct 13 2022)
* Project:        project
* Solution:       solution1 (Vivado IP Flow Target)
* Product family: virtexuplus
* Target device:  xcu280-fsvh2892-2L-e


================================================================
== Performance Estimates
================================================================
+ Timing: 
    * Summary: 
    +--------+----------+----------+------------+
    |  Clock |  Target  | Estimated| Uncertainty|
    +--------+----------+----------+------------+
    |ap_clk  |  10.00 ns|  3.077 ns|     2.70 ns|
    +--------+----------+----------+------------+

+ Latency: 
    * Summary: 
    +---------+---------+-----------+----------+-----+--------+---------+
    |  Latency (cycles) |  Latency (absolute)  |   Interval   | Pipeline|
    |   min   |   max   |    min    |    max   | min |   max  |   Type  |
    +---------+---------+-----------+----------+-----+--------+---------+
    |        6|   196615|  60.000 ns|  1.966 ms|    6|  196615|       no|
    +---------+---------+-----------+----------+-----+--------+---------+

    + Detail: 
        * Instance: 
        +-----------------------------------------------------------------+-------------------------------------------------------+---------+---------+-----------+----------+-------+--------+---------+
        |                                                                 |                                                       |  Latency (cycles) |  Latency (absolute)  |    Interval    | Pipeline|
        |                             Instance                            |                         Module                        |   min   |   max   |    min    |    max   |  min  |   max  |   Type  |
        +-----------------------------------------------------------------+-------------------------------------------------------+---------+---------+-----------+----------+-------+--------+---------+
        |grp_zculling_Pipeline_ZCULLING_INIT_ROW_ZCULLING_INIT_COL_fu_48  |zculling_Pipeline_ZCULLING_INIT_ROW_ZCULLING_INIT_COL  |    65538|    65538|   0.655 ms|  0.655 ms|  65538|   65538|       no|
        |grp_zculling_Pipeline_ZCULLING_fu_54                             |zculling_Pipeline_ZCULLING                             |        2|   131073|  20.000 ns|  1.311 ms|      2|  131073|       no|
        +-----------------------------------------------------------------+-------------------------------------------------------+---------+---------+-----------+----------+-------+--------+---------+

        * Loop: 
        N/A



================================================================
== Utilization Estimates
================================================================
* Summary: 
+---------------------+---------+------+---------+---------+-----+
|         Name        | BRAM_18K|  DSP |    FF   |   LUT   | URAM|
+---------------------+---------+------+---------+---------+-----+
|DSP                  |        -|     -|        -|        -|    -|
|Expression           |        -|     -|        0|       14|    -|
|FIFO                 |        -|     -|        -|        -|    -|
|Instance             |        -|     -|      165|      331|    -|
|Memory               |        4|     -|        0|        0|    0|
|Multiplexer          |        -|     -|        -|       87|    -|
|Register             |        -|     -|        8|        -|    -|
+---------------------+---------+------+---------+---------+-----+
|Total                |        4|     0|      173|      432|    0|
+---------------------+---------+------+---------+---------+-----+
|Available SLR        |     1344|  3008|   869120|   434560|  320|
+---------------------+---------+------+---------+---------+-----+
|Utilization SLR (%)  |       ~0|     0|       ~0|       ~0|    0|
+---------------------+---------+------+---------+---------+-----+
|Available            |     4032|  9024|  2607360|  1303680|  960|
+---------------------+---------+------+---------+---------+-----+
|Utilization (%)      |       ~0|     0|       ~0|       ~0|    0|
+---------------------+---------+------+---------+---------+-----+

+ Detail: 
    * Instance: 
    +-----------------------------------------------------------------+-------------------------------------------------------+---------+----+-----+-----+-----+
    |                             Instance                            |                         Module                        | BRAM_18K| DSP|  FF | LUT | URAM|
    +-----------------------------------------------------------------+-------------------------------------------------------+---------+----+-----+-----+-----+
    |grp_zculling_Pipeline_ZCULLING_fu_54                             |zculling_Pipeline_ZCULLING                             |        0|   0|  127|  163|    0|
    |grp_zculling_Pipeline_ZCULLING_INIT_ROW_ZCULLING_INIT_COL_fu_48  |zculling_Pipeline_ZCULLING_INIT_ROW_ZCULLING_INIT_COL  |        0|   0|   38|  168|    0|
    +-----------------------------------------------------------------+-------------------------------------------------------+---------+----+-----+-----+-----+
    |Total                                                            |                                                       |        0|   0|  165|  331|    0|
    +-----------------------------------------------------------------+-------------------------------------------------------+---------+----+-----+-----+-----+

    * DSP: 
    N/A

    * Memory: 
    +--------------+-----------------------------------+---------+---+----+-----+-------+-----+------+-------------+
    |    Memory    |               Module              | BRAM_18K| FF| LUT| URAM| Words | Bits| Banks| W*Bits*Banks|
    +--------------+-----------------------------------+---------+---+----+-----+-------+-----+------+-------------+
    |z_buffer_V_U  |zculling_z_buffer_V_RAM_AUTO_1R1W  |        4|  0|   0|    0|  65536|    8|     1|       524288|
    +--------------+-----------------------------------+---------+---+----+-----+-------+-----+------+-------------+
    |Total         |                                   |        4|  0|   0|    0|  65536|    8|     1|       524288|
    +--------------+-----------------------------------+---------+---+----+-----+-------+-----+------+-------------+

    * FIFO: 
    N/A

    * Expression: 
    +---------------------------------+----------+----+---+----+------------+------------+
    |          Variable Name          | Operation| DSP| FF| LUT| Bitwidth P0| Bitwidth P1|
    +---------------------------------+----------+----+---+----+------------+------------+
    |ap_block_state2_on_subcall_done  |       and|   0|  0|   2|           1|           1|
    |icmp_ln1019_fu_76_p2             |      icmp|   0|  0|  12|          12|           1|
    +---------------------------------+----------+----+---+----+------------+------------+
    |Total                            |          |   0|  0|  14|          13|           2|
    +---------------------------------+----------+----+---+----+------------+------------+

    * Multiplexer: 
    +---------------------+----+-----------+-----+-----------+
    |         Name        | LUT| Input Size| Bits| Total Bits|
    +---------------------+----+-----------+-----+-----------+
    |ap_NS_fsm            |  31|          6|    1|          6|
    |z_buffer_V_address0  |  14|          3|   16|         48|
    |z_buffer_V_ce0       |  14|          3|    1|          3|
    |z_buffer_V_d0        |  14|          3|    8|         24|
    |z_buffer_V_we0       |  14|          3|    1|          3|
    +---------------------+----+-----------+-----+-----------+
    |Total                |  87|         18|   27|         84|
    +---------------------+----+-----------+-----+-----------+

    * Register: 
    +------------------------------------------------------------------------------+---+----+-----+-----------+
    |                                     Name                                     | FF| LUT| Bits| Const Bits|
    +------------------------------------------------------------------------------+---+----+-----+-----------+
    |ap_CS_fsm                                                                     |  5|   0|    5|          0|
    |grp_zculling_Pipeline_ZCULLING_INIT_ROW_ZCULLING_INIT_COL_fu_48_ap_start_reg  |  1|   0|    1|          0|
    |grp_zculling_Pipeline_ZCULLING_fu_54_ap_start_reg                             |  1|   0|    1|          0|
    |icmp_ln1019_reg_96                                                            |  1|   0|    1|          0|
    +------------------------------------------------------------------------------+---+----+-----+-----------+
    |Total                                                                         |  8|   0|    8|          0|
    +------------------------------------------------------------------------------+---+----+-----+-----------+



================================================================
== Interface
================================================================
* Summary: 
+--------------------------+-----+-----+------------+-----------------+--------------+
|         RTL Ports        | Dir | Bits|  Protocol  |  Source Object  |    C Type    |
+--------------------------+-----+-----+------------+-----------------+--------------+
|ap_clk                    |   in|    1|  ap_ctrl_hs|         zculling|  return value|
|ap_rst                    |   in|    1|  ap_ctrl_hs|         zculling|  return value|
|ap_start                  |   in|    1|  ap_ctrl_hs|         zculling|  return value|
|ap_done                   |  out|    1|  ap_ctrl_hs|         zculling|  return value|
|ap_idle                   |  out|    1|  ap_ctrl_hs|         zculling|  return value|
|ap_ready                  |  out|    1|  ap_ctrl_hs|         zculling|  return value|
|ap_return                 |  out|   16|  ap_ctrl_hs|         zculling|  return value|
|counter                   |   in|   12|     ap_none|          counter|        scalar|
|fragments_x_address0      |  out|    9|   ap_memory|      fragments_x|         array|
|fragments_x_ce0           |  out|    1|   ap_memory|      fragments_x|         array|
|fragments_x_q0            |   in|    8|   ap_memory|      fragments_x|         array|
|fragments_y_address0      |  out|    9|   ap_memory|      fragments_y|         array|
|fragments_y_ce0           |  out|    1|   ap_memory|      fragments_y|         array|
|fragments_y_q0            |   in|    8|   ap_memory|      fragments_y|         array|
|fragments_z_address0      |  out|    9|   ap_memory|      fragments_z|         array|
|fragments_z_ce0           |  out|    1|   ap_memory|      fragments_z|         array|
|fragments_z_q0            |   in|    8|   ap_memory|      fragments_z|         array|
|fragments_color_address0  |  out|    9|   ap_memory|  fragments_color|         array|
|fragments_color_ce0       |  out|    1|   ap_memory|  fragments_color|         array|
|fragments_color_q0        |   in|    6|   ap_memory|  fragments_color|         array|
|size                      |   in|   16|     ap_none|             size|        scalar|
|pixels_x_address0         |  out|    9|   ap_memory|         pixels_x|         array|
|pixels_x_ce0              |  out|    1|   ap_memory|         pixels_x|         array|
|pixels_x_we0              |  out|    1|   ap_memory|         pixels_x|         array|
|pixels_x_d0               |  out|    8|   ap_memory|         pixels_x|         array|
|pixels_y_address0         |  out|    9|   ap_memory|         pixels_y|         array|
|pixels_y_ce0              |  out|    1|   ap_memory|         pixels_y|         array|
|pixels_y_we0              |  out|    1|   ap_memory|         pixels_y|         array|
|pixels_y_d0               |  out|    8|   ap_memory|         pixels_y|         array|
|pixels_color_address0     |  out|    9|   ap_memory|     pixels_color|         array|
|pixels_color_ce0          |  out|    1|   ap_memory|     pixels_color|         array|
|pixels_color_we0          |  out|    1|   ap_memory|     pixels_color|         array|
|pixels_color_d0           |  out|    6|   ap_memory|     pixels_color|         array|
+--------------------------+-----+-----+------------+-----------------+--------------+

