

================================================================
== Vitis HLS Report for 'zculling_Pipeline_ZCULLING'
================================================================
* Date:           Tue Dec 17 15:07:10 2024

* Version:        2022.2 (Build 3670227 on Oct 13 2022)
* Project:        project
* Solution:       solution1 (Vivado IP Flow Target)
* Product family: virtexuplus
* Target device:  xcu280-fsvh2892-2L-e


================================================================
== Performance Estimates
================================================================
+ Timing: 
    * Summary: 
    +--------+----------+----------+------------+
    |  Clock |  Target  | Estimated| Uncertainty|
    +--------+----------+----------+------------+
    |ap_clk  |  10.00 ns|  3.077 ns|     2.70 ns|
    +--------+----------+----------+------------+

+ Latency: 
    * Summary: 
    +---------+---------+-----------+----------+-----+--------+---------+
    |  Latency (cycles) |  Latency (absolute)  |   Interval   | Pipeline|
    |   min   |   max   |    min    |    max   | min |   max  |   Type  |
    +---------+---------+-----------+----------+-----+--------+---------+
    |        2|   131073|  20.000 ns|  1.311 ms|    2|  131073|       no|
    +---------+---------+-----------+----------+-----+--------+---------+

    + Detail: 
        * Instance: 
        N/A

        * Loop: 
        +------------+---------+---------+----------+-----------+-----------+-----------+----------+
        |            |  Latency (cycles) | Iteration|  Initiation Interval  |    Trip   |          |
        |  Loop Name |   min   |   max   |  Latency |  achieved |   target  |   Count   | Pipelined|
        +------------+---------+---------+----------+-----------+-----------+-----------+----------+
        |- ZCULLING  |        0|   131071|         4|          2|          1|  0 ~ 65535|       yes|
        +------------+---------+---------+----------+-----------+-----------+-----------+----------+



================================================================
== Utilization Estimates
================================================================
* Summary: 
+---------------------+---------+------+---------+---------+-----+
|         Name        | BRAM_18K|  DSP |    FF   |   LUT   | URAM|
+---------------------+---------+------+---------+---------+-----+
|DSP                  |        -|     -|        -|        -|    -|
|Expression           |        -|     -|        0|       72|    -|
|FIFO                 |        -|     -|        -|        -|    -|
|Instance             |        -|     -|        -|        -|    -|
|Memory               |        -|     -|        -|        -|    -|
|Multiplexer          |        -|     -|        -|       91|    -|
|Register             |        -|     -|      127|        -|    -|
+---------------------+---------+------+---------+---------+-----+
|Total                |        0|     0|      127|      163|    0|
+---------------------+---------+------+---------+---------+-----+
|Available SLR        |     1344|  3008|   869120|   434560|  320|
+---------------------+---------+------+---------+---------+-----+
|Utilization SLR (%)  |        0|     0|       ~0|       ~0|    0|
+---------------------+---------+------+---------+---------+-----+
|Available            |     4032|  9024|  2607360|  1303680|  960|
+---------------------+---------+------+---------+---------+-----+
|Utilization (%)      |        0|     0|       ~0|       ~0|    0|
+---------------------+---------+------+---------+---------+-----+

+ Detail: 
    * Instance: 
    N/A

    * DSP: 
    N/A

    * Memory: 
    N/A

    * FIFO: 
    N/A

    * Expression: 
    +-------------------------+----------+----+---+----+------------+------------+
    |      Variable Name      | Operation| DSP| FF| LUT| Bitwidth P0| Bitwidth P1|
    +-------------------------+----------+----+---+----+------------+------------+
    |add_ln840_fu_202_p2      |         +|   0|  0|  23|          16|           1|
    |pixel_cntr_V_fu_247_p2   |         +|   0|  0|  23|          16|           1|
    |icmp_ln1027_2_fu_233_p2  |      icmp|   0|  0|  11|           8|           8|
    |icmp_ln1027_fu_196_p2    |      icmp|   0|  0|  13|          16|          16|
    |ap_enable_pp0            |       xor|   0|  0|   2|           1|           2|
    +-------------------------+----------+----+---+----+------------+------------+
    |Total                    |          |   0|  0|  72|          57|          28|
    +-------------------------+----------+----+---+----+------------+------------+

    * Multiplexer: 
    +-------------------------+----+-----------+-----+-----------+
    |           Name          | LUT| Input Size| Bits| Total Bits|
    +-------------------------+----+-----------+-----+-----------+
    |ap_NS_fsm                |  14|          3|    1|          3|
    |ap_done_int              |   9|          2|    1|          2|
    |ap_enable_reg_pp0_iter0  |   9|          2|    1|          2|
    |ap_enable_reg_pp0_iter1  |   9|          2|    1|          2|
    |ap_sig_allocacmp_n_V_1   |   9|          2|   16|         32|
    |n_V_fu_48                |   9|          2|   16|         32|
    |pixel_cntr_V_1_fu_52     |   9|          2|   16|         32|
    |pixel_cntr_V_2_fu_56     |   9|          2|   16|         32|
    |z_buffer_V_address0      |  14|          3|   16|         48|
    +-------------------------+----+-----------+-----+-----------+
    |Total                    |  91|         20|   84|        185|
    +-------------------------+----+-----------+-----+-----------+

    * Register: 
    +-----------------------------+----+----+-----+-----------+
    |             Name            | FF | LUT| Bits| Const Bits|
    +-----------------------------+----+----+-----+-----------+
    |ap_CS_fsm                    |   2|   0|    2|          0|
    |ap_done_reg                  |   1|   0|    1|          0|
    |ap_enable_reg_pp0_iter0_reg  |   1|   0|    1|          0|
    |ap_enable_reg_pp0_iter1      |   1|   0|    1|          0|
    |fragments_x_load_reg_317     |   8|   0|    8|          0|
    |fragments_y_load_reg_312     |   8|   0|    8|          0|
    |fragments_z_load_reg_327     |   8|   0|    8|          0|
    |icmp_ln1027_2_reg_333        |   1|   0|    1|          0|
    |icmp_ln1027_reg_288          |   1|   0|    1|          0|
    |n_V_fu_48                    |  16|   0|   16|          0|
    |pixel_cntr_V_1_fu_52         |  16|   0|   16|          0|
    |pixel_cntr_V_2_fu_56         |  16|   0|   16|          0|
    |z_buffer_V_addr_reg_322      |  16|   0|   16|          0|
    |zext_ln1027_reg_292          |  16|   0|   64|         48|
    |zext_ln541_reg_337           |  16|   0|   64|         48|
    +-----------------------------+----+----+-----+-----------+
    |Total                        | 127|   0|  223|         96|
    +-----------------------------+----+----+-----+-----------+



================================================================
== Interface
================================================================
* Summary: 
+--------------------------+-----+-----+------------+----------------------------+--------------+
|         RTL Ports        | Dir | Bits|  Protocol  |        Source Object       |    C Type    |
+--------------------------+-----+-----+------------+----------------------------+--------------+
|ap_clk                    |   in|    1|  ap_ctrl_hs|  zculling_Pipeline_ZCULLING|  return value|
|ap_rst                    |   in|    1|  ap_ctrl_hs|  zculling_Pipeline_ZCULLING|  return value|
|ap_start                  |   in|    1|  ap_ctrl_hs|  zculling_Pipeline_ZCULLING|  return value|
|ap_done                   |  out|    1|  ap_ctrl_hs|  zculling_Pipeline_ZCULLING|  return value|
|ap_idle                   |  out|    1|  ap_ctrl_hs|  zculling_Pipeline_ZCULLING|  return value|
|ap_ready                  |  out|    1|  ap_ctrl_hs|  zculling_Pipeline_ZCULLING|  return value|
|size                      |   in|   16|     ap_none|                        size|        scalar|
|fragments_y_address0      |  out|    9|   ap_memory|                 fragments_y|         array|
|fragments_y_ce0           |  out|    1|   ap_memory|                 fragments_y|         array|
|fragments_y_q0            |   in|    8|   ap_memory|                 fragments_y|         array|
|fragments_x_address0      |  out|    9|   ap_memory|                 fragments_x|         array|
|fragments_x_ce0           |  out|    1|   ap_memory|                 fragments_x|         array|
|fragments_x_q0            |   in|    8|   ap_memory|                 fragments_x|         array|
|fragments_z_address0      |  out|    9|   ap_memory|                 fragments_z|         array|
|fragments_z_ce0           |  out|    1|   ap_memory|                 fragments_z|         array|
|fragments_z_q0            |   in|    8|   ap_memory|                 fragments_z|         array|
|pixels_x_address0         |  out|    9|   ap_memory|                    pixels_x|         array|
|pixels_x_ce0              |  out|    1|   ap_memory|                    pixels_x|         array|
|pixels_x_we0              |  out|    1|   ap_memory|                    pixels_x|         array|
|pixels_x_d0               |  out|    8|   ap_memory|                    pixels_x|         array|
|pixels_y_address0         |  out|    9|   ap_memory|                    pixels_y|         array|
|pixels_y_ce0              |  out|    1|   ap_memory|                    pixels_y|         array|
|pixels_y_we0              |  out|    1|   ap_memory|                    pixels_y|         array|
|pixels_y_d0               |  out|    8|   ap_memory|                    pixels_y|         array|
|fragments_color_address0  |  out|    9|   ap_memory|             fragments_color|         array|
|fragments_color_ce0       |  out|    1|   ap_memory|             fragments_color|         array|
|fragments_color_q0        |   in|    6|   ap_memory|             fragments_color|         array|
|pixels_color_address0     |  out|    9|   ap_memory|                pixels_color|         array|
|pixels_color_ce0          |  out|    1|   ap_memory|                pixels_color|         array|
|pixels_color_we0          |  out|    1|   ap_memory|                pixels_color|         array|
|pixels_color_d0           |  out|    6|   ap_memory|                pixels_color|         array|
|agg_result_0_out          |  out|   16|      ap_vld|            agg_result_0_out|       pointer|
|agg_result_0_out_ap_vld   |  out|    1|      ap_vld|            agg_result_0_out|       pointer|
|z_buffer_V_address0       |  out|   16|   ap_memory|                  z_buffer_V|         array|
|z_buffer_V_ce0            |  out|    1|   ap_memory|                  z_buffer_V|         array|
|z_buffer_V_we0            |  out|    1|   ap_memory|                  z_buffer_V|         array|
|z_buffer_V_d0             |  out|    8|   ap_memory|                  z_buffer_V|         array|
|z_buffer_V_q0             |   in|    8|   ap_memory|                  z_buffer_V|         array|
+--------------------------+-----+-----+------------+----------------------------+--------------+

