

================================================================
== Vitis HLS Report for 'face_detect_Pipeline_VITIS_LOOP_2805_1'
================================================================
* Date:           Fri Dec 13 10:50:39 2024

* Version:        2022.2 (Build 3670227 on Oct 13 2022)
* Project:        project
* Solution:       solution1 (Vivado IP Flow Target)
* Product family: virtexuplus
* Target device:  xcu280-fsvh2892-2L-e


================================================================
== Performance Estimates
================================================================
+ Timing: 
    * Summary: 
    +--------+----------+----------+------------+
    |  Clock |  Target  | Estimated| Uncertainty|
    +--------+----------+----------+------------+
    |ap_clk  |  10.00 ns|  2.419 ns|     2.70 ns|
    +--------+----------+----------+------------+

+ Latency: 
    * Summary: 
    +---------+---------+----------+----------+-----+-----+---------+
    |  Latency (cycles) |  Latency (absolute) |  Interval | Pipeline|
    |   min   |   max   |    min   |    max   | min | max |   Type  |
    +---------+---------+----------+----------+-----+-----+---------+
    |      322|      322|  3.220 us|  3.220 us|  322|  322|       no|
    +---------+---------+----------+----------+-----+-----+---------+

    + Detail: 
        * Instance: 
        N/A

        * Loop: 
        +---------------------+---------+---------+----------+-----------+-----------+------+----------+
        |                     |  Latency (cycles) | Iteration|  Initiation Interval  | Trip |          |
        |      Loop Name      |   min   |   max   |  Latency |  achieved |   target  | Count| Pipelined|
        +---------------------+---------+---------+----------+-----------+-----------+------+----------+
        |- VITIS_LOOP_2805_1  |      320|      320|         2|          1|          1|   320|       yes|
        +---------------------+---------+---------+----------+-----------+-----------+------+----------+

============================================================
+ Verbose Summary: Synthesis Manager
============================================================
InlineROM: 1
ExposeGlobal: 0
============================================================
+ Verbose Summary: CDFG Model
============================================================
IsTopModel: 0
ResetActiveHigh: 1
IsCombinational: 0
IsDatapathOnly: 0
HasWiredReturn: 1
HasMFsm: 2
HasVarLatency: 1
IsPipeline: 0
IsRtlPipelined: 0
IsInstanceOverlapped: 0
IsDontTouch: 0
HasImplIP: 0
IsGatedGlobalClock: 0

+ Individual pipeline summary: 
  * Pipeline-0: initiation interval (II) = 1, depth = 2


============================================================
+ Verbose Summary: Schedule
============================================================
* Number of FSM states : 2
* Pipeline : 1
  Pipeline-0 : II = 1, D = 2, States = { 1 2 }
* Dataflow Pipeline: 0

* FSM state transitions: 
1 --> 2 
2 --> 

* FSM state operations: 

State 1 <SV = 0> <Delay = 1.17>
ST_1 : Operation 5 [1/1] (0.00ns)   --->   "%j = alloca i32 1"   --->   Operation 5 'alloca' 'j' <Predicate = true> <Delay = 0.00>
ST_1 : Operation 6 [1/1] (0.00ns)   --->   "%specinterface_ln0 = specinterface void @_ssdm_op_SpecInterface, i8 %inData, void @empty_8, i32 0, i32 0, void @empty_10, i32 4294967295, i32 0, void @empty_10, void @empty_10, void @empty_10, i32 0, i32 0, i32 0, i32 0, void @empty_10, void @empty_10, i32 4294967295, i32 0"   --->   Operation 6 'specinterface' 'specinterface_ln0' <Predicate = true> <Delay = 0.00>
ST_1 : Operation 7 [1/1] (0.00ns)   --->   "%add_ln2806_read = read i17 @_ssdm_op_Read.ap_auto.i17, i17 %add_ln2806"   --->   Operation 7 'read' 'add_ln2806_read' <Predicate = true> <Delay = 0.00>
ST_1 : Operation 8 [1/1] (0.38ns)   --->   "%store_ln0 = store i9 0, i9 %j"   --->   Operation 8 'store' 'store_ln0' <Predicate = true> <Delay = 0.38>
ST_1 : Operation 9 [1/1] (0.00ns)   --->   "%br_ln0 = br void %for.inc"   --->   Operation 9 'br' 'br_ln0' <Predicate = true> <Delay = 0.00>
ST_1 : Operation 10 [1/1] (0.00ns)   --->   "%j_3 = load i9 %j" [face_detect.cpp:2805]   --->   Operation 10 'load' 'j_3' <Predicate = true> <Delay = 0.00>
ST_1 : Operation 11 [1/1] (0.00ns)   --->   "%specpipeline_ln0 = specpipeline void @_ssdm_op_SpecPipeline, i32 4294967295, i32 0, i32 1, i32 0, void @p_str"   --->   Operation 11 'specpipeline' 'specpipeline_ln0' <Predicate = true> <Delay = 0.00>
ST_1 : Operation 12 [1/1] (0.59ns)   --->   "%icmp_ln2805 = icmp_eq  i9 %j_3, i9 320" [face_detect.cpp:2805]   --->   Operation 12 'icmp' 'icmp_ln2805' <Predicate = true> <Delay = 0.59> <CoreInst = "Cmp">   --->   Core 9 'Cmp' <Latency = 0> <II = 1> <Delay = 0.59> <FuncUnit> <Opcode : 'icmp'> <InPorts = 2> <OutPorts = 1>
ST_1 : Operation 13 [1/1] (0.00ns)   --->   "%speclooptripcount_ln0 = speclooptripcount void @_ssdm_op_SpecLoopTripCount, i64 320, i64 320, i64 320"   --->   Operation 13 'speclooptripcount' 'speclooptripcount_ln0' <Predicate = true> <Delay = 0.00>
ST_1 : Operation 14 [1/1] (0.71ns)   --->   "%add_ln2805 = add i9 %j_3, i9 1" [face_detect.cpp:2805]   --->   Operation 14 'add' 'add_ln2805' <Predicate = true> <Delay = 0.71> <CoreInst = "Adder">   --->   Core 1 'Adder' <Latency = 0> <II = 1> <Delay = 0.71> <FuncUnit> <Opcode : 'add' 'sub'> <InPorts = 2> <OutPorts = 1>
ST_1 : Operation 15 [1/1] (0.00ns)   --->   "%br_ln2805 = br i1 %icmp_ln2805, void %for.inc.split, void %for.end.exitStub" [face_detect.cpp:2805]   --->   Operation 15 'br' 'br_ln2805' <Predicate = true> <Delay = 0.00>
ST_1 : Operation 16 [1/1] (0.00ns)   --->   "%j_cast = zext i9 %j_3" [face_detect.cpp:2805]   --->   Operation 16 'zext' 'j_cast' <Predicate = (!icmp_ln2805)> <Delay = 0.00>
ST_1 : Operation 17 [1/1] (0.00ns)   --->   "%inData_addr = getelementptr i8 %inData, i64 0, i64 %j_cast" [face_detect.cpp:2806]   --->   Operation 17 'getelementptr' 'inData_addr' <Predicate = (!icmp_ln2805)> <Delay = 0.00>
ST_1 : Operation 18 [2/2] (1.17ns)   --->   "%inData_load = load i9 %inData_addr" [face_detect.cpp:2806]   --->   Operation 18 'load' 'inData_load' <Predicate = (!icmp_ln2805)> <Delay = 1.17> <CoreInst = "RAM">   --->   Core 83 'RAM' <Latency = 1> <II = 1> <Delay = 1.17> <Storage> <Opcode : 'load' 'store'> <Ports = 2> <Width = 8> <Depth = 320> <RAM>
ST_1 : Operation 19 [1/1] (0.38ns)   --->   "%store_ln2805 = store i9 %add_ln2805, i9 %j" [face_detect.cpp:2805]   --->   Operation 19 'store' 'store_ln2805' <Predicate = (!icmp_ln2805)> <Delay = 0.38>
ST_1 : Operation 28 [1/1] (0.00ns)   --->   "%ret_ln0 = ret"   --->   Operation 28 'ret' 'ret_ln0' <Predicate = (icmp_ln2805)> <Delay = 0.00>

State 2 <SV = 1> <Delay = 2.41>
ST_2 : Operation 20 [1/1] (0.00ns)   --->   "%zext_ln2806 = zext i9 %j_3" [face_detect.cpp:2806]   --->   Operation 20 'zext' 'zext_ln2806' <Predicate = true> <Delay = 0.00>
ST_2 : Operation 21 [1/1] (0.79ns)   --->   "%add_ln2806_1 = add i17 %add_ln2806_read, i17 %zext_ln2806" [face_detect.cpp:2806]   --->   Operation 21 'add' 'add_ln2806_1' <Predicate = true> <Delay = 0.79> <CoreInst = "Adder">   --->   Core 1 'Adder' <Latency = 0> <II = 1> <Delay = 0.79> <FuncUnit> <Opcode : 'add' 'sub'> <InPorts = 2> <OutPorts = 1>
ST_2 : Operation 22 [1/1] (0.00ns)   --->   "%zext_ln2806_1 = zext i17 %add_ln2806_1" [face_detect.cpp:2806]   --->   Operation 22 'zext' 'zext_ln2806_1' <Predicate = true> <Delay = 0.00>
ST_2 : Operation 23 [1/1] (0.00ns)   --->   "%Data_addr = getelementptr i8 %Data, i64 0, i64 %zext_ln2806_1" [face_detect.cpp:2806]   --->   Operation 23 'getelementptr' 'Data_addr' <Predicate = true> <Delay = 0.00>
ST_2 : Operation 24 [1/1] (0.00ns)   --->   "%specloopname_ln2794 = specloopname void @_ssdm_op_SpecLoopName, void @empty_4" [face_detect.cpp:2794]   --->   Operation 24 'specloopname' 'specloopname_ln2794' <Predicate = true> <Delay = 0.00>
ST_2 : Operation 25 [1/2] (1.17ns)   --->   "%inData_load = load i9 %inData_addr" [face_detect.cpp:2806]   --->   Operation 25 'load' 'inData_load' <Predicate = true> <Delay = 1.17> <CoreInst = "RAM">   --->   Core 83 'RAM' <Latency = 1> <II = 1> <Delay = 1.17> <Storage> <Opcode : 'load' 'store'> <Ports = 2> <Width = 8> <Depth = 320> <RAM>
ST_2 : Operation 26 [1/1] (1.24ns)   --->   "%store_ln2806 = store i8 %inData_load, i17 %Data_addr" [face_detect.cpp:2806]   --->   Operation 26 'store' 'store_ln2806' <Predicate = true> <Delay = 1.24> <CoreInst = "RAM">   --->   Core 83 'RAM' <Latency = 1> <II = 1> <Delay = 1.24> <Storage> <Opcode : 'load' 'store'> <Ports = 2> <Width = 8> <Depth = 76800> <RAM>
ST_2 : Operation 27 [1/1] (0.00ns)   --->   "%br_ln2805 = br void %for.inc" [face_detect.cpp:2805]   --->   Operation 27 'br' 'br_ln2805' <Predicate = true> <Delay = 0.00>


============================================================
+ Verbose Summary: Timing violations
============================================================
Target clock period: 10ns, clock uncertainty: 2.7ns.

 <State 1>: 1.17ns
The critical path consists of the following:
	'alloca' operation ('j') [4]  (0 ns)
	'load' operation ('j', face_detect.cpp:2805) on local variable 'j' [10]  (0 ns)
	'getelementptr' operation ('inData_addr', face_detect.cpp:2806) [23]  (0 ns)
	'load' operation ('inData_load', face_detect.cpp:2806) on array 'inData' [24]  (1.17 ns)

 <State 2>: 2.42ns
The critical path consists of the following:
	'load' operation ('inData_load', face_detect.cpp:2806) on array 'inData' [24]  (1.17 ns)
	'store' operation ('store_ln2806', face_detect.cpp:2806) of variable 'inData_load', face_detect.cpp:2806 on array 'Data' [25]  (1.25 ns)


============================================================
+ Verbose Summary: Binding
============================================================
N/A
* FSMD analyzer results:
  - Output states:
 - Input state : 
  - Chain level:
	State 1
	State 2


============================================================
+ Verbose Summary: Datapath Resource usage 
============================================================
N/A
