In file included from face_detect.cpp:9:
In file included from ./typedefs.h:39:
In file included from /home/zedongpeng/Xilinx/Vitis_HLS/2022.2/common/technology/autopilot/ap_int.h:12:
/home/zedongpeng/Xilinx/Vitis_HLS/2022.2/common/technology/autopilot/ap_int_ref.h:678:9: warning: HLS pragma dump _XLX_SEP_ PragmaIsValid=1_XLX_SEP_ PragmaType=unroll_XLX_SEP_ PragmaContext=_XLX_SEP_ PragmaFunction=and_reduce_XLX_SEP_ PragmaOptions=_XLX_SEP_ [-Wdump-hls-pragmas]
#pragma HLS unroll
        ^
/home/zedongpeng/Xilinx/Vitis_HLS/2022.2/common/technology/autopilot/ap_int_ref.h:692:9: warning: HLS pragma dump _XLX_SEP_ PragmaIsValid=1_XLX_SEP_ PragmaType=unroll_XLX_SEP_ PragmaContext=_XLX_SEP_ PragmaFunction=or_reduce_XLX_SEP_ PragmaOptions=_XLX_SEP_ [-Wdump-hls-pragmas]
#pragma HLS unroll
        ^
/home/zedongpeng/Xilinx/Vitis_HLS/2022.2/common/technology/autopilot/ap_int_ref.h:706:9: warning: HLS pragma dump _XLX_SEP_ PragmaIsValid=1_XLX_SEP_ PragmaType=unroll_XLX_SEP_ PragmaContext=_XLX_SEP_ PragmaFunction=xor_reduce_XLX_SEP_ PragmaOptions=_XLX_SEP_ [-Wdump-hls-pragmas]
#pragma HLS unroll
        ^
face_detect.cpp:15:9: warning: HLS pragma dump _XLX_SEP_ PragmaIsValid=1_XLX_SEP_ PragmaType=inline_XLX_SEP_ PragmaContext=_XLX_SEP_ PragmaFunction=get_bank_XLX_SEP_ PragmaOptions=_XLX_SEP_ [-Wdump-hls-pragmas]
#pragma HLS inline
        ^
face_detect.cpp:21:9: warning: HLS pragma dump _XLX_SEP_ PragmaIsValid=1_XLX_SEP_ PragmaType=inline_XLX_SEP_ PragmaContext=_XLX_SEP_ PragmaFunction=get_offset_XLX_SEP_ PragmaOptions=_XLX_SEP_ [-Wdump-hls-pragmas]
#pragma HLS inline
        ^
face_detect.cpp:27:9: warning: HLS pragma dump _XLX_SEP_ PragmaIsValid=1_XLX_SEP_ PragmaType=inline_XLX_SEP_ PragmaContext=_XLX_SEP_ PragmaFunction=get_data0_XLX_SEP_ PragmaOptions=_XLX_SEP_ [-Wdump-hls-pragmas]
#pragma HLS inline
        ^
face_detect.cpp:62:9: warning: HLS pragma dump _XLX_SEP_ PragmaIsValid=1_XLX_SEP_ PragmaType=inline_XLX_SEP_ PragmaContext=_XLX_SEP_ PragmaFunction=get_data1_XLX_SEP_ PragmaOptions=_XLX_SEP_ [-Wdump-hls-pragmas]
#pragma HLS inline
        ^
face_detect.cpp:99:9: warning: HLS pragma dump _XLX_SEP_ PragmaIsValid=1_XLX_SEP_ PragmaType=inline_XLX_SEP_ PragmaContext=_XLX_SEP_ PragmaFunction=get_data2_XLX_SEP_ PragmaOptions=_XLX_SEP_ [-Wdump-hls-pragmas]
#pragma HLS inline
        ^
face_detect.cpp:139:9: warning: HLS pragma dump _XLX_SEP_ PragmaIsValid=1_XLX_SEP_ PragmaType=inline_XLX_SEP_ PragmaContext=_XLX_SEP_ PragmaFunction=get_data3_XLX_SEP_ PragmaOptions=_XLX_SEP_ [-Wdump-hls-pragmas]
#pragma HLS inline
        ^
face_detect.cpp:175:9: warning: HLS pragma dump _XLX_SEP_ PragmaIsValid=1_XLX_SEP_ PragmaType=inline_XLX_SEP_ PragmaContext=_XLX_SEP_ PragmaFunction=get_data4_XLX_SEP_ PragmaOptions=_XLX_SEP_ [-Wdump-hls-pragmas]
#pragma HLS inline
        ^
face_detect.cpp:210:9: warning: HLS pragma dump _XLX_SEP_ PragmaIsValid=1_XLX_SEP_ PragmaType=inline_XLX_SEP_ PragmaContext=_XLX_SEP_ PragmaFunction=get_data5_XLX_SEP_ PragmaOptions=_XLX_SEP_ [-Wdump-hls-pragmas]
#pragma HLS inline
        ^
face_detect.cpp:248:9: warning: HLS pragma dump _XLX_SEP_ PragmaIsValid=1_XLX_SEP_ PragmaType=inline_XLX_SEP_ PragmaContext=_XLX_SEP_ PragmaFunction=get_data6_XLX_SEP_ PragmaOptions=_XLX_SEP_ [-Wdump-hls-pragmas]
#pragma HLS inline
        ^
face_detect.cpp:283:9: warning: HLS pragma dump _XLX_SEP_ PragmaIsValid=1_XLX_SEP_ PragmaType=inline_XLX_SEP_ PragmaContext=_XLX_SEP_ PragmaFunction=get_data7_XLX_SEP_ PragmaOptions=_XLX_SEP_ [-Wdump-hls-pragmas]
#pragma HLS inline
        ^
face_detect.cpp:319:9: warning: HLS pragma dump _XLX_SEP_ PragmaIsValid=1_XLX_SEP_ PragmaType=inline_XLX_SEP_ PragmaContext=_XLX_SEP_ PragmaFunction=get_data8_XLX_SEP_ PragmaOptions=_XLX_SEP_ [-Wdump-hls-pragmas]
#pragma HLS inline
        ^
face_detect.cpp:332:9: warning: HLS pragma dump _XLX_SEP_ PragmaIsValid=1_XLX_SEP_ PragmaType=inline_XLX_SEP_ PragmaContext=_XLX_SEP_ PragmaFunction=get_data9_XLX_SEP_ PragmaOptions=_XLX_SEP_ [-Wdump-hls-pragmas]
#pragma HLS inline
        ^
face_detect.cpp:371:9: warning: HLS pragma dump _XLX_SEP_ PragmaIsValid=1_XLX_SEP_ PragmaType=inline_XLX_SEP_ PragmaContext=_XLX_SEP_ PragmaFunction=get_data10_XLX_SEP_ PragmaOptions=_XLX_SEP_ [-Wdump-hls-pragmas]
#pragma HLS inline
        ^
face_detect.cpp:403:9: warning: HLS pragma dump _XLX_SEP_ PragmaIsValid=1_XLX_SEP_ PragmaType=inline_XLX_SEP_ PragmaContext=_XLX_SEP_ PragmaFunction=get_data11_XLX_SEP_ PragmaOptions=_XLX_SEP_ [-Wdump-hls-pragmas]
#pragma HLS inline
        ^
face_detect.cpp:442:9: warning: HLS pragma dump _XLX_SEP_ PragmaIsValid=1_XLX_SEP_ PragmaType=inline_XLX_SEP_ PragmaContext=_XLX_SEP_ PragmaFunction=get_data12_XLX_SEP_ PragmaOptions=_XLX_SEP_ [-Wdump-hls-pragmas]
#pragma HLS inline
        ^
face_detect.cpp:479:9: warning: HLS pragma dump _XLX_SEP_ PragmaIsValid=1_XLX_SEP_ PragmaType=inline_XLX_SEP_ PragmaContext=_XLX_SEP_ PragmaFunction=get_data13_XLX_SEP_ PragmaOptions=_XLX_SEP_ [-Wdump-hls-pragmas]
#pragma HLS inline
        ^
face_detect.cpp:514:9: warning: HLS pragma dump _XLX_SEP_ PragmaIsValid=1_XLX_SEP_ PragmaType=inline_XLX_SEP_ PragmaContext=_XLX_SEP_ PragmaFunction=get_data14_XLX_SEP_ PragmaOptions=_XLX_SEP_ [-Wdump-hls-pragmas]
#pragma HLS inline
        ^
face_detect.cpp:549:9: warning: HLS pragma dump _XLX_SEP_ PragmaIsValid=1_XLX_SEP_ PragmaType=inline_XLX_SEP_ PragmaContext=_XLX_SEP_ PragmaFunction=get_data15_XLX_SEP_ PragmaOptions=_XLX_SEP_ [-Wdump-hls-pragmas]
#pragma HLS inline
        ^
face_detect.cpp:586:9: warning: HLS pragma dump _XLX_SEP_ PragmaIsValid=1_XLX_SEP_ PragmaType=inline_XLX_SEP_ PragmaContext=_XLX_SEP_ PragmaFunction=get_data16_XLX_SEP_ PragmaOptions=_XLX_SEP_ [-Wdump-hls-pragmas]
#pragma HLS inline
        ^
face_detect.cpp:621:9: warning: HLS pragma dump _XLX_SEP_ PragmaIsValid=1_XLX_SEP_ PragmaType=inline_XLX_SEP_ PragmaContext=_XLX_SEP_ PragmaFunction=get_data17_XLX_SEP_ PragmaOptions=_XLX_SEP_ [-Wdump-hls-pragmas]
#pragma HLS inline
        ^
face_detect.cpp:657:9: warning: HLS pragma dump _XLX_SEP_ PragmaIsValid=1_XLX_SEP_ PragmaType=inline_XLX_SEP_ PragmaContext=_XLX_SEP_ PragmaFunction=get_data18_XLX_SEP_ PragmaOptions=_XLX_SEP_ [-Wdump-hls-pragmas]
#pragma HLS inline
        ^
face_detect.cpp:693:9: warning: HLS pragma dump _XLX_SEP_ PragmaIsValid=1_XLX_SEP_ PragmaType=inline_XLX_SEP_ PragmaContext=_XLX_SEP_ PragmaFunction=get_data19_XLX_SEP_ PragmaOptions=_XLX_SEP_ [-Wdump-hls-pragmas]
#pragma HLS inline
        ^
face_detect.cpp:728:9: warning: HLS pragma dump _XLX_SEP_ PragmaIsValid=1_XLX_SEP_ PragmaType=inline_XLX_SEP_ PragmaContext=_XLX_SEP_ PragmaFunction=get_data20_XLX_SEP_ PragmaOptions=_XLX_SEP_ [-Wdump-hls-pragmas]
#pragma HLS inline
        ^
face_detect.cpp:765:9: warning: HLS pragma dump _XLX_SEP_ PragmaIsValid=1_XLX_SEP_ PragmaType=inline_XLX_SEP_ PragmaContext=_XLX_SEP_ PragmaFunction=get_data21_XLX_SEP_ PragmaOptions=_XLX_SEP_ [-Wdump-hls-pragmas]
#pragma HLS inline
        ^
face_detect.cpp:796:9: warning: HLS pragma dump _XLX_SEP_ PragmaIsValid=1_XLX_SEP_ PragmaType=inline_XLX_SEP_ PragmaContext=_XLX_SEP_ PragmaFunction=get_data22_XLX_SEP_ PragmaOptions=_XLX_SEP_ [-Wdump-hls-pragmas]
#pragma HLS inline
        ^
face_detect.cpp:832:9: warning: HLS pragma dump _XLX_SEP_ PragmaIsValid=1_XLX_SEP_ PragmaType=inline_XLX_SEP_ PragmaContext=_XLX_SEP_ PragmaFunction=get_data23_XLX_SEP_ PragmaOptions=_XLX_SEP_ [-Wdump-hls-pragmas]
#pragma HLS inline
        ^
face_detect.cpp:864:9: warning: HLS pragma dump _XLX_SEP_ PragmaIsValid=1_XLX_SEP_ PragmaType=inline_XLX_SEP_ PragmaContext=_XLX_SEP_ PragmaFunction=get_data24_XLX_SEP_ PragmaOptions=_XLX_SEP_ [-Wdump-hls-pragmas]
#pragma HLS inline
        ^
face_detect.cpp:897:9: warning: HLS pragma dump _XLX_SEP_ PragmaIsValid=1_XLX_SEP_ PragmaType=inline_XLX_SEP_ PragmaContext=_XLX_SEP_ PragmaFunction=get_data25_XLX_SEP_ PragmaOptions=_XLX_SEP_ [-Wdump-hls-pragmas]
#pragma HLS inline
        ^
face_detect.cpp:929:9: warning: HLS pragma dump _XLX_SEP_ PragmaIsValid=1_XLX_SEP_ PragmaType=inline_XLX_SEP_ PragmaContext=_XLX_SEP_ PragmaFunction=get_data26_XLX_SEP_ PragmaOptions=_XLX_SEP_ [-Wdump-hls-pragmas]
#pragma HLS inline
        ^
face_detect.cpp:958:9: warning: HLS pragma dump _XLX_SEP_ PragmaIsValid=1_XLX_SEP_ PragmaType=inline_XLX_SEP_ PragmaContext=_XLX_SEP_ PragmaFunction=get_data27_XLX_SEP_ PragmaOptions=_XLX_SEP_ [-Wdump-hls-pragmas]
#pragma HLS inline
        ^
face_detect.cpp:984:9: warning: HLS pragma dump _XLX_SEP_ PragmaIsValid=1_XLX_SEP_ PragmaType=inline_XLX_SEP_ PragmaContext=_XLX_SEP_ PragmaFunction=get_all_data_XLX_SEP_ PragmaOptions=_XLX_SEP_ [-Wdump-hls-pragmas]
#pragma HLS inline
        ^
face_detect.cpp:985:23: warning: 'Ap_stable' in '#pragma HLS INTERFACE' is deprecated, use 'Stable Pragma' instead [-Wignored-hls-pragmas]
#pragma HLS interface ap_stable port=aa
                      ^
face_detect.cpp:985:9: warning: HLS pragma dump _XLX_SEP_ PragmaIsValid=1_XLX_SEP_ PragmaType=interface_XLX_SEP_ PragmaContext=_XLX_SEP_ PragmaFunction=get_all_data_XLX_SEP_ PragmaOptions=ap_stable port=aa_XLX_SEP_ [-Wdump-hls-pragmas]
#pragma HLS interface ap_stable port=aa
        ^
face_detect.cpp:988:9: warning: HLS pragma dump _XLX_SEP_ PragmaIsValid=1_XLX_SEP_ PragmaType=array_partition_XLX_SEP_ PragmaContext=_XLX_SEP_ PragmaFunction=get_all_data_XLX_SEP_ PragmaOptions=variable=bank complete dim=0_XLX_SEP_ [-Wdump-hls-pragmas]
#pragma HLS array_partition variable=bank complete dim=0
        ^
face_detect.cpp:990:9: warning: HLS pragma dump _XLX_SEP_ PragmaIsValid=1_XLX_SEP_ PragmaType=array_partition_XLX_SEP_ PragmaContext=_XLX_SEP_ PragmaFunction=get_all_data_XLX_SEP_ PragmaOptions=variable=offset complete dim=0_XLX_SEP_ [-Wdump-hls-pragmas]
#pragma HLS array_partition variable=offset complete dim=0
        ^
face_detect.cpp:992:9: warning: HLS pragma dump _XLX_SEP_ PragmaIsValid=1_XLX_SEP_ PragmaType=array_partition_XLX_SEP_ PragmaContext=_XLX_SEP_ PragmaFunction=get_all_data_XLX_SEP_ PragmaOptions=variable=offset_for_banks complete dim=0_XLX_SEP_ [-Wdump-hls-pragmas]
#pragma HLS array_partition variable=offset_for_banks complete dim=0
        ^
face_detect.cpp:994:9: warning: HLS pragma dump _XLX_SEP_ PragmaIsValid=1_XLX_SEP_ PragmaType=array_partition_XLX_SEP_ PragmaContext=_XLX_SEP_ PragmaFunction=get_all_data_XLX_SEP_ PragmaOptions=variable=data_from_banks complete dim=0_XLX_SEP_ [-Wdump-hls-pragmas]
#pragma HLS array_partition variable=data_from_banks complete dim=0
        ^
face_detect.cpp:999:9: warning: HLS pragma dump _XLX_SEP_ PragmaIsValid=1_XLX_SEP_ PragmaType=unroll_XLX_SEP_ PragmaContext=_XLX_SEP_ PragmaFunction=get_all_data_XLX_SEP_ PragmaOptions=_XLX_SEP_ [-Wdump-hls-pragmas]
#pragma HLS unroll
        ^
face_detect.cpp:1007:9: warning: HLS pragma dump _XLX_SEP_ PragmaIsValid=1_XLX_SEP_ PragmaType=unroll_XLX_SEP_ PragmaContext=_XLX_SEP_ PragmaFunction=get_all_data_XLX_SEP_ PragmaOptions=_XLX_SEP_ [-Wdump-hls-pragmas]
#pragma HLS unroll
        ^
face_detect.cpp:1057:9: warning: HLS pragma dump _XLX_SEP_ PragmaIsValid=1_XLX_SEP_ PragmaType=unroll_XLX_SEP_ PragmaContext=_XLX_SEP_ PragmaFunction=get_all_data_XLX_SEP_ PragmaOptions=_XLX_SEP_ [-Wdump-hls-pragmas]
#pragma HLS unroll
        ^
face_detect.cpp:1065:9: warning: HLS pragma dump _XLX_SEP_ PragmaIsValid=1_XLX_SEP_ PragmaType=array_partition_XLX_SEP_ PragmaContext=_XLX_SEP_ PragmaFunction=classifier0_XLX_SEP_ PragmaOptions=variable=coord complete dim=0_XLX_SEP_ [-Wdump-hls-pragmas]
#pragma HLS array_partition variable=coord complete dim=0
        ^
face_detect.cpp:1097:9: warning: HLS pragma dump _XLX_SEP_ PragmaIsValid=1_XLX_SEP_ PragmaType=array_partition_XLX_SEP_ PragmaContext=_XLX_SEP_ PragmaFunction=classifier1_XLX_SEP_ PragmaOptions=variable=coord complete dim=0_XLX_SEP_ [-Wdump-hls-pragmas]
#pragma HLS array_partition variable=coord complete dim=0
        ^
face_detect.cpp:1129:9: warning: HLS pragma dump _XLX_SEP_ PragmaIsValid=1_XLX_SEP_ PragmaType=array_partition_XLX_SEP_ PragmaContext=_XLX_SEP_ PragmaFunction=classifier2_XLX_SEP_ PragmaOptions=variable=coord complete dim=0_XLX_SEP_ [-Wdump-hls-pragmas]
#pragma HLS array_partition variable=coord complete dim=0
        ^
face_detect.cpp:1161:9: warning: HLS pragma dump _XLX_SEP_ PragmaIsValid=1_XLX_SEP_ PragmaType=array_partition_XLX_SEP_ PragmaContext=_XLX_SEP_ PragmaFunction=classifier3_XLX_SEP_ PragmaOptions=variable=coord complete dim=0_XLX_SEP_ [-Wdump-hls-pragmas]
#pragma HLS array_partition variable=coord complete dim=0
        ^
face_detect.cpp:1193:9: warning: HLS pragma dump _XLX_SEP_ PragmaIsValid=1_XLX_SEP_ PragmaType=array_partition_XLX_SEP_ PragmaContext=_XLX_SEP_ PragmaFunction=classifier4_XLX_SEP_ PragmaOptions=variable=coord complete dim=0_XLX_SEP_ [-Wdump-hls-pragmas]
#pragma HLS array_partition variable=coord complete dim=0
        ^
face_detect.cpp:1225:9: warning: HLS pragma dump _XLX_SEP_ PragmaIsValid=1_XLX_SEP_ PragmaType=array_partition_XLX_SEP_ PragmaContext=_XLX_SEP_ PragmaFunction=classifier5_XLX_SEP_ PragmaOptions=variable=coord complete dim=0_XLX_SEP_ [-Wdump-hls-pragmas]
#pragma HLS array_partition variable=coord complete dim=0
        ^
face_detect.cpp:1257:9: warning: HLS pragma dump _XLX_SEP_ PragmaIsValid=1_XLX_SEP_ PragmaType=array_partition_XLX_SEP_ PragmaContext=_XLX_SEP_ PragmaFunction=classifier6_XLX_SEP_ PragmaOptions=variable=coord complete dim=0_XLX_SEP_ [-Wdump-hls-pragmas]
#pragma HLS array_partition variable=coord complete dim=0
        ^
face_detect.cpp:1289:9: warning: HLS pragma dump _XLX_SEP_ PragmaIsValid=1_XLX_SEP_ PragmaType=array_partition_XLX_SEP_ PragmaContext=_XLX_SEP_ PragmaFunction=classifier7_XLX_SEP_ PragmaOptions=variable=coord complete dim=0_XLX_SEP_ [-Wdump-hls-pragmas]
#pragma HLS array_partition variable=coord complete dim=0
        ^
face_detect.cpp:1321:9: warning: HLS pragma dump _XLX_SEP_ PragmaIsValid=1_XLX_SEP_ PragmaType=array_partition_XLX_SEP_ PragmaContext=_XLX_SEP_ PragmaFunction=classifier8_XLX_SEP_ PragmaOptions=variable=coord complete dim=0_XLX_SEP_ [-Wdump-hls-pragmas]
#pragma HLS array_partition variable=coord complete dim=0
        ^
face_detect.cpp:1354:9: warning: HLS pragma dump _XLX_SEP_ PragmaIsValid=1_XLX_SEP_ PragmaType=array_partition_XLX_SEP_ PragmaContext=_XLX_SEP_ PragmaFunction=classifier9_XLX_SEP_ PragmaOptions=variable=coord complete dim=0_XLX_SEP_ [-Wdump-hls-pragmas]
#pragma HLS array_partition variable=coord complete dim=0
        ^
face_detect.cpp:1386:9: warning: HLS pragma dump _XLX_SEP_ PragmaIsValid=1_XLX_SEP_ PragmaType=array_partition_XLX_SEP_ PragmaContext=_XLX_SEP_ PragmaFunction=classifier10_XLX_SEP_ PragmaOptions=variable=coord complete dim=0_XLX_SEP_ [-Wdump-hls-pragmas]
#pragma HLS array_partition variable=coord complete dim=0
        ^
face_detect.cpp:1418:9: warning: HLS pragma dump _XLX_SEP_ PragmaIsValid=1_XLX_SEP_ PragmaType=array_partition_XLX_SEP_ PragmaContext=_XLX_SEP_ PragmaFunction=classifier11_XLX_SEP_ PragmaOptions=variable=coord complete dim=0_XLX_SEP_ [-Wdump-hls-pragmas]
#pragma HLS array_partition variable=coord complete dim=0
        ^
face_detect.cpp:1450:9: warning: HLS pragma dump _XLX_SEP_ PragmaIsValid=1_XLX_SEP_ PragmaType=array_partition_XLX_SEP_ PragmaContext=_XLX_SEP_ PragmaFunction=classifier12_XLX_SEP_ PragmaOptions=variable=coord complete dim=0_XLX_SEP_ [-Wdump-hls-pragmas]
#pragma HLS array_partition variable=coord complete dim=0
        ^
face_detect.cpp:1482:9: warning: HLS pragma dump _XLX_SEP_ PragmaIsValid=1_XLX_SEP_ PragmaType=array_partition_XLX_SEP_ PragmaContext=_XLX_SEP_ PragmaFunction=classifier13_XLX_SEP_ PragmaOptions=variable=coord complete dim=0_XLX_SEP_ [-Wdump-hls-pragmas]
#pragma HLS array_partition variable=coord complete dim=0
        ^
face_detect.cpp:1514:9: warning: HLS pragma dump _XLX_SEP_ PragmaIsValid=1_XLX_SEP_ PragmaType=array_partition_XLX_SEP_ PragmaContext=_XLX_SEP_ PragmaFunction=classifier14_XLX_SEP_ PragmaOptions=variable=coord complete dim=0_XLX_SEP_ [-Wdump-hls-pragmas]
#pragma HLS array_partition variable=coord complete dim=0
        ^
face_detect.cpp:1546:9: warning: HLS pragma dump _XLX_SEP_ PragmaIsValid=1_XLX_SEP_ PragmaType=array_partition_XLX_SEP_ PragmaContext=_XLX_SEP_ PragmaFunction=classifier15_XLX_SEP_ PragmaOptions=variable=coord complete dim=0_XLX_SEP_ [-Wdump-hls-pragmas]
#pragma HLS array_partition variable=coord complete dim=0
        ^
face_detect.cpp:1578:9: warning: HLS pragma dump _XLX_SEP_ PragmaIsValid=1_XLX_SEP_ PragmaType=array_partition_XLX_SEP_ PragmaContext=_XLX_SEP_ PragmaFunction=classifier16_XLX_SEP_ PragmaOptions=variable=coord complete dim=0_XLX_SEP_ [-Wdump-hls-pragmas]
#pragma HLS array_partition variable=coord complete dim=0
        ^
face_detect.cpp:1610:9: warning: HLS pragma dump _XLX_SEP_ PragmaIsValid=1_XLX_SEP_ PragmaType=array_partition_XLX_SEP_ PragmaContext=_XLX_SEP_ PragmaFunction=classifier17_XLX_SEP_ PragmaOptions=variable=coord complete dim=0_XLX_SEP_ [-Wdump-hls-pragmas]
#pragma HLS array_partition variable=coord complete dim=0
        ^
face_detect.cpp:1642:9: warning: HLS pragma dump _XLX_SEP_ PragmaIsValid=1_XLX_SEP_ PragmaType=array_partition_XLX_SEP_ PragmaContext=_XLX_SEP_ PragmaFunction=classifier18_XLX_SEP_ PragmaOptions=variable=coord complete dim=0_XLX_SEP_ [-Wdump-hls-pragmas]
#pragma HLS array_partition variable=coord complete dim=0
        ^
face_detect.cpp:1674:9: warning: HLS pragma dump _XLX_SEP_ PragmaIsValid=1_XLX_SEP_ PragmaType=array_partition_XLX_SEP_ PragmaContext=_XLX_SEP_ PragmaFunction=classifier19_XLX_SEP_ PragmaOptions=variable=coord complete dim=0_XLX_SEP_ [-Wdump-hls-pragmas]
#pragma HLS array_partition variable=coord complete dim=0
        ^
face_detect.cpp:1706:9: warning: HLS pragma dump _XLX_SEP_ PragmaIsValid=1_XLX_SEP_ PragmaType=array_partition_XLX_SEP_ PragmaContext=_XLX_SEP_ PragmaFunction=classifier20_XLX_SEP_ PragmaOptions=variable=coord complete dim=0_XLX_SEP_ [-Wdump-hls-pragmas]
#pragma HLS array_partition variable=coord complete dim=0
        ^
face_detect.cpp:1738:9: warning: HLS pragma dump _XLX_SEP_ PragmaIsValid=1_XLX_SEP_ PragmaType=array_partition_XLX_SEP_ PragmaContext=_XLX_SEP_ PragmaFunction=classifier21_XLX_SEP_ PragmaOptions=variable=coord complete dim=0_XLX_SEP_ [-Wdump-hls-pragmas]
#pragma HLS array_partition variable=coord complete dim=0
        ^
face_detect.cpp:1770:9: warning: HLS pragma dump _XLX_SEP_ PragmaIsValid=1_XLX_SEP_ PragmaType=array_partition_XLX_SEP_ PragmaContext=_XLX_SEP_ PragmaFunction=classifier22_XLX_SEP_ PragmaOptions=variable=coord complete dim=0_XLX_SEP_ [-Wdump-hls-pragmas]
#pragma HLS array_partition variable=coord complete dim=0
        ^
face_detect.cpp:1802:9: warning: HLS pragma dump _XLX_SEP_ PragmaIsValid=1_XLX_SEP_ PragmaType=array_partition_XLX_SEP_ PragmaContext=_XLX_SEP_ PragmaFunction=classifier23_XLX_SEP_ PragmaOptions=variable=coord complete dim=0_XLX_SEP_ [-Wdump-hls-pragmas]
#pragma HLS array_partition variable=coord complete dim=0
        ^
face_detect.cpp:1834:9: warning: HLS pragma dump _XLX_SEP_ PragmaIsValid=1_XLX_SEP_ PragmaType=array_partition_XLX_SEP_ PragmaContext=_XLX_SEP_ PragmaFunction=classifier24_XLX_SEP_ PragmaOptions=variable=coord complete dim=0_XLX_SEP_ [-Wdump-hls-pragmas]
#pragma HLS array_partition variable=coord complete dim=0
        ^
face_detect.cpp:1866:9: warning: HLS pragma dump _XLX_SEP_ PragmaIsValid=1_XLX_SEP_ PragmaType=array_partition_XLX_SEP_ PragmaContext=_XLX_SEP_ PragmaFunction=classifier25_XLX_SEP_ PragmaOptions=variable=coord complete dim=0_XLX_SEP_ [-Wdump-hls-pragmas]
#pragma HLS array_partition variable=coord complete dim=0
        ^
face_detect.cpp:1898:9: warning: HLS pragma dump _XLX_SEP_ PragmaIsValid=1_XLX_SEP_ PragmaType=array_partition_XLX_SEP_ PragmaContext=_XLX_SEP_ PragmaFunction=classifier26_XLX_SEP_ PragmaOptions=variable=coord complete dim=0_XLX_SEP_ [-Wdump-hls-pragmas]
#pragma HLS array_partition variable=coord complete dim=0
        ^
face_detect.cpp:1930:9: warning: HLS pragma dump _XLX_SEP_ PragmaIsValid=1_XLX_SEP_ PragmaType=array_partition_XLX_SEP_ PragmaContext=_XLX_SEP_ PragmaFunction=classifier27_XLX_SEP_ PragmaOptions=variable=coord complete dim=0_XLX_SEP_ [-Wdump-hls-pragmas]
#pragma HLS array_partition variable=coord complete dim=0
        ^
face_detect.cpp:1962:9: warning: HLS pragma dump _XLX_SEP_ PragmaIsValid=1_XLX_SEP_ PragmaType=array_partition_XLX_SEP_ PragmaContext=_XLX_SEP_ PragmaFunction=classifier28_XLX_SEP_ PragmaOptions=variable=coord complete dim=0_XLX_SEP_ [-Wdump-hls-pragmas]
#pragma HLS array_partition variable=coord complete dim=0
        ^
face_detect.cpp:1994:9: warning: HLS pragma dump _XLX_SEP_ PragmaIsValid=1_XLX_SEP_ PragmaType=array_partition_XLX_SEP_ PragmaContext=_XLX_SEP_ PragmaFunction=classifier29_XLX_SEP_ PragmaOptions=variable=coord complete dim=0_XLX_SEP_ [-Wdump-hls-pragmas]
#pragma HLS array_partition variable=coord complete dim=0
        ^
face_detect.cpp:2026:9: warning: HLS pragma dump _XLX_SEP_ PragmaIsValid=1_XLX_SEP_ PragmaType=array_partition_XLX_SEP_ PragmaContext=_XLX_SEP_ PragmaFunction=classifier30_XLX_SEP_ PragmaOptions=variable=coord complete dim=0_XLX_SEP_ [-Wdump-hls-pragmas]
#pragma HLS array_partition variable=coord complete dim=0
        ^
face_detect.cpp:2058:9: warning: HLS pragma dump _XLX_SEP_ PragmaIsValid=1_XLX_SEP_ PragmaType=array_partition_XLX_SEP_ PragmaContext=_XLX_SEP_ PragmaFunction=classifier31_XLX_SEP_ PragmaOptions=variable=coord complete dim=0_XLX_SEP_ [-Wdump-hls-pragmas]
#pragma HLS array_partition variable=coord complete dim=0
        ^
face_detect.cpp:2090:9: warning: HLS pragma dump _XLX_SEP_ PragmaIsValid=1_XLX_SEP_ PragmaType=array_partition_XLX_SEP_ PragmaContext=_XLX_SEP_ PragmaFunction=classifier32_XLX_SEP_ PragmaOptions=variable=coord complete dim=0_XLX_SEP_ [-Wdump-hls-pragmas]
#pragma HLS array_partition variable=coord complete dim=0
        ^
face_detect.cpp:2122:9: warning: HLS pragma dump _XLX_SEP_ PragmaIsValid=1_XLX_SEP_ PragmaType=array_partition_XLX_SEP_ PragmaContext=_XLX_SEP_ PragmaFunction=classifier33_XLX_SEP_ PragmaOptions=variable=coord complete dim=0_XLX_SEP_ [-Wdump-hls-pragmas]
#pragma HLS array_partition variable=coord complete dim=0
        ^
face_detect.cpp:2154:9: warning: HLS pragma dump _XLX_SEP_ PragmaIsValid=1_XLX_SEP_ PragmaType=array_partition_XLX_SEP_ PragmaContext=_XLX_SEP_ PragmaFunction=classifier34_XLX_SEP_ PragmaOptions=variable=coord complete dim=0_XLX_SEP_ [-Wdump-hls-pragmas]
#pragma HLS array_partition variable=coord complete dim=0
        ^
face_detect.cpp:2186:9: warning: HLS pragma dump _XLX_SEP_ PragmaIsValid=1_XLX_SEP_ PragmaType=array_partition_XLX_SEP_ PragmaContext=_XLX_SEP_ PragmaFunction=classifier35_XLX_SEP_ PragmaOptions=variable=coord complete dim=0_XLX_SEP_ [-Wdump-hls-pragmas]
#pragma HLS array_partition variable=coord complete dim=0
        ^
face_detect.cpp:2218:9: warning: HLS pragma dump _XLX_SEP_ PragmaIsValid=1_XLX_SEP_ PragmaType=array_partition_XLX_SEP_ PragmaContext=_XLX_SEP_ PragmaFunction=classifier36_XLX_SEP_ PragmaOptions=variable=coord complete dim=0_XLX_SEP_ [-Wdump-hls-pragmas]
#pragma HLS array_partition variable=coord complete dim=0
        ^
face_detect.cpp:2250:9: warning: HLS pragma dump _XLX_SEP_ PragmaIsValid=1_XLX_SEP_ PragmaType=array_partition_XLX_SEP_ PragmaContext=_XLX_SEP_ PragmaFunction=classifier37_XLX_SEP_ PragmaOptions=variable=coord complete dim=0_XLX_SEP_ [-Wdump-hls-pragmas]
#pragma HLS array_partition variable=coord complete dim=0
        ^
face_detect.cpp:2282:9: warning: HLS pragma dump _XLX_SEP_ PragmaIsValid=1_XLX_SEP_ PragmaType=array_partition_XLX_SEP_ PragmaContext=_XLX_SEP_ PragmaFunction=classifier38_XLX_SEP_ PragmaOptions=variable=coord complete dim=0_XLX_SEP_ [-Wdump-hls-pragmas]
#pragma HLS array_partition variable=coord complete dim=0
        ^
face_detect.cpp:2314:9: warning: HLS pragma dump _XLX_SEP_ PragmaIsValid=1_XLX_SEP_ PragmaType=array_partition_XLX_SEP_ PragmaContext=_XLX_SEP_ PragmaFunction=classifier39_XLX_SEP_ PragmaOptions=variable=coord complete dim=0_XLX_SEP_ [-Wdump-hls-pragmas]
#pragma HLS array_partition variable=coord complete dim=0
        ^
face_detect.cpp:2346:9: warning: HLS pragma dump _XLX_SEP_ PragmaIsValid=1_XLX_SEP_ PragmaType=array_partition_XLX_SEP_ PragmaContext=_XLX_SEP_ PragmaFunction=classifier40_XLX_SEP_ PragmaOptions=variable=coord complete dim=0_XLX_SEP_ [-Wdump-hls-pragmas]
#pragma HLS array_partition variable=coord complete dim=0
        ^
face_detect.cpp:2378:9: warning: HLS pragma dump _XLX_SEP_ PragmaIsValid=1_XLX_SEP_ PragmaType=array_partition_XLX_SEP_ PragmaContext=_XLX_SEP_ PragmaFunction=classifier41_XLX_SEP_ PragmaOptions=variable=coord complete dim=0_XLX_SEP_ [-Wdump-hls-pragmas]
#pragma HLS array_partition variable=coord complete dim=0
        ^
face_detect.cpp:2410:9: warning: HLS pragma dump _XLX_SEP_ PragmaIsValid=1_XLX_SEP_ PragmaType=array_partition_XLX_SEP_ PragmaContext=_XLX_SEP_ PragmaFunction=classifier42_XLX_SEP_ PragmaOptions=variable=coord complete dim=0_XLX_SEP_ [-Wdump-hls-pragmas]
#pragma HLS array_partition variable=coord complete dim=0
        ^
face_detect.cpp:2442:9: warning: HLS pragma dump _XLX_SEP_ PragmaIsValid=1_XLX_SEP_ PragmaType=array_partition_XLX_SEP_ PragmaContext=_XLX_SEP_ PragmaFunction=classifier43_XLX_SEP_ PragmaOptions=variable=coord complete dim=0_XLX_SEP_ [-Wdump-hls-pragmas]
#pragma HLS array_partition variable=coord complete dim=0
        ^
face_detect.cpp:2474:9: warning: HLS pragma dump _XLX_SEP_ PragmaIsValid=1_XLX_SEP_ PragmaType=array_partition_XLX_SEP_ PragmaContext=_XLX_SEP_ PragmaFunction=classifier44_XLX_SEP_ PragmaOptions=variable=coord complete dim=0_XLX_SEP_ [-Wdump-hls-pragmas]
#pragma HLS array_partition variable=coord complete dim=0
        ^
face_detect.cpp:2506:9: warning: HLS pragma dump _XLX_SEP_ PragmaIsValid=1_XLX_SEP_ PragmaType=array_partition_XLX_SEP_ PragmaContext=_XLX_SEP_ PragmaFunction=classifier45_XLX_SEP_ PragmaOptions=variable=coord complete dim=0_XLX_SEP_ [-Wdump-hls-pragmas]
#pragma HLS array_partition variable=coord complete dim=0
        ^
face_detect.cpp:2538:9: warning: HLS pragma dump _XLX_SEP_ PragmaIsValid=1_XLX_SEP_ PragmaType=array_partition_XLX_SEP_ PragmaContext=_XLX_SEP_ PragmaFunction=classifier46_XLX_SEP_ PragmaOptions=variable=coord complete dim=0_XLX_SEP_ [-Wdump-hls-pragmas]
#pragma HLS array_partition variable=coord complete dim=0
        ^
face_detect.cpp:2570:9: warning: HLS pragma dump _XLX_SEP_ PragmaIsValid=1_XLX_SEP_ PragmaType=array_partition_XLX_SEP_ PragmaContext=_XLX_SEP_ PragmaFunction=classifier47_XLX_SEP_ PragmaOptions=variable=coord complete dim=0_XLX_SEP_ [-Wdump-hls-pragmas]
#pragma HLS array_partition variable=coord complete dim=0
        ^
face_detect.cpp:2602:9: warning: HLS pragma dump _XLX_SEP_ PragmaIsValid=1_XLX_SEP_ PragmaType=array_partition_XLX_SEP_ PragmaContext=_XLX_SEP_ PragmaFunction=classifier48_XLX_SEP_ PragmaOptions=variable=coord complete dim=0_XLX_SEP_ [-Wdump-hls-pragmas]
#pragma HLS array_partition variable=coord complete dim=0
        ^
face_detect.cpp:2634:9: warning: HLS pragma dump _XLX_SEP_ PragmaIsValid=1_XLX_SEP_ PragmaType=array_partition_XLX_SEP_ PragmaContext=_XLX_SEP_ PragmaFunction=classifier49_XLX_SEP_ PragmaOptions=variable=coord complete dim=0_XLX_SEP_ [-Wdump-hls-pragmas]
#pragma HLS array_partition variable=coord complete dim=0
        ^
face_detect.cpp:2666:9: warning: HLS pragma dump _XLX_SEP_ PragmaIsValid=1_XLX_SEP_ PragmaType=array_partition_XLX_SEP_ PragmaContext=_XLX_SEP_ PragmaFunction=classifier50_XLX_SEP_ PragmaOptions=variable=coord complete dim=0_XLX_SEP_ [-Wdump-hls-pragmas]
#pragma HLS array_partition variable=coord complete dim=0
        ^
face_detect.cpp:2698:9: warning: HLS pragma dump _XLX_SEP_ PragmaIsValid=1_XLX_SEP_ PragmaType=array_partition_XLX_SEP_ PragmaContext=_XLX_SEP_ PragmaFunction=classifier51_XLX_SEP_ PragmaOptions=variable=coord complete dim=0_XLX_SEP_ [-Wdump-hls-pragmas]
#pragma HLS array_partition variable=coord complete dim=0
        ^
/data/zedongpeng/HLSBatchProcessor/data/kernels/rosetta_flatten/face-detection/run_hls.tcl:8:9: warning: HLS pragma dump _XLX_SEP_ PragmaIsValid=1_XLX_SEP_ PragmaType=top_XLX_SEP_ PragmaContext=directive_XLX_SEP_ PragmaFunction=face_detect_XLX_SEP_ PragmaOptions=name=face_detect_XLX_SEP_ [-Wdump-hls-pragmas]
#pragma HLSDIRECTIVE TOP name=face_detect
        ^
face_detect.cpp:2895:9: warning: HLS pragma dump _XLX_SEP_ PragmaIsValid=1_XLX_SEP_ PragmaType=inline_XLX_SEP_ PragmaContext=_XLX_SEP_ PragmaFunction=processImage_XLX_SEP_ PragmaOptions=off_XLX_SEP_ [-Wdump-hls-pragmas]
#pragma HLS inline off
        ^
face_detect.cpp:2905:9: warning: HLS pragma dump _XLX_SEP_ PragmaIsValid=1_XLX_SEP_ PragmaType=array_partition_XLX_SEP_ PragmaContext=_XLX_SEP_ PragmaFunction=processImage_XLX_SEP_ PragmaOptions=variable=L complete dim=1_XLX_SEP_ [-Wdump-hls-pragmas]
#pragma HLS array_partition variable=L complete dim=1
        ^
face_detect.cpp:2909:9: warning: HLS pragma dump _XLX_SEP_ PragmaIsValid=1_XLX_SEP_ PragmaType=array_partition_XLX_SEP_ PragmaContext=_XLX_SEP_ PragmaFunction=processImage_XLX_SEP_ PragmaOptions=variable=I complete dim=0_XLX_SEP_ [-Wdump-hls-pragmas]
#pragma HLS array_partition variable=I complete dim=0
        ^
face_detect.cpp:2913:9: warning: HLS pragma dump _XLX_SEP_ PragmaIsValid=1_XLX_SEP_ PragmaType=array_partition_XLX_SEP_ PragmaContext=_XLX_SEP_ PragmaFunction=processImage_XLX_SEP_ PragmaOptions=variable=II complete dim=0_XLX_SEP_ [-Wdump-hls-pragmas]
#pragma HLS array_partition variable=II complete dim=0
        ^
face_detect.cpp:2917:9: warning: HLS pragma dump _XLX_SEP_ PragmaIsValid=1_XLX_SEP_ PragmaType=array_partition_XLX_SEP_ PragmaContext=_XLX_SEP_ PragmaFunction=processImage_XLX_SEP_ PragmaOptions=variable=SI complete dim=0_XLX_SEP_ [-Wdump-hls-pragmas]
#pragma HLS array_partition variable=SI complete dim=0
        ^
face_detect.cpp:2921:9: warning: HLS pragma dump _XLX_SEP_ PragmaIsValid=1_XLX_SEP_ PragmaType=array_partition_XLX_SEP_ PragmaContext=_XLX_SEP_ PragmaFunction=processImage_XLX_SEP_ PragmaOptions=variable=SII complete dim=0_XLX_SEP_ [-Wdump-hls-pragmas]
#pragma HLS array_partition variable=SII complete dim=0
        ^
face_detect.cpp:2926:9: warning: HLS pragma dump _XLX_SEP_ PragmaIsValid=1_XLX_SEP_ PragmaType=unroll_XLX_SEP_ PragmaContext=_XLX_SEP_ PragmaFunction=processImage_XLX_SEP_ PragmaOptions=_XLX_SEP_ [-Wdump-hls-pragmas]
#pragma HLS unroll
        ^
face_detect.cpp:2929:9: warning: HLS pragma dump _XLX_SEP_ PragmaIsValid=1_XLX_SEP_ PragmaType=unroll_XLX_SEP_ PragmaContext=_XLX_SEP_ PragmaFunction=processImage_XLX_SEP_ PragmaOptions=_XLX_SEP_ [-Wdump-hls-pragmas]
#pragma HLS unroll
        ^
face_detect.cpp:2942:9: warning: HLS pragma dump _XLX_SEP_ PragmaIsValid=1_XLX_SEP_ PragmaType=unroll_XLX_SEP_ PragmaContext=_XLX_SEP_ PragmaFunction=processImage_XLX_SEP_ PragmaOptions=_XLX_SEP_ [-Wdump-hls-pragmas]
#pragma HLS unroll
        ^
face_detect.cpp:2945:9: warning: HLS pragma dump _XLX_SEP_ PragmaIsValid=1_XLX_SEP_ PragmaType=unroll_XLX_SEP_ PragmaContext=_XLX_SEP_ PragmaFunction=processImage_XLX_SEP_ PragmaOptions=_XLX_SEP_ [-Wdump-hls-pragmas]
#pragma HLS unroll
        ^
face_detect.cpp:2954:9: warning: HLS pragma dump _XLX_SEP_ PragmaIsValid=1_XLX_SEP_ PragmaType=unroll_XLX_SEP_ PragmaContext=_XLX_SEP_ PragmaFunction=processImage_XLX_SEP_ PragmaOptions=_XLX_SEP_ [-Wdump-hls-pragmas]
#pragma HLS unroll
        ^
face_detect.cpp:2969:9: warning: HLS pragma dump _XLX_SEP_ PragmaIsValid=1_XLX_SEP_ PragmaType=loop_tripcount_XLX_SEP_ PragmaContext=_XLX_SEP_ PragmaFunction=processImage_XLX_SEP_ PragmaOptions=min=200 max=200_XLX_SEP_ [-Wdump-hls-pragmas]
#pragma HLS loop_tripcount min=200 max=200
        ^
face_detect.cpp:2971:9: warning: HLS pragma dump _XLX_SEP_ PragmaIsValid=1_XLX_SEP_ PragmaType=loop_tripcount_XLX_SEP_ PragmaContext=_XLX_SEP_ PragmaFunction=processImage_XLX_SEP_ PragmaOptions=min=266 max=266_XLX_SEP_ [-Wdump-hls-pragmas]
#pragma HLS loop_tripcount min=266 max=266
        ^
face_detect.cpp:2990:9: warning: HLS pragma dump _XLX_SEP_ PragmaIsValid=1_XLX_SEP_ PragmaType=unroll_XLX_SEP_ PragmaContext=_XLX_SEP_ PragmaFunction=processImage_XLX_SEP_ PragmaOptions=_XLX_SEP_ [-Wdump-hls-pragmas]
#pragma HLS unroll
        ^
face_detect.cpp:2992:9: warning: HLS pragma dump _XLX_SEP_ PragmaIsValid=1_XLX_SEP_ PragmaType=unroll_XLX_SEP_ PragmaContext=_XLX_SEP_ PragmaFunction=processImage_XLX_SEP_ PragmaOptions=_XLX_SEP_ [-Wdump-hls-pragmas]
#pragma HLS unroll
        ^
face_detect.cpp:3005:9: warning: HLS pragma dump _XLX_SEP_ PragmaIsValid=1_XLX_SEP_ PragmaType=unroll_XLX_SEP_ PragmaContext=_XLX_SEP_ PragmaFunction=processImage_XLX_SEP_ PragmaOptions=_XLX_SEP_ [-Wdump-hls-pragmas]
#pragma HLS unroll
        ^
face_detect.cpp:3014:9: warning: HLS pragma dump _XLX_SEP_ PragmaIsValid=1_XLX_SEP_ PragmaType=unroll_XLX_SEP_ PragmaContext=_XLX_SEP_ PragmaFunction=processImage_XLX_SEP_ PragmaOptions=_XLX_SEP_ [-Wdump-hls-pragmas]
#pragma HLS unroll
        ^
face_detect.cpp:3064:9: warning: HLS pragma dump _XLX_SEP_ PragmaIsValid=1_XLX_SEP_ PragmaType=inline_XLX_SEP_ PragmaContext=_XLX_SEP_ PragmaFunction=cascadeClassifier_XLX_SEP_ PragmaOptions=_XLX_SEP_ [-Wdump-hls-pragmas]
#pragma HLS INLINE
        ^
face_detect.cpp:3079:9: warning: HLS pragma dump _XLX_SEP_ PragmaIsValid=1_XLX_SEP_ PragmaType=array_partition_XLX_SEP_ PragmaContext=_XLX_SEP_ PragmaFunction=cascadeClassifier_XLX_SEP_ PragmaOptions=variable=coord complete dim=0_XLX_SEP_ [-Wdump-hls-pragmas]
#pragma HLS array_partition variable=coord complete dim=0
        ^
face_detect.cpp:3082:9: warning: HLS pragma dump _XLX_SEP_ PragmaIsValid=1_XLX_SEP_ PragmaType=array_partition_XLX_SEP_ PragmaContext=_XLX_SEP_ PragmaFunction=cascadeClassifier_XLX_SEP_ PragmaOptions=variable=s0 complete dim=0_XLX_SEP_ [-Wdump-hls-pragmas]
#pragma HLS array_partition variable=s0 complete dim=0
        ^
face_detect.cpp:3085:9: warning: HLS pragma dump _XLX_SEP_ PragmaIsValid=1_XLX_SEP_ PragmaType=array_partition_XLX_SEP_ PragmaContext=_XLX_SEP_ PragmaFunction=cascadeClassifier_XLX_SEP_ PragmaOptions=variable=s1 complete dim=0_XLX_SEP_ [-Wdump-hls-pragmas]
#pragma HLS array_partition variable=s1 complete dim=0
        ^
face_detect.cpp:3088:9: warning: HLS pragma dump _XLX_SEP_ PragmaIsValid=1_XLX_SEP_ PragmaType=array_partition_XLX_SEP_ PragmaContext=_XLX_SEP_ PragmaFunction=cascadeClassifier_XLX_SEP_ PragmaOptions=variable=s2 complete dim=0_XLX_SEP_ [-Wdump-hls-pragmas]
#pragma HLS array_partition variable=s2 complete dim=0
        ^
face_detect.cpp:3094:9: warning: HLS pragma dump _XLX_SEP_ PragmaIsValid=1_XLX_SEP_ PragmaType=array_partition_XLX_SEP_ PragmaContext=_XLX_SEP_ PragmaFunction=cascadeClassifier_XLX_SEP_ PragmaOptions=variable=values complete dim=0_XLX_SEP_ [-Wdump-hls-pragmas]
#pragma HLS array_partition variable=values complete dim=0
        ^
face_detect.cpp:3098:9: warning: HLS pragma dump _XLX_SEP_ PragmaIsValid=1_XLX_SEP_ PragmaType=array_partition_XLX_SEP_ PragmaContext=_XLX_SEP_ PragmaFunction=cascadeClassifier_XLX_SEP_ PragmaOptions=variable=addr_list complete dim=0_XLX_SEP_ [-Wdump-hls-pragmas]
#pragma HLS array_partition variable=addr_list complete dim=0
        ^
face_detect.cpp:3102:9: warning: HLS pragma dump _XLX_SEP_ PragmaIsValid=1_XLX_SEP_ PragmaType=array_partition_XLX_SEP_ PragmaContext=_XLX_SEP_ PragmaFunction=cascadeClassifier_XLX_SEP_ PragmaOptions=variable=enable_list complete dim=0_XLX_SEP_ [-Wdump-hls-pragmas]
#pragma HLS array_partition variable=enable_list complete dim=0
        ^
face_detect.cpp:3105:9: warning: HLS pragma dump _XLX_SEP_ PragmaIsValid=1_XLX_SEP_ PragmaType=array_partition_XLX_SEP_ PragmaContext=_XLX_SEP_ PragmaFunction=cascadeClassifier_XLX_SEP_ PragmaOptions=variable=_II complete dim=0_XLX_SEP_ [-Wdump-hls-pragmas]
#pragma HLS array_partition variable=_II complete dim=0
        ^
face_detect.cpp:3108:9: warning: HLS pragma dump _XLX_SEP_ PragmaIsValid=1_XLX_SEP_ PragmaType=unroll_XLX_SEP_ PragmaContext=_XLX_SEP_ PragmaFunction=cascadeClassifier_XLX_SEP_ PragmaOptions=_XLX_SEP_ [-Wdump-hls-pragmas]
#pragma HLS unroll
        ^
face_detect.cpp:3110:9: warning: HLS pragma dump _XLX_SEP_ PragmaIsValid=1_XLX_SEP_ PragmaType=unroll_XLX_SEP_ PragmaContext=_XLX_SEP_ PragmaFunction=cascadeClassifier_XLX_SEP_ PragmaOptions=_XLX_SEP_ [-Wdump-hls-pragmas]
#pragma HLS unroll
        ^
face_detect.cpp:3058:11: warning: unused parameter 'pt' [-Wunused-parameter]
  MyPoint pt,
          ^
face_detect.cpp:3332:9: warning: HLS pragma dump _XLX_SEP_ PragmaIsValid=1_XLX_SEP_ PragmaType=inline_XLX_SEP_ PragmaContext=_XLX_SEP_ PragmaFunction=weakClassifier_XLX_SEP_ PragmaOptions=_XLX_SEP_ [-Wdump-hls-pragmas]
#pragma HLS INLINE
        ^
face_detect.cpp:3326:7: warning: unused parameter 'w_id' [-Wunused-parameter]
  int w_id
      ^
face_detect.cpp:3385:9: warning: HLS pragma dump _XLX_SEP_ PragmaIsValid=1_XLX_SEP_ PragmaType=pipeline_XLX_SEP_ PragmaContext=_XLX_SEP_ PragmaFunction=imageScaler_XLX_SEP_ PragmaOptions=_XLX_SEP_ [-Wdump-hls-pragmas]
#pragma HLS pipeline
        ^
face_detect.cpp:3403:9: warning: HLS pragma dump _XLX_SEP_ PragmaIsValid=1_XLX_SEP_ PragmaType=unroll_XLX_SEP_ PragmaContext=_XLX_SEP_ PragmaFunction=int_sqrt_XLX_SEP_ PragmaOptions=_XLX_SEP_ [-Wdump-hls-pragmas]
#pragma HLS unroll
        ^
129 warnings generated.
