

================================================================
== Vitis HLS Report for 'face_detect_Pipeline_imageScalerL1_imageScalerL1_1'
================================================================
* Date:           Fri Dec 13 10:50:39 2024

* Version:        2022.2 (Build 3670227 on Oct 13 2022)
* Project:        project
* Solution:       solution1 (Vivado IP Flow Target)
* Product family: virtexuplus
* Target device:  xcu280-fsvh2892-2L-e


================================================================
== Performance Estimates
================================================================
+ Timing: 
    * Summary: 
    +--------+----------+----------+------------+
    |  Clock |  Target  | Estimated| Uncertainty|
    +--------+----------+----------+------------+
    |ap_clk  |  10.00 ns|  2.824 ns|     2.70 ns|
    +--------+----------+----------+------------+

+ Latency: 
    * Summary: 
    +---------+---------+----------+----------+-------+-------+---------+
    |  Latency (cycles) |  Latency (absolute) |    Interval   | Pipeline|
    |   min   |   max   |    min   |    max   |  min  |  max  |   Type  |
    +---------+---------+----------+----------+-------+-------+---------+
    |    76805|    76805|  0.768 ms|  0.768 ms|  76805|  76805|       no|
    +---------+---------+----------+----------+-------+-------+---------+

    + Detail: 
        * Instance: 
        N/A

        * Loop: 
        +---------------------------------+---------+---------+----------+-----------+-----------+-------+----------+
        |                                 |  Latency (cycles) | Iteration|  Initiation Interval  |  Trip |          |
        |            Loop Name            |   min   |   max   |  Latency |  achieved |   target  | Count | Pipelined|
        +---------------------------------+---------+---------+----------+-----------+-----------+-------+----------+
        |- imageScalerL1_imageScalerL1_1  |    76803|    76803|         5|          1|          1|  76800|       yes|
        +---------------------------------+---------+---------+----------+-----------+-----------+-------+----------+

============================================================
+ Verbose Summary: Synthesis Manager
============================================================
InlineROM: 1
ExposeGlobal: 0
============================================================
+ Verbose Summary: CDFG Model
============================================================
IsTopModel: 0
ResetActiveHigh: 1
IsCombinational: 0
IsDatapathOnly: 0
HasWiredReturn: 1
HasMFsm: 2
HasVarLatency: 1
IsPipeline: 0
IsRtlPipelined: 0
IsInstanceOverlapped: 0
IsDontTouch: 0
HasImplIP: 0
IsGatedGlobalClock: 0

+ Individual pipeline summary: 
  * Pipeline-0: initiation interval (II) = 1, depth = 6


============================================================
+ Verbose Summary: Schedule
============================================================
* Number of FSM states : 6
* Pipeline : 1
  Pipeline-0 : II = 1, D = 6, States = { 1 2 3 4 5 6 }
* Dataflow Pipeline: 0

* FSM state transitions: 
1 --> 2 
2 --> 3 
3 --> 4 
4 --> 5 
5 --> 6 
6 --> 

* FSM state operations: 

State 1 <SV = 0> <Delay = 0.38>
ST_1 : Operation 8 [1/1] (0.00ns)   --->   "%j_2 = alloca i32 1"   --->   Operation 8 'alloca' 'j_2' <Predicate = true> <Delay = 0.00>
ST_1 : Operation 9 [1/1] (0.00ns)   --->   "%i = alloca i32 1"   --->   Operation 9 'alloca' 'i' <Predicate = true> <Delay = 0.00>
ST_1 : Operation 10 [1/1] (0.00ns)   --->   "%indvar_flatten = alloca i32 1"   --->   Operation 10 'alloca' 'indvar_flatten' <Predicate = true> <Delay = 0.00>
ST_1 : Operation 11 [1/1] (0.00ns)   --->   "%sext_ln3379_2_read = read i27 @_ssdm_op_Read.ap_auto.i27, i27 %sext_ln3379_2"   --->   Operation 11 'read' 'sext_ln3379_2_read' <Predicate = true> <Delay = 0.00>
ST_1 : Operation 12 [1/1] (0.00ns)   --->   "%result_V_15_read = read i32 @_ssdm_op_Read.ap_auto.i32, i32 %result_V_15"   --->   Operation 12 'read' 'result_V_15_read' <Predicate = true> <Delay = 0.00>
ST_1 : Operation 13 [1/1] (0.00ns)   --->   "%y_ratio_read = read i24 @_ssdm_op_Read.ap_auto.i24, i24 %y_ratio"   --->   Operation 13 'read' 'y_ratio_read' <Predicate = true> <Delay = 0.00>
ST_1 : Operation 14 [1/1] (0.00ns)   --->   "%result_V_16_read = read i32 @_ssdm_op_Read.ap_auto.i32, i32 %result_V_16"   --->   Operation 14 'read' 'result_V_16_read' <Predicate = true> <Delay = 0.00>
ST_1 : Operation 15 [1/1] (0.00ns)   --->   "%sext_ln3379_2_cast = sext i27 %sext_ln3379_2_read"   --->   Operation 15 'sext' 'sext_ln3379_2_cast' <Predicate = true> <Delay = 0.00>
ST_1 : Operation 16 [1/1] (0.38ns)   --->   "%store_ln0 = store i17 0, i17 %indvar_flatten"   --->   Operation 16 'store' 'store_ln0' <Predicate = true> <Delay = 0.38>
ST_1 : Operation 17 [1/1] (0.38ns)   --->   "%store_ln0 = store i8 0, i8 %i"   --->   Operation 17 'store' 'store_ln0' <Predicate = true> <Delay = 0.38>
ST_1 : Operation 18 [1/1] (0.38ns)   --->   "%store_ln0 = store i9 0, i9 %j_2"   --->   Operation 18 'store' 'store_ln0' <Predicate = true> <Delay = 0.38>
ST_1 : Operation 19 [1/1] (0.00ns)   --->   "%br_ln0 = br void %for.body6.i"   --->   Operation 19 'br' 'br_ln0' <Predicate = true> <Delay = 0.00>

State 2 <SV = 1> <Delay = 2.15>
ST_2 : Operation 20 [1/1] (0.00ns)   --->   "%i_1 = load i8 %i" [face_detect.cpp:3383]   --->   Operation 20 'load' 'i_1' <Predicate = true> <Delay = 0.00>
ST_2 : Operation 21 [1/1] (0.00ns)   --->   "%indvar_flatten_load = load i17 %indvar_flatten" [face_detect.cpp:3383]   --->   Operation 21 'load' 'indvar_flatten_load' <Predicate = true> <Delay = 0.00>
ST_2 : Operation 22 [1/1] (0.00ns)   --->   "%zext_ln3383 = zext i8 %i_1" [face_detect.cpp:3383]   --->   Operation 22 'zext' 'zext_ln3383' <Predicate = true> <Delay = 0.00>
ST_2 : Operation 23 [1/1] (0.85ns)   --->   "%slt = icmp_slt  i32 %zext_ln3383, i32 %result_V_16_read" [face_detect.cpp:3383]   --->   Operation 23 'icmp' 'slt' <Predicate = true> <Delay = 0.85> <CoreInst = "Cmp">   --->   Core 9 'Cmp' <Latency = 0> <II = 1> <Delay = 0.85> <FuncUnit> <Opcode : 'icmp'> <InPorts = 2> <OutPorts = 1>
ST_2 : Operation 24 [1/1] (0.12ns)   --->   "%rev20 = xor i1 %slt, i1 1" [face_detect.cpp:3383]   --->   Operation 24 'xor' 'rev20' <Predicate = true> <Delay = 0.12> <CoreInst = "LogicGate">   --->   Core 74 'LogicGate' <Latency = 0> <II = 1> <Delay = 0.12> <FuncUnit> <Opcode : 'and' 'or' 'xor'> <InPorts = 2> <OutPorts = 1>
ST_2 : Operation 25 [1/1] (0.68ns)   --->   "%icmp_ln3383 = icmp_eq  i17 %indvar_flatten_load, i17 76800" [face_detect.cpp:3383]   --->   Operation 25 'icmp' 'icmp_ln3383' <Predicate = true> <Delay = 0.68> <CoreInst = "Cmp">   --->   Core 9 'Cmp' <Latency = 0> <II = 1> <Delay = 0.68> <FuncUnit> <Opcode : 'icmp'> <InPorts = 2> <OutPorts = 1>
ST_2 : Operation 26 [1/1] (0.79ns)   --->   "%add_ln3383_1 = add i17 %indvar_flatten_load, i17 1" [face_detect.cpp:3383]   --->   Operation 26 'add' 'add_ln3383_1' <Predicate = true> <Delay = 0.79> <CoreInst = "Adder">   --->   Core 1 'Adder' <Latency = 0> <II = 1> <Delay = 0.79> <FuncUnit> <Opcode : 'add' 'sub'> <InPorts = 2> <OutPorts = 1>
ST_2 : Operation 27 [1/1] (0.00ns)   --->   "%br_ln3383 = br i1 %icmp_ln3383, void %for.inc17.i, void %_Z11imageScaleriiPA320_hiiS0_.exit.exitStub" [face_detect.cpp:3383]   --->   Operation 27 'br' 'br_ln3383' <Predicate = true> <Delay = 0.00>
ST_2 : Operation 28 [1/1] (0.00ns)   --->   "%j_2_load = load i9 %j_2" [face_detect.cpp:3384]   --->   Operation 28 'load' 'j_2_load' <Predicate = (!icmp_ln3383)> <Delay = 0.00>
ST_2 : Operation 29 [1/1] (0.70ns)   --->   "%add_ln3383 = add i8 %i_1, i8 1" [face_detect.cpp:3383]   --->   Operation 29 'add' 'add_ln3383' <Predicate = (!icmp_ln3383)> <Delay = 0.70> <CoreInst = "Adder">   --->   Core 1 'Adder' <Latency = 0> <II = 1> <Delay = 0.70> <FuncUnit> <Opcode : 'add' 'sub'> <InPorts = 2> <OutPorts = 1>
ST_2 : Operation 30 [1/1] (0.59ns)   --->   "%icmp_ln3384 = icmp_eq  i9 %j_2_load, i9 320" [face_detect.cpp:3384]   --->   Operation 30 'icmp' 'icmp_ln3384' <Predicate = (!icmp_ln3383)> <Delay = 0.59> <CoreInst = "Cmp">   --->   Core 9 'Cmp' <Latency = 0> <II = 1> <Delay = 0.59> <FuncUnit> <Opcode : 'icmp'> <InPorts = 2> <OutPorts = 1>
ST_2 : Operation 31 [1/1] (0.30ns)   --->   "%select_ln3383 = select i1 %icmp_ln3384, i9 0, i9 %j_2_load" [face_detect.cpp:3383]   --->   Operation 31 'select' 'select_ln3383' <Predicate = (!icmp_ln3383)> <Delay = 0.30> <CoreInst = "Sel">   --->   Core 73 'Sel' <Latency = 0> <II = 1> <Delay = 0.30> <FuncUnit> <Opcode : 'select'> <InPorts = 3> <OutPorts = 1>
ST_2 : Operation 32 [1/1] (0.30ns)   --->   "%select_ln3383_1 = select i1 %icmp_ln3384, i8 %add_ln3383, i8 %i_1" [face_detect.cpp:3383]   --->   Operation 32 'select' 'select_ln3383_1' <Predicate = (!icmp_ln3383)> <Delay = 0.30> <CoreInst = "Sel">   --->   Core 73 'Sel' <Latency = 0> <II = 1> <Delay = 0.30> <FuncUnit> <Opcode : 'select'> <InPorts = 3> <OutPorts = 1>
ST_2 : Operation 33 [1/1] (0.00ns)   --->   "%zext_ln3383_1 = zext i8 %add_ln3383" [face_detect.cpp:3383]   --->   Operation 33 'zext' 'zext_ln3383_1' <Predicate = (!icmp_ln3383)> <Delay = 0.00>
ST_2 : Operation 34 [1/1] (0.00ns)   --->   "%zext_ln3383_2 = zext i8 %select_ln3383_1" [face_detect.cpp:3383]   --->   Operation 34 'zext' 'zext_ln3383_2' <Predicate = (!icmp_ln3383)> <Delay = 0.00>
ST_2 : Operation 35 [4/4] (0.53ns) (root node of the DSP)   --->   "%mul_ln3383 = mul i24 %zext_ln3383_2, i24 %y_ratio_read" [face_detect.cpp:3383]   --->   Operation 35 'mul' 'mul_ln3383' <Predicate = (!icmp_ln3383)> <Delay = 0.53> <CoreInst = "DSP48">   --->   Core 127 'DSP48' <Latency = 3> <II = 1> <Delay = 0.53> <IPBlock> <Opcode : 'mul' 'add' 'sub' 'select'> <InPorts = 0> <OutPorts = 1> <Sync> <CReg>
ST_2 : Operation 36 [1/1] (0.85ns)   --->   "%slt21 = icmp_slt  i32 %zext_ln3383_1, i32 %result_V_16_read" [face_detect.cpp:3383]   --->   Operation 36 'icmp' 'slt21' <Predicate = (!icmp_ln3383)> <Delay = 0.85> <CoreInst = "Cmp">   --->   Core 9 'Cmp' <Latency = 0> <II = 1> <Delay = 0.85> <FuncUnit> <Opcode : 'icmp'> <InPorts = 2> <OutPorts = 1>
ST_2 : Operation 37 [1/1] (0.00ns) (grouped into LUT with out node or_ln3386)   --->   "%rev22 = xor i1 %slt21, i1 1" [face_detect.cpp:3383]   --->   Operation 37 'xor' 'rev22' <Predicate = (!icmp_ln3383)> <Delay = 0.00> <CoreInst = "LogicGate">   --->   Core 74 'LogicGate' <Latency = 0> <II = 1> <Delay = 0.12> <FuncUnit> <Opcode : 'and' 'or' 'xor'> <InPorts = 2> <OutPorts = 1>
ST_2 : Operation 38 [1/1] (0.00ns) (grouped into LUT with out node or_ln3386)   --->   "%select_ln3383_2 = select i1 %icmp_ln3384, i1 %rev22, i1 %rev20" [face_detect.cpp:3383]   --->   Operation 38 'select' 'select_ln3383_2' <Predicate = (!icmp_ln3383)> <Delay = 0.00> <CoreInst = "Sel">   --->   Core 73 'Sel' <Latency = 0> <II = 1> <Delay = 0.27> <FuncUnit> <Opcode : 'select'> <InPorts = 3> <OutPorts = 1>
ST_2 : Operation 39 [1/1] (0.00ns)   --->   "%zext_ln3384 = zext i9 %select_ln3383" [face_detect.cpp:3384]   --->   Operation 39 'zext' 'zext_ln3384' <Predicate = (!icmp_ln3383)> <Delay = 0.00>
ST_2 : Operation 40 [1/1] (0.85ns)   --->   "%icmp_ln3386 = icmp_slt  i32 %zext_ln3384, i32 %result_V_15_read" [face_detect.cpp:3386]   --->   Operation 40 'icmp' 'icmp_ln3386' <Predicate = (!icmp_ln3383)> <Delay = 0.85> <CoreInst = "Cmp">   --->   Core 9 'Cmp' <Latency = 0> <II = 1> <Delay = 0.85> <FuncUnit> <Opcode : 'icmp'> <InPorts = 2> <OutPorts = 1>
ST_2 : Operation 41 [1/1] (0.00ns) (grouped into LUT with out node or_ln3386)   --->   "%xor_ln3386 = xor i1 %icmp_ln3386, i1 1" [face_detect.cpp:3386]   --->   Operation 41 'xor' 'xor_ln3386' <Predicate = (!icmp_ln3383)> <Delay = 0.00> <CoreInst = "LogicGate">   --->   Core 74 'LogicGate' <Latency = 0> <II = 1> <Delay = 0.12> <FuncUnit> <Opcode : 'and' 'or' 'xor'> <InPorts = 2> <OutPorts = 1>
ST_2 : Operation 42 [1/1] (0.27ns) (out node of the LUT)   --->   "%or_ln3386 = or i1 %xor_ln3386, i1 %select_ln3383_2" [face_detect.cpp:3386]   --->   Operation 42 'or' 'or_ln3386' <Predicate = (!icmp_ln3383)> <Delay = 0.27> <CoreInst = "LogicGate">   --->   Core 74 'LogicGate' <Latency = 0> <II = 1> <Delay = 0.12> <FuncUnit> <Opcode : 'and' 'or' 'xor'> <InPorts = 2> <OutPorts = 1>
ST_2 : Operation 43 [1/1] (0.00ns)   --->   "%br_ln3386 = br i1 %or_ln3386, void %if.then.i, void %for.inc.i" [face_detect.cpp:3386]   --->   Operation 43 'br' 'br_ln3386' <Predicate = (!icmp_ln3383)> <Delay = 0.00>
ST_2 : Operation 44 [4/4] (0.53ns) (root node of the DSP)   --->   "%mul_ln3387 = mul i32 %zext_ln3384, i32 %sext_ln3379_2_cast" [face_detect.cpp:3387]   --->   Operation 44 'mul' 'mul_ln3387' <Predicate = (!icmp_ln3383 & !or_ln3386)> <Delay = 0.53> <CoreInst = "DSP48">   --->   Core 127 'DSP48' <Latency = 3> <II = 1> <Delay = 0.53> <IPBlock> <Opcode : 'mul' 'add' 'sub' 'select'> <InPorts = 0> <OutPorts = 1> <Sync> <CReg>
ST_2 : Operation 45 [1/1] (0.71ns)   --->   "%add_ln3384 = add i9 %select_ln3383, i9 1" [face_detect.cpp:3384]   --->   Operation 45 'add' 'add_ln3384' <Predicate = (!icmp_ln3383)> <Delay = 0.71> <CoreInst = "Adder">   --->   Core 1 'Adder' <Latency = 0> <II = 1> <Delay = 0.71> <FuncUnit> <Opcode : 'add' 'sub'> <InPorts = 2> <OutPorts = 1>
ST_2 : Operation 46 [1/1] (0.38ns)   --->   "%store_ln3384 = store i17 %add_ln3383_1, i17 %indvar_flatten" [face_detect.cpp:3384]   --->   Operation 46 'store' 'store_ln3384' <Predicate = (!icmp_ln3383)> <Delay = 0.38>
ST_2 : Operation 47 [1/1] (0.38ns)   --->   "%store_ln3384 = store i8 %select_ln3383_1, i8 %i" [face_detect.cpp:3384]   --->   Operation 47 'store' 'store_ln3384' <Predicate = (!icmp_ln3383)> <Delay = 0.38>
ST_2 : Operation 48 [1/1] (0.38ns)   --->   "%store_ln3384 = store i9 %add_ln3384, i9 %j_2" [face_detect.cpp:3384]   --->   Operation 48 'store' 'store_ln3384' <Predicate = (!icmp_ln3383)> <Delay = 0.38>
ST_2 : Operation 49 [1/1] (0.00ns)   --->   "%br_ln3384 = br void %for.body6.i" [face_detect.cpp:3384]   --->   Operation 49 'br' 'br_ln3384' <Predicate = (!icmp_ln3383)> <Delay = 0.00>

State 3 <SV = 2> <Delay = 0.53>
ST_3 : Operation 50 [3/4] (0.53ns) (root node of the DSP)   --->   "%mul_ln3383 = mul i24 %zext_ln3383_2, i24 %y_ratio_read" [face_detect.cpp:3383]   --->   Operation 50 'mul' 'mul_ln3383' <Predicate = true> <Delay = 0.53> <CoreInst = "DSP48">   --->   Core 127 'DSP48' <Latency = 3> <II = 1> <Delay = 0.53> <IPBlock> <Opcode : 'mul' 'add' 'sub' 'select'> <InPorts = 0> <OutPorts = 1> <Sync> <CReg>
ST_3 : Operation 51 [3/4] (0.53ns) (root node of the DSP)   --->   "%mul_ln3387 = mul i32 %zext_ln3384, i32 %sext_ln3379_2_cast" [face_detect.cpp:3387]   --->   Operation 51 'mul' 'mul_ln3387' <Predicate = (!or_ln3386)> <Delay = 0.53> <CoreInst = "DSP48">   --->   Core 127 'DSP48' <Latency = 3> <II = 1> <Delay = 0.53> <IPBlock> <Opcode : 'mul' 'add' 'sub' 'select'> <InPorts = 0> <OutPorts = 1> <Sync> <CReg>

State 4 <SV = 3> <Delay = 0.53>
ST_4 : Operation 52 [2/4] (0.53ns) (root node of the DSP)   --->   "%mul_ln3383 = mul i24 %zext_ln3383_2, i24 %y_ratio_read" [face_detect.cpp:3383]   --->   Operation 52 'mul' 'mul_ln3383' <Predicate = true> <Delay = 0.53> <CoreInst = "DSP48">   --->   Core 127 'DSP48' <Latency = 3> <II = 1> <Delay = 0.53> <IPBlock> <Opcode : 'mul' 'add' 'sub' 'select'> <InPorts = 0> <OutPorts = 1> <Sync> <CReg>
ST_4 : Operation 53 [2/4] (0.53ns) (root node of the DSP)   --->   "%mul_ln3387 = mul i32 %zext_ln3384, i32 %sext_ln3379_2_cast" [face_detect.cpp:3387]   --->   Operation 53 'mul' 'mul_ln3387' <Predicate = (!or_ln3386)> <Delay = 0.53> <CoreInst = "DSP48">   --->   Core 127 'DSP48' <Latency = 3> <II = 1> <Delay = 0.53> <IPBlock> <Opcode : 'mul' 'add' 'sub' 'select'> <InPorts = 0> <OutPorts = 1> <Sync> <CReg>

State 5 <SV = 4> <Delay = 2.82>
ST_5 : Operation 54 [1/1] (0.00ns)   --->   "%specloopname_ln0 = specloopname void @_ssdm_op_SpecLoopName, void @imageScalerL1_imageScalerL1_1_str"   --->   Operation 54 'specloopname' 'specloopname_ln0' <Predicate = true> <Delay = 0.00>
ST_5 : Operation 55 [1/1] (0.00ns)   --->   "%speclooptripcount_ln0 = speclooptripcount void @_ssdm_op_SpecLoopTripCount, i64 76800, i64 76800, i64 76800"   --->   Operation 55 'speclooptripcount' 'speclooptripcount_ln0' <Predicate = true> <Delay = 0.00>
ST_5 : Operation 56 [1/1] (0.00ns)   --->   "%tmp_s = bitconcatenate i16 @_ssdm_op_BitConcatenate.i16.i8.i8, i8 %select_ln3383_1, i8 0" [face_detect.cpp:3387]   --->   Operation 56 'bitconcatenate' 'tmp_s' <Predicate = true> <Delay = 0.00>
ST_5 : Operation 57 [1/1] (0.00ns)   --->   "%zext_ln3387 = zext i16 %tmp_s" [face_detect.cpp:3387]   --->   Operation 57 'zext' 'zext_ln3387' <Predicate = true> <Delay = 0.00>
ST_5 : Operation 58 [1/1] (0.00ns)   --->   "%tmp_7 = bitconcatenate i14 @_ssdm_op_BitConcatenate.i14.i8.i6, i8 %select_ln3383_1, i6 0" [face_detect.cpp:3387]   --->   Operation 58 'bitconcatenate' 'tmp_7' <Predicate = true> <Delay = 0.00>
ST_5 : Operation 59 [1/1] (0.00ns)   --->   "%zext_ln3387_1 = zext i14 %tmp_7" [face_detect.cpp:3387]   --->   Operation 59 'zext' 'zext_ln3387_1' <Predicate = true> <Delay = 0.00>
ST_5 : Operation 60 [1/1] (0.00ns) (grouped into TernaryAdder)   --->   "%add_ln3387 = add i17 %zext_ln3387, i17 %zext_ln3387_1" [face_detect.cpp:3387]   --->   Operation 60 'add' 'add_ln3387' <Predicate = true> <Delay = 0.00> <CoreInst = "TAddSub">   --->   Core 10 'TAddSub' <Latency = 0> <II = 1> <Delay = 0.33> <IPBlock> <Opcode : 'add' 'sub'> <InPorts = 3> <OutPorts = 1> <Sync> <CReg>
ST_5 : Operation 61 [1/4] (0.00ns) (root node of the DSP)   --->   "%mul_ln3383 = mul i24 %zext_ln3383_2, i24 %y_ratio_read" [face_detect.cpp:3383]   --->   Operation 61 'mul' 'mul_ln3383' <Predicate = true> <Delay = 0.00> <CoreInst = "DSP48">   --->   Core 127 'DSP48' <Latency = 3> <II = 1> <Delay = 0.53> <IPBlock> <Opcode : 'mul' 'add' 'sub' 'select'> <InPorts = 0> <OutPorts = 1> <Sync> <CReg>
ST_5 : Operation 62 [1/1] (0.00ns)   --->   "%idxprom_i_mid2_v = partselect i8 @_ssdm_op_PartSelect.i8.i24.i32.i32, i24 %mul_ln3383, i32 16, i32 23" [face_detect.cpp:3383]   --->   Operation 62 'partselect' 'idxprom_i_mid2_v' <Predicate = true> <Delay = 0.00>
ST_5 : Operation 63 [1/1] (0.00ns)   --->   "%tmp_8 = bitconcatenate i16 @_ssdm_op_BitConcatenate.i16.i8.i8, i8 %idxprom_i_mid2_v, i8 0" [face_detect.cpp:3387]   --->   Operation 63 'bitconcatenate' 'tmp_8' <Predicate = true> <Delay = 0.00>
ST_5 : Operation 64 [1/1] (0.00ns)   --->   "%zext_ln3387_2 = zext i16 %tmp_8" [face_detect.cpp:3387]   --->   Operation 64 'zext' 'zext_ln3387_2' <Predicate = true> <Delay = 0.00>
ST_5 : Operation 65 [1/1] (0.00ns)   --->   "%tmp_9 = bitconcatenate i14 @_ssdm_op_BitConcatenate.i14.i8.i6, i8 %idxprom_i_mid2_v, i6 0" [face_detect.cpp:3387]   --->   Operation 65 'bitconcatenate' 'tmp_9' <Predicate = true> <Delay = 0.00>
ST_5 : Operation 66 [1/1] (0.00ns)   --->   "%zext_ln3387_3 = zext i14 %tmp_9" [face_detect.cpp:3387]   --->   Operation 66 'zext' 'zext_ln3387_3' <Predicate = true> <Delay = 0.00>
ST_5 : Operation 67 [1/1] (0.78ns)   --->   "%add_ln3387_1 = add i17 %zext_ln3387_2, i17 %zext_ln3387_3" [face_detect.cpp:3387]   --->   Operation 67 'add' 'add_ln3387_1' <Predicate = true> <Delay = 0.78> <CoreInst = "Adder">   --->   Core 1 'Adder' <Latency = 0> <II = 1> <Delay = 0.78> <FuncUnit> <Opcode : 'add' 'sub'> <InPorts = 2> <OutPorts = 1>
ST_5 : Operation 68 [1/1] (0.00ns)   --->   "%zext_ln3387_4 = zext i9 %select_ln3383" [face_detect.cpp:3387]   --->   Operation 68 'zext' 'zext_ln3387_4' <Predicate = true> <Delay = 0.00>
ST_5 : Operation 69 [1/1] (0.67ns) (root node of TernaryAdder)   --->   "%add_ln3387_2 = add i17 %add_ln3387, i17 %zext_ln3387_4" [face_detect.cpp:3387]   --->   Operation 69 'add' 'add_ln3387_2' <Predicate = true> <Delay = 0.67> <CoreInst = "TAddSub">   --->   Core 10 'TAddSub' <Latency = 0> <II = 1> <Delay = 0.33> <IPBlock> <Opcode : 'add' 'sub'> <InPorts = 3> <OutPorts = 1> <Sync> <CReg>
ST_5 : Operation 70 [1/1] (0.00ns)   --->   "%zext_ln3387_5 = zext i17 %add_ln3387_2" [face_detect.cpp:3387]   --->   Operation 70 'zext' 'zext_ln3387_5' <Predicate = true> <Delay = 0.00>
ST_5 : Operation 71 [1/1] (0.00ns)   --->   "%IMG1_data_addr = getelementptr i8 %IMG1_data, i64 0, i64 %zext_ln3387_5" [face_detect.cpp:3387]   --->   Operation 71 'getelementptr' 'IMG1_data_addr' <Predicate = true> <Delay = 0.00>
ST_5 : Operation 72 [1/1] (0.00ns)   --->   "%specpipeline_ln3385 = specpipeline void @_ssdm_op_SpecPipeline, i32 4294967295, i32 0, i32 0, i32 0, void @empty_10" [face_detect.cpp:3385]   --->   Operation 72 'specpipeline' 'specpipeline_ln3385' <Predicate = true> <Delay = 0.00>
ST_5 : Operation 73 [1/1] (0.00ns)   --->   "%specloopname_ln3367 = specloopname void @_ssdm_op_SpecLoopName, void @empty_5" [face_detect.cpp:3367]   --->   Operation 73 'specloopname' 'specloopname_ln3367' <Predicate = true> <Delay = 0.00>
ST_5 : Operation 74 [1/4] (0.00ns) (root node of the DSP)   --->   "%mul_ln3387 = mul i32 %zext_ln3384, i32 %sext_ln3379_2_cast" [face_detect.cpp:3387]   --->   Operation 74 'mul' 'mul_ln3387' <Predicate = (!or_ln3386)> <Delay = 0.00> <CoreInst = "DSP48">   --->   Core 127 'DSP48' <Latency = 3> <II = 1> <Delay = 0.53> <IPBlock> <Opcode : 'mul' 'add' 'sub' 'select'> <InPorts = 0> <OutPorts = 1> <Sync> <CReg>
ST_5 : Operation 75 [1/1] (0.00ns)   --->   "%trunc_ln8 = partselect i16 @_ssdm_op_PartSelect.i16.i32.i32.i32, i32 %mul_ln3387, i32 16, i32 31" [face_detect.cpp:3387]   --->   Operation 75 'partselect' 'trunc_ln8' <Predicate = (!or_ln3386)> <Delay = 0.00>
ST_5 : Operation 76 [1/1] (0.00ns)   --->   "%sext_ln3387 = sext i16 %trunc_ln8" [face_detect.cpp:3387]   --->   Operation 76 'sext' 'sext_ln3387' <Predicate = (!or_ln3386)> <Delay = 0.00>
ST_5 : Operation 77 [1/1] (0.79ns)   --->   "%add_ln3387_3 = add i17 %add_ln3387_1, i17 %sext_ln3387" [face_detect.cpp:3387]   --->   Operation 77 'add' 'add_ln3387_3' <Predicate = (!or_ln3386)> <Delay = 0.79> <CoreInst = "Adder">   --->   Core 1 'Adder' <Latency = 0> <II = 1> <Delay = 0.79> <FuncUnit> <Opcode : 'add' 'sub'> <InPorts = 2> <OutPorts = 1>
ST_5 : Operation 78 [1/1] (0.00ns)   --->   "%zext_ln3387_6 = zext i17 %add_ln3387_3" [face_detect.cpp:3387]   --->   Operation 78 'zext' 'zext_ln3387_6' <Predicate = (!or_ln3386)> <Delay = 0.00>
ST_5 : Operation 79 [1/1] (0.00ns)   --->   "%Data_addr = getelementptr i8 %Data, i64 0, i64 %zext_ln3387_6" [face_detect.cpp:3387]   --->   Operation 79 'getelementptr' 'Data_addr' <Predicate = (!or_ln3386)> <Delay = 0.00>
ST_5 : Operation 80 [2/2] (1.24ns)   --->   "%Data_load = load i17 %Data_addr" [face_detect.cpp:3387]   --->   Operation 80 'load' 'Data_load' <Predicate = (!or_ln3386)> <Delay = 1.24> <CoreInst = "RAM">   --->   Core 83 'RAM' <Latency = 1> <II = 1> <Delay = 1.24> <Storage> <Opcode : 'load' 'store'> <Ports = 2> <Width = 8> <Depth = 76800> <RAM>
ST_5 : Operation 84 [1/1] (0.00ns)   --->   "%ret_ln0 = ret"   --->   Operation 84 'ret' 'ret_ln0' <Predicate = (icmp_ln3383)> <Delay = 0.00>

State 6 <SV = 5> <Delay = 2.49>
ST_6 : Operation 81 [1/2] (1.24ns)   --->   "%Data_load = load i17 %Data_addr" [face_detect.cpp:3387]   --->   Operation 81 'load' 'Data_load' <Predicate = (!or_ln3386)> <Delay = 1.24> <CoreInst = "RAM">   --->   Core 83 'RAM' <Latency = 1> <II = 1> <Delay = 1.24> <Storage> <Opcode : 'load' 'store'> <Ports = 2> <Width = 8> <Depth = 76800> <RAM>
ST_6 : Operation 82 [1/1] (1.24ns)   --->   "%store_ln3387 = store i8 %Data_load, i17 %IMG1_data_addr" [face_detect.cpp:3387]   --->   Operation 82 'store' 'store_ln3387' <Predicate = (!or_ln3386)> <Delay = 1.24> <CoreInst = "RAM">   --->   Core 83 'RAM' <Latency = 1> <II = 1> <Delay = 1.24> <Storage> <Opcode : 'load' 'store'> <Ports = 2> <Width = 8> <Depth = 76800> <RAM>
ST_6 : Operation 83 [1/1] (0.00ns)   --->   "%br_ln3387 = br void %for.inc.i" [face_detect.cpp:3387]   --->   Operation 83 'br' 'br_ln3387' <Predicate = (!or_ln3386)> <Delay = 0.00>


============================================================
+ Verbose Summary: Binding
============================================================
STG Binding: 
---------------- STG Properties BEGIN ----------------
- Is combinational: 0
- Is one-state seq: 0
- Is datapath-only: 0
- Is pipelined: 0
- Is top level: 0
Port [ Return ] is wired: 1; IO mode=ap_ctrl_hs:ce=0
Port [ result_V_16]:  wired=1; compound=0; hidden=0; nouse=0; global=0; static=0; extern=0; dir=0; type=0; pingpong=0; private_global=0; IO mode=ap_none:ce=0
Port [ y_ratio]:  wired=1; compound=0; hidden=0; nouse=0; global=0; static=0; extern=0; dir=0; type=0; pingpong=0; private_global=0; IO mode=ap_none:ce=0
Port [ IMG1_data]:  wired=1; compound=1; hidden=0; nouse=0; global=0; static=0; extern=0; dir=1; type=1; pingpong=0; private_global=0; MemPort=[03]; IO mode=ap_memory:ce=0
Port [ result_V_15]:  wired=1; compound=0; hidden=0; nouse=0; global=0; static=0; extern=0; dir=0; type=0; pingpong=0; private_global=0; IO mode=ap_none:ce=0
Port [ sext_ln3379_2]:  wired=1; compound=0; hidden=0; nouse=0; global=0; static=0; extern=0; dir=0; type=0; pingpong=0; private_global=0; IO mode=ap_none:ce=0
Port [ Data]:  wired=1; compound=1; hidden=0; nouse=0; global=1; static=1; extern=0; dir=0; type=1; pingpong=0; private_global=0; MemPort=[13]; IO mode=ap_memory:ce=0
---------------- STG Properties END ------------------

---------------- Datapath Model BEGIN ----------------

<LifeTime>
<method=bitvector/>
j_2                   (alloca           ) [ 0110000]
i                     (alloca           ) [ 0110000]
indvar_flatten        (alloca           ) [ 0110000]
sext_ln3379_2_read    (read             ) [ 0000000]
result_V_15_read      (read             ) [ 0110000]
y_ratio_read          (read             ) [ 0111110]
result_V_16_read      (read             ) [ 0110000]
sext_ln3379_2_cast    (sext             ) [ 0111110]
store_ln0             (store            ) [ 0000000]
store_ln0             (store            ) [ 0000000]
store_ln0             (store            ) [ 0000000]
br_ln0                (br               ) [ 0000000]
i_1                   (load             ) [ 0000000]
indvar_flatten_load   (load             ) [ 0000000]
zext_ln3383           (zext             ) [ 0000000]
slt                   (icmp             ) [ 0000000]
rev20                 (xor              ) [ 0000000]
icmp_ln3383           (icmp             ) [ 0111110]
add_ln3383_1          (add              ) [ 0000000]
br_ln3383             (br               ) [ 0000000]
j_2_load              (load             ) [ 0000000]
add_ln3383            (add              ) [ 0000000]
icmp_ln3384           (icmp             ) [ 0000000]
select_ln3383         (select           ) [ 0101110]
select_ln3383_1       (select           ) [ 0101110]
zext_ln3383_1         (zext             ) [ 0000000]
zext_ln3383_2         (zext             ) [ 0101110]
slt21                 (icmp             ) [ 0000000]
rev22                 (xor              ) [ 0000000]
select_ln3383_2       (select           ) [ 0000000]
zext_ln3384           (zext             ) [ 0101110]
icmp_ln3386           (icmp             ) [ 0000000]
xor_ln3386            (xor              ) [ 0000000]
or_ln3386             (or               ) [ 0111111]
br_ln3386             (br               ) [ 0000000]
add_ln3384            (add              ) [ 0000000]
store_ln3384          (store            ) [ 0000000]
store_ln3384          (store            ) [ 0000000]
store_ln3384          (store            ) [ 0000000]
br_ln3384             (br               ) [ 0000000]
specloopname_ln0      (specloopname     ) [ 0000000]
speclooptripcount_ln0 (speclooptripcount) [ 0000000]
tmp_s                 (bitconcatenate   ) [ 0000000]
zext_ln3387           (zext             ) [ 0000000]
tmp_7                 (bitconcatenate   ) [ 0000000]
zext_ln3387_1         (zext             ) [ 0000000]
add_ln3387            (add              ) [ 0000000]
mul_ln3383            (mul              ) [ 0000000]
idxprom_i_mid2_v      (partselect       ) [ 0000000]
tmp_8                 (bitconcatenate   ) [ 0000000]
zext_ln3387_2         (zext             ) [ 0000000]
tmp_9                 (bitconcatenate   ) [ 0000000]
zext_ln3387_3         (zext             ) [ 0000000]
add_ln3387_1          (add              ) [ 0000000]
zext_ln3387_4         (zext             ) [ 0000000]
add_ln3387_2          (add              ) [ 0000000]
zext_ln3387_5         (zext             ) [ 0000000]
IMG1_data_addr        (getelementptr    ) [ 0100001]
specpipeline_ln3385   (specpipeline     ) [ 0000000]
specloopname_ln3367   (specloopname     ) [ 0000000]
mul_ln3387            (mul              ) [ 0000000]
trunc_ln8             (partselect       ) [ 0000000]
sext_ln3387           (sext             ) [ 0000000]
add_ln3387_3          (add              ) [ 0000000]
zext_ln3387_6         (zext             ) [ 0000000]
Data_addr             (getelementptr    ) [ 0100001]
Data_load             (load             ) [ 0000000]
store_ln3387          (store            ) [ 0000000]
br_ln3387             (br               ) [ 0000000]
ret_ln0               (ret              ) [ 0000000]
</LifeTime>

<model>

<comp_list>
<comp id="0" class="1000" name="result_V_16">
<pin_list>
<pin id="1" dir="1" index="0" bw="1" slack="0"/>
</pin_list>
<bind>
<StgValue><ssdm name="result_V_16"/></StgValue>
</bind>
</comp>

<comp id="2" class="1000" name="y_ratio">
<pin_list>
<pin id="3" dir="1" index="0" bw="1" slack="0"/>
</pin_list>
<bind>
<StgValue><ssdm name="y_ratio"/></StgValue>
</bind>
</comp>

<comp id="4" class="1000" name="IMG1_data">
<pin_list>
<pin id="5" dir="1" index="0" bw="1" slack="0"/>
</pin_list>
<bind>
<StgValue><ssdm name="IMG1_data"/><MemPortTyVec>0 3 </MemPortTyVec>
</StgValue>
</bind>
</comp>

<comp id="6" class="1000" name="result_V_15">
<pin_list>
<pin id="7" dir="1" index="0" bw="1" slack="0"/>
</pin_list>
<bind>
<StgValue><ssdm name="result_V_15"/></StgValue>
</bind>
</comp>

<comp id="8" class="1000" name="sext_ln3379_2">
<pin_list>
<pin id="9" dir="1" index="0" bw="1" slack="0"/>
</pin_list>
<bind>
<StgValue><ssdm name="sext_ln3379_2"/></StgValue>
</bind>
</comp>

<comp id="10" class="1000" name="Data">
<pin_list>
<pin id="11" dir="1" index="0" bw="1" slack="0"/>
</pin_list>
<bind>
<StgValue><ssdm name="Data"/><MemPortTyVec>1 3 </MemPortTyVec>
</StgValue>
</bind>
</comp>

<comp id="12" class="1001" name="const_12">
<pin_list>
<pin id="13" dir="1" index="0" bw="1" slack="0"/>
</pin_list>
<bind>
<StgValue><ssdm name=""/></StgValue>
</bind>
</comp>

<comp id="14" class="1001" name="const_14">
<pin_list>
<pin id="15" dir="1" index="0" bw="1" slack="0"/>
</pin_list>
<bind>
<StgValue><ssdm name="_ssdm_op_Read.ap_auto.i27"/></StgValue>
</bind>
</comp>

<comp id="16" class="1001" name="const_16">
<pin_list>
<pin id="17" dir="1" index="0" bw="1" slack="0"/>
</pin_list>
<bind>
<StgValue><ssdm name="_ssdm_op_Read.ap_auto.i32"/></StgValue>
</bind>
</comp>

<comp id="18" class="1001" name="const_18">
<pin_list>
<pin id="19" dir="1" index="0" bw="1" slack="0"/>
</pin_list>
<bind>
<StgValue><ssdm name="_ssdm_op_Read.ap_auto.i24"/></StgValue>
</bind>
</comp>

<comp id="20" class="1001" name="const_20">
<pin_list>
<pin id="21" dir="1" index="0" bw="1" slack="0"/>
</pin_list>
<bind>
<StgValue><ssdm name=""/></StgValue>
</bind>
</comp>

<comp id="22" class="1001" name="const_22">
<pin_list>
<pin id="23" dir="1" index="0" bw="1" slack="0"/>
</pin_list>
<bind>
<StgValue><ssdm name=""/></StgValue>
</bind>
</comp>

<comp id="24" class="1001" name="const_24">
<pin_list>
<pin id="25" dir="1" index="0" bw="1" slack="0"/>
</pin_list>
<bind>
<StgValue><ssdm name=""/></StgValue>
</bind>
</comp>

<comp id="26" class="1001" name="const_26">
<pin_list>
<pin id="27" dir="1" index="0" bw="1" slack="0"/>
</pin_list>
<bind>
<StgValue><ssdm name=""/></StgValue>
</bind>
</comp>

<comp id="28" class="1001" name="const_28">
<pin_list>
<pin id="29" dir="1" index="0" bw="1" slack="0"/>
</pin_list>
<bind>
<StgValue><ssdm name=""/></StgValue>
</bind>
</comp>

<comp id="30" class="1001" name="const_30">
<pin_list>
<pin id="31" dir="1" index="0" bw="1" slack="0"/>
</pin_list>
<bind>
<StgValue><ssdm name=""/></StgValue>
</bind>
</comp>

<comp id="32" class="1001" name="const_32">
<pin_list>
<pin id="33" dir="1" index="0" bw="1" slack="0"/>
</pin_list>
<bind>
<StgValue><ssdm name=""/></StgValue>
</bind>
</comp>

<comp id="34" class="1001" name="const_34">
<pin_list>
<pin id="35" dir="1" index="0" bw="1" slack="0"/>
</pin_list>
<bind>
<StgValue><ssdm name=""/></StgValue>
</bind>
</comp>

<comp id="36" class="1001" name="const_36">
<pin_list>
<pin id="37" dir="1" index="0" bw="1" slack="0"/>
</pin_list>
<bind>
<StgValue><ssdm name=""/></StgValue>
</bind>
</comp>

<comp id="38" class="1001" name="const_38">
<pin_list>
<pin id="39" dir="1" index="0" bw="1" slack="2147483647"/>
</pin_list>
<bind>
<StgValue><ssdm name="_ssdm_op_SpecLoopName"/></StgValue>
</bind>
</comp>

<comp id="40" class="1001" name="const_40">
<pin_list>
<pin id="41" dir="1" index="0" bw="1" slack="2147483647"/>
</pin_list>
<bind>
<StgValue><ssdm name="imageScalerL1_imageScalerL1_1_str"/></StgValue>
</bind>
</comp>

<comp id="42" class="1001" name="const_42">
<pin_list>
<pin id="43" dir="1" index="0" bw="1" slack="2147483647"/>
</pin_list>
<bind>
<StgValue><ssdm name="_ssdm_op_SpecLoopTripCount"/></StgValue>
</bind>
</comp>

<comp id="44" class="1001" name="const_44">
<pin_list>
<pin id="45" dir="1" index="0" bw="1" slack="2147483647"/>
</pin_list>
<bind>
<StgValue><ssdm name=""/></StgValue>
</bind>
</comp>

<comp id="46" class="1001" name="const_46">
<pin_list>
<pin id="47" dir="1" index="0" bw="1" slack="0"/>
</pin_list>
<bind>
<StgValue><ssdm name="_ssdm_op_BitConcatenate.i16.i8.i8"/></StgValue>
</bind>
</comp>

<comp id="48" class="1001" name="const_48">
<pin_list>
<pin id="49" dir="1" index="0" bw="1" slack="0"/>
</pin_list>
<bind>
<StgValue><ssdm name="_ssdm_op_BitConcatenate.i14.i8.i6"/></StgValue>
</bind>
</comp>

<comp id="50" class="1001" name="const_50">
<pin_list>
<pin id="51" dir="1" index="0" bw="1" slack="0"/>
</pin_list>
<bind>
<StgValue><ssdm name=""/></StgValue>
</bind>
</comp>

<comp id="52" class="1001" name="const_52">
<pin_list>
<pin id="53" dir="1" index="0" bw="1" slack="0"/>
</pin_list>
<bind>
<StgValue><ssdm name="_ssdm_op_PartSelect.i8.i24.i32.i32"/></StgValue>
</bind>
</comp>

<comp id="54" class="1001" name="const_54">
<pin_list>
<pin id="55" dir="1" index="0" bw="1" slack="0"/>
</pin_list>
<bind>
<StgValue><ssdm name=""/></StgValue>
</bind>
</comp>

<comp id="56" class="1001" name="const_56">
<pin_list>
<pin id="57" dir="1" index="0" bw="1" slack="0"/>
</pin_list>
<bind>
<StgValue><ssdm name=""/></StgValue>
</bind>
</comp>

<comp id="58" class="1001" name="const_58">
<pin_list>
<pin id="59" dir="1" index="0" bw="1" slack="0"/>
</pin_list>
<bind>
<StgValue><ssdm name=""/></StgValue>
</bind>
</comp>

<comp id="60" class="1001" name="const_60">
<pin_list>
<pin id="61" dir="1" index="0" bw="1" slack="2147483647"/>
</pin_list>
<bind>
<StgValue><ssdm name="_ssdm_op_SpecPipeline"/></StgValue>
</bind>
</comp>

<comp id="62" class="1001" name="const_62">
<pin_list>
<pin id="63" dir="1" index="0" bw="1" slack="2147483647"/>
</pin_list>
<bind>
<StgValue><ssdm name=""/></StgValue>
</bind>
</comp>

<comp id="64" class="1001" name="const_64">
<pin_list>
<pin id="65" dir="1" index="0" bw="1" slack="2147483647"/>
</pin_list>
<bind>
<StgValue><ssdm name=""/></StgValue>
</bind>
</comp>

<comp id="66" class="1001" name="const_66">
<pin_list>
<pin id="67" dir="1" index="0" bw="1" slack="2147483647"/>
</pin_list>
<bind>
<StgValue><ssdm name="empty_10"/></StgValue>
</bind>
</comp>

<comp id="68" class="1001" name="const_68">
<pin_list>
<pin id="69" dir="1" index="0" bw="1" slack="2147483647"/>
</pin_list>
<bind>
<StgValue><ssdm name="empty_5"/></StgValue>
</bind>
</comp>

<comp id="70" class="1001" name="const_70">
<pin_list>
<pin id="71" dir="1" index="0" bw="1" slack="0"/>
</pin_list>
<bind>
<StgValue><ssdm name="_ssdm_op_PartSelect.i16.i32.i32.i32"/></StgValue>
</bind>
</comp>

<comp id="72" class="1001" name="const_72">
<pin_list>
<pin id="73" dir="1" index="0" bw="1" slack="0"/>
</pin_list>
<bind>
<StgValue><ssdm name=""/></StgValue>
</bind>
</comp>

<comp id="74" class="1004" name="j_2_fu_74">
<pin_list>
<pin id="75" dir="0" index="0" bw="1" slack="0"/>
<pin id="76" dir="1" index="1" bw="9" slack="0"/>
</pin_list>
<bind>
<opcode="alloca(26) " fcode="alloca"/>
<opset="j_2/1 "/>
</bind>
</comp>

<comp id="78" class="1004" name="i_fu_78">
<pin_list>
<pin id="79" dir="0" index="0" bw="1" slack="0"/>
<pin id="80" dir="1" index="1" bw="8" slack="0"/>
</pin_list>
<bind>
<opcode="alloca(26) " fcode="alloca"/>
<opset="i/1 "/>
</bind>
</comp>

<comp id="82" class="1004" name="indvar_flatten_fu_82">
<pin_list>
<pin id="83" dir="0" index="0" bw="1" slack="0"/>
<pin id="84" dir="1" index="1" bw="17" slack="0"/>
</pin_list>
<bind>
<opcode="alloca(26) " fcode="alloca"/>
<opset="indvar_flatten/1 "/>
</bind>
</comp>

<comp id="86" class="1004" name="sext_ln3379_2_read_read_fu_86">
<pin_list>
<pin id="87" dir="0" index="0" bw="27" slack="0"/>
<pin id="88" dir="0" index="1" bw="27" slack="0"/>
<pin id="89" dir="1" index="2" bw="27" slack="0"/>
</pin_list>
<bind>
<opcode="read(1150) " fcode="read"/>
<opset="sext_ln3379_2_read/1 "/>
</bind>
</comp>

<comp id="92" class="1004" name="result_V_15_read_read_fu_92">
<pin_list>
<pin id="93" dir="0" index="0" bw="32" slack="0"/>
<pin id="94" dir="0" index="1" bw="32" slack="0"/>
<pin id="95" dir="1" index="2" bw="32" slack="1"/>
</pin_list>
<bind>
<opcode="read(1150) " fcode="read"/>
<opset="result_V_15_read/1 "/>
</bind>
</comp>

<comp id="98" class="1004" name="y_ratio_read_read_fu_98">
<pin_list>
<pin id="99" dir="0" index="0" bw="24" slack="0"/>
<pin id="100" dir="0" index="1" bw="24" slack="0"/>
<pin id="101" dir="1" index="2" bw="24" slack="1"/>
</pin_list>
<bind>
<opcode="read(1150) " fcode="read"/>
<opset="y_ratio_read/1 "/>
</bind>
</comp>

<comp id="104" class="1004" name="result_V_16_read_read_fu_104">
<pin_list>
<pin id="105" dir="0" index="0" bw="32" slack="0"/>
<pin id="106" dir="0" index="1" bw="32" slack="0"/>
<pin id="107" dir="1" index="2" bw="32" slack="1"/>
</pin_list>
<bind>
<opcode="read(1150) " fcode="read"/>
<opset="result_V_16_read/1 "/>
</bind>
</comp>

<comp id="110" class="1004" name="IMG1_data_addr_gep_fu_110">
<pin_list>
<pin id="111" dir="0" index="0" bw="8" slack="0"/>
<pin id="112" dir="0" index="1" bw="1" slack="0"/>
<pin id="113" dir="0" index="2" bw="17" slack="0"/>
<pin id="114" dir="1" index="3" bw="17" slack="1"/>
</pin_list>
<bind>
<opcode="getelementptr(29) " fcode="getelementptr"/>
<opset="IMG1_data_addr/5 "/>
</bind>
</comp>

<comp id="117" class="1004" name="Data_addr_gep_fu_117">
<pin_list>
<pin id="118" dir="0" index="0" bw="8" slack="0"/>
<pin id="119" dir="0" index="1" bw="1" slack="0"/>
<pin id="120" dir="0" index="2" bw="17" slack="0"/>
<pin id="121" dir="1" index="3" bw="17" slack="0"/>
</pin_list>
<bind>
<opcode="getelementptr(29) " fcode="getelementptr"/>
<opset="Data_addr/5 "/>
</bind>
</comp>

<comp id="124" class="1004" name="grp_access_fu_124">
<pin_list>
<pin id="125" dir="0" index="0" bw="17" slack="0"/>
<pin id="126" dir="0" index="1" bw="8" slack="2147483647"/>
<pin id="127" dir="0" index="2" bw="0" slack="2147483647"/>
<pin id="128" dir="1" index="3" bw="8" slack="0"/>
</pin_list>
<bind>
<opcode="load(27) " fcode="load"/>
<opset="Data_load/5 "/>
</bind>
</comp>

<comp id="130" class="1004" name="store_ln3387_access_fu_130">
<pin_list>
<pin id="131" dir="0" index="0" bw="17" slack="1"/>
<pin id="132" dir="0" index="1" bw="8" slack="0"/>
<pin id="133" dir="0" index="2" bw="0" slack="2147483647"/>
<pin id="134" dir="1" index="3" bw="8" slack="2147483647"/>
</pin_list>
<bind>
<opcode="store(28) " fcode="store"/>
<opset="store_ln3387/6 "/>
</bind>
</comp>

<comp id="136" class="1004" name="sext_ln3379_2_cast_fu_136">
<pin_list>
<pin id="137" dir="0" index="0" bw="27" slack="0"/>
<pin id="138" dir="1" index="1" bw="32" slack="1"/>
</pin_list>
<bind>
<opcode="sext(35) " fcode="sext"/>
<opset="sext_ln3379_2_cast/1 "/>
</bind>
</comp>

<comp id="140" class="1004" name="store_ln0_store_fu_140">
<pin_list>
<pin id="141" dir="0" index="0" bw="1" slack="0"/>
<pin id="142" dir="0" index="1" bw="17" slack="0"/>
<pin id="143" dir="1" index="2" bw="0" slack="2147483647"/>
</pin_list>
<bind>
<opcode="store(28) " fcode="store"/>
<opset="store_ln0/1 "/>
</bind>
</comp>

<comp id="145" class="1004" name="store_ln0_store_fu_145">
<pin_list>
<pin id="146" dir="0" index="0" bw="1" slack="0"/>
<pin id="147" dir="0" index="1" bw="8" slack="0"/>
<pin id="148" dir="1" index="2" bw="0" slack="2147483647"/>
</pin_list>
<bind>
<opcode="store(28) " fcode="store"/>
<opset="store_ln0/1 "/>
</bind>
</comp>

<comp id="150" class="1004" name="store_ln0_store_fu_150">
<pin_list>
<pin id="151" dir="0" index="0" bw="1" slack="0"/>
<pin id="152" dir="0" index="1" bw="9" slack="0"/>
<pin id="153" dir="1" index="2" bw="0" slack="2147483647"/>
</pin_list>
<bind>
<opcode="store(28) " fcode="store"/>
<opset="store_ln0/1 "/>
</bind>
</comp>

<comp id="155" class="1004" name="i_1_load_fu_155">
<pin_list>
<pin id="156" dir="0" index="0" bw="8" slack="1"/>
<pin id="157" dir="1" index="1" bw="8" slack="0"/>
</pin_list>
<bind>
<opcode="load(27) " fcode="load"/>
<opset="i_1/2 "/>
</bind>
</comp>

<comp id="158" class="1004" name="indvar_flatten_load_load_fu_158">
<pin_list>
<pin id="159" dir="0" index="0" bw="17" slack="1"/>
<pin id="160" dir="1" index="1" bw="17" slack="0"/>
</pin_list>
<bind>
<opcode="load(27) " fcode="load"/>
<opset="indvar_flatten_load/2 "/>
</bind>
</comp>

<comp id="161" class="1004" name="zext_ln3383_fu_161">
<pin_list>
<pin id="162" dir="0" index="0" bw="8" slack="0"/>
<pin id="163" dir="1" index="1" bw="32" slack="0"/>
</pin_list>
<bind>
<opcode="zext(34) " fcode="zext"/>
<opset="zext_ln3383/2 "/>
</bind>
</comp>

<comp id="165" class="1004" name="slt_fu_165">
<pin_list>
<pin id="166" dir="0" index="0" bw="8" slack="0"/>
<pin id="167" dir="0" index="1" bw="32" slack="1"/>
<pin id="168" dir="1" index="2" bw="1" slack="0"/>
</pin_list>
<bind>
<opcode="icmp(45) " fcode="icmp"/>
<opset="slt/2 "/>
</bind>
</comp>

<comp id="170" class="1004" name="rev20_fu_170">
<pin_list>
<pin id="171" dir="0" index="0" bw="1" slack="0"/>
<pin id="172" dir="0" index="1" bw="1" slack="0"/>
<pin id="173" dir="1" index="2" bw="1" slack="0"/>
</pin_list>
<bind>
<opcode="xor(25) " fcode="xor"/>
<opset="rev20/2 "/>
</bind>
</comp>

<comp id="176" class="1004" name="icmp_ln3383_fu_176">
<pin_list>
<pin id="177" dir="0" index="0" bw="17" slack="0"/>
<pin id="178" dir="0" index="1" bw="17" slack="0"/>
<pin id="179" dir="1" index="2" bw="1" slack="3"/>
</pin_list>
<bind>
<opcode="icmp(45) " fcode="icmp"/>
<opset="icmp_ln3383/2 "/>
</bind>
</comp>

<comp id="182" class="1004" name="add_ln3383_1_fu_182">
<pin_list>
<pin id="183" dir="0" index="0" bw="17" slack="0"/>
<pin id="184" dir="0" index="1" bw="1" slack="0"/>
<pin id="185" dir="1" index="2" bw="17" slack="0"/>
</pin_list>
<bind>
<opcode="add(8) " fcode="add"/>
<opset="add_ln3383_1/2 "/>
</bind>
</comp>

<comp id="188" class="1004" name="j_2_load_load_fu_188">
<pin_list>
<pin id="189" dir="0" index="0" bw="9" slack="1"/>
<pin id="190" dir="1" index="1" bw="9" slack="0"/>
</pin_list>
<bind>
<opcode="load(27) " fcode="load"/>
<opset="j_2_load/2 "/>
</bind>
</comp>

<comp id="191" class="1004" name="add_ln3383_fu_191">
<pin_list>
<pin id="192" dir="0" index="0" bw="8" slack="0"/>
<pin id="193" dir="0" index="1" bw="1" slack="0"/>
<pin id="194" dir="1" index="2" bw="8" slack="0"/>
</pin_list>
<bind>
<opcode="add(8) " fcode="add"/>
<opset="add_ln3383/2 "/>
</bind>
</comp>

<comp id="197" class="1004" name="icmp_ln3384_fu_197">
<pin_list>
<pin id="198" dir="0" index="0" bw="9" slack="0"/>
<pin id="199" dir="0" index="1" bw="9" slack="0"/>
<pin id="200" dir="1" index="2" bw="1" slack="0"/>
</pin_list>
<bind>
<opcode="icmp(45) " fcode="icmp"/>
<opset="icmp_ln3384/2 "/>
</bind>
</comp>

<comp id="203" class="1004" name="select_ln3383_fu_203">
<pin_list>
<pin id="204" dir="0" index="0" bw="1" slack="0"/>
<pin id="205" dir="0" index="1" bw="1" slack="0"/>
<pin id="206" dir="0" index="2" bw="9" slack="0"/>
<pin id="207" dir="1" index="3" bw="9" slack="0"/>
</pin_list>
<bind>
<opcode="select(49) " fcode="select"/>
<opset="select_ln3383/2 "/>
</bind>
</comp>

<comp id="211" class="1004" name="select_ln3383_1_fu_211">
<pin_list>
<pin id="212" dir="0" index="0" bw="1" slack="0"/>
<pin id="213" dir="0" index="1" bw="8" slack="0"/>
<pin id="214" dir="0" index="2" bw="8" slack="0"/>
<pin id="215" dir="1" index="3" bw="8" slack="0"/>
</pin_list>
<bind>
<opcode="select(49) " fcode="select"/>
<opset="select_ln3383_1/2 "/>
</bind>
</comp>

<comp id="219" class="1004" name="zext_ln3383_1_fu_219">
<pin_list>
<pin id="220" dir="0" index="0" bw="8" slack="0"/>
<pin id="221" dir="1" index="1" bw="32" slack="0"/>
</pin_list>
<bind>
<opcode="zext(34) " fcode="zext"/>
<opset="zext_ln3383_1/2 "/>
</bind>
</comp>

<comp id="223" class="1004" name="zext_ln3383_2_fu_223">
<pin_list>
<pin id="224" dir="0" index="0" bw="8" slack="0"/>
<pin id="225" dir="1" index="1" bw="24" slack="0"/>
</pin_list>
<bind>
<opcode="zext(34) " fcode="zext"/>
<opset="zext_ln3383_2/2 "/>
</bind>
</comp>

<comp id="227" class="1004" name="slt21_fu_227">
<pin_list>
<pin id="228" dir="0" index="0" bw="8" slack="0"/>
<pin id="229" dir="0" index="1" bw="32" slack="1"/>
<pin id="230" dir="1" index="2" bw="1" slack="0"/>
</pin_list>
<bind>
<opcode="icmp(45) " fcode="icmp"/>
<opset="slt21/2 "/>
</bind>
</comp>

<comp id="232" class="1004" name="rev22_fu_232">
<pin_list>
<pin id="233" dir="0" index="0" bw="1" slack="0"/>
<pin id="234" dir="0" index="1" bw="1" slack="0"/>
<pin id="235" dir="1" index="2" bw="1" slack="0"/>
</pin_list>
<bind>
<opcode="xor(25) " fcode="xor"/>
<opset="rev22/2 "/>
</bind>
</comp>

<comp id="238" class="1004" name="select_ln3383_2_fu_238">
<pin_list>
<pin id="239" dir="0" index="0" bw="1" slack="0"/>
<pin id="240" dir="0" index="1" bw="1" slack="0"/>
<pin id="241" dir="0" index="2" bw="1" slack="0"/>
<pin id="242" dir="1" index="3" bw="1" slack="0"/>
</pin_list>
<bind>
<opcode="select(49) " fcode="select"/>
<opset="select_ln3383_2/2 "/>
</bind>
</comp>

<comp id="246" class="1004" name="zext_ln3384_fu_246">
<pin_list>
<pin id="247" dir="0" index="0" bw="9" slack="0"/>
<pin id="248" dir="1" index="1" bw="32" slack="0"/>
</pin_list>
<bind>
<opcode="zext(34) " fcode="zext"/>
<opset="zext_ln3384/2 "/>
</bind>
</comp>

<comp id="250" class="1004" name="icmp_ln3386_fu_250">
<pin_list>
<pin id="251" dir="0" index="0" bw="9" slack="0"/>
<pin id="252" dir="0" index="1" bw="32" slack="1"/>
<pin id="253" dir="1" index="2" bw="1" slack="0"/>
</pin_list>
<bind>
<opcode="icmp(45) " fcode="icmp"/>
<opset="icmp_ln3386/2 "/>
</bind>
</comp>

<comp id="255" class="1004" name="xor_ln3386_fu_255">
<pin_list>
<pin id="256" dir="0" index="0" bw="1" slack="0"/>
<pin id="257" dir="0" index="1" bw="1" slack="0"/>
<pin id="258" dir="1" index="2" bw="1" slack="0"/>
</pin_list>
<bind>
<opcode="xor(25) " fcode="xor"/>
<opset="xor_ln3386/2 "/>
</bind>
</comp>

<comp id="261" class="1004" name="or_ln3386_fu_261">
<pin_list>
<pin id="262" dir="0" index="0" bw="1" slack="0"/>
<pin id="263" dir="0" index="1" bw="1" slack="0"/>
<pin id="264" dir="1" index="2" bw="1" slack="1"/>
</pin_list>
<bind>
<opcode="or(24) " fcode="or"/>
<opset="or_ln3386/2 "/>
</bind>
</comp>

<comp id="267" class="1004" name="add_ln3384_fu_267">
<pin_list>
<pin id="268" dir="0" index="0" bw="9" slack="0"/>
<pin id="269" dir="0" index="1" bw="1" slack="0"/>
<pin id="270" dir="1" index="2" bw="9" slack="0"/>
</pin_list>
<bind>
<opcode="add(8) " fcode="add"/>
<opset="add_ln3384/2 "/>
</bind>
</comp>

<comp id="273" class="1004" name="store_ln3384_store_fu_273">
<pin_list>
<pin id="274" dir="0" index="0" bw="17" slack="0"/>
<pin id="275" dir="0" index="1" bw="17" slack="1"/>
<pin id="276" dir="1" index="2" bw="0" slack="2147483647"/>
</pin_list>
<bind>
<opcode="store(28) " fcode="store"/>
<opset="store_ln3384/2 "/>
</bind>
</comp>

<comp id="278" class="1004" name="store_ln3384_store_fu_278">
<pin_list>
<pin id="279" dir="0" index="0" bw="8" slack="0"/>
<pin id="280" dir="0" index="1" bw="8" slack="1"/>
<pin id="281" dir="1" index="2" bw="0" slack="2147483647"/>
</pin_list>
<bind>
<opcode="store(28) " fcode="store"/>
<opset="store_ln3384/2 "/>
</bind>
</comp>

<comp id="283" class="1004" name="store_ln3384_store_fu_283">
<pin_list>
<pin id="284" dir="0" index="0" bw="9" slack="0"/>
<pin id="285" dir="0" index="1" bw="9" slack="1"/>
<pin id="286" dir="1" index="2" bw="0" slack="2147483647"/>
</pin_list>
<bind>
<opcode="store(28) " fcode="store"/>
<opset="store_ln3384/2 "/>
</bind>
</comp>

<comp id="288" class="1004" name="tmp_s_fu_288">
<pin_list>
<pin id="289" dir="0" index="0" bw="16" slack="0"/>
<pin id="290" dir="0" index="1" bw="8" slack="3"/>
<pin id="291" dir="0" index="2" bw="1" slack="0"/>
<pin id="292" dir="1" index="3" bw="16" slack="0"/>
</pin_list>
<bind>
<opcode="bitconcatenate(1004) " fcode="bitconcatenate"/>
<opset="tmp_s/5 "/>
</bind>
</comp>

<comp id="295" class="1004" name="zext_ln3387_fu_295">
<pin_list>
<pin id="296" dir="0" index="0" bw="16" slack="0"/>
<pin id="297" dir="1" index="1" bw="17" slack="0"/>
</pin_list>
<bind>
<opcode="zext(34) " fcode="zext"/>
<opset="zext_ln3387/5 "/>
</bind>
</comp>

<comp id="299" class="1004" name="tmp_7_fu_299">
<pin_list>
<pin id="300" dir="0" index="0" bw="14" slack="0"/>
<pin id="301" dir="0" index="1" bw="8" slack="3"/>
<pin id="302" dir="0" index="2" bw="1" slack="0"/>
<pin id="303" dir="1" index="3" bw="14" slack="0"/>
</pin_list>
<bind>
<opcode="bitconcatenate(1004) " fcode="bitconcatenate"/>
<opset="tmp_7/5 "/>
</bind>
</comp>

<comp id="306" class="1004" name="zext_ln3387_1_fu_306">
<pin_list>
<pin id="307" dir="0" index="0" bw="14" slack="0"/>
<pin id="308" dir="1" index="1" bw="17" slack="0"/>
</pin_list>
<bind>
<opcode="zext(34) " fcode="zext"/>
<opset="zext_ln3387_1/5 "/>
</bind>
</comp>

<comp id="310" class="1004" name="add_ln3387_fu_310">
<pin_list>
<pin id="311" dir="0" index="0" bw="16" slack="0"/>
<pin id="312" dir="0" index="1" bw="14" slack="0"/>
<pin id="313" dir="1" index="2" bw="17" slack="0"/>
</pin_list>
<bind>
<opcode="add(8) " fcode="add"/>
<opset="add_ln3387/5 "/>
</bind>
</comp>

<comp id="316" class="1004" name="idxprom_i_mid2_v_fu_316">
<pin_list>
<pin id="317" dir="0" index="0" bw="8" slack="0"/>
<pin id="318" dir="0" index="1" bw="24" slack="0"/>
<pin id="319" dir="0" index="2" bw="6" slack="0"/>
<pin id="320" dir="0" index="3" bw="6" slack="0"/>
<pin id="321" dir="1" index="4" bw="8" slack="0"/>
</pin_list>
<bind>
<opcode="partselect(1002) " fcode="partselect"/>
<opset="idxprom_i_mid2_v/5 "/>
</bind>
</comp>

<comp id="325" class="1004" name="tmp_8_fu_325">
<pin_list>
<pin id="326" dir="0" index="0" bw="16" slack="0"/>
<pin id="327" dir="0" index="1" bw="8" slack="0"/>
<pin id="328" dir="0" index="2" bw="1" slack="0"/>
<pin id="329" dir="1" index="3" bw="16" slack="0"/>
</pin_list>
<bind>
<opcode="bitconcatenate(1004) " fcode="bitconcatenate"/>
<opset="tmp_8/5 "/>
</bind>
</comp>

<comp id="333" class="1004" name="zext_ln3387_2_fu_333">
<pin_list>
<pin id="334" dir="0" index="0" bw="16" slack="0"/>
<pin id="335" dir="1" index="1" bw="17" slack="0"/>
</pin_list>
<bind>
<opcode="zext(34) " fcode="zext"/>
<opset="zext_ln3387_2/5 "/>
</bind>
</comp>

<comp id="337" class="1004" name="tmp_9_fu_337">
<pin_list>
<pin id="338" dir="0" index="0" bw="14" slack="0"/>
<pin id="339" dir="0" index="1" bw="8" slack="0"/>
<pin id="340" dir="0" index="2" bw="1" slack="0"/>
<pin id="341" dir="1" index="3" bw="14" slack="0"/>
</pin_list>
<bind>
<opcode="bitconcatenate(1004) " fcode="bitconcatenate"/>
<opset="tmp_9/5 "/>
</bind>
</comp>

<comp id="345" class="1004" name="zext_ln3387_3_fu_345">
<pin_list>
<pin id="346" dir="0" index="0" bw="14" slack="0"/>
<pin id="347" dir="1" index="1" bw="17" slack="0"/>
</pin_list>
<bind>
<opcode="zext(34) " fcode="zext"/>
<opset="zext_ln3387_3/5 "/>
</bind>
</comp>

<comp id="349" class="1004" name="add_ln3387_1_fu_349">
<pin_list>
<pin id="350" dir="0" index="0" bw="16" slack="0"/>
<pin id="351" dir="0" index="1" bw="14" slack="0"/>
<pin id="352" dir="1" index="2" bw="17" slack="0"/>
</pin_list>
<bind>
<opcode="add(8) " fcode="add"/>
<opset="add_ln3387_1/5 "/>
</bind>
</comp>

<comp id="355" class="1004" name="zext_ln3387_4_fu_355">
<pin_list>
<pin id="356" dir="0" index="0" bw="9" slack="3"/>
<pin id="357" dir="1" index="1" bw="17" slack="0"/>
</pin_list>
<bind>
<opcode="zext(34) " fcode="zext"/>
<opset="zext_ln3387_4/5 "/>
</bind>
</comp>

<comp id="358" class="1004" name="add_ln3387_2_fu_358">
<pin_list>
<pin id="359" dir="0" index="0" bw="17" slack="0"/>
<pin id="360" dir="0" index="1" bw="9" slack="0"/>
<pin id="361" dir="1" index="2" bw="17" slack="0"/>
</pin_list>
<bind>
<opcode="add(8) " fcode="add"/>
<opset="add_ln3387_2/5 "/>
</bind>
</comp>

<comp id="364" class="1004" name="zext_ln3387_5_fu_364">
<pin_list>
<pin id="365" dir="0" index="0" bw="17" slack="0"/>
<pin id="366" dir="1" index="1" bw="64" slack="0"/>
</pin_list>
<bind>
<opcode="zext(34) " fcode="zext"/>
<opset="zext_ln3387_5/5 "/>
</bind>
</comp>

<comp id="369" class="1004" name="trunc_ln8_fu_369">
<pin_list>
<pin id="370" dir="0" index="0" bw="16" slack="0"/>
<pin id="371" dir="0" index="1" bw="32" slack="0"/>
<pin id="372" dir="0" index="2" bw="6" slack="0"/>
<pin id="373" dir="0" index="3" bw="6" slack="0"/>
<pin id="374" dir="1" index="4" bw="16" slack="0"/>
</pin_list>
<bind>
<opcode="partselect(1002) " fcode="partselect"/>
<opset="trunc_ln8/5 "/>
</bind>
</comp>

<comp id="378" class="1004" name="sext_ln3387_fu_378">
<pin_list>
<pin id="379" dir="0" index="0" bw="16" slack="0"/>
<pin id="380" dir="1" index="1" bw="17" slack="0"/>
</pin_list>
<bind>
<opcode="sext(35) " fcode="sext"/>
<opset="sext_ln3387/5 "/>
</bind>
</comp>

<comp id="382" class="1004" name="add_ln3387_3_fu_382">
<pin_list>
<pin id="383" dir="0" index="0" bw="17" slack="0"/>
<pin id="384" dir="0" index="1" bw="16" slack="0"/>
<pin id="385" dir="1" index="2" bw="17" slack="0"/>
</pin_list>
<bind>
<opcode="add(8) " fcode="add"/>
<opset="add_ln3387_3/5 "/>
</bind>
</comp>

<comp id="388" class="1004" name="zext_ln3387_6_fu_388">
<pin_list>
<pin id="389" dir="0" index="0" bw="17" slack="0"/>
<pin id="390" dir="1" index="1" bw="64" slack="0"/>
</pin_list>
<bind>
<opcode="zext(34) " fcode="zext"/>
<opset="zext_ln3387_6/5 "/>
</bind>
</comp>

<comp id="393" class="1007" name="grp_fu_393">
<pin_list>
<pin id="394" dir="0" index="0" bw="8" slack="0"/>
<pin id="395" dir="0" index="1" bw="24" slack="1"/>
<pin id="396" dir="1" index="2" bw="24" slack="0"/>
</pin_list>
<bind>
<opcode="mul(12) " fcode="mul"/>
<opset="mul_ln3383/2 "/>
</bind>
</comp>

<comp id="399" class="1007" name="grp_fu_399">
<pin_list>
<pin id="400" dir="0" index="0" bw="9" slack="0"/>
<pin id="401" dir="0" index="1" bw="27" slack="1"/>
<pin id="402" dir="1" index="2" bw="32" slack="0"/>
</pin_list>
<bind>
<opcode="mul(12) " fcode="mul"/>
<opset="mul_ln3387/2 "/>
</bind>
</comp>

<comp id="405" class="1005" name="j_2_reg_405">
<pin_list>
<pin id="406" dir="0" index="0" bw="9" slack="0"/>
<pin id="407" dir="1" index="1" bw="9" slack="0"/>
</pin_list>
<bind>
<opset="j_2 "/>
</bind>
</comp>

<comp id="412" class="1005" name="i_reg_412">
<pin_list>
<pin id="413" dir="0" index="0" bw="8" slack="0"/>
<pin id="414" dir="1" index="1" bw="8" slack="0"/>
</pin_list>
<bind>
<opset="i "/>
</bind>
</comp>

<comp id="419" class="1005" name="indvar_flatten_reg_419">
<pin_list>
<pin id="420" dir="0" index="0" bw="17" slack="0"/>
<pin id="421" dir="1" index="1" bw="17" slack="0"/>
</pin_list>
<bind>
<opset="indvar_flatten "/>
</bind>
</comp>

<comp id="426" class="1005" name="result_V_15_read_reg_426">
<pin_list>
<pin id="427" dir="0" index="0" bw="32" slack="1"/>
<pin id="428" dir="1" index="1" bw="32" slack="1"/>
</pin_list>
<bind>
<opset="result_V_15_read "/>
</bind>
</comp>

<comp id="431" class="1005" name="y_ratio_read_reg_431">
<pin_list>
<pin id="432" dir="0" index="0" bw="24" slack="1"/>
<pin id="433" dir="1" index="1" bw="24" slack="1"/>
</pin_list>
<bind>
<opset="y_ratio_read "/>
</bind>
</comp>

<comp id="436" class="1005" name="result_V_16_read_reg_436">
<pin_list>
<pin id="437" dir="0" index="0" bw="32" slack="1"/>
<pin id="438" dir="1" index="1" bw="32" slack="1"/>
</pin_list>
<bind>
<opset="result_V_16_read "/>
</bind>
</comp>

<comp id="442" class="1005" name="sext_ln3379_2_cast_reg_442">
<pin_list>
<pin id="443" dir="0" index="0" bw="32" slack="1"/>
<pin id="444" dir="1" index="1" bw="32" slack="1"/>
</pin_list>
<bind>
<opset="sext_ln3379_2_cast "/>
</bind>
</comp>

<comp id="447" class="1005" name="icmp_ln3383_reg_447">
<pin_list>
<pin id="448" dir="0" index="0" bw="1" slack="3"/>
<pin id="449" dir="1" index="1" bw="1" slack="2147483647"/>
</pin_list>
<bind>
<opset="icmp_ln3383 "/>
</bind>
</comp>

<comp id="451" class="1005" name="select_ln3383_reg_451">
<pin_list>
<pin id="452" dir="0" index="0" bw="9" slack="3"/>
<pin id="453" dir="1" index="1" bw="9" slack="3"/>
</pin_list>
<bind>
<opset="select_ln3383 "/>
</bind>
</comp>

<comp id="456" class="1005" name="select_ln3383_1_reg_456">
<pin_list>
<pin id="457" dir="0" index="0" bw="8" slack="3"/>
<pin id="458" dir="1" index="1" bw="8" slack="3"/>
</pin_list>
<bind>
<opset="select_ln3383_1 "/>
</bind>
</comp>

<comp id="462" class="1005" name="zext_ln3383_2_reg_462">
<pin_list>
<pin id="463" dir="0" index="0" bw="24" slack="1"/>
<pin id="464" dir="1" index="1" bw="24" slack="1"/>
</pin_list>
<bind>
<opset="zext_ln3383_2 "/>
</bind>
</comp>

<comp id="467" class="1005" name="zext_ln3384_reg_467">
<pin_list>
<pin id="468" dir="0" index="0" bw="32" slack="1"/>
<pin id="469" dir="1" index="1" bw="32" slack="1"/>
</pin_list>
<bind>
<opset="zext_ln3384 "/>
</bind>
</comp>

<comp id="472" class="1005" name="or_ln3386_reg_472">
<pin_list>
<pin id="473" dir="0" index="0" bw="1" slack="1"/>
<pin id="474" dir="1" index="1" bw="1" slack="2147483647"/>
</pin_list>
<bind>
<opset="or_ln3386 "/>
</bind>
</comp>

<comp id="476" class="1005" name="IMG1_data_addr_reg_476">
<pin_list>
<pin id="477" dir="0" index="0" bw="17" slack="1"/>
<pin id="478" dir="1" index="1" bw="17" slack="1"/>
</pin_list>
<bind>
<opset="IMG1_data_addr "/>
</bind>
</comp>

<comp id="481" class="1005" name="Data_addr_reg_481">
<pin_list>
<pin id="482" dir="0" index="0" bw="17" slack="1"/>
<pin id="483" dir="1" index="1" bw="17" slack="1"/>
</pin_list>
<bind>
<opset="Data_addr "/>
</bind>
</comp>

</comp_list>

<net_list>
<net id="77"><net_src comp="12" pin="0"/><net_sink comp="74" pin=0"/></net>

<net id="81"><net_src comp="12" pin="0"/><net_sink comp="78" pin=0"/></net>

<net id="85"><net_src comp="12" pin="0"/><net_sink comp="82" pin=0"/></net>

<net id="90"><net_src comp="14" pin="0"/><net_sink comp="86" pin=0"/></net>

<net id="91"><net_src comp="8" pin="0"/><net_sink comp="86" pin=1"/></net>

<net id="96"><net_src comp="16" pin="0"/><net_sink comp="92" pin=0"/></net>

<net id="97"><net_src comp="6" pin="0"/><net_sink comp="92" pin=1"/></net>

<net id="102"><net_src comp="18" pin="0"/><net_sink comp="98" pin=0"/></net>

<net id="103"><net_src comp="2" pin="0"/><net_sink comp="98" pin=1"/></net>

<net id="108"><net_src comp="16" pin="0"/><net_sink comp="104" pin=0"/></net>

<net id="109"><net_src comp="0" pin="0"/><net_sink comp="104" pin=1"/></net>

<net id="115"><net_src comp="4" pin="0"/><net_sink comp="110" pin=0"/></net>

<net id="116"><net_src comp="58" pin="0"/><net_sink comp="110" pin=1"/></net>

<net id="122"><net_src comp="10" pin="0"/><net_sink comp="117" pin=0"/></net>

<net id="123"><net_src comp="58" pin="0"/><net_sink comp="117" pin=1"/></net>

<net id="129"><net_src comp="117" pin="3"/><net_sink comp="124" pin=0"/></net>

<net id="135"><net_src comp="124" pin="3"/><net_sink comp="130" pin=1"/></net>

<net id="139"><net_src comp="86" pin="2"/><net_sink comp="136" pin=0"/></net>

<net id="144"><net_src comp="20" pin="0"/><net_sink comp="140" pin=0"/></net>

<net id="149"><net_src comp="22" pin="0"/><net_sink comp="145" pin=0"/></net>

<net id="154"><net_src comp="24" pin="0"/><net_sink comp="150" pin=0"/></net>

<net id="164"><net_src comp="155" pin="1"/><net_sink comp="161" pin=0"/></net>

<net id="169"><net_src comp="161" pin="1"/><net_sink comp="165" pin=0"/></net>

<net id="174"><net_src comp="165" pin="2"/><net_sink comp="170" pin=0"/></net>

<net id="175"><net_src comp="26" pin="0"/><net_sink comp="170" pin=1"/></net>

<net id="180"><net_src comp="158" pin="1"/><net_sink comp="176" pin=0"/></net>

<net id="181"><net_src comp="28" pin="0"/><net_sink comp="176" pin=1"/></net>

<net id="186"><net_src comp="158" pin="1"/><net_sink comp="182" pin=0"/></net>

<net id="187"><net_src comp="30" pin="0"/><net_sink comp="182" pin=1"/></net>

<net id="195"><net_src comp="155" pin="1"/><net_sink comp="191" pin=0"/></net>

<net id="196"><net_src comp="32" pin="0"/><net_sink comp="191" pin=1"/></net>

<net id="201"><net_src comp="188" pin="1"/><net_sink comp="197" pin=0"/></net>

<net id="202"><net_src comp="34" pin="0"/><net_sink comp="197" pin=1"/></net>

<net id="208"><net_src comp="197" pin="2"/><net_sink comp="203" pin=0"/></net>

<net id="209"><net_src comp="24" pin="0"/><net_sink comp="203" pin=1"/></net>

<net id="210"><net_src comp="188" pin="1"/><net_sink comp="203" pin=2"/></net>

<net id="216"><net_src comp="197" pin="2"/><net_sink comp="211" pin=0"/></net>

<net id="217"><net_src comp="191" pin="2"/><net_sink comp="211" pin=1"/></net>

<net id="218"><net_src comp="155" pin="1"/><net_sink comp="211" pin=2"/></net>

<net id="222"><net_src comp="191" pin="2"/><net_sink comp="219" pin=0"/></net>

<net id="226"><net_src comp="211" pin="3"/><net_sink comp="223" pin=0"/></net>

<net id="231"><net_src comp="219" pin="1"/><net_sink comp="227" pin=0"/></net>

<net id="236"><net_src comp="227" pin="2"/><net_sink comp="232" pin=0"/></net>

<net id="237"><net_src comp="26" pin="0"/><net_sink comp="232" pin=1"/></net>

<net id="243"><net_src comp="197" pin="2"/><net_sink comp="238" pin=0"/></net>

<net id="244"><net_src comp="232" pin="2"/><net_sink comp="238" pin=1"/></net>

<net id="245"><net_src comp="170" pin="2"/><net_sink comp="238" pin=2"/></net>

<net id="249"><net_src comp="203" pin="3"/><net_sink comp="246" pin=0"/></net>

<net id="254"><net_src comp="246" pin="1"/><net_sink comp="250" pin=0"/></net>

<net id="259"><net_src comp="250" pin="2"/><net_sink comp="255" pin=0"/></net>

<net id="260"><net_src comp="26" pin="0"/><net_sink comp="255" pin=1"/></net>

<net id="265"><net_src comp="255" pin="2"/><net_sink comp="261" pin=0"/></net>

<net id="266"><net_src comp="238" pin="3"/><net_sink comp="261" pin=1"/></net>

<net id="271"><net_src comp="203" pin="3"/><net_sink comp="267" pin=0"/></net>

<net id="272"><net_src comp="36" pin="0"/><net_sink comp="267" pin=1"/></net>

<net id="277"><net_src comp="182" pin="2"/><net_sink comp="273" pin=0"/></net>

<net id="282"><net_src comp="211" pin="3"/><net_sink comp="278" pin=0"/></net>

<net id="287"><net_src comp="267" pin="2"/><net_sink comp="283" pin=0"/></net>

<net id="293"><net_src comp="46" pin="0"/><net_sink comp="288" pin=0"/></net>

<net id="294"><net_src comp="22" pin="0"/><net_sink comp="288" pin=2"/></net>

<net id="298"><net_src comp="288" pin="3"/><net_sink comp="295" pin=0"/></net>

<net id="304"><net_src comp="48" pin="0"/><net_sink comp="299" pin=0"/></net>

<net id="305"><net_src comp="50" pin="0"/><net_sink comp="299" pin=2"/></net>

<net id="309"><net_src comp="299" pin="3"/><net_sink comp="306" pin=0"/></net>

<net id="314"><net_src comp="295" pin="1"/><net_sink comp="310" pin=0"/></net>

<net id="315"><net_src comp="306" pin="1"/><net_sink comp="310" pin=1"/></net>

<net id="322"><net_src comp="52" pin="0"/><net_sink comp="316" pin=0"/></net>

<net id="323"><net_src comp="54" pin="0"/><net_sink comp="316" pin=2"/></net>

<net id="324"><net_src comp="56" pin="0"/><net_sink comp="316" pin=3"/></net>

<net id="330"><net_src comp="46" pin="0"/><net_sink comp="325" pin=0"/></net>

<net id="331"><net_src comp="316" pin="4"/><net_sink comp="325" pin=1"/></net>

<net id="332"><net_src comp="22" pin="0"/><net_sink comp="325" pin=2"/></net>

<net id="336"><net_src comp="325" pin="3"/><net_sink comp="333" pin=0"/></net>

<net id="342"><net_src comp="48" pin="0"/><net_sink comp="337" pin=0"/></net>

<net id="343"><net_src comp="316" pin="4"/><net_sink comp="337" pin=1"/></net>

<net id="344"><net_src comp="50" pin="0"/><net_sink comp="337" pin=2"/></net>

<net id="348"><net_src comp="337" pin="3"/><net_sink comp="345" pin=0"/></net>

<net id="353"><net_src comp="333" pin="1"/><net_sink comp="349" pin=0"/></net>

<net id="354"><net_src comp="345" pin="1"/><net_sink comp="349" pin=1"/></net>

<net id="362"><net_src comp="310" pin="2"/><net_sink comp="358" pin=0"/></net>

<net id="363"><net_src comp="355" pin="1"/><net_sink comp="358" pin=1"/></net>

<net id="367"><net_src comp="358" pin="2"/><net_sink comp="364" pin=0"/></net>

<net id="368"><net_src comp="364" pin="1"/><net_sink comp="110" pin=2"/></net>

<net id="375"><net_src comp="70" pin="0"/><net_sink comp="369" pin=0"/></net>

<net id="376"><net_src comp="54" pin="0"/><net_sink comp="369" pin=2"/></net>

<net id="377"><net_src comp="72" pin="0"/><net_sink comp="369" pin=3"/></net>

<net id="381"><net_src comp="369" pin="4"/><net_sink comp="378" pin=0"/></net>

<net id="386"><net_src comp="349" pin="2"/><net_sink comp="382" pin=0"/></net>

<net id="387"><net_src comp="378" pin="1"/><net_sink comp="382" pin=1"/></net>

<net id="391"><net_src comp="382" pin="2"/><net_sink comp="388" pin=0"/></net>

<net id="392"><net_src comp="388" pin="1"/><net_sink comp="117" pin=2"/></net>

<net id="397"><net_src comp="223" pin="1"/><net_sink comp="393" pin=0"/></net>

<net id="398"><net_src comp="393" pin="2"/><net_sink comp="316" pin=1"/></net>

<net id="403"><net_src comp="246" pin="1"/><net_sink comp="399" pin=0"/></net>

<net id="404"><net_src comp="399" pin="2"/><net_sink comp="369" pin=1"/></net>

<net id="408"><net_src comp="74" pin="1"/><net_sink comp="405" pin=0"/></net>

<net id="409"><net_src comp="405" pin="1"/><net_sink comp="150" pin=1"/></net>

<net id="410"><net_src comp="405" pin="1"/><net_sink comp="188" pin=0"/></net>

<net id="411"><net_src comp="405" pin="1"/><net_sink comp="283" pin=1"/></net>

<net id="415"><net_src comp="78" pin="1"/><net_sink comp="412" pin=0"/></net>

<net id="416"><net_src comp="412" pin="1"/><net_sink comp="145" pin=1"/></net>

<net id="417"><net_src comp="412" pin="1"/><net_sink comp="155" pin=0"/></net>

<net id="418"><net_src comp="412" pin="1"/><net_sink comp="278" pin=1"/></net>

<net id="422"><net_src comp="82" pin="1"/><net_sink comp="419" pin=0"/></net>

<net id="423"><net_src comp="419" pin="1"/><net_sink comp="140" pin=1"/></net>

<net id="424"><net_src comp="419" pin="1"/><net_sink comp="158" pin=0"/></net>

<net id="425"><net_src comp="419" pin="1"/><net_sink comp="273" pin=1"/></net>

<net id="429"><net_src comp="92" pin="2"/><net_sink comp="426" pin=0"/></net>

<net id="430"><net_src comp="426" pin="1"/><net_sink comp="250" pin=1"/></net>

<net id="434"><net_src comp="98" pin="2"/><net_sink comp="431" pin=0"/></net>

<net id="435"><net_src comp="431" pin="1"/><net_sink comp="393" pin=1"/></net>

<net id="439"><net_src comp="104" pin="2"/><net_sink comp="436" pin=0"/></net>

<net id="440"><net_src comp="436" pin="1"/><net_sink comp="165" pin=1"/></net>

<net id="441"><net_src comp="436" pin="1"/><net_sink comp="227" pin=1"/></net>

<net id="445"><net_src comp="136" pin="1"/><net_sink comp="442" pin=0"/></net>

<net id="446"><net_src comp="442" pin="1"/><net_sink comp="399" pin=1"/></net>

<net id="450"><net_src comp="176" pin="2"/><net_sink comp="447" pin=0"/></net>

<net id="454"><net_src comp="203" pin="3"/><net_sink comp="451" pin=0"/></net>

<net id="455"><net_src comp="451" pin="1"/><net_sink comp="355" pin=0"/></net>

<net id="459"><net_src comp="211" pin="3"/><net_sink comp="456" pin=0"/></net>

<net id="460"><net_src comp="456" pin="1"/><net_sink comp="288" pin=1"/></net>

<net id="461"><net_src comp="456" pin="1"/><net_sink comp="299" pin=1"/></net>

<net id="465"><net_src comp="223" pin="1"/><net_sink comp="462" pin=0"/></net>

<net id="466"><net_src comp="462" pin="1"/><net_sink comp="393" pin=0"/></net>

<net id="470"><net_src comp="246" pin="1"/><net_sink comp="467" pin=0"/></net>

<net id="471"><net_src comp="467" pin="1"/><net_sink comp="399" pin=0"/></net>

<net id="475"><net_src comp="261" pin="2"/><net_sink comp="472" pin=0"/></net>

<net id="479"><net_src comp="110" pin="3"/><net_sink comp="476" pin=0"/></net>

<net id="480"><net_src comp="476" pin="1"/><net_sink comp="130" pin=0"/></net>

<net id="484"><net_src comp="117" pin="3"/><net_sink comp="481" pin=0"/></net>

<net id="485"><net_src comp="481" pin="1"/><net_sink comp="124" pin=0"/></net>

</net_list>

</model> 
---------------- Datapath Model END ------------------

* FSMD analyzer results:
  - Output states:
	Port: IMG1_data | {6 }
 - Input state : 
	Port: face_detect_Pipeline_imageScalerL1_imageScalerL1_1 : result_V_16 | {1 }
	Port: face_detect_Pipeline_imageScalerL1_imageScalerL1_1 : y_ratio | {1 }
	Port: face_detect_Pipeline_imageScalerL1_imageScalerL1_1 : result_V_15 | {1 }
	Port: face_detect_Pipeline_imageScalerL1_imageScalerL1_1 : sext_ln3379_2 | {1 }
	Port: face_detect_Pipeline_imageScalerL1_imageScalerL1_1 : Data | {5 6 }
  - Chain level:
	State 1
		store_ln0 : 1
		store_ln0 : 1
		store_ln0 : 1
	State 2
		zext_ln3383 : 1
		slt : 2
		rev20 : 3
		icmp_ln3383 : 1
		add_ln3383_1 : 1
		br_ln3383 : 2
		add_ln3383 : 1
		icmp_ln3384 : 1
		select_ln3383 : 2
		select_ln3383_1 : 2
		zext_ln3383_1 : 2
		zext_ln3383_2 : 3
		mul_ln3383 : 4
		slt21 : 3
		rev22 : 4
		select_ln3383_2 : 4
		zext_ln3384 : 3
		icmp_ln3386 : 4
		xor_ln3386 : 5
		or_ln3386 : 5
		br_ln3386 : 5
		mul_ln3387 : 4
		add_ln3384 : 3
		store_ln3384 : 2
		store_ln3384 : 3
		store_ln3384 : 4
	State 3
	State 4
	State 5
		zext_ln3387 : 1
		zext_ln3387_1 : 1
		add_ln3387 : 2
		idxprom_i_mid2_v : 1
		tmp_8 : 2
		zext_ln3387_2 : 3
		tmp_9 : 2
		zext_ln3387_3 : 3
		add_ln3387_1 : 4
		add_ln3387_2 : 3
		zext_ln3387_5 : 4
		IMG1_data_addr : 5
		trunc_ln8 : 1
		sext_ln3387 : 2
		add_ln3387_3 : 5
		zext_ln3387_6 : 6
		Data_addr : 7
		Data_load : 8
	State 6
		store_ln3387 : 1


============================================================
+ Verbose Summary: Datapath Resource usage 
============================================================

* Functional unit list:
|----------|-------------------------------|---------|---------|---------|
| Operation|        Functional Unit        |   DSP   |    FF   |   LUT   |
|----------|-------------------------------|---------|---------|---------|
|          |      add_ln3383_1_fu_182      |    0    |    0    |    24   |
|          |       add_ln3383_fu_191       |    0    |    0    |    15   |
|          |       add_ln3384_fu_267       |    0    |    0    |    16   |
|    add   |       add_ln3387_fu_310       |    0    |    0    |    16   |
|          |      add_ln3387_1_fu_349      |    0    |    0    |    23   |
|          |      add_ln3387_2_fu_358      |    0    |    0    |    17   |
|          |      add_ln3387_3_fu_382      |    0    |    0    |    24   |
|----------|-------------------------------|---------|---------|---------|
|          |           slt_fu_165          |    0    |    0    |    20   |
|          |       icmp_ln3383_fu_176      |    0    |    0    |    13   |
|   icmp   |       icmp_ln3384_fu_197      |    0    |    0    |    11   |
|          |          slt21_fu_227         |    0    |    0    |    20   |
|          |       icmp_ln3386_fu_250      |    0    |    0    |    20   |
|----------|-------------------------------|---------|---------|---------|
|          |      select_ln3383_fu_203     |    0    |    0    |    9    |
|  select  |     select_ln3383_1_fu_211    |    0    |    0    |    8    |
|          |     select_ln3383_2_fu_238    |    0    |    0    |    2    |
|----------|-------------------------------|---------|---------|---------|
|          |          rev20_fu_170         |    0    |    0    |    2    |
|    xor   |          rev22_fu_232         |    0    |    0    |    2    |
|          |       xor_ln3386_fu_255       |    0    |    0    |    2    |
|----------|-------------------------------|---------|---------|---------|
|    or    |        or_ln3386_fu_261       |    0    |    0    |    2    |
|----------|-------------------------------|---------|---------|---------|
|    mul   |           grp_fu_393          |    1    |    0    |    0    |
|          |           grp_fu_399          |    1    |    0    |    0    |
|----------|-------------------------------|---------|---------|---------|
|          | sext_ln3379_2_read_read_fu_86 |    0    |    0    |    0    |
|   read   |  result_V_15_read_read_fu_92  |    0    |    0    |    0    |
|          |    y_ratio_read_read_fu_98    |    0    |    0    |    0    |
|          |  result_V_16_read_read_fu_104 |    0    |    0    |    0    |
|----------|-------------------------------|---------|---------|---------|
|   sext   |   sext_ln3379_2_cast_fu_136   |    0    |    0    |    0    |
|          |       sext_ln3387_fu_378      |    0    |    0    |    0    |
|----------|-------------------------------|---------|---------|---------|
|          |       zext_ln3383_fu_161      |    0    |    0    |    0    |
|          |      zext_ln3383_1_fu_219     |    0    |    0    |    0    |
|          |      zext_ln3383_2_fu_223     |    0    |    0    |    0    |
|          |       zext_ln3384_fu_246      |    0    |    0    |    0    |
|          |       zext_ln3387_fu_295      |    0    |    0    |    0    |
|   zext   |      zext_ln3387_1_fu_306     |    0    |    0    |    0    |
|          |      zext_ln3387_2_fu_333     |    0    |    0    |    0    |
|          |      zext_ln3387_3_fu_345     |    0    |    0    |    0    |
|          |      zext_ln3387_4_fu_355     |    0    |    0    |    0    |
|          |      zext_ln3387_5_fu_364     |    0    |    0    |    0    |
|          |      zext_ln3387_6_fu_388     |    0    |    0    |    0    |
|----------|-------------------------------|---------|---------|---------|
|          |          tmp_s_fu_288         |    0    |    0    |    0    |
|bitconcatenate|          tmp_7_fu_299         |    0    |    0    |    0    |
|          |          tmp_8_fu_325         |    0    |    0    |    0    |
|          |          tmp_9_fu_337         |    0    |    0    |    0    |
|----------|-------------------------------|---------|---------|---------|
|partselect|    idxprom_i_mid2_v_fu_316    |    0    |    0    |    0    |
|          |        trunc_ln8_fu_369       |    0    |    0    |    0    |
|----------|-------------------------------|---------|---------|---------|
|   Total  |                               |    2    |    0    |   246   |
|----------|-------------------------------|---------|---------|---------|

Memories:
N/A

* Register list:
+--------------------------+--------+
|                          |   FF   |
+--------------------------+--------+
|     Data_addr_reg_481    |   17   |
|  IMG1_data_addr_reg_476  |   17   |
|         i_reg_412        |    8   |
|    icmp_ln3383_reg_447   |    1   |
|  indvar_flatten_reg_419  |   17   |
|        j_2_reg_405       |    9   |
|     or_ln3386_reg_472    |    1   |
| result_V_15_read_reg_426 |   32   |
| result_V_16_read_reg_436 |   32   |
|  select_ln3383_1_reg_456 |    8   |
|   select_ln3383_reg_451  |    9   |
|sext_ln3379_2_cast_reg_442|   32   |
|   y_ratio_read_reg_431   |   24   |
|   zext_ln3383_2_reg_462  |   24   |
|    zext_ln3384_reg_467   |   32   |
+--------------------------+--------+
|           Total          |   263  |
+--------------------------+--------+

* Multiplexer (MUX) list: 
|-------------------|------|------|------|--------||---------||---------|
|        Comp       |  Pin | Size |  BW  | S x BW ||  Delay  ||   LUT   |
|-------------------|------|------|------|--------||---------||---------|
| grp_access_fu_124 |  p0  |   2  |  17  |   34   ||    9    |
|     grp_fu_393    |  p0  |   2  |   8  |   16   ||    9    |
|     grp_fu_399    |  p0  |   2  |   9  |   18   ||    9    |
|-------------------|------|------|------|--------||---------||---------|
|       Total       |      |      |      |   68   ||  1.161  ||    27   |
|-------------------|------|------|------|--------||---------||---------|



* Summary:
+-----------+--------+--------+--------+--------+
|           |   DSP  |  Delay |   FF   |   LUT  |
+-----------+--------+--------+--------+--------+
|  Function |    2   |    -   |    0   |   246  |
|   Memory  |    -   |    -   |    -   |    -   |
|Multiplexer|    -   |    1   |    -   |   27   |
|  Register |    -   |    -   |   263  |    -   |
+-----------+--------+--------+--------+--------+
|   Total   |    2   |    1   |   263  |   273  |
+-----------+--------+--------+--------+--------+
