

================================================================
== Vitis HLS Report for 'bin_conv'
================================================================
* Date:           Fri Dec 13 13:11:52 2024

* Version:        2022.2 (Build 3670227 on Oct 13 2022)
* Project:        project
* Solution:       solution1 (Vivado IP Flow Target)
* Product family: virtexuplus
* Target device:  xcu280-fsvh2892-2L-e


================================================================
== Performance Estimates
================================================================
+ Timing: 
    * Summary: 
    +--------+----------+----------+------------+
    |  Clock |  Target  | Estimated| Uncertainty|
    +--------+----------+----------+------------+
    |ap_clk  |  10.00 ns|  5.596 ns|     2.70 ns|
    +--------+----------+----------+------------+

+ Latency: 
    * Summary: 
    +---------+---------+----------+-----------+--------+---------+---------+
    |  Latency (cycles) |  Latency (absolute)  |     Interval     | Pipeline|
    |   min   |   max   |    min   |    max    |   min  |   max   |   Type  |
    +---------+---------+----------+-----------+--------+---------+---------+
    |   182585|  3336804|  1.826 ms|  33.368 ms|  182585|  3336804|       no|
    +---------+---------+----------+-----------+--------+---------+---------+

    + Detail: 
        * Instance: 
        +-----------------------------------------------------------------------------------+-----------------------------------------------------------------------+---------+---------+-----------+-----------+-----+------+---------+
        |                                                                                   |                                                                       |  Latency (cycles) |   Latency (absolute)  |  Interval  | Pipeline|
        |                                      Instance                                     |                                 Module                                |   min   |   max   |    min    |    max    | min |  max |   Type  |
        +-----------------------------------------------------------------------------------+-----------------------------------------------------------------------+---------+---------+-----------+-----------+-----+------+---------+
        |grp_bin_conv_Pipeline_LOOP_WT_WORDS_fu_1891                                        |bin_conv_Pipeline_LOOP_WT_WORDS                                        |        4|        4|  40.000 ns|  40.000 ns|    4|     4|       no|
        |grp_bin_conv_Pipeline_LOOP_LOAD_WTS_fu_1903                                        |bin_conv_Pipeline_LOOP_LOAD_WTS                                        |        4|        4|  40.000 ns|  40.000 ns|    4|     4|       no|
        |grp_bin_conv_Pipeline_LOOP_CONVOLVER_LOAD_fu_1945                                  |bin_conv_Pipeline_LOOP_CONVOLVER_LOAD                                  |       82|       82|   0.820 us|   0.820 us|   82|    82|       no|
        |grp_process_word_fu_1954                                                           |process_word                                                           |      267|      267|   2.670 us|   2.670 us|  267|   267|       no|
        |grp_bin_conv_Pipeline_VITIS_LOOP_338_8_VITIS_LOOP_339_9_VITIS_LOOP_340_10_fu_1989  |bin_conv_Pipeline_VITIS_LOOP_338_8_VITIS_LOOP_339_9_VITIS_LOOP_340_10  |      162|      162|   1.620 us|   1.620 us|  162|   162|       no|
        |grp_bin_conv_Pipeline_VITIS_LOOP_348_11_fu_1995                                    |bin_conv_Pipeline_VITIS_LOOP_348_11                                    |       66|       66|   0.660 us|   0.660 us|   66|    66|       no|
        |grp_bin_conv_Pipeline_LOOP_ACC_PHASES_I_fu_2003                                    |bin_conv_Pipeline_LOOP_ACC_PHASES_I                                    |      130|     2050|   1.300 us|  20.500 us|  130|  2050|       no|
        |grp_bin_conv_Pipeline_LOOP_BATCH_NORM_fu_2138                                      |bin_conv_Pipeline_LOOP_BATCH_NORM                                      |        7|       67|  70.000 ns|   0.670 us|    7|    67|       no|
        +-----------------------------------------------------------------------------------+-----------------------------------------------------------------------+---------+---------+-----------+-----------+-----+------+---------+

        * Loop: 
        +------------------------+---------+---------+---------------+-----------+-----------+---------+----------+
        |                        |  Latency (cycles) |   Iteration   |  Initiation Interval  |   Trip  |          |
        |        Loop Name       |   min   |   max   |    Latency    |  achieved |   target  |  Count  | Pipelined|
        +------------------------+---------+---------+---------------+-----------+-----------+---------+----------+
        |- VITIS_LOOP_240_2      |     2048|     2048|             64|          -|          -|       32|        no|
        |- LOOP_PHASES           |   180520|  3268928|  22565 ~ 51077|          -|          -|   8 ~ 64|        no|
        | + LOOP_WORDS_IN_PHASE  |    22560|    51072|      705 ~ 798|          -|          -|  32 ~ 64|        no|
        |  ++ LOOP_CONVOLVERS    |      538|      538|            269|          -|          -|        2|        no|
        |- LOOP_ACC_PHASES       |        0|    65751|     201 ~ 2121|          -|          -|   0 ~ 31|        no|
        +------------------------+---------+---------+---------------+-----------+-----------+---------+----------+



================================================================
== Utilization Estimates
================================================================
* Summary: 
+---------------------+---------+------+---------+---------+-----+
|         Name        | BRAM_18K|  DSP |    FF   |   LUT   | URAM|
+---------------------+---------+------+---------+---------+-----+
|DSP                  |        -|     2|        -|        -|    -|
|Expression           |        -|     -|        0|     2273|    -|
|FIFO                 |        -|     -|        -|        -|    -|
|Instance             |        -|     -|     2170|    17026|    -|
|Memory               |       32|     -|       22|       68|    0|
|Multiplexer          |        -|     -|        -|     3297|    -|
|Register             |        -|     -|     2095|        -|    -|
+---------------------+---------+------+---------+---------+-----+
|Total                |       32|     2|     4287|    22664|    0|
+---------------------+---------+------+---------+---------+-----+
|Available SLR        |     1344|  3008|   869120|   434560|  320|
+---------------------+---------+------+---------+---------+-----+
|Utilization SLR (%)  |        2|    ~0|       ~0|        5|    0|
+---------------------+---------+------+---------+---------+-----+
|Available            |     4032|  9024|  2607360|  1303680|  960|
+---------------------+---------+------+---------+---------+-----+
|Utilization (%)      |       ~0|    ~0|       ~0|        1|    0|
+---------------------+---------+------+---------+---------+-----+

+ Detail: 
    * Instance: 
    +-----------------------------------------------------------------------------------+-----------------------------------------------------------------------+---------+----+-----+------+-----+
    |                                      Instance                                     |                                 Module                                | BRAM_18K| DSP|  FF |  LUT | URAM|
    +-----------------------------------------------------------------------------------+-----------------------------------------------------------------------+---------+----+-----+------+-----+
    |grp_bin_conv_Pipeline_LOOP_ACC_PHASES_I_fu_2003                                    |bin_conv_Pipeline_LOOP_ACC_PHASES_I                                    |        0|   0|  787|  3008|    0|
    |grp_bin_conv_Pipeline_LOOP_BATCH_NORM_fu_2138                                      |bin_conv_Pipeline_LOOP_BATCH_NORM                                      |        0|   0|  546|  7584|    0|
    |grp_bin_conv_Pipeline_LOOP_CONVOLVER_LOAD_fu_1945                                  |bin_conv_Pipeline_LOOP_CONVOLVER_LOAD                                  |        0|   0|  146|  2093|    0|
    |grp_bin_conv_Pipeline_LOOP_LOAD_WTS_fu_1903                                        |bin_conv_Pipeline_LOOP_LOAD_WTS                                        |        0|   0|   22|   251|    0|
    |grp_bin_conv_Pipeline_LOOP_WT_WORDS_fu_1891                                        |bin_conv_Pipeline_LOOP_WT_WORDS                                        |        0|   0|  153|   439|    0|
    |grp_bin_conv_Pipeline_VITIS_LOOP_338_8_VITIS_LOOP_339_9_VITIS_LOOP_340_10_fu_1989  |bin_conv_Pipeline_VITIS_LOOP_338_8_VITIS_LOOP_339_9_VITIS_LOOP_340_10  |        0|   0|   37|   283|    0|
    |grp_bin_conv_Pipeline_VITIS_LOOP_348_11_fu_1995                                    |bin_conv_Pipeline_VITIS_LOOP_348_11                                    |        0|   0|   21|   121|    0|
    |grp_process_word_fu_1954                                                           |process_word                                                           |        0|   0|  458|  3247|    0|
    +-----------------------------------------------------------------------------------+-----------------------------------------------------------------------+---------+----+-----+------+-----+
    |Total                                                                              |                                                                       |        0|   0| 2170| 17026|    0|
    +-----------------------------------------------------------------------------------+-----------------------------------------------------------------------+---------+----+-----+------+-----+

    * DSP: 
    +------------------------------+-------------------------+-----------+
    |           Instance           |          Module         | Expression|
    +------------------------------+-------------------------+-----------+
    |mul_mul_10ns_5ns_12_4_1_U288  |mul_mul_10ns_5ns_12_4_1  |    i0 * i1|
    |mul_mul_14s_5ns_14_4_1_U289   |mul_mul_14s_5ns_14_4_1   |    i0 * i1|
    +------------------------------+-------------------------+-----------+

    * Memory: 
    +---------------------+-----------------------------------------------+---------+---+----+-----+------+-----+------+-------------+
    |        Memory       |                     Module                    | BRAM_18K| FF| LUT| URAM| Words| Bits| Banks| W*Bits*Banks|
    +---------------------+-----------------------------------------------+---------+---+----+-----+------+-----+------+-------------+
    |conv_out_buffer_V_U  |bin_conv_conv_out_buffer_V_RAM_AUTO_1R1W       |        0|  8|  17|    0|   128|    5|     1|          640|
    |fixed_buffer_V_U     |bin_conv_fixed_buffer_V_RAM_1WNR_AUTO_1R1W     |       32|  0|   0|    0|  2048|   12|     1|        24576|
    |lb_U                 |bin_conv_lb_RAM_AUTO_1R1W                      |        0|  2|   3|    0|     8|    1|     1|            8|
    |rb_U                 |bin_conv_lb_RAM_AUTO_1R1W                      |        0|  2|   3|    0|     8|    1|     1|            8|
    |line_buffer_0_U      |bin_conv_line_buffer_0_RAM_AUTO_1R1W           |        0|  2|   9|    0|   160|    2|     1|          320|
    |line_buffer_1_U      |bin_conv_line_buffer_0_RAM_AUTO_1R1W           |        0|  2|   9|    0|   160|    2|     1|          320|
    |line_buffer_2_U      |bin_conv_line_buffer_0_RAM_AUTO_1R1W           |        0|  2|   9|    0|   160|    2|     1|          320|
    |word_buffer_V_U      |bin_conv_line_buffer_0_RAM_AUTO_1R1W           |        0|  2|   9|    0|   160|    2|     1|          320|
    |old_word_buffer_V_U  |bin_conv_old_word_buffer_V_RAM_1WNR_AUTO_1R1W  |        0|  2|   9|    0|   160|    2|     1|          320|
    +---------------------+-----------------------------------------------+---------+---+----+-----+------+-----+------+-------------+
    |Total                |                                               |       32| 22|  68|    0|  2992|   29|     9|        26832|
    +---------------------+-----------------------------------------------+---------+---+----+-----+------+-----+------+-------------+

    * FIFO: 
    N/A

    * Expression: 
    +----------------------------------+----------+----+---+----+------------+------------+
    |           Variable Name          | Operation| DSP| FF| LUT| Bitwidth P0| Bitwidth P1|
    +----------------------------------+----------+----+---+----+------------+------------+
    |add_i1340_fu_3481_p2              |         +|   0|  0|  19|          12|          12|
    |add_ln252_fu_3333_p2              |         +|   0|  0|  14|           7|           6|
    |add_ln393_fu_4512_p2              |         +|   0|  0|  10|           3|           2|
    |add_ln840_35_fu_3557_p2           |         +|   0|  0|  12|           5|           1|
    |add_ln840_37_fu_3445_p2           |         +|   0|  0|  23|          16|           1|
    |add_ln840_38_fu_3440_p2           |         +|   0|  0|  10|           3|           1|
    |add_ln840_39_fu_3498_p2           |         +|   0|  0|   9|           2|           1|
    |add_ln840_fu_3299_p2              |         +|   0|  0|  13|           6|           1|
    |conv570_fu_4532_p2                |         +|   0|  0|  10|           3|           1|
    |count_V_1_fu_3370_p2              |         +|   0|  0|  14|           7|           1|
    |log_width_V_fu_2250_p2            |         +|   0|  0|  10|           3|           2|
    |p_V_3_fu_3412_p2                  |         +|   0|  0|  17|          10|          10|
    |ret_V_17_fu_2429_p2               |         +|   0|  0|  10|           3|           1|
    |ret_V_21_fu_2503_p2               |         +|   0|  0|  12|           4|           1|
    |ret_V_24_fu_2557_p2               |         +|   0|  0|  12|           4|           1|
    |sub_i_i845_fu_3508_p2             |         +|   0|  0|  12|           5|           2|
    |wrd_V_1_fu_3523_p2                |         +|   0|  0|  15|           8|           1|
    |wrd_phase_V_1_fu_3529_p2          |         +|   0|  0|  15|           8|           1|
    |sub_ln455_fu_2338_p2              |         -|   0|  0|  12|           4|           3|
    |ap_block_state77_on_subcall_done  |       and|   0|  0|   2|           1|           1|
    |ap_block_state78_on_subcall_done  |       and|   0|  0|   2|           1|           1|
    |icmp_ln1019_10_fu_2541_p2         |      icmp|   0|  0|   9|           4|           4|
    |icmp_ln1019_11_fu_2547_p2         |      icmp|   0|  0|   8|           3|           1|
    |icmp_ln1019_12_fu_2563_p2         |      icmp|   0|  0|   9|           4|           4|
    |icmp_ln1019_13_fu_3376_p2         |      icmp|   0|  0|  11|           8|           1|
    |icmp_ln1019_14_fu_3435_p2         |      icmp|   0|  0|   8|           3|           3|
    |icmp_ln1019_1_fu_2388_p2          |      icmp|   0|  0|   9|           4|           4|
    |icmp_ln1019_2_fu_2413_p2          |      icmp|   0|  0|   9|           4|           4|
    |icmp_ln1019_3_fu_2419_p2          |      icmp|   0|  0|   8|           2|           1|
    |icmp_ln1019_4_fu_2439_p2          |      icmp|   0|  0|   9|           4|           4|
    |icmp_ln1019_5_fu_2461_p2          |      icmp|   0|  0|   8|           3|           1|
    |icmp_ln1019_6_fu_2477_p2          |      icmp|   0|  0|   9|           4|           4|
    |icmp_ln1019_7_fu_2493_p2          |      icmp|   0|  0|   8|           3|           1|
    |icmp_ln1019_8_fu_2509_p2          |      icmp|   0|  0|   9|           4|           4|
    |icmp_ln1019_9_fu_2525_p2          |      icmp|   0|  0|   8|           2|           1|
    |icmp_ln1019_fu_2366_p2            |      icmp|   0|  0|   9|           4|           1|
    |icmp_ln1023_fu_3472_p2            |      icmp|   0|  0|  11|           8|           8|
    |icmp_ln1027_5_fu_3351_p2          |      icmp|   0|  0|  12|          15|          15|
    |icmp_ln1027_6_fu_3552_p2          |      icmp|   0|  0|   9|           5|           5|
    |icmp_ln1027_7_fu_3492_p2          |      icmp|   0|  0|   8|           2|           3|
    |icmp_ln1027_fu_3293_p2            |      icmp|   0|  0|  10|           6|           7|
    |icmp_ln266_fu_3365_p2             |      icmp|   0|  0|  10|           7|           7|
    |lnot_i_i_fu_3725_p2               |      icmp|   0|  0|   8|           2|           1|
    |images_per_phase_fu_2304_p2       |      lshr|   0|  0|  27|          12|          13|
    |lshr_ln948_10_fu_4718_p2          |      lshr|   0|  0|  13|           4|           6|
    |lshr_ln948_11_fu_4738_p2          |      lshr|   0|  0|  13|           4|           6|
    |lshr_ln948_12_fu_4758_p2          |      lshr|   0|  0|  13|           4|           6|
    |lshr_ln948_1_fu_4538_p2           |      lshr|   0|  0|  13|           3|           6|
    |lshr_ln948_2_fu_4558_p2           |      lshr|   0|  0|  13|           3|           6|
    |lshr_ln948_3_fu_4578_p2           |      lshr|   0|  0|  13|           3|           6|
    |lshr_ln948_4_fu_4598_p2           |      lshr|   0|  0|  13|           3|           6|
    |lshr_ln948_5_fu_4618_p2           |      lshr|   0|  0|  13|           4|           6|
    |lshr_ln948_6_fu_4638_p2           |      lshr|   0|  0|  13|           4|           6|
    |lshr_ln948_7_fu_4658_p2           |      lshr|   0|  0|  13|           4|           6|
    |lshr_ln948_8_fu_4678_p2           |      lshr|   0|  0|  13|           4|           6|
    |lshr_ln948_9_fu_4698_p2           |      lshr|   0|  0|  13|           4|           6|
    |lshr_ln948_fu_2348_p2             |      lshr|   0|  0|  11|           4|           5|
    |ap_block_state81_on_subcall_done  |        or|   0|  0|   2|           1|           1|
    |or_ln243_10_fu_2710_p2            |        or|   0|  0|  11|          11|           4|
    |or_ln243_11_fu_2721_p2            |        or|   0|  0|  11|          11|           4|
    |or_ln243_12_fu_2732_p2            |        or|   0|  0|  11|          11|           4|
    |or_ln243_13_fu_2743_p2            |        or|   0|  0|  11|          11|           4|
    |or_ln243_14_fu_2754_p2            |        or|   0|  0|  11|          11|           4|
    |or_ln243_15_fu_2765_p2            |        or|   0|  0|  11|          11|           5|
    |or_ln243_16_fu_2776_p2            |        or|   0|  0|  11|          11|           5|
    |or_ln243_17_fu_2787_p2            |        or|   0|  0|  11|          11|           5|
    |or_ln243_18_fu_2798_p2            |        or|   0|  0|  11|          11|           5|
    |or_ln243_19_fu_2809_p2            |        or|   0|  0|  11|          11|           5|
    |or_ln243_1_fu_2611_p2             |        or|   0|  0|  11|          11|           2|
    |or_ln243_20_fu_2820_p2            |        or|   0|  0|  11|          11|           5|
    |or_ln243_21_fu_2831_p2            |        or|   0|  0|  11|          11|           5|
    |or_ln243_22_fu_2842_p2            |        or|   0|  0|  11|          11|           5|
    |or_ln243_23_fu_2853_p2            |        or|   0|  0|  11|          11|           5|
    |or_ln243_24_fu_2864_p2            |        or|   0|  0|  11|          11|           5|
    |or_ln243_25_fu_2875_p2            |        or|   0|  0|  11|          11|           5|
    |or_ln243_26_fu_2886_p2            |        or|   0|  0|  11|          11|           5|
    |or_ln243_27_fu_2897_p2            |        or|   0|  0|  11|          11|           5|
    |or_ln243_28_fu_2908_p2            |        or|   0|  0|  11|          11|           5|
    |or_ln243_29_fu_2919_p2            |        or|   0|  0|  11|          11|           5|
    |or_ln243_2_fu_2622_p2             |        or|   0|  0|  11|          11|           2|
    |or_ln243_30_fu_2930_p2            |        or|   0|  0|  11|          11|           5|
    |or_ln243_31_fu_2941_p2            |        or|   0|  0|  11|          11|           6|
    |or_ln243_32_fu_2952_p2            |        or|   0|  0|  11|          11|           6|
    |or_ln243_33_fu_2963_p2            |        or|   0|  0|  11|          11|           6|
    |or_ln243_34_fu_2974_p2            |        or|   0|  0|  11|          11|           6|
    |or_ln243_35_fu_2985_p2            |        or|   0|  0|  11|          11|           6|
    |or_ln243_36_fu_2996_p2            |        or|   0|  0|  11|          11|           6|
    |or_ln243_37_fu_3007_p2            |        or|   0|  0|  11|          11|           6|
    |or_ln243_38_fu_3018_p2            |        or|   0|  0|  11|          11|           6|
    |or_ln243_39_fu_3029_p2            |        or|   0|  0|  11|          11|           6|
    |or_ln243_3_fu_2633_p2             |        or|   0|  0|  11|          11|           3|
    |or_ln243_40_fu_3040_p2            |        or|   0|  0|  11|          11|           6|
    |or_ln243_41_fu_3051_p2            |        or|   0|  0|  11|          11|           6|
    |or_ln243_42_fu_3062_p2            |        or|   0|  0|  11|          11|           6|
    |or_ln243_43_fu_3073_p2            |        or|   0|  0|  11|          11|           6|
    |or_ln243_44_fu_3084_p2            |        or|   0|  0|  11|          11|           6|
    |or_ln243_45_fu_3095_p2            |        or|   0|  0|  11|          11|           6|
    |or_ln243_46_fu_3106_p2            |        or|   0|  0|  11|          11|           6|
    |or_ln243_47_fu_3117_p2            |        or|   0|  0|  11|          11|           6|
    |or_ln243_48_fu_3128_p2            |        or|   0|  0|  11|          11|           6|
    |or_ln243_49_fu_3139_p2            |        or|   0|  0|  11|          11|           6|
    |or_ln243_4_fu_2644_p2             |        or|   0|  0|  11|          11|           3|
    |or_ln243_50_fu_3150_p2            |        or|   0|  0|  11|          11|           6|
    |or_ln243_51_fu_3161_p2            |        or|   0|  0|  11|          11|           6|
    |or_ln243_52_fu_3172_p2            |        or|   0|  0|  11|          11|           6|
    |or_ln243_53_fu_3183_p2            |        or|   0|  0|  11|          11|           6|
    |or_ln243_54_fu_3194_p2            |        or|   0|  0|  11|          11|           6|
    |or_ln243_55_fu_3205_p2            |        or|   0|  0|  11|          11|           6|
    |or_ln243_56_fu_3216_p2            |        or|   0|  0|  11|          11|           6|
    |or_ln243_57_fu_3227_p2            |        or|   0|  0|  11|          11|           6|
    |or_ln243_58_fu_3238_p2            |        or|   0|  0|  11|          11|           6|
    |or_ln243_59_fu_3249_p2            |        or|   0|  0|  11|          11|           6|
    |or_ln243_5_fu_2655_p2             |        or|   0|  0|  11|          11|           3|
    |or_ln243_60_fu_3260_p2            |        or|   0|  0|  11|          11|           6|
    |or_ln243_61_fu_3271_p2            |        or|   0|  0|  11|          11|           6|
    |or_ln243_62_fu_3282_p2            |        or|   0|  0|  11|          11|           6|
    |or_ln243_6_fu_2666_p2             |        or|   0|  0|  11|          11|           3|
    |or_ln243_7_fu_2677_p2             |        or|   0|  0|  11|          11|           4|
    |or_ln243_8_fu_2688_p2             |        or|   0|  0|  11|          11|           4|
    |or_ln243_9_fu_2699_p2             |        or|   0|  0|  11|          11|           4|
    |or_ln243_fu_2600_p2               |        or|   0|  0|  11|          11|           1|
    |or_ln375_10_fu_3686_p2            |        or|   0|  0|  11|          11|           4|
    |or_ln375_11_fu_3697_p2            |        or|   0|  0|  11|          11|           4|
    |or_ln375_12_fu_3746_p2            |        or|   0|  0|  11|          11|           4|
    |or_ln375_13_fu_3756_p2            |        or|   0|  0|  11|          11|           4|
    |or_ln375_14_fu_3766_p2            |        or|   0|  0|  11|          11|           4|
    |or_ln375_15_fu_3776_p2            |        or|   0|  0|  11|          11|           5|
    |or_ln375_16_fu_3786_p2            |        or|   0|  0|  11|          11|           5|
    |or_ln375_17_fu_3796_p2            |        or|   0|  0|  11|          11|           5|
    |or_ln375_18_fu_3806_p2            |        or|   0|  0|  11|          11|           5|
    |or_ln375_19_fu_3816_p2            |        or|   0|  0|  11|          11|           5|
    |or_ln375_1_fu_3587_p2             |        or|   0|  0|  11|          11|           2|
    |or_ln375_20_fu_3826_p2            |        or|   0|  0|  11|          11|           5|
    |or_ln375_21_fu_3836_p2            |        or|   0|  0|  11|          11|           5|
    |or_ln375_22_fu_3846_p2            |        or|   0|  0|  11|          11|           5|
    |or_ln375_23_fu_3856_p2            |        or|   0|  0|  11|          11|           5|
    |or_ln375_24_fu_3866_p2            |        or|   0|  0|  11|          11|           5|
    |or_ln375_25_fu_3876_p2            |        or|   0|  0|  11|          11|           5|
    |or_ln375_26_fu_3886_p2            |        or|   0|  0|  11|          11|           5|
    |or_ln375_27_fu_3896_p2            |        or|   0|  0|  11|          11|           5|
    |or_ln375_28_fu_3906_p2            |        or|   0|  0|  11|          11|           5|
    |or_ln375_29_fu_3916_p2            |        or|   0|  0|  11|          11|           5|
    |or_ln375_2_fu_3598_p2             |        or|   0|  0|  11|          11|           2|
    |or_ln375_30_fu_3926_p2            |        or|   0|  0|  11|          11|           5|
    |or_ln375_31_fu_3936_p2            |        or|   0|  0|  11|          11|           6|
    |or_ln375_32_fu_3946_p2            |        or|   0|  0|  11|          11|           6|
    |or_ln375_33_fu_3956_p2            |        or|   0|  0|  11|          11|           6|
    |or_ln375_34_fu_3966_p2            |        or|   0|  0|  11|          11|           6|
    |or_ln375_35_fu_3976_p2            |        or|   0|  0|  11|          11|           6|
    |or_ln375_36_fu_3986_p2            |        or|   0|  0|  11|          11|           6|
    |or_ln375_37_fu_3996_p2            |        or|   0|  0|  11|          11|           6|
    |or_ln375_38_fu_4006_p2            |        or|   0|  0|  11|          11|           6|
    |or_ln375_39_fu_4016_p2            |        or|   0|  0|  11|          11|           6|
    |or_ln375_3_fu_3609_p2             |        or|   0|  0|  11|          11|           3|
    |or_ln375_40_fu_4026_p2            |        or|   0|  0|  11|          11|           6|
    |or_ln375_41_fu_4036_p2            |        or|   0|  0|  11|          11|           6|
    |or_ln375_42_fu_4046_p2            |        or|   0|  0|  11|          11|           6|
    |or_ln375_43_fu_4056_p2            |        or|   0|  0|  11|          11|           6|
    |or_ln375_44_fu_4066_p2            |        or|   0|  0|  11|          11|           6|
    |or_ln375_45_fu_4076_p2            |        or|   0|  0|  11|          11|           6|
    |or_ln375_46_fu_4086_p2            |        or|   0|  0|  11|          11|           6|
    |or_ln375_47_fu_4096_p2            |        or|   0|  0|  11|          11|           6|
    |or_ln375_48_fu_4106_p2            |        or|   0|  0|  11|          11|           6|
    |or_ln375_49_fu_4116_p2            |        or|   0|  0|  11|          11|           6|
    |or_ln375_4_fu_3620_p2             |        or|   0|  0|  11|          11|           3|
    |or_ln375_50_fu_4126_p2            |        or|   0|  0|  11|          11|           6|
    |or_ln375_51_fu_4136_p2            |        or|   0|  0|  11|          11|           6|
    |or_ln375_52_fu_4146_p2            |        or|   0|  0|  11|          11|           6|
    |or_ln375_53_fu_4156_p2            |        or|   0|  0|  11|          11|           6|
    |or_ln375_54_fu_4166_p2            |        or|   0|  0|  11|          11|           6|
    |or_ln375_55_fu_4176_p2            |        or|   0|  0|  11|          11|           6|
    |or_ln375_56_fu_4186_p2            |        or|   0|  0|  11|          11|           6|
    |or_ln375_57_fu_4196_p2            |        or|   0|  0|  11|          11|           6|
    |or_ln375_58_fu_4206_p2            |        or|   0|  0|  11|          11|           6|
    |or_ln375_59_fu_4216_p2            |        or|   0|  0|  11|          11|           6|
    |or_ln375_5_fu_3631_p2             |        or|   0|  0|  11|          11|           3|
    |or_ln375_60_fu_4226_p2            |        or|   0|  0|  11|          11|           6|
    |or_ln375_61_fu_4236_p2            |        or|   0|  0|  11|          11|           6|
    |or_ln375_62_fu_4246_p2            |        or|   0|  0|  11|          11|           6|
    |or_ln375_6_fu_3642_p2             |        or|   0|  0|  11|          11|           3|
    |or_ln375_7_fu_3653_p2             |        or|   0|  0|  11|          11|           4|
    |or_ln375_8_fu_3664_p2             |        or|   0|  0|  11|          11|           4|
    |or_ln375_9_fu_3675_p2             |        or|   0|  0|  11|          11|           4|
    |or_ln375_fu_3576_p2               |        or|   0|  0|  11|          11|           1|
    |ret_V_19_fu_2467_p2               |        or|   0|  0|   3|           3|           1|
    |ret_V_22_fu_2531_p2               |        or|   0|  0|   3|           3|           1|
    |ret_V_fu_2403_p2                  |        or|   0|  0|   2|           2|           1|
    |select_ln1019_fu_2380_p3          |    select|   0|  0|   2|           1|           2|
    |wrd_V_2_fu_3535_p3                |    select|   0|  0|   8|           1|           8|
    |wrd_phase_V_2_fu_3542_p3          |    select|   0|  0|   8|           1|           8|
    |shl_ln196_fu_2268_p2              |       shl|   0|  0|  14|           1|           7|
    |shl_ln227_fu_2322_p2              |       shl|   0|  0|  14|           1|           7|
    |shl_ln393_fu_4521_p2              |       shl|   0|  0|  13|           1|           6|
    |shl_ln930_10_fu_4748_p2           |       shl|   0|  0|  14|           7|           7|
    |shl_ln930_11_fu_4768_p2           |       shl|   0|  0|  14|           7|           7|
    |shl_ln930_1_fu_4568_p2            |       shl|   0|  0|  14|           7|           7|
    |shl_ln930_2_fu_4588_p2            |       shl|   0|  0|  14|           7|           7|
    |shl_ln930_3_fu_4608_p2            |       shl|   0|  0|  14|           7|           7|
    |shl_ln930_4_fu_4628_p2            |       shl|   0|  0|  14|           7|           7|
    |shl_ln930_5_fu_4648_p2            |       shl|   0|  0|  14|           7|           7|
    |shl_ln930_6_fu_4668_p2            |       shl|   0|  0|  14|           7|           7|
    |shl_ln930_7_fu_4688_p2            |       shl|   0|  0|  14|           7|           7|
    |shl_ln930_8_fu_4708_p2            |       shl|   0|  0|  14|           7|           7|
    |shl_ln930_9_fu_4728_p2            |       shl|   0|  0|  14|           7|           7|
    |shl_ln930_fu_4548_p2              |       shl|   0|  0|  14|           7|           7|
    |xor_ln1019_1_fu_2574_p2           |       xor|   0|  0|   2|           1|           2|
    |xor_ln1019_fu_2373_p2             |       xor|   0|  0|   2|           1|           2|
    +----------------------------------+----------+----+---+----+------------+------------+
    |Total                             |          |   0|  0|2273|        1763|         997|
    +----------------------------------+----------+----+---+----+------------+------------+

    * Multiplexer: 
    +----------------------------+-----+-----------+-----+-----------+
    |            Name            | LUT | Input Size| Bits| Total Bits|
    +----------------------------+-----+-----------+-----+-----------+
    |ap_NS_fsm                   |  829|        157|    1|        157|
    |conv_out_buffer_V_address0  |   14|          3|    7|         21|
    |conv_out_buffer_V_ce0       |   14|          3|    1|          3|
    |conv_out_buffer_V_ce1       |    9|          2|    1|          2|
    |conv_out_buffer_V_we0       |    9|          2|    1|          2|
    |count_V_reg_1834            |    9|          2|    7|         14|
    |dmem_V_address0             |   14|          3|   12|         36|
    |dmem_V_ce0                  |   14|          3|    1|          3|
    |dmem_V_we0                  |    9|          2|    1|          2|
    |fixed_buffer_V_address0     |  716|        136|   11|       1496|
    |fixed_buffer_V_address1     |   43|          8|   11|         88|
    |fixed_buffer_V_address10    |   37|          7|   11|         77|
    |fixed_buffer_V_address11    |   37|          7|   11|         77|
    |fixed_buffer_V_address12    |   37|          7|   11|         77|
    |fixed_buffer_V_address13    |   31|          6|   11|         66|
    |fixed_buffer_V_address14    |   31|          6|   11|         66|
    |fixed_buffer_V_address15    |   31|          6|   11|         66|
    |fixed_buffer_V_address16    |   20|          4|   11|         44|
    |fixed_buffer_V_address2     |   37|          7|   11|         77|
    |fixed_buffer_V_address3     |   37|          7|   11|         77|
    |fixed_buffer_V_address4     |   37|          7|   11|         77|
    |fixed_buffer_V_address5     |   37|          7|   11|         77|
    |fixed_buffer_V_address6     |   37|          7|   11|         77|
    |fixed_buffer_V_address7     |   37|          7|   11|         77|
    |fixed_buffer_V_address8     |   37|          7|   11|         77|
    |fixed_buffer_V_address9     |   37|          7|   11|         77|
    |fixed_buffer_V_ce0          |   26|          5|    1|          5|
    |fixed_buffer_V_ce1          |   26|          5|    1|          5|
    |fixed_buffer_V_ce10         |   20|          4|    1|          4|
    |fixed_buffer_V_ce11         |   20|          4|    1|          4|
    |fixed_buffer_V_ce12         |   20|          4|    1|          4|
    |fixed_buffer_V_ce13         |   20|          4|    1|          4|
    |fixed_buffer_V_ce14         |   20|          4|    1|          4|
    |fixed_buffer_V_ce15         |   20|          4|    1|          4|
    |fixed_buffer_V_ce2          |   20|          4|    1|          4|
    |fixed_buffer_V_ce3          |   20|          4|    1|          4|
    |fixed_buffer_V_ce4          |   20|          4|    1|          4|
    |fixed_buffer_V_ce5          |   20|          4|    1|          4|
    |fixed_buffer_V_ce6          |   20|          4|    1|          4|
    |fixed_buffer_V_ce7          |   20|          4|    1|          4|
    |fixed_buffer_V_ce8          |   20|          4|    1|          4|
    |fixed_buffer_V_ce9          |   20|          4|    1|          4|
    |fixed_buffer_V_d0           |  292|         67|   12|        804|
    |fixed_buffer_V_we0          |   14|          3|    1|          3|
    |i_V_fu_640                  |    9|          2|    6|         12|
    |lb_address0                 |   31|          6|    3|         18|
    |lb_address1                 |   26|          5|    3|         15|
    |lb_ce0                      |   14|          3|    1|          3|
    |lb_d0                       |   26|          5|    1|          5|
    |lb_d1                       |   26|          5|    1|          5|
    |m_V_reg_1880                |    9|          2|    2|          4|
    |old_word_buffer_V_address0  |   14|          3|    8|         24|
    |old_word_buffer_V_ce0       |   14|          3|    1|          3|
    |old_word_buffer_V_ce1       |    9|          2|    1|          2|
    |old_word_buffer_V_we0       |    9|          2|    1|          2|
    |p_V_fu_644                  |    9|          2|   10|         20|
    |rb_address0                 |   31|          6|    3|         18|
    |rb_address1                 |   26|          5|    3|         15|
    |rb_ce0                      |   14|          3|    1|          3|
    |rb_d0                       |   26|          5|    1|          5|
    |rb_d1                       |   26|          5|    1|          5|
    |storemerge_reg_1869         |    9|          2|    3|          6|
    |w_V_fu_728                  |    9|          2|    5|         10|
    |word_buffer_V_address0      |   20|          4|    8|         32|
    |word_buffer_V_address1      |   14|          3|    8|         24|
    |word_buffer_V_ce0           |   20|          4|    1|          4|
    |word_buffer_V_ce1           |   14|          3|    1|          3|
    |word_buffer_V_we0           |    9|          2|    1|          2|
    |word_buffer_V_we1           |    9|          2|    1|          2|
    |wrd_V_reg_1857              |    9|          2|    8|         16|
    |wrd_phase_V_reg_1845        |    9|          2|    8|         16|
    |wt_addr_V                   |    9|          2|   16|         32|
    |wt_offset_V                 |    9|          2|    3|          6|
    +----------------------------+-----+-----------+-----+-----------+
    |Total                       | 3297|        650|  358|       4098|
    +----------------------------+-----+-----------+-----+-----------+

    * Register: 
    +------------------------------------------------------------------------------------------------+-----+----+-----+-----------+
    |                                              Name                                              |  FF | LUT| Bits| Const Bits|
    +------------------------------------------------------------------------------------------------+-----+----+-----+-----------+
    |add_i1340_reg_5984                                                                              |   12|   0|   12|          0|
    |add_ln252_reg_5807                                                                              |    7|   0|    7|          0|
    |add_ln840_39_reg_5997                                                                           |    2|   0|    2|          0|
    |ap_CS_fsm                                                                                       |  156|   0|  156|          0|
    |conv570_reg_6905                                                                                |    3|   0|    3|          0|
    |conv_params_V_0_0_0_019_fu_656                                                                  |    1|   0|    1|          0|
    |conv_params_V_0_0_0_019_load_1_reg_6002                                                         |    1|   0|    1|          0|
    |conv_params_V_0_0_0_019_load_reg_5888                                                           |    1|   0|    1|          0|
    |conv_params_V_0_0_1_020_fu_660                                                                  |    1|   0|    1|          0|
    |conv_params_V_0_0_1_020_load_1_reg_6007                                                         |    1|   0|    1|          0|
    |conv_params_V_0_0_1_020_load_reg_5893                                                           |    1|   0|    1|          0|
    |conv_params_V_0_1_0_021_fu_664                                                                  |    1|   0|    1|          0|
    |conv_params_V_0_1_0_021_load_1_reg_6012                                                         |    1|   0|    1|          0|
    |conv_params_V_0_1_0_021_load_reg_5898                                                           |    1|   0|    1|          0|
    |conv_params_V_0_1_1_022_fu_668                                                                  |    1|   0|    1|          0|
    |conv_params_V_0_1_1_022_load_1_reg_6017                                                         |    1|   0|    1|          0|
    |conv_params_V_0_1_1_022_load_reg_5903                                                           |    1|   0|    1|          0|
    |conv_params_V_0_2_0_023_fu_672                                                                  |    1|   0|    1|          0|
    |conv_params_V_0_2_0_023_load_1_reg_6022                                                         |    1|   0|    1|          0|
    |conv_params_V_0_2_0_023_load_reg_5908                                                           |    1|   0|    1|          0|
    |conv_params_V_0_2_1_024_fu_676                                                                  |    1|   0|    1|          0|
    |conv_params_V_0_2_1_024_load_1_reg_6027                                                         |    1|   0|    1|          0|
    |conv_params_V_0_2_1_024_load_reg_5913                                                           |    1|   0|    1|          0|
    |conv_params_V_1_0_0_025_fu_680                                                                  |    1|   0|    1|          0|
    |conv_params_V_1_0_0_025_load_1_reg_6032                                                         |    1|   0|    1|          0|
    |conv_params_V_1_0_0_025_load_reg_5918                                                           |    1|   0|    1|          0|
    |conv_params_V_1_0_1_026_fu_684                                                                  |    1|   0|    1|          0|
    |conv_params_V_1_0_1_026_load_1_reg_6037                                                         |    1|   0|    1|          0|
    |conv_params_V_1_0_1_026_load_reg_5923                                                           |    1|   0|    1|          0|
    |conv_params_V_1_1_0_027_fu_688                                                                  |    1|   0|    1|          0|
    |conv_params_V_1_1_0_027_load_1_reg_6042                                                         |    1|   0|    1|          0|
    |conv_params_V_1_1_0_027_load_reg_5928                                                           |    1|   0|    1|          0|
    |conv_params_V_1_1_1_028_fu_692                                                                  |    1|   0|    1|          0|
    |conv_params_V_1_1_1_028_load_1_reg_6047                                                         |    1|   0|    1|          0|
    |conv_params_V_1_1_1_028_load_reg_5933                                                           |    1|   0|    1|          0|
    |conv_params_V_1_2_0_029_fu_696                                                                  |    1|   0|    1|          0|
    |conv_params_V_1_2_0_029_load_1_reg_6052                                                         |    1|   0|    1|          0|
    |conv_params_V_1_2_0_029_load_reg_5938                                                           |    1|   0|    1|          0|
    |conv_params_V_1_2_1_030_fu_700                                                                  |    1|   0|    1|          0|
    |conv_params_V_1_2_1_030_load_1_reg_6057                                                         |    1|   0|    1|          0|
    |conv_params_V_1_2_1_030_load_reg_5943                                                           |    1|   0|    1|          0|
    |conv_params_V_2_0_0_031_fu_704                                                                  |    1|   0|    1|          0|
    |conv_params_V_2_0_0_031_load_1_reg_6062                                                         |    1|   0|    1|          0|
    |conv_params_V_2_0_0_031_load_reg_5948                                                           |    1|   0|    1|          0|
    |conv_params_V_2_0_1_032_fu_708                                                                  |    1|   0|    1|          0|
    |conv_params_V_2_0_1_032_load_1_reg_6067                                                         |    1|   0|    1|          0|
    |conv_params_V_2_0_1_032_load_reg_5953                                                           |    1|   0|    1|          0|
    |conv_params_V_2_1_0_033_fu_712                                                                  |    1|   0|    1|          0|
    |conv_params_V_2_1_0_033_load_1_reg_6072                                                         |    1|   0|    1|          0|
    |conv_params_V_2_1_0_033_load_reg_5958                                                           |    1|   0|    1|          0|
    |conv_params_V_2_1_1_034_fu_716                                                                  |    1|   0|    1|          0|
    |conv_params_V_2_1_1_034_load_1_reg_6077                                                         |    1|   0|    1|          0|
    |conv_params_V_2_1_1_034_load_reg_5963                                                           |    1|   0|    1|          0|
    |conv_params_V_2_2_0_035_fu_720                                                                  |    1|   0|    1|          0|
    |conv_params_V_2_2_0_035_load_1_reg_6082                                                         |    1|   0|    1|          0|
    |conv_params_V_2_2_0_035_load_reg_5968                                                           |    1|   0|    1|          0|
    |conv_params_V_2_2_1_036_fu_724                                                                  |    1|   0|    1|          0|
    |conv_params_V_2_2_1_036_load_1_reg_6087                                                         |    1|   0|    1|          0|
    |conv_params_V_2_2_1_036_load_reg_5973                                                           |    1|   0|    1|          0|
    |count_V_1_reg_5838                                                                              |    7|   0|    7|          0|
    |count_V_reg_1834                                                                                |    7|   0|    7|          0|
    |empty_87_reg_5857                                                                               |   13|   0|   13|          0|
    |empty_88_reg_5870                                                                               |    9|   0|    9|          0|
    |empty_89_reg_5875                                                                               |    9|   0|    9|          0|
    |fixed_buffer_V_addr_100_reg_6473                                                                |    5|   0|   11|          6|
    |fixed_buffer_V_addr_101_reg_6479                                                                |    5|   0|   11|          6|
    |fixed_buffer_V_addr_102_reg_6485                                                                |    5|   0|   11|          6|
    |fixed_buffer_V_addr_103_reg_6491                                                                |    5|   0|   11|          6|
    |fixed_buffer_V_addr_104_reg_6497                                                                |    5|   0|   11|          6|
    |fixed_buffer_V_addr_105_reg_6503                                                                |    5|   0|   11|          6|
    |fixed_buffer_V_addr_106_reg_6509                                                                |    5|   0|   11|          6|
    |fixed_buffer_V_addr_107_reg_6515                                                                |    5|   0|   11|          6|
    |fixed_buffer_V_addr_108_reg_6521                                                                |    5|   0|   11|          6|
    |fixed_buffer_V_addr_109_reg_6527                                                                |    5|   0|   11|          6|
    |fixed_buffer_V_addr_10_reg_5387                                                                 |    5|   0|   11|          6|
    |fixed_buffer_V_addr_110_reg_6533                                                                |    5|   0|   11|          6|
    |fixed_buffer_V_addr_111_reg_6624                                                                |    5|   0|   11|          6|
    |fixed_buffer_V_addr_112_reg_6629                                                                |    5|   0|   11|          6|
    |fixed_buffer_V_addr_113_reg_6635                                                                |    5|   0|   11|          6|
    |fixed_buffer_V_addr_114_reg_6641                                                                |    5|   0|   11|          6|
    |fixed_buffer_V_addr_115_reg_6647                                                                |    5|   0|   11|          6|
    |fixed_buffer_V_addr_116_reg_6653                                                                |    5|   0|   11|          6|
    |fixed_buffer_V_addr_117_reg_6659                                                                |    5|   0|   11|          6|
    |fixed_buffer_V_addr_118_reg_6665                                                                |    5|   0|   11|          6|
    |fixed_buffer_V_addr_119_reg_6671                                                                |    5|   0|   11|          6|
    |fixed_buffer_V_addr_11_reg_5392                                                                 |    5|   0|   11|          6|
    |fixed_buffer_V_addr_120_reg_6677                                                                |    5|   0|   11|          6|
    |fixed_buffer_V_addr_121_reg_6683                                                                |    5|   0|   11|          6|
    |fixed_buffer_V_addr_122_reg_6689                                                                |    5|   0|   11|          6|
    |fixed_buffer_V_addr_123_reg_6695                                                                |    5|   0|   11|          6|
    |fixed_buffer_V_addr_124_reg_6701                                                                |    5|   0|   11|          6|
    |fixed_buffer_V_addr_125_reg_6707                                                                |    5|   0|   11|          6|
    |fixed_buffer_V_addr_126_reg_6713                                                                |    5|   0|   11|          6|
    |fixed_buffer_V_addr_127_reg_6719                                                                |    5|   0|   11|          6|
    |fixed_buffer_V_addr_12_reg_5397                                                                 |    5|   0|   11|          6|
    |fixed_buffer_V_addr_13_reg_5402                                                                 |    5|   0|   11|          6|
    |fixed_buffer_V_addr_14_reg_5407                                                                 |    5|   0|   11|          6|
    |fixed_buffer_V_addr_15_reg_5412                                                                 |    5|   0|   11|          6|
    |fixed_buffer_V_addr_16_reg_5417                                                                 |    5|   0|   11|          6|
    |fixed_buffer_V_addr_17_reg_5422                                                                 |    5|   0|   11|          6|
    |fixed_buffer_V_addr_18_reg_5427                                                                 |    5|   0|   11|          6|
    |fixed_buffer_V_addr_19_reg_5432                                                                 |    5|   0|   11|          6|
    |fixed_buffer_V_addr_1_reg_5342                                                                  |    5|   0|   11|          6|
    |fixed_buffer_V_addr_20_reg_5437                                                                 |    5|   0|   11|          6|
    |fixed_buffer_V_addr_21_reg_5442                                                                 |    5|   0|   11|          6|
    |fixed_buffer_V_addr_22_reg_5447                                                                 |    5|   0|   11|          6|
    |fixed_buffer_V_addr_23_reg_5452                                                                 |    5|   0|   11|          6|
    |fixed_buffer_V_addr_24_reg_5457                                                                 |    5|   0|   11|          6|
    |fixed_buffer_V_addr_25_reg_5462                                                                 |    5|   0|   11|          6|
    |fixed_buffer_V_addr_26_reg_5467                                                                 |    5|   0|   11|          6|
    |fixed_buffer_V_addr_27_reg_5472                                                                 |    5|   0|   11|          6|
    |fixed_buffer_V_addr_28_reg_5477                                                                 |    5|   0|   11|          6|
    |fixed_buffer_V_addr_29_reg_5482                                                                 |    5|   0|   11|          6|
    |fixed_buffer_V_addr_2_reg_5347                                                                  |    5|   0|   11|          6|
    |fixed_buffer_V_addr_30_reg_5487                                                                 |    5|   0|   11|          6|
    |fixed_buffer_V_addr_31_reg_5492                                                                 |    5|   0|   11|          6|
    |fixed_buffer_V_addr_32_reg_5497                                                                 |    5|   0|   11|          6|
    |fixed_buffer_V_addr_33_reg_5502                                                                 |    5|   0|   11|          6|
    |fixed_buffer_V_addr_34_reg_5507                                                                 |    5|   0|   11|          6|
    |fixed_buffer_V_addr_35_reg_5512                                                                 |    5|   0|   11|          6|
    |fixed_buffer_V_addr_36_reg_5517                                                                 |    5|   0|   11|          6|
    |fixed_buffer_V_addr_37_reg_5522                                                                 |    5|   0|   11|          6|
    |fixed_buffer_V_addr_38_reg_5527                                                                 |    5|   0|   11|          6|
    |fixed_buffer_V_addr_39_reg_5532                                                                 |    5|   0|   11|          6|
    |fixed_buffer_V_addr_3_reg_5352                                                                  |    5|   0|   11|          6|
    |fixed_buffer_V_addr_40_reg_5537                                                                 |    5|   0|   11|          6|
    |fixed_buffer_V_addr_41_reg_5542                                                                 |    5|   0|   11|          6|
    |fixed_buffer_V_addr_42_reg_5547                                                                 |    5|   0|   11|          6|
    |fixed_buffer_V_addr_43_reg_5552                                                                 |    5|   0|   11|          6|
    |fixed_buffer_V_addr_44_reg_5557                                                                 |    5|   0|   11|          6|
    |fixed_buffer_V_addr_45_reg_5562                                                                 |    5|   0|   11|          6|
    |fixed_buffer_V_addr_46_reg_5567                                                                 |    5|   0|   11|          6|
    |fixed_buffer_V_addr_47_reg_5572                                                                 |    5|   0|   11|          6|
    |fixed_buffer_V_addr_48_reg_5577                                                                 |    5|   0|   11|          6|
    |fixed_buffer_V_addr_49_reg_5582                                                                 |    5|   0|   11|          6|
    |fixed_buffer_V_addr_4_reg_5357                                                                  |    5|   0|   11|          6|
    |fixed_buffer_V_addr_50_reg_5587                                                                 |    5|   0|   11|          6|
    |fixed_buffer_V_addr_51_reg_5592                                                                 |    5|   0|   11|          6|
    |fixed_buffer_V_addr_52_reg_5597                                                                 |    5|   0|   11|          6|
    |fixed_buffer_V_addr_53_reg_5602                                                                 |    5|   0|   11|          6|
    |fixed_buffer_V_addr_54_reg_5607                                                                 |    5|   0|   11|          6|
    |fixed_buffer_V_addr_55_reg_5612                                                                 |    5|   0|   11|          6|
    |fixed_buffer_V_addr_56_reg_5617                                                                 |    5|   0|   11|          6|
    |fixed_buffer_V_addr_57_reg_5622                                                                 |    5|   0|   11|          6|
    |fixed_buffer_V_addr_58_reg_5627                                                                 |    5|   0|   11|          6|
    |fixed_buffer_V_addr_59_reg_5632                                                                 |    5|   0|   11|          6|
    |fixed_buffer_V_addr_5_reg_5362                                                                  |    5|   0|   11|          6|
    |fixed_buffer_V_addr_60_reg_5637                                                                 |    5|   0|   11|          6|
    |fixed_buffer_V_addr_61_reg_5642                                                                 |    5|   0|   11|          6|
    |fixed_buffer_V_addr_62_reg_5647                                                                 |    5|   0|   11|          6|
    |fixed_buffer_V_addr_63_reg_5652                                                                 |    5|   0|   11|          6|
    |fixed_buffer_V_addr_64_reg_6170                                                                 |    5|   0|   11|          6|
    |fixed_buffer_V_addr_65_reg_6176                                                                 |    5|   0|   11|          6|
    |fixed_buffer_V_addr_66_reg_6182                                                                 |    5|   0|   11|          6|
    |fixed_buffer_V_addr_67_reg_6188                                                                 |    5|   0|   11|          6|
    |fixed_buffer_V_addr_68_reg_6194                                                                 |    5|   0|   11|          6|
    |fixed_buffer_V_addr_69_reg_6200                                                                 |    5|   0|   11|          6|
    |fixed_buffer_V_addr_6_reg_5367                                                                  |    5|   0|   11|          6|
    |fixed_buffer_V_addr_70_reg_6206                                                                 |    5|   0|   11|          6|
    |fixed_buffer_V_addr_71_reg_6212                                                                 |    5|   0|   11|          6|
    |fixed_buffer_V_addr_72_reg_6218                                                                 |    5|   0|   11|          6|
    |fixed_buffer_V_addr_73_reg_6224                                                                 |    5|   0|   11|          6|
    |fixed_buffer_V_addr_74_reg_6230                                                                 |    5|   0|   11|          6|
    |fixed_buffer_V_addr_75_reg_6236                                                                 |    5|   0|   11|          6|
    |fixed_buffer_V_addr_76_reg_6242                                                                 |    5|   0|   11|          6|
    |fixed_buffer_V_addr_77_reg_6272                                                                 |    5|   0|   11|          6|
    |fixed_buffer_V_addr_78_reg_6278                                                                 |    5|   0|   11|          6|
    |fixed_buffer_V_addr_79_reg_6284                                                                 |    5|   0|   11|          6|
    |fixed_buffer_V_addr_7_reg_5372                                                                  |    5|   0|   11|          6|
    |fixed_buffer_V_addr_80_reg_6290                                                                 |    5|   0|   11|          6|
    |fixed_buffer_V_addr_81_reg_6296                                                                 |    5|   0|   11|          6|
    |fixed_buffer_V_addr_82_reg_6302                                                                 |    5|   0|   11|          6|
    |fixed_buffer_V_addr_83_reg_6308                                                                 |    5|   0|   11|          6|
    |fixed_buffer_V_addr_84_reg_6314                                                                 |    5|   0|   11|          6|
    |fixed_buffer_V_addr_85_reg_6320                                                                 |    5|   0|   11|          6|
    |fixed_buffer_V_addr_86_reg_6326                                                                 |    5|   0|   11|          6|
    |fixed_buffer_V_addr_87_reg_6332                                                                 |    5|   0|   11|          6|
    |fixed_buffer_V_addr_88_reg_6338                                                                 |    5|   0|   11|          6|
    |fixed_buffer_V_addr_89_reg_6344                                                                 |    5|   0|   11|          6|
    |fixed_buffer_V_addr_8_reg_5377                                                                  |    5|   0|   11|          6|
    |fixed_buffer_V_addr_90_reg_6350                                                                 |    5|   0|   11|          6|
    |fixed_buffer_V_addr_91_reg_6356                                                                 |    5|   0|   11|          6|
    |fixed_buffer_V_addr_92_reg_6362                                                                 |    5|   0|   11|          6|
    |fixed_buffer_V_addr_93_reg_6368                                                                 |    5|   0|   11|          6|
    |fixed_buffer_V_addr_94_reg_6438                                                                 |    5|   0|   11|          6|
    |fixed_buffer_V_addr_95_reg_6443                                                                 |    5|   0|   11|          6|
    |fixed_buffer_V_addr_96_reg_6449                                                                 |    5|   0|   11|          6|
    |fixed_buffer_V_addr_97_reg_6455                                                                 |    5|   0|   11|          6|
    |fixed_buffer_V_addr_98_reg_6461                                                                 |    5|   0|   11|          6|
    |fixed_buffer_V_addr_99_reg_6467                                                                 |    5|   0|   11|          6|
    |fixed_buffer_V_addr_9_reg_5382                                                                  |    5|   0|   11|          6|
    |fixed_temp_V_0_reg_6373                                                                         |   12|   0|   12|          0|
    |fixed_temp_V_10_reg_6423                                                                        |   12|   0|   12|          0|
    |fixed_temp_V_11_reg_6428                                                                        |   12|   0|   12|          0|
    |fixed_temp_V_12_reg_6433                                                                        |   12|   0|   12|          0|
    |fixed_temp_V_13_reg_6539                                                                        |   12|   0|   12|          0|
    |fixed_temp_V_14_reg_6544                                                                        |   12|   0|   12|          0|
    |fixed_temp_V_15_reg_6549                                                                        |   12|   0|   12|          0|
    |fixed_temp_V_16_reg_6554                                                                        |   12|   0|   12|          0|
    |fixed_temp_V_17_reg_6559                                                                        |   12|   0|   12|          0|
    |fixed_temp_V_18_reg_6564                                                                        |   12|   0|   12|          0|
    |fixed_temp_V_19_reg_6569                                                                        |   12|   0|   12|          0|
    |fixed_temp_V_1_reg_6378                                                                         |   12|   0|   12|          0|
    |fixed_temp_V_20_reg_6574                                                                        |   12|   0|   12|          0|
    |fixed_temp_V_21_reg_6579                                                                        |   12|   0|   12|          0|
    |fixed_temp_V_22_reg_6584                                                                        |   12|   0|   12|          0|
    |fixed_temp_V_23_reg_6589                                                                        |   12|   0|   12|          0|
    |fixed_temp_V_24_reg_6594                                                                        |   12|   0|   12|          0|
    |fixed_temp_V_25_reg_6599                                                                        |   12|   0|   12|          0|
    |fixed_temp_V_26_reg_6604                                                                        |   12|   0|   12|          0|
    |fixed_temp_V_27_reg_6609                                                                        |   12|   0|   12|          0|
    |fixed_temp_V_28_reg_6614                                                                        |   12|   0|   12|          0|
    |fixed_temp_V_29_reg_6619                                                                        |   12|   0|   12|          0|
    |fixed_temp_V_2_reg_6383                                                                         |   12|   0|   12|          0|
    |fixed_temp_V_30_reg_6725                                                                        |   12|   0|   12|          0|
    |fixed_temp_V_31_reg_6730                                                                        |   12|   0|   12|          0|
    |fixed_temp_V_32_reg_6735                                                                        |   12|   0|   12|          0|
    |fixed_temp_V_33_reg_6740                                                                        |   12|   0|   12|          0|
    |fixed_temp_V_34_reg_6745                                                                        |   12|   0|   12|          0|
    |fixed_temp_V_35_reg_6750                                                                        |   12|   0|   12|          0|
    |fixed_temp_V_36_reg_6755                                                                        |   12|   0|   12|          0|
    |fixed_temp_V_37_reg_6760                                                                        |   12|   0|   12|          0|
    |fixed_temp_V_38_reg_6765                                                                        |   12|   0|   12|          0|
    |fixed_temp_V_39_reg_6770                                                                        |   12|   0|   12|          0|
    |fixed_temp_V_3_reg_6388                                                                         |   12|   0|   12|          0|
    |fixed_temp_V_40_reg_6775                                                                        |   12|   0|   12|          0|
    |fixed_temp_V_41_reg_6780                                                                        |   12|   0|   12|          0|
    |fixed_temp_V_42_reg_6785                                                                        |   12|   0|   12|          0|
    |fixed_temp_V_43_reg_6790                                                                        |   12|   0|   12|          0|
    |fixed_temp_V_44_reg_6795                                                                        |   12|   0|   12|          0|
    |fixed_temp_V_45_reg_6800                                                                        |   12|   0|   12|          0|
    |fixed_temp_V_46_reg_6805                                                                        |   12|   0|   12|          0|
    |fixed_temp_V_47_reg_6810                                                                        |   12|   0|   12|          0|
    |fixed_temp_V_48_reg_6815                                                                        |   12|   0|   12|          0|
    |fixed_temp_V_49_reg_6820                                                                        |   12|   0|   12|          0|
    |fixed_temp_V_4_reg_6393                                                                         |   12|   0|   12|          0|
    |fixed_temp_V_50_reg_6825                                                                        |   12|   0|   12|          0|
    |fixed_temp_V_51_reg_6830                                                                        |   12|   0|   12|          0|
    |fixed_temp_V_52_reg_6835                                                                        |   12|   0|   12|          0|
    |fixed_temp_V_53_reg_6840                                                                        |   12|   0|   12|          0|
    |fixed_temp_V_54_reg_6845                                                                        |   12|   0|   12|          0|
    |fixed_temp_V_55_reg_6850                                                                        |   12|   0|   12|          0|
    |fixed_temp_V_56_reg_6855                                                                        |   12|   0|   12|          0|
    |fixed_temp_V_57_reg_6860                                                                        |   12|   0|   12|          0|
    |fixed_temp_V_58_reg_6865                                                                        |   12|   0|   12|          0|
    |fixed_temp_V_59_reg_6870                                                                        |   12|   0|   12|          0|
    |fixed_temp_V_5_reg_6398                                                                         |   12|   0|   12|          0|
    |fixed_temp_V_60_reg_6875                                                                        |   12|   0|   12|          0|
    |fixed_temp_V_61_reg_6880                                                                        |   12|   0|   12|          0|
    |fixed_temp_V_62_reg_6885                                                                        |   12|   0|   12|          0|
    |fixed_temp_V_63_reg_6890                                                                        |   12|   0|   12|          0|
    |fixed_temp_V_6_reg_6403                                                                         |   12|   0|   12|          0|
    |fixed_temp_V_7_reg_6408                                                                         |   12|   0|   12|          0|
    |fixed_temp_V_8_reg_6413                                                                         |   12|   0|   12|          0|
    |fixed_temp_V_9_reg_6418                                                                         |   12|   0|   12|          0|
    |grp_bin_conv_Pipeline_LOOP_ACC_PHASES_I_fu_2003_ap_start_reg                                    |    1|   0|    1|          0|
    |grp_bin_conv_Pipeline_LOOP_BATCH_NORM_fu_2138_ap_start_reg                                      |    1|   0|    1|          0|
    |grp_bin_conv_Pipeline_LOOP_CONVOLVER_LOAD_fu_1945_ap_start_reg                                  |    1|   0|    1|          0|
    |grp_bin_conv_Pipeline_LOOP_LOAD_WTS_fu_1903_ap_start_reg                                        |    1|   0|    1|          0|
    |grp_bin_conv_Pipeline_LOOP_WT_WORDS_fu_1891_ap_start_reg                                        |    1|   0|    1|          0|
    |grp_bin_conv_Pipeline_VITIS_LOOP_338_8_VITIS_LOOP_339_9_VITIS_LOOP_340_10_fu_1989_ap_start_reg  |    1|   0|    1|          0|
    |grp_bin_conv_Pipeline_VITIS_LOOP_348_11_fu_1995_ap_start_reg                                    |    1|   0|    1|          0|
    |grp_process_word_fu_1954_ap_start_reg                                                           |    1|   0|    1|          0|
    |i_V_fu_640                                                                                      |    6|   0|    6|          0|
    |icmp_ln1019_10_reg_5327                                                                         |    1|   0|    1|          0|
    |icmp_ln1019_11_reg_5332                                                                         |    1|   0|    1|          0|
    |icmp_ln1019_12_reg_5337                                                                         |    1|   0|    1|          0|
    |icmp_ln1019_13_reg_5843                                                                         |    1|   0|    1|          0|
    |icmp_ln1019_2_reg_5287                                                                          |    1|   0|    1|          0|
    |icmp_ln1019_3_reg_5292                                                                          |    1|   0|    1|          0|
    |icmp_ln1019_4_reg_5297                                                                          |    1|   0|    1|          0|
    |icmp_ln1019_5_reg_5302                                                                          |    1|   0|    1|          0|
    |icmp_ln1019_6_reg_5307                                                                          |    1|   0|    1|          0|
    |icmp_ln1019_7_reg_5312                                                                          |    1|   0|    1|          0|
    |icmp_ln1019_8_reg_5317                                                                          |    1|   0|    1|          0|
    |icmp_ln1019_9_reg_5322                                                                          |    1|   0|    1|          0|
    |icmp_ln1023_reg_5978                                                                            |    1|   0|    1|          0|
    |images_per_phase_reg_5269                                                                       |   13|   0|   13|          0|
    |lnot_i_i_reg_6257                                                                               |    1|   0|    1|          0|
    |log_width_V_reg_5232                                                                            |    3|   0|    3|          0|
    |m_V_reg_1880                                                                                    |    2|   0|    2|          0|
    |mul_i_i_reg_5865                                                                                |    6|   0|    6|          0|
    |mul_ln1789_reg_5830                                                                             |   12|   0|   12|          0|
    |mul_ln186_reg_6900                                                                              |   14|   0|   14|          0|
    |p_V_fu_644                                                                                      |   10|   0|   10|          0|
    |pool_width_V_reg_6895                                                                           |    5|   0|    5|          0|
    |ret_V_30_reg_5221                                                                               |    1|   0|    1|          0|
    |shr27_cast_reg_5802                                                                             |    6|   0|   10|          4|
    |storemerge_reg_1869                                                                             |    3|   0|    3|          0|
    |tmp_120_reg_5792                                                                                |    1|   0|    2|          1|
    |tmp_121_reg_6115                                                                                |    5|   0|   11|          6|
    |tmp_122_reg_6092                                                                                |    5|   0|   11|          6|
    |tmp_342_reg_6262                                                                                |    1|   0|    1|          0|
    |tmp_reg_5282                                                                                    |    1|   0|    1|          0|
    |trunc_ln1027_reg_5989                                                                           |    1|   0|    1|          0|
    |trunc_ln3_reg_6267                                                                              |   12|   0|   12|          0|
    |trunc_ln930_10_reg_6960                                                                         |    5|   0|    5|          0|
    |trunc_ln930_11_reg_6965                                                                         |    5|   0|    5|          0|
    |trunc_ln930_1_reg_6915                                                                          |    5|   0|    5|          0|
    |trunc_ln930_2_reg_6920                                                                          |    5|   0|    5|          0|
    |trunc_ln930_3_reg_6925                                                                          |    5|   0|    5|          0|
    |trunc_ln930_4_reg_6930                                                                          |    5|   0|    5|          0|
    |trunc_ln930_5_reg_6935                                                                          |    5|   0|    5|          0|
    |trunc_ln930_6_reg_6940                                                                          |    5|   0|    5|          0|
    |trunc_ln930_7_reg_6945                                                                          |    5|   0|    5|          0|
    |trunc_ln930_8_reg_6950                                                                          |    5|   0|    5|          0|
    |trunc_ln930_9_reg_6955                                                                          |    5|   0|    5|          0|
    |trunc_ln930_reg_6910                                                                            |    5|   0|    5|          0|
    |trunc_ln_reg_5248                                                                               |   15|   0|   15|          0|
    |w_V_2_reg_6107                                                                                  |    5|   0|    5|          0|
    |w_V_fu_728                                                                                      |    5|   0|    5|          0|
    |words_per_image_V_cast_reg_5787                                                                 |    5|   0|    8|          3|
    |words_per_image_V_reg_5237                                                                      |    5|   0|    5|          0|
    |wrd_V_2_reg_6097                                                                                |    8|   0|    8|          0|
    |wrd_V_reg_1857                                                                                  |    8|   0|    8|          0|
    |wrd_phase_V_2_reg_6102                                                                          |    8|   0|    8|          0|
    |wrd_phase_V_reg_1845                                                                            |    8|   0|    8|          0|
    |wt_addr_V                                                                                       |   16|   0|   16|          0|
    |wt_offset_V                                                                                     |    3|   0|    3|          0|
    |wt_word_buffer_V_0_0110_fu_648                                                                  |   64|   0|   64|          0|
    |wt_word_buffer_V_1_0111_fu_652                                                                  |   64|   0|   64|          0|
    |zext_ln1789_reg_5797                                                                            |    5|   0|   12|          7|
    |zext_ln186_reg_5226                                                                             |    2|   0|    3|          1|
    |zext_ln198_reg_5253                                                                             |    3|   0|    7|          4|
    +------------------------------------------------------------------------------------------------+-----+----+-----+-----------+
    |Total                                                                                           | 2095|   0| 2889|        794|
    +------------------------------------------------------------------------------------------------+-----+----+-----+-----------+



================================================================
== Interface
================================================================
* Summary: 
+-------------------+-----+-----+------------+--------------+--------------+
|     RTL Ports     | Dir | Bits|  Protocol  | Source Object|    C Type    |
+-------------------+-----+-----+------------+--------------+--------------+
|ap_clk             |   in|    1|  ap_ctrl_hs|      bin_conv|  return value|
|ap_rst             |   in|    1|  ap_ctrl_hs|      bin_conv|  return value|
|ap_start           |   in|    1|  ap_ctrl_hs|      bin_conv|  return value|
|ap_done            |  out|    1|  ap_ctrl_hs|      bin_conv|  return value|
|ap_idle            |  out|    1|  ap_ctrl_hs|      bin_conv|  return value|
|ap_ready           |  out|    1|  ap_ctrl_hs|      bin_conv|  return value|
|nc                 |   in|   16|     ap_none|            nc|        scalar|
|d_i_idx            |   in|    1|     ap_none|       d_i_idx|        scalar|
|d_o_idx            |   in|    1|     ap_none|       d_o_idx|        scalar|
|n_inputs           |   in|   16|     ap_none|      n_inputs|        scalar|
|o_index            |   in|   15|     ap_none|       o_index|        scalar|
|new_batch          |   in|    1|     ap_none|     new_batch|        scalar|
|width_mode         |   in|    2|     ap_none|    width_mode|        scalar|
|norm_mode          |   in|    2|     ap_none|     norm_mode|        scalar|
|wt_mem_V_address0  |  out|   13|   ap_memory|      wt_mem_V|         array|
|wt_mem_V_ce0       |  out|    1|   ap_memory|      wt_mem_V|         array|
|wt_mem_V_q0        |   in|   64|   ap_memory|      wt_mem_V|         array|
|dmem_V_address0    |  out|   12|   ap_memory|        dmem_V|         array|
|dmem_V_ce0         |  out|    1|   ap_memory|        dmem_V|         array|
|dmem_V_we0         |  out|    1|   ap_memory|        dmem_V|         array|
|dmem_V_d0          |  out|   64|   ap_memory|        dmem_V|         array|
|dmem_V_q0          |   in|   64|   ap_memory|        dmem_V|         array|
+-------------------+-----+-----+------------+--------------+--------------+

