

================================================================
== Vitis HLS Report for 'fp_conv_Pipeline_LOOP_LOAD_WTS'
================================================================
* Date:           Fri Dec 13 13:11:55 2024

* Version:        2022.2 (Build 3670227 on Oct 13 2022)
* Project:        project
* Solution:       solution1 (Vivado IP Flow Target)
* Product family: virtexuplus
* Target device:  xcu280-fsvh2892-2L-e


================================================================
== Performance Estimates
================================================================
+ Timing: 
    * Summary: 
    +--------+----------+----------+------------+
    |  Clock |  Target  | Estimated| Uncertainty|
    +--------+----------+----------+------------+
    |ap_clk  |  10.00 ns|  2.718 ns|     2.70 ns|
    +--------+----------+----------+------------+

+ Latency: 
    * Summary: 
    +---------+---------+-----------+-----------+-----+-----+---------+
    |  Latency (cycles) |   Latency (absolute)  |  Interval | Pipeline|
    |   min   |   max   |    min    |    max    | min | max |   Type  |
    +---------+---------+-----------+-----------+-----+-----+---------+
    |        5|        5|  50.000 ns|  50.000 ns|    5|    5|       no|
    +---------+---------+-----------+-----------+-----+-----+---------+

    + Detail: 
        * Instance: 
        N/A

        * Loop: 
        +-----------------+---------+---------+----------+-----------+-----------+------+----------+
        |                 |  Latency (cycles) | Iteration|  Initiation Interval  | Trip |          |
        |    Loop Name    |   min   |   max   |  Latency |  achieved |   target  | Count| Pipelined|
        +-----------------+---------+---------+----------+-----------+-----------+------+----------+
        |- LOOP_LOAD_WTS  |        3|        3|         1|          1|          1|     3|       yes|
        +-----------------+---------+---------+----------+-----------+-----------+------+----------+



================================================================
== Utilization Estimates
================================================================
* Summary: 
+---------------------+---------+------+---------+---------+-----+
|         Name        | BRAM_18K|  DSP |    FF   |   LUT   | URAM|
+---------------------+---------+------+---------+---------+-----+
|DSP                  |        -|     -|        -|        -|    -|
|Expression           |        -|     -|        0|      581|    -|
|FIFO                 |        -|     -|        -|        -|    -|
|Instance             |        -|     -|        -|        -|    -|
|Memory               |        -|     -|        -|        -|    -|
|Multiplexer          |        -|     -|        -|       54|    -|
|Register             |        -|     -|       31|        -|    -|
+---------------------+---------+------+---------+---------+-----+
|Total                |        0|     0|       31|      635|    0|
+---------------------+---------+------+---------+---------+-----+
|Available SLR        |     1344|  3008|   869120|   434560|  320|
+---------------------+---------+------+---------+---------+-----+
|Utilization SLR (%)  |        0|     0|       ~0|       ~0|    0|
+---------------------+---------+------+---------+---------+-----+
|Available            |     4032|  9024|  2607360|  1303680|  960|
+---------------------+---------+------+---------+---------+-----+
|Utilization (%)      |        0|     0|       ~0|       ~0|    0|
+---------------------+---------+------+---------+---------+-----+

+ Detail: 
    * Instance: 
    N/A

    * DSP: 
    N/A

    * Memory: 
    N/A

    * FIFO: 
    N/A

    * Expression: 
    +--------------------------+----------+----+---+-----+------------+------------+
    |       Variable Name      | Operation| DSP| FF| LUT | Bitwidth P0| Bitwidth P1|
    +--------------------------+----------+----+---+-----+------------+------------+
    |Hi_fu_166_p2              |         +|   0|  0|   12|           5|           4|
    |add_ln840_fu_150_p2       |         +|   0|  0|    9|           2|           1|
    |sub_ln628_1_fu_208_p2     |         -|   0|  0|   13|           6|           6|
    |sub_ln628_fu_196_p2       |         -|   0|  0|   13|           6|           6|
    |ap_condition_76           |       and|   0|  0|    2|           1|           1|
    |p_Result_s_fu_264_p2      |       and|   0|  0|   64|          64|          64|
    |icmp_ln1027_fu_144_p2     |      icmp|   0|  0|    8|           2|           2|
    |icmp_ln628_fu_172_p2      |      icmp|   0|  0|    9|           5|           5|
    |lshr_ln628_1_fu_258_p2    |      lshr|   0|  0|  182|           2|          64|
    |lshr_ln628_fu_252_p2      |      lshr|   0|  0|  182|          64|          64|
    |select_ln628_1_fu_222_p3  |    select|   0|  0|   63|           1|          64|
    |select_ln628_2_fu_230_p3  |    select|   0|  0|    6|           1|           6|
    |select_ln628_fu_214_p3    |    select|   0|  0|    6|           1|           6|
    |xor_ln628_1_fu_238_p2     |       xor|   0|  0|    6|           6|           2|
    |xor_ln628_fu_202_p2       |       xor|   0|  0|    6|           6|           2|
    +--------------------------+----------+----+---+-----+------------+------------+
    |Total                     |          |   0|  0|  581|         172|         297|
    +--------------------------+----------+----+---+-----+------------+------------+

    * Multiplexer: 
    +------------------------+----+-----------+-----+-----------+
    |          Name          | LUT| Input Size| Bits| Total Bits|
    +------------------------+----+-----------+-----+-----------+
    |ap_done_int             |   9|          2|    1|          2|
    |ap_sig_allocacmp_m_V_1  |   9|          2|    2|          4|
    |m_V_fu_60               |   9|          2|    2|          4|
    |wtbuf_V_1_1_fu_68       |   9|          2|    9|         18|
    |wtbuf_V_1_2_fu_72       |   9|          2|    9|         18|
    |wtbuf_V_1_fu_64         |   9|          2|    9|         18|
    +------------------------+----+-----------+-----+-----------+
    |Total                   |  54|         12|   32|         64|
    +------------------------+----+-----------+-----+-----------+

    * Register: 
    +-------------------+---+----+-----+-----------+
    |        Name       | FF| LUT| Bits| Const Bits|
    +-------------------+---+----+-----+-----------+
    |ap_CS_fsm          |  1|   0|    1|          0|
    |ap_done_reg        |  1|   0|    1|          0|
    |m_V_fu_60          |  2|   0|    2|          0|
    |wtbuf_V_1_1_fu_68  |  9|   0|    9|          0|
    |wtbuf_V_1_2_fu_72  |  9|   0|    9|          0|
    |wtbuf_V_1_fu_64    |  9|   0|    9|          0|
    +-------------------+---+----+-----+-----------+
    |Total              | 31|   0|   31|          0|
    +-------------------+---+----+-----+-----------+



================================================================
== Interface
================================================================
* Summary: 
+------------------------+-----+-----+------------+--------------------------------+--------------+
|        RTL Ports       | Dir | Bits|  Protocol  |          Source Object         |    C Type    |
+------------------------+-----+-----+------------+--------------------------------+--------------+
|ap_clk                  |   in|    1|  ap_ctrl_hs|  fp_conv_Pipeline_LOOP_LOAD_WTS|  return value|
|ap_rst                  |   in|    1|  ap_ctrl_hs|  fp_conv_Pipeline_LOOP_LOAD_WTS|  return value|
|ap_start                |   in|    1|  ap_ctrl_hs|  fp_conv_Pipeline_LOOP_LOAD_WTS|  return value|
|ap_done                 |  out|    1|  ap_ctrl_hs|  fp_conv_Pipeline_LOOP_LOAD_WTS|  return value|
|ap_idle                 |  out|    1|  ap_ctrl_hs|  fp_conv_Pipeline_LOOP_LOAD_WTS|  return value|
|ap_ready                |  out|    1|  ap_ctrl_hs|  fp_conv_Pipeline_LOOP_LOAD_WTS|  return value|
|wtbuf_V_2_0145          |   in|    9|     ap_none|                  wtbuf_V_2_0145|        scalar|
|wtbuf_V_1_0144          |   in|    9|     ap_none|                  wtbuf_V_1_0144|        scalar|
|wtbuf_V_0_0143          |   in|    9|     ap_none|                  wtbuf_V_0_0143|        scalar|
|wt_word_V               |   in|   64|     ap_none|                       wt_word_V|        scalar|
|wtbuf_V_2_1_out         |  out|    9|      ap_vld|                 wtbuf_V_2_1_out|       pointer|
|wtbuf_V_2_1_out_ap_vld  |  out|    1|      ap_vld|                 wtbuf_V_2_1_out|       pointer|
|wtbuf_V_1_1_out         |  out|    9|      ap_vld|                 wtbuf_V_1_1_out|       pointer|
|wtbuf_V_1_1_out_ap_vld  |  out|    1|      ap_vld|                 wtbuf_V_1_1_out|       pointer|
|wtbuf_V_0_1_out         |  out|    9|      ap_vld|                 wtbuf_V_0_1_out|       pointer|
|wtbuf_V_0_1_out_ap_vld  |  out|    1|      ap_vld|                 wtbuf_V_0_1_out|       pointer|
+------------------------+-----+-----+------------+--------------------------------+--------------+

