

================================================================
== Vitis HLS Report for 'fp_conv_Pipeline_LOOP_CONV_ROWS_LOOP_CONV_COLS'
================================================================
* Date:           Fri Dec 13 13:11:56 2024

* Version:        2022.2 (Build 3670227 on Oct 13 2022)
* Project:        project
* Solution:       solution1 (Vivado IP Flow Target)
* Product family: virtexuplus
* Target device:  xcu280-fsvh2892-2L-e


================================================================
== Performance Estimates
================================================================
+ Timing: 
    * Summary: 
    +--------+----------+----------+------------+
    |  Clock |  Target  | Estimated| Uncertainty|
    +--------+----------+----------+------------+
    |ap_clk  |  10.00 ns|  6.608 ns|     2.70 ns|
    +--------+----------+----------+------------+

+ Latency: 
    * Summary: 
    +---------+---------+-----------+-----------+------+------+---------+
    |  Latency (cycles) |   Latency (absolute)  |   Interval  | Pipeline|
    |   min   |   max   |    min    |    max    |  min |  max |   Type  |
    +---------+---------+-----------+-----------+------+------+---------+
    |     3271|     3271|  32.710 us|  32.710 us|  3271|  3271|       no|
    +---------+---------+-----------+-----------+------+------+---------+

    + Detail: 
        * Instance: 
        N/A

        * Loop: 
        +---------------------------------+---------+---------+----------+-----------+-----------+------+----------+
        |                                 |  Latency (cycles) | Iteration|  Initiation Interval  | Trip |          |
        |            Loop Name            |   min   |   max   |  Latency |  achieved |   target  | Count| Pipelined|
        +---------------------------------+---------+---------+----------+-----------+-----------+------+----------+
        |- LOOP_CONV_ROWS_LOOP_CONV_COLS  |     3269|     3269|         6|          3|          1|  1089|       yes|
        +---------------------------------+---------+---------+----------+-----------+-----------+------+----------+



================================================================
== Utilization Estimates
================================================================
* Summary: 
+---------------------+---------+------+---------+---------+-----+
|         Name        | BRAM_18K|  DSP |    FF   |   LUT   | URAM|
+---------------------+---------+------+---------+---------+-----+
|DSP                  |        -|     -|        -|        -|    -|
|Expression           |        -|     -|        0|     2435|    -|
|FIFO                 |        -|     -|        -|        -|    -|
|Instance             |        -|     -|        -|        -|    -|
|Memory               |        -|     -|        -|        -|    -|
|Multiplexer          |        -|     -|        -|      421|    -|
|Register             |        -|     -|      703|        -|    -|
+---------------------+---------+------+---------+---------+-----+
|Total                |        0|     0|      703|     2856|    0|
+---------------------+---------+------+---------+---------+-----+
|Available SLR        |     1344|  3008|   869120|   434560|  320|
+---------------------+---------+------+---------+---------+-----+
|Utilization SLR (%)  |        0|     0|       ~0|       ~0|    0|
+---------------------+---------+------+---------+---------+-----+
|Available            |     4032|  9024|  2607360|  1303680|  960|
+---------------------+---------+------+---------+---------+-----+
|Utilization (%)      |        0|     0|       ~0|       ~0|    0|
+---------------------+---------+------+---------+---------+-----+

+ Detail: 
    * Instance: 
    N/A

    * DSP: 
    N/A

    * Memory: 
    N/A

    * FIFO: 
    N/A

    * Expression: 
    +---------------------------------+----------+----+---+----+------------+------------+
    |          Variable Name          | Operation| DSP| FF| LUT| Bitwidth P0| Bitwidth P1|
    +---------------------------------+----------+----+---+----+------------+------------+
    |add_ln1027_fu_782_p2             |         +|   0|  0|  18|          11|           1|
    |add_ln538_fu_954_p2              |         +|   0|  0|  14|           7|           6|
    |add_ln552_fu_1900_p2             |         +|   0|  0|  12|           5|           2|
    |add_ln813_10_fu_1744_p2          |         +|   0|  0|  30|          23|          23|
    |add_ln813_11_fu_1880_p2          |         +|   0|  0|  31|          24|          24|
    |add_ln813_12_fu_1754_p2          |         +|   0|  0|  28|          21|          21|
    |add_ln813_13_fu_1764_p2          |         +|   0|  0|  29|          22|          22|
    |add_ln813_14_fu_1774_p2          |         +|   0|  0|  28|          21|          21|
    |add_ln813_15_fu_1784_p2          |         +|   0|  0|  28|          21|          21|
    |add_ln813_16_fu_1794_p2          |         +|   0|  0|  29|          22|          22|
    |add_ln813_17_fu_1804_p2          |         +|   0|  0|  30|          23|          23|
    |add_ln813_18_fu_1814_p2          |         +|   0|  0|  28|          21|          21|
    |add_ln813_19_fu_1824_p2          |         +|   0|  0|  29|          22|          22|
    |add_ln813_1_fu_1654_p2           |         +|   0|  0|  29|          22|          22|
    |add_ln813_20_fu_1834_p2          |         +|   0|  0|  28|          21|          21|
    |add_ln813_21_fu_1844_p2          |         +|   0|  0|  28|          21|          21|
    |add_ln813_22_fu_1854_p2          |         +|   0|  0|  29|          22|          22|
    |add_ln813_23_fu_1864_p2          |         +|   0|  0|  30|          23|          23|
    |add_ln813_24_fu_1874_p2          |         +|   0|  0|  24|          24|          24|
    |add_ln813_25_fu_1886_p2          |         +|   0|  0|  24|          24|          24|
    |add_ln813_2_fu_1664_p2           |         +|   0|  0|  28|          21|          21|
    |add_ln813_3_fu_1674_p2           |         +|   0|  0|  29|          22|          22|
    |add_ln813_4_fu_1684_p2           |         +|   0|  0|  30|          23|          23|
    |add_ln813_5_fu_1694_p2           |         +|   0|  0|  28|          21|          21|
    |add_ln813_6_fu_1704_p2           |         +|   0|  0|  29|          22|          22|
    |add_ln813_7_fu_1714_p2           |         +|   0|  0|  28|          21|          21|
    |add_ln813_8_fu_1724_p2           |         +|   0|  0|  28|          21|          21|
    |add_ln813_9_fu_1734_p2           |         +|   0|  0|  29|          22|          22|
    |add_ln813_fu_1644_p2             |         +|   0|  0|  28|          21|          21|
    |add_ln840_fu_1928_p2             |         +|   0|  0|  13|           6|           1|
    |addr_V_fu_974_p2                 |         +|   0|  0|  18|          11|          11|
    |r_V_3_fu_791_p2                  |         +|   0|  0|  13|           6|           1|
    |ret_V_11_fu_716_p2               |         +|   0|  0|  13|           6|           2|
    |ret_V_34_tr_cast_fu_722_p2       |         +|   0|  0|  12|           5|           2|
    |ret_V_34_tr_cast_mid1_fu_845_p2  |         +|   0|  0|  12|           5|           2|
    |ret_V_fu_980_p2                  |         +|   0|  0|  17|          10|          10|
    |p_neg_fu_736_p2                  |         -|   0|  0|  12|           1|           5|
    |p_neg_mid1_fu_859_p2             |         -|   0|  0|  12|           1|           5|
    |p_neg_t_fu_752_p2                |         -|   0|  0|  12|           1|           4|
    |p_neg_t_mid1_fu_875_p2           |         -|   0|  0|  12|           1|           4|
    |sub_ln513_fu_1148_p2             |         -|   0|  0|   9|           1|           2|
    |sub_ln813_10_fu_1371_p2          |         -|   0|  0|  27|           1|          20|
    |sub_ln813_11_fu_1386_p2          |         -|   0|  0|  27|           1|          20|
    |sub_ln813_12_fu_1403_p2          |         -|   0|  0|  27|           1|          20|
    |sub_ln813_13_fu_1420_p2          |         -|   0|  0|  27|           1|          20|
    |sub_ln813_14_fu_1435_p2          |         -|   0|  0|  27|           1|          20|
    |sub_ln813_15_fu_1452_p2          |         -|   0|  0|  27|           1|          20|
    |sub_ln813_16_fu_1469_p2          |         -|   0|  0|  27|           1|          20|
    |sub_ln813_17_fu_1484_p2          |         -|   0|  0|  27|           1|          20|
    |sub_ln813_18_fu_1499_p2          |         -|   0|  0|  27|           1|          20|
    |sub_ln813_19_fu_1516_p2          |         -|   0|  0|  27|           1|          20|
    |sub_ln813_1_fu_1226_p2           |         -|   0|  0|  27|           1|          20|
    |sub_ln813_20_fu_1531_p2          |         -|   0|  0|  27|           1|          20|
    |sub_ln813_21_fu_1548_p2          |         -|   0|  0|  27|           1|          20|
    |sub_ln813_22_fu_1565_p2          |         -|   0|  0|  27|           1|          20|
    |sub_ln813_23_fu_1580_p2          |         -|   0|  0|  27|           1|          20|
    |sub_ln813_24_fu_1597_p2          |         -|   0|  0|  27|           1|          20|
    |sub_ln813_25_fu_1614_p2          |         -|   0|  0|  27|           1|          20|
    |sub_ln813_26_fu_1629_p2          |         -|   0|  0|  27|           1|          20|
    |sub_ln813_2_fu_1241_p2           |         -|   0|  0|  27|           1|          20|
    |sub_ln813_3_fu_1258_p2           |         -|   0|  0|  27|           1|          20|
    |sub_ln813_4_fu_1275_p2           |         -|   0|  0|  27|           1|          20|
    |sub_ln813_5_fu_1290_p2           |         -|   0|  0|  27|           1|          20|
    |sub_ln813_6_fu_1307_p2           |         -|   0|  0|  27|           1|          20|
    |sub_ln813_7_fu_1324_p2           |         -|   0|  0|  27|           1|          20|
    |sub_ln813_8_fu_1339_p2           |         -|   0|  0|  27|           1|          20|
    |sub_ln813_9_fu_1354_p2           |         -|   0|  0|  27|           1|          20|
    |sub_ln813_fu_1209_p2             |         -|   0|  0|  27|           1|          20|
    |and_ln555_fu_1021_p2             |       and|   0|  0|   2|           1|           1|
    |ap_condition_1328                |       and|   0|  0|   2|           1|           1|
    |ap_condition_1333                |       and|   0|  0|   2|           1|           1|
    |ap_condition_1340                |       and|   0|  0|   2|           1|           1|
    |ap_condition_1345                |       and|   0|  0|   2|           1|           1|
    |cmp_i_i496_fu_706_p2             |      icmp|   0|  0|  10|           6|           1|
    |cmp_i_i496_mid1_fu_827_p2        |      icmp|   0|  0|  10|           6|           1|
    |icmp_ln1027_2_fu_797_p2          |      icmp|   0|  0|  10|           6|           6|
    |icmp_ln1027_fu_776_p2            |      icmp|   0|  0|  11|          11|          11|
    |icmp_ln1035_fu_1015_p2           |      icmp|   0|  0|  10|           6|           1|
    |icmp_ln568_fu_1892_p2            |      icmp|   0|  0|  16|          24|          24|
    |lnot_i_i614_fu_1009_p2           |      icmp|   0|  0|  10|           6|           7|
    |or_ln517_fu_1077_p2              |        or|   0|  0|   6|           6|           6|
    |empty_79_fu_768_p3               |    select|   0|  0|   4|           1|           4|
    |p_Val2_s_fu_1093_p3              |    select|   0|  0|  59|           1|           1|
    |p_mid112_fu_891_p3               |    select|   0|  0|   4|           1|           4|
    |select_ln513_1_fu_811_p3         |    select|   0|  0|   6|           1|           6|
    |select_ln513_2_fu_833_p3         |    select|   0|  0|   2|           1|           1|
    |select_ln513_3_fu_899_p3         |    select|   0|  0|   4|           1|           4|
    |select_ln513_4_fu_912_p3         |    select|   0|  0|   6|           1|           6|
    |select_ln513_5_fu_1154_p3        |    select|   0|  0|   2|           1|           2|
    |select_ln513_fu_803_p3           |    select|   0|  0|   6|           1|           1|
    |select_ln562_10_fu_1376_p3       |    select|   0|  0|  20|           1|          20|
    |select_ln562_11_fu_1392_p3       |    select|   0|  0|  20|           1|          20|
    |select_ln562_12_fu_1409_p3       |    select|   0|  0|  20|           1|          20|
    |select_ln562_13_fu_1425_p3       |    select|   0|  0|  20|           1|          20|
    |select_ln562_14_fu_1441_p3       |    select|   0|  0|  20|           1|          20|
    |select_ln562_15_fu_1458_p3       |    select|   0|  0|  20|           1|          20|
    |select_ln562_16_fu_1474_p3       |    select|   0|  0|  20|           1|          20|
    |select_ln562_17_fu_1489_p3       |    select|   0|  0|  20|           1|          20|
    |select_ln562_18_fu_1505_p3       |    select|   0|  0|  20|           1|          20|
    |select_ln562_19_fu_1521_p3       |    select|   0|  0|  20|           1|          20|
    |select_ln562_1_fu_1231_p3        |    select|   0|  0|  20|           1|          20|
    |select_ln562_20_fu_1537_p3       |    select|   0|  0|  20|           1|          20|
    |select_ln562_21_fu_1554_p3       |    select|   0|  0|  20|           1|          20|
    |select_ln562_22_fu_1570_p3       |    select|   0|  0|  20|           1|          20|
    |select_ln562_23_fu_1586_p3       |    select|   0|  0|  20|           1|          20|
    |select_ln562_24_fu_1603_p3       |    select|   0|  0|  20|           1|          20|
    |select_ln562_25_fu_1619_p3       |    select|   0|  0|  20|           1|          20|
    |select_ln562_26_fu_1634_p3       |    select|   0|  0|  20|           1|          20|
    |select_ln562_2_fu_1247_p3        |    select|   0|  0|  20|           1|          20|
    |select_ln562_3_fu_1264_p3        |    select|   0|  0|  20|           1|          20|
    |select_ln562_4_fu_1280_p3        |    select|   0|  0|  20|           1|          20|
    |select_ln562_5_fu_1296_p3        |    select|   0|  0|  20|           1|          20|
    |select_ln562_6_fu_1313_p3        |    select|   0|  0|  20|           1|          20|
    |select_ln562_7_fu_1329_p3        |    select|   0|  0|  20|           1|          20|
    |select_ln562_8_fu_1344_p3        |    select|   0|  0|  20|           1|          20|
    |select_ln562_9_fu_1360_p3        |    select|   0|  0|  20|           1|          20|
    |select_ln562_fu_1215_p3          |    select|   0|  0|  20|           1|          20|
    |win_V_0_0_2_3_fu_1161_p3         |    select|   0|  0|  20|           1|          20|
    |win_V_0_1_2_fu_1167_p3           |    select|   0|  0|  20|           1|          20|
    |ap_enable_pp0                    |       xor|   0|  0|   2|           1|           2|
    +---------------------------------+----------+----+---+----+------------+------------+
    |Total                            |          |   0|  0|2435|         790|        1842|
    +---------------------------------+----------+----+---+----+------------+------------+

    * Multiplexer: 
    +--------------------------------------------+----+-----------+-----+-----------+
    |                    Name                    | LUT| Input Size| Bits| Total Bits|
    +--------------------------------------------+----+-----------+-----+-----------+
    |ap_NS_fsm                                   |  20|          4|    1|          4|
    |ap_done_int                                 |   9|          2|    1|          2|
    |ap_enable_reg_pp0_iter0                     |   9|          2|    1|          2|
    |ap_enable_reg_pp0_iter1                     |   9|          2|    1|          2|
    |ap_phi_mux_win_V_2_0_2_3_phi_fu_616_p4      |   9|          2|   20|         40|
    |ap_phi_mux_win_V_2_1_2_phi_fu_628_p4        |   9|          2|   20|         40|
    |ap_phi_reg_pp0_iter0_win_V_1_0_2_3_reg_590  |   9|          2|   20|         40|
    |ap_phi_reg_pp0_iter0_win_V_1_1_2_reg_601    |   9|          2|   20|         40|
    |ap_sig_allocacmp_c_V_load                   |   9|          2|    6|         12|
    |ap_sig_allocacmp_indvar_flatten14_load      |   9|          2|   11|         22|
    |ap_sig_allocacmp_r_V_4                      |   9|          2|    6|         12|
    |c_V_fu_220                                  |   9|          2|    6|         12|
    |indvar_flatten14_fu_228                     |   9|          2|   11|         22|
    |lbuf_V_0_address0                           |  20|          4|    7|         28|
    |lbuf_V_0_address1                           |  20|          4|    7|         28|
    |lbuf_V_0_d0                                 |  14|          3|   20|         60|
    |lbuf_V_1_address0                           |  20|          4|    7|         28|
    |lbuf_V_1_address1                           |  20|          4|    7|         28|
    |lbuf_V_1_d0                                 |  14|          3|   20|         60|
    |outwords_V_address0                         |  14|          3|    4|         12|
    |r_V_fu_224                                  |   9|          2|    6|         12|
    |win_V_0_0_1_2_out_o                         |   9|          2|   20|         40|
    |win_V_0_0_1_fu_232                          |   9|          2|   20|         40|
    |win_V_0_1_1_2_out_o                         |   9|          2|   20|         40|
    |win_V_0_1_1_fu_236                          |   9|          2|   20|         40|
    |win_V_0_2_1_2_out_o                         |   9|          2|   20|         40|
    |win_V_0_2_1_fu_240                          |   9|          2|   20|         40|
    |win_V_1_0_1_2_out_o                         |   9|          2|   20|         40|
    |win_V_1_0_1_fu_244                          |   9|          2|   20|         40|
    |win_V_1_1_1_2_out_o                         |   9|          2|   20|         40|
    |win_V_1_1_1_fu_248                          |   9|          2|   20|         40|
    |win_V_1_2_1_2_out_o                         |   9|          2|   20|         40|
    |win_V_1_2_1_fu_252                          |   9|          2|   20|         40|
    |win_V_2_0_1_2_out_o                         |   9|          2|   20|         40|
    |win_V_2_0_1_fu_256                          |   9|          2|   20|         40|
    |win_V_2_1_1_2_out_o                         |   9|          2|   20|         40|
    |win_V_2_1_1_fu_260                          |   9|          2|   20|         40|
    |win_V_2_2_1_2_out_o                         |   9|          2|   20|         40|
    |win_V_2_2_1_fu_264                          |   9|          2|   20|         40|
    +--------------------------------------------+----+-----------+-----+-----------+
    |Total                                       | 421|         91|  562|       1226|
    +--------------------------------------------+----+-----------+-----+-----------+

    * Register: 
    +--------------------------------------------+----+----+-----+-----------+
    |                    Name                    | FF | LUT| Bits| Const Bits|
    +--------------------------------------------+----+----+-----+-----------+
    |and_ln555_reg_2343                          |   1|   0|    1|          0|
    |ap_CS_fsm                                   |   3|   0|    3|          0|
    |ap_done_reg                                 |   1|   0|    1|          0|
    |ap_enable_reg_pp0_iter0_reg                 |   1|   0|    1|          0|
    |ap_enable_reg_pp0_iter1                     |   1|   0|    1|          0|
    |ap_phi_reg_pp0_iter0_win_V_1_0_2_3_reg_590  |  20|   0|   20|          0|
    |ap_phi_reg_pp0_iter0_win_V_1_1_2_reg_601    |  20|   0|   20|          0|
    |c_V_fu_220                                  |   6|   0|    6|          0|
    |icmp_ln1027_reg_2282                        |   1|   0|    1|          0|
    |indvar_flatten14_fu_228                     |  11|   0|   11|          0|
    |lbuf_V_0_addr_1_reg_2315                    |   7|   0|    7|          0|
    |lbuf_V_0_addr_2_reg_2424                    |   6|   0|    7|          1|
    |lbuf_V_0_addr_2_reg_2424_pp0_iter1_reg      |   6|   0|    7|          1|
    |lbuf_V_0_addr_reg_2309                      |   6|   0|    7|          1|
    |lbuf_V_1_addr_1_reg_2327                    |   7|   0|    7|          0|
    |lbuf_V_1_addr_2_reg_2430                    |   6|   0|    7|          1|
    |lbuf_V_1_addr_reg_2321                      |   6|   0|    7|          1|
    |lbuf_V_1_load_4_reg_2480                    |  20|   0|   20|          0|
    |lbuf_V_1_load_reg_2440                      |  20|   0|   20|          0|
    |lnot_i_i614_reg_2337                        |   1|   0|    1|          0|
    |lnot_i_i614_reg_2337_pp0_iter1_reg          |   1|   0|    1|          0|
    |outwords_V_addr_reg_2347                    |   4|   0|    4|          0|
    |p_Val2_2_reg_2475                           |  64|   0|   64|          0|
    |r_V_fu_224                                  |   6|   0|    6|          0|
    |select_ln513_1_reg_2294                     |   6|   0|    6|          0|
    |select_ln513_reg_2286                       |   6|   0|    6|          0|
    |sext_ln779_cast_reg_2277                    |  24|   0|   24|          0|
    |tmp_27_reg_2304                             |   1|   0|    1|          0|
    |trunc_ln513_reg_2299                        |   1|   0|    1|          0|
    |win_V_0_0_1_1_reg_2352                      |  20|   0|   20|          0|
    |win_V_0_0_1_fu_232                          |  20|   0|   20|          0|
    |win_V_0_0_2_reg_2435                        |  20|   0|   20|          0|
    |win_V_0_1_1_1_reg_2360                      |  20|   0|   20|          0|
    |win_V_0_1_1_fu_236                          |  20|   0|   20|          0|
    |win_V_0_2_1_1_reg_2368                      |  20|   0|   20|          0|
    |win_V_0_2_1_fu_240                          |  20|   0|   20|          0|
    |win_V_0_2_2_reg_2445                        |  20|   0|   20|          0|
    |win_V_1_0_1_1_reg_2376                      |  20|   0|   20|          0|
    |win_V_1_0_1_fu_244                          |  20|   0|   20|          0|
    |win_V_1_1_1_1_reg_2384                      |  20|   0|   20|          0|
    |win_V_1_1_1_fu_248                          |  20|   0|   20|          0|
    |win_V_1_2_1_1_reg_2392                      |  20|   0|   20|          0|
    |win_V_1_2_1_fu_252                          |  20|   0|   20|          0|
    |win_V_1_2_2_reg_2462                        |  20|   0|   20|          0|
    |win_V_2_0_1_1_reg_2400                      |  20|   0|   20|          0|
    |win_V_2_0_1_fu_256                          |  20|   0|   20|          0|
    |win_V_2_1_1_1_reg_2408                      |  20|   0|   20|          0|
    |win_V_2_1_1_fu_260                          |  20|   0|   20|          0|
    |win_V_2_2_1_1_reg_2416                      |  20|   0|   20|          0|
    |win_V_2_2_1_fu_264                          |  20|   0|   20|          0|
    |win_V_2_2_2_reg_2468                        |  20|   0|   20|          0|
    +--------------------------------------------+----+----+-----+-----------+
    |Total                                       | 703|   0|  708|          5|
    +--------------------------------------------+----+----+-----+-----------+



================================================================
== Interface
================================================================
* Summary: 
+----------------------------+-----+-----+------------+------------------------------------------------+--------------+
|          RTL Ports         | Dir | Bits|  Protocol  |                  Source Object                 |    C Type    |
+----------------------------+-----+-----+------------+------------------------------------------------+--------------+
|ap_clk                      |   in|    1|  ap_ctrl_hs|  fp_conv_Pipeline_LOOP_CONV_ROWS_LOOP_CONV_COLS|  return value|
|ap_rst                      |   in|    1|  ap_ctrl_hs|  fp_conv_Pipeline_LOOP_CONV_ROWS_LOOP_CONV_COLS|  return value|
|ap_start                    |   in|    1|  ap_ctrl_hs|  fp_conv_Pipeline_LOOP_CONV_ROWS_LOOP_CONV_COLS|  return value|
|ap_done                     |  out|    1|  ap_ctrl_hs|  fp_conv_Pipeline_LOOP_CONV_ROWS_LOOP_CONV_COLS|  return value|
|ap_idle                     |  out|    1|  ap_ctrl_hs|  fp_conv_Pipeline_LOOP_CONV_ROWS_LOOP_CONV_COLS|  return value|
|ap_ready                    |  out|    1|  ap_ctrl_hs|  fp_conv_Pipeline_LOOP_CONV_ROWS_LOOP_CONV_COLS|  return value|
|win_V_2_2_2_0127            |   in|   20|     ap_none|                                win_V_2_2_2_0127|        scalar|
|win_V_2_1_2_0125            |   in|   20|     ap_none|                                win_V_2_1_2_0125|        scalar|
|win_V_2_0_2_0               |   in|   20|     ap_none|                                   win_V_2_0_2_0|        scalar|
|win_V_1_2_2_0122            |   in|   20|     ap_none|                                win_V_1_2_2_0122|        scalar|
|win_V_1_1_2_0120            |   in|   20|     ap_none|                                win_V_1_1_2_0120|        scalar|
|win_V_1_0_2_0               |   in|   20|     ap_none|                                   win_V_1_0_2_0|        scalar|
|win_V_0_2_2_0117            |   in|   20|     ap_none|                                win_V_0_2_2_0117|        scalar|
|win_V_0_1_2_0115            |   in|   20|     ap_none|                                win_V_0_1_2_0115|        scalar|
|win_V_0_0_2_0               |   in|   20|     ap_none|                                   win_V_0_0_2_0|        scalar|
|lbuf_V_0_address0           |  out|    7|   ap_memory|                                        lbuf_V_0|         array|
|lbuf_V_0_ce0                |  out|    1|   ap_memory|                                        lbuf_V_0|         array|
|lbuf_V_0_we0                |  out|    1|   ap_memory|                                        lbuf_V_0|         array|
|lbuf_V_0_d0                 |  out|   20|   ap_memory|                                        lbuf_V_0|         array|
|lbuf_V_0_q0                 |   in|   20|   ap_memory|                                        lbuf_V_0|         array|
|lbuf_V_0_address1           |  out|    7|   ap_memory|                                        lbuf_V_0|         array|
|lbuf_V_0_ce1                |  out|    1|   ap_memory|                                        lbuf_V_0|         array|
|lbuf_V_0_we1                |  out|    1|   ap_memory|                                        lbuf_V_0|         array|
|lbuf_V_0_d1                 |  out|   20|   ap_memory|                                        lbuf_V_0|         array|
|lbuf_V_0_q1                 |   in|   20|   ap_memory|                                        lbuf_V_0|         array|
|lbuf_V_1_address0           |  out|    7|   ap_memory|                                        lbuf_V_1|         array|
|lbuf_V_1_ce0                |  out|    1|   ap_memory|                                        lbuf_V_1|         array|
|lbuf_V_1_we0                |  out|    1|   ap_memory|                                        lbuf_V_1|         array|
|lbuf_V_1_d0                 |  out|   20|   ap_memory|                                        lbuf_V_1|         array|
|lbuf_V_1_q0                 |   in|   20|   ap_memory|                                        lbuf_V_1|         array|
|lbuf_V_1_address1           |  out|    7|   ap_memory|                                        lbuf_V_1|         array|
|lbuf_V_1_ce1                |  out|    1|   ap_memory|                                        lbuf_V_1|         array|
|lbuf_V_1_we1                |  out|    1|   ap_memory|                                        lbuf_V_1|         array|
|lbuf_V_1_d1                 |  out|   20|   ap_memory|                                        lbuf_V_1|         array|
|lbuf_V_1_q1                 |   in|   20|   ap_memory|                                        lbuf_V_1|         array|
|d_i_idx                     |   in|    1|     ap_none|                                         d_i_idx|        scalar|
|icmp_ln779                  |   in|    1|     ap_none|                                      icmp_ln779|        scalar|
|icmp_ln779_1                |   in|    1|     ap_none|                                    icmp_ln779_1|        scalar|
|icmp_ln779_2                |   in|    1|     ap_none|                                    icmp_ln779_2|        scalar|
|icmp_ln779_3                |   in|    1|     ap_none|                                    icmp_ln779_3|        scalar|
|icmp_ln779_4                |   in|    1|     ap_none|                                    icmp_ln779_4|        scalar|
|icmp_ln779_5                |   in|    1|     ap_none|                                    icmp_ln779_5|        scalar|
|icmp_ln779_6                |   in|    1|     ap_none|                                    icmp_ln779_6|        scalar|
|icmp_ln779_7                |   in|    1|     ap_none|                                    icmp_ln779_7|        scalar|
|wtbuf_V_0_1_cast1           |   in|    1|     ap_none|                               wtbuf_V_0_1_cast1|        scalar|
|icmp_ln779_8                |   in|    1|     ap_none|                                    icmp_ln779_8|        scalar|
|icmp_ln779_9                |   in|    1|     ap_none|                                    icmp_ln779_9|        scalar|
|icmp_ln779_10               |   in|    1|     ap_none|                                   icmp_ln779_10|        scalar|
|icmp_ln779_11               |   in|    1|     ap_none|                                   icmp_ln779_11|        scalar|
|icmp_ln779_12               |   in|    1|     ap_none|                                   icmp_ln779_12|        scalar|
|icmp_ln779_13               |   in|    1|     ap_none|                                   icmp_ln779_13|        scalar|
|icmp_ln779_14               |   in|    1|     ap_none|                                   icmp_ln779_14|        scalar|
|icmp_ln779_15               |   in|    1|     ap_none|                                   icmp_ln779_15|        scalar|
|wtbuf_V_1_1_cast1           |   in|    1|     ap_none|                               wtbuf_V_1_1_cast1|        scalar|
|icmp_ln779_16               |   in|    1|     ap_none|                                   icmp_ln779_16|        scalar|
|icmp_ln779_17               |   in|    1|     ap_none|                                   icmp_ln779_17|        scalar|
|icmp_ln779_18               |   in|    1|     ap_none|                                   icmp_ln779_18|        scalar|
|icmp_ln779_19               |   in|    1|     ap_none|                                   icmp_ln779_19|        scalar|
|icmp_ln779_20               |   in|    1|     ap_none|                                   icmp_ln779_20|        scalar|
|icmp_ln779_21               |   in|    1|     ap_none|                                   icmp_ln779_21|        scalar|
|icmp_ln779_22               |   in|    1|     ap_none|                                   icmp_ln779_22|        scalar|
|icmp_ln779_23               |   in|    1|     ap_none|                                   icmp_ln779_23|        scalar|
|wtbuf_V_2_1_cast1           |   in|    1|     ap_none|                               wtbuf_V_2_1_cast1|        scalar|
|sext_ln779                  |   in|   22|     ap_none|                                      sext_ln779|        scalar|
|outwords_V_address0         |  out|    4|   ap_memory|                                      outwords_V|         array|
|outwords_V_ce0              |  out|    1|   ap_memory|                                      outwords_V|         array|
|outwords_V_we0              |  out|    1|   ap_memory|                                      outwords_V|         array|
|outwords_V_d0               |  out|   64|   ap_memory|                                      outwords_V|         array|
|outwords_V_q0               |   in|   64|   ap_memory|                                      outwords_V|         array|
|win_V_2_2_1_out             |  out|   20|      ap_vld|                                 win_V_2_2_1_out|       pointer|
|win_V_2_2_1_out_ap_vld      |  out|    1|      ap_vld|                                 win_V_2_2_1_out|       pointer|
|win_V_2_2_1_2_out_i         |   in|   20|     ap_ovld|                               win_V_2_2_1_2_out|       pointer|
|win_V_2_2_1_2_out_o         |  out|   20|     ap_ovld|                               win_V_2_2_1_2_out|       pointer|
|win_V_2_2_1_2_out_o_ap_vld  |  out|    1|     ap_ovld|                               win_V_2_2_1_2_out|       pointer|
|win_V_2_1_1_out             |  out|   20|      ap_vld|                                 win_V_2_1_1_out|       pointer|
|win_V_2_1_1_out_ap_vld      |  out|    1|      ap_vld|                                 win_V_2_1_1_out|       pointer|
|win_V_2_1_1_2_out_i         |   in|   20|     ap_ovld|                               win_V_2_1_1_2_out|       pointer|
|win_V_2_1_1_2_out_o         |  out|   20|     ap_ovld|                               win_V_2_1_1_2_out|       pointer|
|win_V_2_1_1_2_out_o_ap_vld  |  out|    1|     ap_ovld|                               win_V_2_1_1_2_out|       pointer|
|win_V_2_0_1_out             |  out|   20|      ap_vld|                                 win_V_2_0_1_out|       pointer|
|win_V_2_0_1_out_ap_vld      |  out|    1|      ap_vld|                                 win_V_2_0_1_out|       pointer|
|win_V_2_0_1_2_out_i         |   in|   20|     ap_ovld|                               win_V_2_0_1_2_out|       pointer|
|win_V_2_0_1_2_out_o         |  out|   20|     ap_ovld|                               win_V_2_0_1_2_out|       pointer|
|win_V_2_0_1_2_out_o_ap_vld  |  out|    1|     ap_ovld|                               win_V_2_0_1_2_out|       pointer|
|win_V_1_2_1_out             |  out|   20|      ap_vld|                                 win_V_1_2_1_out|       pointer|
|win_V_1_2_1_out_ap_vld      |  out|    1|      ap_vld|                                 win_V_1_2_1_out|       pointer|
|win_V_1_2_1_2_out_i         |   in|   20|     ap_ovld|                               win_V_1_2_1_2_out|       pointer|
|win_V_1_2_1_2_out_o         |  out|   20|     ap_ovld|                               win_V_1_2_1_2_out|       pointer|
|win_V_1_2_1_2_out_o_ap_vld  |  out|    1|     ap_ovld|                               win_V_1_2_1_2_out|       pointer|
|win_V_1_1_1_out             |  out|   20|      ap_vld|                                 win_V_1_1_1_out|       pointer|
|win_V_1_1_1_out_ap_vld      |  out|    1|      ap_vld|                                 win_V_1_1_1_out|       pointer|
|win_V_1_1_1_2_out_i         |   in|   20|     ap_ovld|                               win_V_1_1_1_2_out|       pointer|
|win_V_1_1_1_2_out_o         |  out|   20|     ap_ovld|                               win_V_1_1_1_2_out|       pointer|
|win_V_1_1_1_2_out_o_ap_vld  |  out|    1|     ap_ovld|                               win_V_1_1_1_2_out|       pointer|
|win_V_1_0_1_out             |  out|   20|      ap_vld|                                 win_V_1_0_1_out|       pointer|
|win_V_1_0_1_out_ap_vld      |  out|    1|      ap_vld|                                 win_V_1_0_1_out|       pointer|
|win_V_1_0_1_2_out_i         |   in|   20|     ap_ovld|                               win_V_1_0_1_2_out|       pointer|
|win_V_1_0_1_2_out_o         |  out|   20|     ap_ovld|                               win_V_1_0_1_2_out|       pointer|
|win_V_1_0_1_2_out_o_ap_vld  |  out|    1|     ap_ovld|                               win_V_1_0_1_2_out|       pointer|
|win_V_0_2_1_out             |  out|   20|      ap_vld|                                 win_V_0_2_1_out|       pointer|
|win_V_0_2_1_out_ap_vld      |  out|    1|      ap_vld|                                 win_V_0_2_1_out|       pointer|
|win_V_0_2_1_2_out_i         |   in|   20|     ap_ovld|                               win_V_0_2_1_2_out|       pointer|
|win_V_0_2_1_2_out_o         |  out|   20|     ap_ovld|                               win_V_0_2_1_2_out|       pointer|
|win_V_0_2_1_2_out_o_ap_vld  |  out|    1|     ap_ovld|                               win_V_0_2_1_2_out|       pointer|
|win_V_0_1_1_out             |  out|   20|      ap_vld|                                 win_V_0_1_1_out|       pointer|
|win_V_0_1_1_out_ap_vld      |  out|    1|      ap_vld|                                 win_V_0_1_1_out|       pointer|
|win_V_0_1_1_2_out_i         |   in|   20|     ap_ovld|                               win_V_0_1_1_2_out|       pointer|
|win_V_0_1_1_2_out_o         |  out|   20|     ap_ovld|                               win_V_0_1_1_2_out|       pointer|
|win_V_0_1_1_2_out_o_ap_vld  |  out|    1|     ap_ovld|                               win_V_0_1_1_2_out|       pointer|
|win_V_0_0_1_out             |  out|   20|      ap_vld|                                 win_V_0_0_1_out|       pointer|
|win_V_0_0_1_out_ap_vld      |  out|    1|      ap_vld|                                 win_V_0_0_1_out|       pointer|
|win_V_0_0_1_2_out_i         |   in|   20|     ap_ovld|                               win_V_0_0_1_2_out|       pointer|
|win_V_0_0_1_2_out_o         |  out|   20|     ap_ovld|                               win_V_0_0_1_2_out|       pointer|
|win_V_0_0_1_2_out_o_ap_vld  |  out|    1|     ap_ovld|                               win_V_0_0_1_2_out|       pointer|
|dmem_V_address0             |  out|   12|   ap_memory|                                          dmem_V|         array|
|dmem_V_ce0                  |  out|    1|   ap_memory|                                          dmem_V|         array|
|dmem_V_q0                   |   in|   64|   ap_memory|                                          dmem_V|         array|
+----------------------------+-----+-----+------------+------------------------------------------------+--------------+

