

================================================================
== Vitis HLS Report for 'top'
================================================================
* Date:           Fri Dec 13 13:11:58 2024

* Version:        2022.2 (Build 3670227 on Oct 13 2022)
* Project:        project
* Solution:       solution1 (Vivado IP Flow Target)
* Product family: virtexuplus
* Target device:  xcu280-fsvh2892-2L-e


================================================================
== Performance Estimates
================================================================
+ Timing: 
    * Summary: 
    +--------+----------+----------+------------+
    |  Clock |  Target  | Estimated| Uncertainty|
    +--------+----------+----------+------------+
    |ap_clk  |  10.00 ns|  7.204 ns|     2.70 ns|
    +--------+----------+----------+------------+

+ Latency: 
    * Summary: 
    +---------+--------------+-----------+-------------+------+--------------+---------+
    |    Latency (cycles)    |    Latency (absolute)   |       Interval      | Pipeline|
    |   min   |      max     |    min    |     max     |  min |      max     |   Type  |
    +---------+--------------+-----------+-------------+------+--------------+---------+
    |     4691|  218677843362|  46.910 us|  2.2e+03 sec|  4692|  218677843363|       no|
    +---------+--------------+-----------+-------------+------+--------------+---------+

    + Detail: 
        * Instance: 
        +-------------------------------------+--------------------------+---------+-----------+-----------+-----------+--------+-----------+---------+
        |                                     |                          |   Latency (cycles)  |   Latency (absolute)  |      Interval      | Pipeline|
        |               Instance              |          Module          |   min   |    max    |    min    |    max    |   min  |    max    |   Type  |
        +-------------------------------------+--------------------------+---------+-----------+-----------+-----------+--------+-----------+---------+
        |grp_top_Pipeline_LOOP_DMEM_I_fu_235  |top_Pipeline_LOOP_DMEM_I  |        2|      65537|  20.000 ns|   0.655 ms|       2|      65537|       no|
        |grp_top_Pipeline_LOOP_WT_I_fu_251    |top_Pipeline_LOOP_WT_I    |     4684|       4684|  46.840 us|  46.840 us|    4684|       4684|       no|
        |grp_top_Pipeline_LOOP_KH_I_fu_259    |top_Pipeline_LOOP_KH_I    |       66|         66|   0.660 us|   0.660 us|      66|         66|       no|
        |grp_bin_conv_fu_267                  |bin_conv                  |   182585|    3336804|   1.826 ms|  33.368 ms|  182585|    3336804|       no|
        |grp_fp_conv_fu_290                   |fp_conv                   |        1|  222491326|  10.000 ns|  2.225 sec|       1|  222491326|       no|
        |grp_bin_dense_fu_306                 |bin_dense                 |      153|       4801|   1.530 us|  48.010 us|     153|       4801|       no|
        |grp_top_Pipeline_LOOP_DMEM_O_fu_322  |top_Pipeline_LOOP_DMEM_O  |        2|      65540|  20.000 ns|   0.655 ms|       2|      65540|       no|
        +-------------------------------------+--------------------------+---------+-----------+-----------+-----------+--------+-----------+---------+

        * Loop: 
        +------------------+---------+--------------+------------------+-----------+-----------+-----------+----------+
        |                  |    Latency (cycles)    |     Iteration    |  Initiation Interval  |    Trip   |          |
        |     Loop Name    |   min   |      max     |      Latency     |  achieved |   target  |   Count   | Pipelined|
        +------------------+---------+--------------+------------------+-----------+-----------+-----------+----------+
        |- LOOP_IMG_BATCH  |        0|  218677712280|  182589 ~ 3336808|          -|          -|  0 ~ 65535|        no|
        +------------------+---------+--------------+------------------+-----------+-----------+-----------+----------+



================================================================
== Utilization Estimates
================================================================
* Summary: 
+---------------------+---------+------+---------+---------+-----+
|         Name        | BRAM_18K|  DSP |    FF   |   LUT   | URAM|
+---------------------+---------+------+---------+---------+-----+
|DSP                  |        -|     -|        -|        -|    -|
|Expression           |        -|     -|        0|      182|    -|
|FIFO                 |        -|     -|        -|        -|    -|
|Instance             |       32|     4|     6720|    30031|    0|
|Memory               |       29|     -|       64|       85|    1|
|Multiplexer          |        -|     -|        -|      400|    -|
|Register             |        -|     -|      154|        -|    -|
+---------------------+---------+------+---------+---------+-----+
|Total                |       61|     4|     6938|    30698|    1|
+---------------------+---------+------+---------+---------+-----+
|Available SLR        |     1344|  3008|   869120|   434560|  320|
+---------------------+---------+------+---------+---------+-----+
|Utilization SLR (%)  |        4|    ~0|       ~0|        7|   ~0|
+---------------------+---------+------+---------+---------+-----+
|Available            |     4032|  9024|  2607360|  1303680|  960|
+---------------------+---------+------+---------+---------+-----+
|Utilization (%)      |        1|    ~0|       ~0|        2|   ~0|
+---------------------+---------+------+---------+---------+-----+

+ Detail: 
    * Instance: 
    +-------------------------------------+--------------------------+---------+----+------+-------+-----+
    |               Instance              |          Module          | BRAM_18K| DSP|  FF  |  LUT  | URAM|
    +-------------------------------------+--------------------------+---------+----+------+-------+-----+
    |grp_bin_conv_fu_267                  |bin_conv                  |       32|   2|  4287|  22664|    0|
    |grp_bin_dense_fu_306                 |bin_dense                 |        0|   1|   429|   2293|    0|
    |grp_fp_conv_fu_290                   |fp_conv                   |        0|   0|  1678|   4375|    0|
    |grp_top_Pipeline_LOOP_DMEM_I_fu_235  |top_Pipeline_LOOP_DMEM_I  |        0|   0|    69|    278|    0|
    |grp_top_Pipeline_LOOP_DMEM_O_fu_322  |top_Pipeline_LOOP_DMEM_O  |        0|   1|   211|    256|    0|
    |grp_top_Pipeline_LOOP_KH_I_fu_259    |top_Pipeline_LOOP_KH_I    |        0|   0|    17|     63|    0|
    |grp_top_Pipeline_LOOP_WT_I_fu_251    |top_Pipeline_LOOP_WT_I    |        0|   0|    29|    102|    0|
    +-------------------------------------+--------------------------+---------+----+------+-------+-----+
    |Total                                |                          |       32|   4|  6720|  30031|    0|
    +-------------------------------------+--------------------------+---------+----+------+-------+-----+

    * DSP: 
    N/A

    * Memory: 
    +------------+------------------------+---------+----+----+-----+------+-----+------+-------------+
    |   Memory   |         Module         | BRAM_18K| FF | LUT| URAM| Words| Bits| Banks| W*Bits*Banks|
    +------------+------------------------+---------+----+----+-----+------+-----+------+-------------+
    |dmem_V_U    |dmem_V_RAM_AUTO_1R1W    |        0|   0|   0|    1|  4096|   64|     1|       262144|
    |kh_mem_V_U  |kh_mem_V_RAM_AUTO_1R1W  |        0|  64|  65|    0|    64|   64|     1|         4096|
    |wt_mem_V_U  |wt_mem_V_RAM_AUTO_1R1W  |       29|   0|  20|    0|  4682|   64|     1|       299648|
    +------------+------------------------+---------+----+----+-----+------+-----+------+-------------+
    |Total       |                        |       29|  64|  85|    1|  8842|  192|     3|       565888|
    +------------+------------------------+---------+----+----+-----+------+-----+------+-------------+

    * FIFO: 
    N/A

    * Expression: 
    +---------------------------------+----------+----+---+----+------------+------------+
    |          Variable Name          | Operation| DSP| FF| LUT| Bitwidth P0| Bitwidth P1|
    +---------------------------------+----------+----+---+----+------------+------------+
    |add_ln840_5_fu_551_p2            |         +|   0|  0|  23|          16|          16|
    |add_ln840_8_fu_513_p2            |         +|   0|  0|  23|          16|           1|
    |add_ln840_9_fu_534_p2            |         +|   0|  0|  23|          16|           1|
    |grp_fu_348_p2                    |         +|   0|  0|  23|          16|          16|
    |i_V_5_fu_449_p2                  |         +|   0|  0|  17|          10|           1|
    |ap_predicate_op122_call_state8   |       and|   0|  0|   2|           1|           1|
    |cmp_i_i130_not_fu_593_p2         |      icmp|   0|  0|   8|           2|           1|
    |icmp_ln1019_fu_508_p2            |      icmp|   0|  0|  11|          10|           1|
    |icmp_ln1023_fu_568_p2            |      icmp|   0|  0|   8|           2|           3|
    |icmp_ln1027_fu_444_p2            |      icmp|   0|  0|  13|          16|          16|
    |ap_block_state2_on_subcall_done  |        or|   0|  0|   2|           1|           1|
    |ap_block_state8_on_subcall_done  |        or|   0|  0|   2|           1|           1|
    |brmerge22_fu_617_p2              |        or|   0|  0|   2|           1|           1|
    |brmerge_fu_598_p2                |        or|   0|  0|   2|           1|           1|
    |words_per_out_V_fu_586_p3        |    select|   0|  0|   5|           1|           5|
    |shl_ln751_fu_407_p2              |       shl|   0|  0|  14|           1|           7|
    |brmerge_not_fu_611_p2            |       xor|   0|  0|   2|           1|           2|
    |r_V_fu_427_p2                    |       xor|   0|  0|   2|           1|           2|
    +---------------------------------+----------+----+---+----+------------+------------+
    |Total                            |          |   0|  0| 182|         113|          77|
    +---------------------------------+----------+----+---+----+------------+------------+

    * Multiplexer: 
    +----------------------+----+-----------+-----+-----------+
    |         Name         | LUT| Input Size| Bits| Total Bits|
    +----------------------+----+-----------+-----+-----------+
    |agg_tmp141_0_reg_209  |   9|          2|    1|          2|
    |ap_NS_fsm             |  65|         12|    1|         12|
    |dmem_V_address0       |  31|          6|   12|         72|
    |dmem_V_ce0            |  31|          6|    1|          6|
    |dmem_V_ce1            |   9|          2|    1|          2|
    |dmem_V_d0             |  26|          5|   64|        320|
    |dmem_V_we0            |  26|          5|    1|          5|
    |i_V_3_fu_144          |   9|          2|   10|         20|
    |kh_index_V            |  20|          4|   16|         64|
    |kh_mem_V_address0     |  26|          5|    6|         30|
    |kh_mem_V_ce0          |  26|          5|    1|          5|
    |kh_mem_V_ce1          |   9|          2|    1|          2|
    |kh_mem_V_we0          |   9|          2|    1|          2|
    |nc_V_4_reg_221        |  20|          4|   16|         64|
    |o_index_V             |  14|          3|   16|         48|
    |wt_mem_V_address0     |  26|          5|   13|         65|
    |wt_mem_V_ce0          |  26|          5|    1|          5|
    |wt_mem_V_ce1          |   9|          2|    1|          2|
    |wt_mem_V_we0          |   9|          2|    1|          2|
    +----------------------+----+-----------+-----+-----------+
    |Total                 | 400|         79|  164|        728|
    +----------------------+----+-----------+-----+-----------+

    * Register: 
    +--------------------------------------------------+----+----+-----+-----------+
    |                       Name                       | FF | LUT| Bits| Const Bits|
    +--------------------------------------------------+----+----+-----+-----------+
    |agg_tmp141_0_reg_209                              |   1|   0|    1|          0|
    |ap_CS_fsm                                         |  11|   0|   11|          0|
    |brmerge22_reg_791                                 |   1|   0|    1|          0|
    |grp_bin_conv_fu_267_ap_start_reg                  |   1|   0|    1|          0|
    |grp_bin_dense_fu_306_ap_start_reg                 |   1|   0|    1|          0|
    |grp_fp_conv_fu_290_ap_start_reg                   |   1|   0|    1|          0|
    |grp_top_Pipeline_LOOP_DMEM_I_fu_235_ap_start_reg  |   1|   0|    1|          0|
    |grp_top_Pipeline_LOOP_DMEM_O_fu_322_ap_start_reg  |   1|   0|    1|          0|
    |grp_top_Pipeline_LOOP_KH_I_fu_259_ap_start_reg    |   1|   0|    1|          0|
    |grp_top_Pipeline_LOOP_WT_I_fu_251_ap_start_reg    |   1|   0|    1|          0|
    |i_V_3_fu_144                                      |  10|   0|   10|          0|
    |i_V_5_reg_736                                     |  10|   0|   10|          0|
    |icmp_ln1019_reg_770                               |   1|   0|    1|          0|
    |kh_index_V                                        |  16|   0|   16|          0|
    |layer_type_V_reg_683                              |   2|   0|    2|          0|
    |nc_V_4_reg_221                                    |  16|   0|   16|          0|
    |o_index_V                                         |  16|   0|   16|          0|
    |o_index_V_load_reg_796                            |  16|   0|   16|          0|
    |off_reg_746                                       |   2|   0|    2|          0|
    |r_V_reg_715                                       |   1|   0|    1|          0|
    |shl_ln751_reg_699                                 |   7|   0|    7|          0|
    |shl_ln_reg_694                                    |   2|   0|    3|          1|
    |tmp_reg_710                                       |   1|   0|    2|          1|
    |trunc_ln1019_reg_775                              |  15|   0|   15|          0|
    |trunc_ln793_reg_780                               |   9|   0|    9|          0|
    |words_per_image_V_reg_704                         |   5|   0|    5|          0|
    |words_per_out_V_reg_785                           |   5|   0|    5|          0|
    +--------------------------------------------------+----+----+-----+-----------+
    |Total                                             | 154|   0|  156|          2|
    +--------------------------------------------------+----+----+-----+-----------+



================================================================
== Interface
================================================================
* Summary: 
+-----------------+-----+-----+------------+--------------+--------------+
|    RTL Ports    | Dir | Bits|  Protocol  | Source Object|    C Type    |
+-----------------+-----+-----+------------+--------------+--------------+
|ap_clk           |   in|    1|  ap_ctrl_hs|           top|  return value|
|ap_rst           |   in|    1|  ap_ctrl_hs|           top|  return value|
|ap_start         |   in|    1|  ap_ctrl_hs|           top|  return value|
|ap_done          |  out|    1|  ap_ctrl_hs|           top|  return value|
|ap_idle          |  out|    1|  ap_ctrl_hs|           top|  return value|
|ap_ready         |  out|    1|  ap_ctrl_hs|           top|  return value|
|wt_i_address0    |  out|   13|   ap_memory|          wt_i|         array|
|wt_i_ce0         |  out|    1|   ap_memory|          wt_i|         array|
|wt_i_q0          |   in|   64|   ap_memory|          wt_i|         array|
|kh_i_address0    |  out|    6|   ap_memory|          kh_i|         array|
|kh_i_ce0         |  out|    1|   ap_memory|          kh_i|         array|
|kh_i_q0          |   in|   64|   ap_memory|          kh_i|         array|
|dmem_i_address0  |  out|   11|   ap_memory|        dmem_i|         array|
|dmem_i_ce0       |  out|    1|   ap_memory|        dmem_i|         array|
|dmem_i_q0        |   in|   64|   ap_memory|        dmem_i|         array|
|dmem_o_address0  |  out|    7|   ap_memory|        dmem_o|         array|
|dmem_o_ce0       |  out|    1|   ap_memory|        dmem_o|         array|
|dmem_o_we0       |  out|    1|   ap_memory|        dmem_o|         array|
|dmem_o_d0        |  out|   64|   ap_memory|        dmem_o|         array|
|n_inputs         |   in|   16|     ap_none|      n_inputs|        scalar|
|n_outputs        |   in|   16|     ap_none|     n_outputs|        scalar|
|input_words      |   in|   16|     ap_none|   input_words|        scalar|
|output_words     |   in|   16|     ap_none|  output_words|        scalar|
|layer_mode       |   in|    3|     ap_none|    layer_mode|        scalar|
|dmem_mode        |   in|    1|     ap_none|     dmem_mode|        scalar|
|width_mode       |   in|    2|     ap_none|    width_mode|        scalar|
|norm_mode        |   in|    2|     ap_none|     norm_mode|        scalar|
+-----------------+-----+-----+------------+--------------+--------------+

