

================================================================
== Vitis HLS Report for 'DigitRec_Pipeline_LANES_INSERTION_SORT_OUTER'
================================================================
* Date:           Tue Dec 17 15:07:19 2024

* Version:        2022.2 (Build 3670227 on Oct 13 2022)
* Project:        project
* Solution:       solution1 (Vivado IP Flow Target)
* Product family: virtexuplus
* Target device:  xcu280-fsvh2892-2L-e


================================================================
== Performance Estimates
================================================================
+ Timing: 
    * Summary: 
    +--------+----------+----------+------------+
    |  Clock |  Target  | Estimated| Uncertainty|
    +--------+----------+----------+------------+
    |ap_clk  |  10.00 ns|  6.729 ns|     2.70 ns|
    +--------+----------+----------+------------+

+ Latency: 
    * Summary: 
    +---------+---------+----------+----------+-----+-----+---------+
    |  Latency (cycles) |  Latency (absolute) |  Interval | Pipeline|
    |   min   |   max   |    min   |    max   | min | max |   Type  |
    +---------+---------+----------+----------+-----+-----+---------+
    |      122|      122|  1.220 us|  1.220 us|  122|  122|       no|
    +---------+---------+----------+----------+-----+-----+---------+

    + Detail: 
        * Instance: 
        N/A

        * Loop: 
        +------------------------------+---------+---------+----------+-----------+-----------+------+----------+
        |                              |  Latency (cycles) | Iteration|  Initiation Interval  | Trip |          |
        |           Loop Name          |   min   |   max   |  Latency |  achieved |   target  | Count| Pipelined|
        +------------------------------+---------+---------+----------+-----------+-----------+------+----------+
        |- LANES_INSERTION_SORT_OUTER  |      120|      120|         1|          1|          1|   120|       yes|
        +------------------------------+---------+---------+----------+-----------+-----------+------+----------+



================================================================
== Utilization Estimates
================================================================
* Summary: 
+---------------------+---------+------+---------+---------+-----+
|         Name        | BRAM_18K|  DSP |    FF   |   LUT   | URAM|
+---------------------+---------+------+---------+---------+-----+
|DSP                  |        -|     -|        -|        -|    -|
|Expression           |        -|     -|        0|      551|    -|
|FIFO                 |        -|     -|        -|        -|    -|
|Instance             |        -|     -|        0|      616|    -|
|Memory               |        -|     -|        -|        -|    -|
|Multiplexer          |        -|     -|        -|       99|    -|
|Register             |        -|     -|      210|        -|    -|
+---------------------+---------+------+---------+---------+-----+
|Total                |        0|     0|      210|     1266|    0|
+---------------------+---------+------+---------+---------+-----+
|Available SLR        |     1344|  3008|   869120|   434560|  320|
+---------------------+---------+------+---------+---------+-----+
|Utilization SLR (%)  |        0|     0|       ~0|       ~0|    0|
+---------------------+---------+------+---------+---------+-----+
|Available            |     4032|  9024|  2607360|  1303680|  960|
+---------------------+---------+------+---------+---------+-----+
|Utilization (%)      |        0|     0|       ~0|       ~0|    0|
+---------------------+---------+------+---------+---------+-----+

+ Detail: 
    * Instance: 
    +----------------------+-----------------+---------+----+---+-----+-----+
    |       Instance       |      Module     | BRAM_18K| DSP| FF| LUT | URAM|
    +----------------------+-----------------+---------+----+---+-----+-----+
    |mux_1207_32_1_1_U132  |mux_1207_32_1_1  |        0|   0|  0|  616|    0|
    +----------------------+-----------------+---------+----+---+-----+-----+
    |Total                 |                 |        0|   0|  0|  616|    0|
    +----------------------+-----------------+---------+----+---+-----+-----+

    * DSP: 
    N/A

    * Memory: 
    N/A

    * FIFO: 
    N/A

    * Expression: 
    +---------------------------+----------+----+---+----+------------+------------+
    |       Variable Name       | Operation| DSP| FF| LUT| Bitwidth P0| Bitwidth P1|
    +---------------------------+----------+----+---+----+------------+------------+
    |add_ln130_1_fu_1209_p2     |         +|   0|  0|  13|           6|           1|
    |add_ln130_fu_1168_p2       |         +|   0|  0|  14|           7|           1|
    |add_ln132_fu_1589_p2       |         +|   0|  0|   9|           2|           1|
    |tmp_s_fu_1277_p121         |         +|   0|  0|  14|           7|           7|
    |empty_29_fu_1156_p2        |         -|   0|  0|  14|           7|           7|
    |p_mid1_fu_1231_p2          |         -|   0|  0|  14|           7|           7|
    |and_ln139_1_fu_1467_p2     |       and|   0|  0|   2|           1|           1|
    |and_ln139_fu_1421_p2       |       and|   0|  0|   2|           1|           1|
    |icmp_ln130_fu_1162_p2      |      icmp|   0|  0|  10|           7|           5|
    |icmp_ln132_fu_1195_p2      |      icmp|   0|  0|   8|           2|           2|
    |icmp_ln139_1_fu_1409_p2    |      icmp|   0|  0|  20|          32|          32|
    |icmp_ln139_2_fu_1445_p2    |      icmp|   0|  0|  20|          32|          32|
    |icmp_ln139_3_fu_1461_p2    |      icmp|   0|  0|   9|           4|           1|
    |icmp_ln139_fu_1403_p2      |      icmp|   0|  0|  20|          32|          32|
    |icmp_ln145_1_fu_1529_p2    |      icmp|   0|  0|  10|           6|           1|
    |icmp_ln145_fu_1491_p2      |      icmp|   0|  0|   9|           5|           1|
    |icmp_ln150_fu_1535_p2      |      icmp|   0|  0|  10|           6|           1|
    |or_ln139_fu_1431_p2        |        or|   0|  0|   2|           1|           1|
    |label_list_6_fu_1557_p3    |    select|   0|  0|  32|           1|          32|
    |label_list_7_fu_1573_p3    |    select|   0|  0|  32|           1|          32|
    |label_list_fu_1513_p3      |    select|   0|  0|  32|           1|          32|
    |pos_1_fu_1473_p3           |    select|   0|  0|   6|           1|           2|
    |pos_fu_1437_p3             |    select|   0|  0|   6|           1|           6|
    |select_ln130_1_fu_1237_p3  |    select|   0|  0|   7|           1|           7|
    |select_ln130_2_fu_1245_p3  |    select|   0|  0|   6|           1|           6|
    |select_ln130_fu_1201_p3    |    select|   0|  0|   2|           1|           1|
    |select_ln145_3_fu_1565_p3  |    select|   0|  0|  32|           1|          32|
    |select_ln145_fu_1521_p3    |    select|   0|  0|  32|           1|          32|
    |select_ln150_1_fu_1505_p3  |    select|   0|  0|  32|           1|          32|
    |select_ln150_2_fu_1541_p3  |    select|   0|  0|  32|           1|          32|
    |select_ln150_3_fu_1549_p3  |    select|   0|  0|  32|           1|          32|
    |select_ln150_5_fu_1581_p3  |    select|   0|  0|  32|           1|          32|
    |select_ln150_fu_1497_p3    |    select|   0|  0|  32|           1|          32|
    |ap_enable_pp0              |       xor|   0|  0|   2|           1|           2|
    |xor_ln139_fu_1415_p2       |       xor|   0|  0|   2|           1|           2|
    +---------------------------+----------+----+---+----+------------+------------+
    |Total                      |          |   0|  0| 551|         182|         480|
    +---------------------------+----------+----+---+----+------------+------------+

    * Multiplexer: 
    +-------------------------+----+-----------+-----+-----------+
    |           Name          | LUT| Input Size| Bits| Total Bits|
    +-------------------------+----+-----------+-----+-----------+
    |ap_done_int              |   9|          2|    1|          2|
    |ap_enable_reg_pp0_iter1  |   9|          2|    1|          2|
    |empty_26_fu_316          |   9|          2|   32|         64|
    |empty_27_fu_320          |   9|          2|   32|         64|
    |empty_fu_312             |   9|          2|   32|         64|
    |i_fu_340                 |   9|          2|    6|         12|
    |indvar_flatten11_fu_344  |   9|          2|    7|         14|
    |j_fu_336                 |   9|          2|    2|          4|
    |label_list_3_fu_324      |   9|          2|   32|         64|
    |label_list_4_fu_328      |   9|          2|   32|         64|
    |label_list_5_fu_332      |   9|          2|   32|         64|
    +-------------------------+----+-----------+-----+-----------+
    |Total                    |  99|         22|  209|        418|
    +-------------------------+----+-----------+-----+-----------+

    * Register: 
    +-------------------------+----+----+-----+-----------+
    |           Name          | FF | LUT| Bits| Const Bits|
    +-------------------------+----+----+-----+-----------+
    |ap_CS_fsm                |   1|   0|    1|          0|
    |ap_done_reg              |   1|   0|    1|          0|
    |ap_enable_reg_pp0_iter1  |   1|   0|    1|          0|
    |empty_26_fu_316          |  32|   0|   32|          0|
    |empty_27_fu_320          |  32|   0|   32|          0|
    |empty_fu_312             |  32|   0|   32|          0|
    |i_fu_340                 |   6|   0|    6|          0|
    |indvar_flatten11_fu_344  |   7|   0|    7|          0|
    |j_fu_336                 |   2|   0|    2|          0|
    |label_list_3_fu_324      |  32|   0|   32|          0|
    |label_list_4_fu_328      |  32|   0|   32|          0|
    |label_list_5_fu_332      |  32|   0|   32|          0|
    +-------------------------+----+----+-----+-----------+
    |Total                    | 210|   0|  210|          0|
    +-------------------------+----+----+-----+-----------+



================================================================
== Interface
================================================================
* Summary: 
+--------------------+-----+-----+------------+----------------------------------------------+--------------+
|      RTL Ports     | Dir | Bits|  Protocol  |                 Source Object                |    C Type    |
+--------------------+-----+-----+------------+----------------------------------------------+--------------+
|ap_clk              |   in|    1|  ap_ctrl_hs|  DigitRec_Pipeline_LANES_INSERTION_SORT_OUTER|  return value|
|ap_rst              |   in|    1|  ap_ctrl_hs|  DigitRec_Pipeline_LANES_INSERTION_SORT_OUTER|  return value|
|ap_start            |   in|    1|  ap_ctrl_hs|  DigitRec_Pipeline_LANES_INSERTION_SORT_OUTER|  return value|
|ap_done             |  out|    1|  ap_ctrl_hs|  DigitRec_Pipeline_LANES_INSERTION_SORT_OUTER|  return value|
|ap_idle             |  out|    1|  ap_ctrl_hs|  DigitRec_Pipeline_LANES_INSERTION_SORT_OUTER|  return value|
|ap_ready            |  out|    1|  ap_ctrl_hs|  DigitRec_Pipeline_LANES_INSERTION_SORT_OUTER|  return value|
|knn_set             |   in|   32|     ap_none|                                       knn_set|        scalar|
|knn_set_1           |   in|   32|     ap_none|                                     knn_set_1|        scalar|
|knn_set_2           |   in|   32|     ap_none|                                     knn_set_2|        scalar|
|knn_set_3           |   in|   32|     ap_none|                                     knn_set_3|        scalar|
|knn_set_4           |   in|   32|     ap_none|                                     knn_set_4|        scalar|
|knn_set_5           |   in|   32|     ap_none|                                     knn_set_5|        scalar|
|knn_set_6           |   in|   32|     ap_none|                                     knn_set_6|        scalar|
|knn_set_7           |   in|   32|     ap_none|                                     knn_set_7|        scalar|
|knn_set_8           |   in|   32|     ap_none|                                     knn_set_8|        scalar|
|knn_set_9           |   in|   32|     ap_none|                                     knn_set_9|        scalar|
|knn_set_10          |   in|   32|     ap_none|                                    knn_set_10|        scalar|
|knn_set_11          |   in|   32|     ap_none|                                    knn_set_11|        scalar|
|knn_set_12          |   in|   32|     ap_none|                                    knn_set_12|        scalar|
|knn_set_13          |   in|   32|     ap_none|                                    knn_set_13|        scalar|
|knn_set_14          |   in|   32|     ap_none|                                    knn_set_14|        scalar|
|knn_set_15          |   in|   32|     ap_none|                                    knn_set_15|        scalar|
|knn_set_16          |   in|   32|     ap_none|                                    knn_set_16|        scalar|
|knn_set_17          |   in|   32|     ap_none|                                    knn_set_17|        scalar|
|knn_set_18          |   in|   32|     ap_none|                                    knn_set_18|        scalar|
|knn_set_19          |   in|   32|     ap_none|                                    knn_set_19|        scalar|
|knn_set_20          |   in|   32|     ap_none|                                    knn_set_20|        scalar|
|knn_set_21          |   in|   32|     ap_none|                                    knn_set_21|        scalar|
|knn_set_22          |   in|   32|     ap_none|                                    knn_set_22|        scalar|
|knn_set_23          |   in|   32|     ap_none|                                    knn_set_23|        scalar|
|knn_set_24          |   in|   32|     ap_none|                                    knn_set_24|        scalar|
|knn_set_25          |   in|   32|     ap_none|                                    knn_set_25|        scalar|
|knn_set_26          |   in|   32|     ap_none|                                    knn_set_26|        scalar|
|knn_set_27          |   in|   32|     ap_none|                                    knn_set_27|        scalar|
|knn_set_28          |   in|   32|     ap_none|                                    knn_set_28|        scalar|
|knn_set_29          |   in|   32|     ap_none|                                    knn_set_29|        scalar|
|knn_set_30          |   in|   32|     ap_none|                                    knn_set_30|        scalar|
|knn_set_31          |   in|   32|     ap_none|                                    knn_set_31|        scalar|
|knn_set_32          |   in|   32|     ap_none|                                    knn_set_32|        scalar|
|knn_set_33          |   in|   32|     ap_none|                                    knn_set_33|        scalar|
|knn_set_34          |   in|   32|     ap_none|                                    knn_set_34|        scalar|
|knn_set_35          |   in|   32|     ap_none|                                    knn_set_35|        scalar|
|knn_set_36          |   in|   32|     ap_none|                                    knn_set_36|        scalar|
|knn_set_37          |   in|   32|     ap_none|                                    knn_set_37|        scalar|
|knn_set_38          |   in|   32|     ap_none|                                    knn_set_38|        scalar|
|knn_set_39          |   in|   32|     ap_none|                                    knn_set_39|        scalar|
|knn_set_40          |   in|   32|     ap_none|                                    knn_set_40|        scalar|
|knn_set_41          |   in|   32|     ap_none|                                    knn_set_41|        scalar|
|knn_set_42          |   in|   32|     ap_none|                                    knn_set_42|        scalar|
|knn_set_43          |   in|   32|     ap_none|                                    knn_set_43|        scalar|
|knn_set_44          |   in|   32|     ap_none|                                    knn_set_44|        scalar|
|knn_set_45          |   in|   32|     ap_none|                                    knn_set_45|        scalar|
|knn_set_46          |   in|   32|     ap_none|                                    knn_set_46|        scalar|
|knn_set_47          |   in|   32|     ap_none|                                    knn_set_47|        scalar|
|knn_set_48          |   in|   32|     ap_none|                                    knn_set_48|        scalar|
|knn_set_49          |   in|   32|     ap_none|                                    knn_set_49|        scalar|
|knn_set_50          |   in|   32|     ap_none|                                    knn_set_50|        scalar|
|knn_set_51          |   in|   32|     ap_none|                                    knn_set_51|        scalar|
|knn_set_52          |   in|   32|     ap_none|                                    knn_set_52|        scalar|
|knn_set_53          |   in|   32|     ap_none|                                    knn_set_53|        scalar|
|knn_set_54          |   in|   32|     ap_none|                                    knn_set_54|        scalar|
|knn_set_55          |   in|   32|     ap_none|                                    knn_set_55|        scalar|
|knn_set_56          |   in|   32|     ap_none|                                    knn_set_56|        scalar|
|knn_set_57          |   in|   32|     ap_none|                                    knn_set_57|        scalar|
|knn_set_58          |   in|   32|     ap_none|                                    knn_set_58|        scalar|
|knn_set_59          |   in|   32|     ap_none|                                    knn_set_59|        scalar|
|knn_set_60          |   in|   32|     ap_none|                                    knn_set_60|        scalar|
|knn_set_61          |   in|   32|     ap_none|                                    knn_set_61|        scalar|
|knn_set_62          |   in|   32|     ap_none|                                    knn_set_62|        scalar|
|knn_set_63          |   in|   32|     ap_none|                                    knn_set_63|        scalar|
|knn_set_64          |   in|   32|     ap_none|                                    knn_set_64|        scalar|
|knn_set_65          |   in|   32|     ap_none|                                    knn_set_65|        scalar|
|knn_set_66          |   in|   32|     ap_none|                                    knn_set_66|        scalar|
|knn_set_67          |   in|   32|     ap_none|                                    knn_set_67|        scalar|
|knn_set_68          |   in|   32|     ap_none|                                    knn_set_68|        scalar|
|knn_set_69          |   in|   32|     ap_none|                                    knn_set_69|        scalar|
|knn_set_70          |   in|   32|     ap_none|                                    knn_set_70|        scalar|
|knn_set_71          |   in|   32|     ap_none|                                    knn_set_71|        scalar|
|knn_set_72          |   in|   32|     ap_none|                                    knn_set_72|        scalar|
|knn_set_73          |   in|   32|     ap_none|                                    knn_set_73|        scalar|
|knn_set_74          |   in|   32|     ap_none|                                    knn_set_74|        scalar|
|knn_set_75          |   in|   32|     ap_none|                                    knn_set_75|        scalar|
|knn_set_76          |   in|   32|     ap_none|                                    knn_set_76|        scalar|
|knn_set_77          |   in|   32|     ap_none|                                    knn_set_77|        scalar|
|knn_set_78          |   in|   32|     ap_none|                                    knn_set_78|        scalar|
|knn_set_79          |   in|   32|     ap_none|                                    knn_set_79|        scalar|
|knn_set_80          |   in|   32|     ap_none|                                    knn_set_80|        scalar|
|knn_set_81          |   in|   32|     ap_none|                                    knn_set_81|        scalar|
|knn_set_82          |   in|   32|     ap_none|                                    knn_set_82|        scalar|
|knn_set_83          |   in|   32|     ap_none|                                    knn_set_83|        scalar|
|knn_set_84          |   in|   32|     ap_none|                                    knn_set_84|        scalar|
|knn_set_85          |   in|   32|     ap_none|                                    knn_set_85|        scalar|
|knn_set_86          |   in|   32|     ap_none|                                    knn_set_86|        scalar|
|knn_set_87          |   in|   32|     ap_none|                                    knn_set_87|        scalar|
|knn_set_88          |   in|   32|     ap_none|                                    knn_set_88|        scalar|
|knn_set_89          |   in|   32|     ap_none|                                    knn_set_89|        scalar|
|knn_set_90          |   in|   32|     ap_none|                                    knn_set_90|        scalar|
|knn_set_91          |   in|   32|     ap_none|                                    knn_set_91|        scalar|
|knn_set_92          |   in|   32|     ap_none|                                    knn_set_92|        scalar|
|knn_set_93          |   in|   32|     ap_none|                                    knn_set_93|        scalar|
|knn_set_94          |   in|   32|     ap_none|                                    knn_set_94|        scalar|
|knn_set_95          |   in|   32|     ap_none|                                    knn_set_95|        scalar|
|knn_set_96          |   in|   32|     ap_none|                                    knn_set_96|        scalar|
|knn_set_97          |   in|   32|     ap_none|                                    knn_set_97|        scalar|
|knn_set_98          |   in|   32|     ap_none|                                    knn_set_98|        scalar|
|knn_set_99          |   in|   32|     ap_none|                                    knn_set_99|        scalar|
|knn_set_100         |   in|   32|     ap_none|                                   knn_set_100|        scalar|
|knn_set_101         |   in|   32|     ap_none|                                   knn_set_101|        scalar|
|knn_set_102         |   in|   32|     ap_none|                                   knn_set_102|        scalar|
|knn_set_103         |   in|   32|     ap_none|                                   knn_set_103|        scalar|
|knn_set_104         |   in|   32|     ap_none|                                   knn_set_104|        scalar|
|knn_set_105         |   in|   32|     ap_none|                                   knn_set_105|        scalar|
|knn_set_106         |   in|   32|     ap_none|                                   knn_set_106|        scalar|
|knn_set_107         |   in|   32|     ap_none|                                   knn_set_107|        scalar|
|knn_set_108         |   in|   32|     ap_none|                                   knn_set_108|        scalar|
|knn_set_109         |   in|   32|     ap_none|                                   knn_set_109|        scalar|
|knn_set_110         |   in|   32|     ap_none|                                   knn_set_110|        scalar|
|knn_set_111         |   in|   32|     ap_none|                                   knn_set_111|        scalar|
|knn_set_112         |   in|   32|     ap_none|                                   knn_set_112|        scalar|
|knn_set_113         |   in|   32|     ap_none|                                   knn_set_113|        scalar|
|knn_set_114         |   in|   32|     ap_none|                                   knn_set_114|        scalar|
|knn_set_115         |   in|   32|     ap_none|                                   knn_set_115|        scalar|
|knn_set_116         |   in|   32|     ap_none|                                   knn_set_116|        scalar|
|knn_set_117         |   in|   32|     ap_none|                                   knn_set_117|        scalar|
|knn_set_118         |   in|   32|     ap_none|                                   knn_set_118|        scalar|
|knn_set_119         |   in|   32|     ap_none|                                   knn_set_119|        scalar|
|p_out               |  out|   32|      ap_vld|                                         p_out|       pointer|
|p_out_ap_vld        |  out|    1|      ap_vld|                                         p_out|       pointer|
|p_out1              |  out|   32|      ap_vld|                                        p_out1|       pointer|
|p_out1_ap_vld       |  out|    1|      ap_vld|                                        p_out1|       pointer|
|div_i32_out         |  out|   32|      ap_vld|                                   div_i32_out|       pointer|
|div_i32_out_ap_vld  |  out|    1|      ap_vld|                                   div_i32_out|       pointer|
+--------------------+-----+-----+------------+----------------------------------------------+--------------+

