

================================================================
== Vitis HLS Report for 'compute_Pipeline_UPDATE_UPDATE_INNER'
================================================================
* Date:           Tue Dec 17 15:07:14 2024

* Version:        2022.2 (Build 3670227 on Oct 13 2022)
* Project:        project
* Solution:       solution1 (Vivado IP Flow Target)
* Product family: virtexuplus
* Target device:  xcu280-fsvh2892-2L-e


================================================================
== Performance Estimates
================================================================
+ Timing: 
    * Summary: 
    +--------+----------+----------+------------+
    |  Clock |  Target  | Estimated| Uncertainty|
    +--------+----------+----------+------------+
    |ap_clk  |  10.00 ns|  6.541 ns|     2.70 ns|
    +--------+----------+----------+------------+

+ Latency: 
    * Summary: 
    +---------+---------+-----------+-----------+------+------+---------+
    |  Latency (cycles) |   Latency (absolute)  |   Interval  | Pipeline|
    |   min   |   max   |    min    |    max    |  min |  max |   Type  |
    +---------+---------+-----------+-----------+------+------+---------+
    |     1026|     1026|  10.260 us|  10.260 us|  1026|  1026|       no|
    +---------+---------+-----------+-----------+------+------+---------+

    + Detail: 
        * Instance: 
        N/A

        * Loop: 
        +-----------------------+---------+---------+----------+-----------+-----------+------+----------+
        |                       |  Latency (cycles) | Iteration|  Initiation Interval  | Trip |          |
        |       Loop Name       |   min   |   max   |  Latency |  achieved |   target  | Count| Pipelined|
        +-----------------------+---------+---------+----------+-----------+-----------+------+----------+
        |- UPDATE_UPDATE_INNER  |     1024|     1024|         2|          1|          1|  1024|       yes|
        +-----------------------+---------+---------+----------+-----------+-----------+------+----------+

============================================================
+ Verbose Summary: Synthesis Manager
============================================================
InlineROM: 1
ExposeGlobal: 0
============================================================
+ Verbose Summary: CDFG Model
============================================================
IsTopModel: 0
ResetActiveHigh: 1
IsCombinational: 0
IsDatapathOnly: 0
HasWiredReturn: 1
HasMFsm: 2
HasVarLatency: 1
IsPipeline: 0
IsRtlPipelined: 0
IsInstanceOverlapped: 0
IsDontTouch: 0
HasImplIP: 0
IsGatedGlobalClock: 0

+ Individual pipeline summary: 
  * Pipeline-0: initiation interval (II) = 1, depth = 2


============================================================
+ Verbose Summary: Schedule
============================================================
* Number of FSM states : 2
* Pipeline : 1
  Pipeline-0 : II = 1, D = 2, States = { 1 2 }
* Dataflow Pipeline: 0

* FSM state transitions: 
1 --> 2 
2 --> 

* FSM state operations: 

State 1 <SV = 0> <Delay = 2.92>
ST_1 : Operation 5 [1/1] (0.00ns)   --->   "%j = alloca i32 1"   --->   Operation 5 'alloca' 'j' <Predicate = true> <Delay = 0.00>
ST_1 : Operation 6 [1/1] (0.00ns)   --->   "%i = alloca i32 1"   --->   Operation 6 'alloca' 'i' <Predicate = true> <Delay = 0.00>
ST_1 : Operation 7 [1/1] (0.00ns)   --->   "%indvar_flatten19 = alloca i32 1"   --->   Operation 7 'alloca' 'indvar_flatten19' <Predicate = true> <Delay = 0.00>
ST_1 : Operation 8 [1/1] (0.38ns)   --->   "%store_ln0 = store i11 0, i11 %indvar_flatten19"   --->   Operation 8 'store' 'store_ln0' <Predicate = true> <Delay = 0.38>
ST_1 : Operation 9 [1/1] (0.38ns)   --->   "%store_ln0 = store i6 0, i6 %i"   --->   Operation 9 'store' 'store_ln0' <Predicate = true> <Delay = 0.38>
ST_1 : Operation 10 [1/1] (0.38ns)   --->   "%store_ln0 = store i6 0, i6 %j"   --->   Operation 10 'store' 'store_ln0' <Predicate = true> <Delay = 0.38>
ST_1 : Operation 11 [1/1] (0.00ns)   --->   "%br_ln0 = br void %for.body4.i.i.i"   --->   Operation 11 'br' 'br_ln0' <Predicate = true> <Delay = 0.00>
ST_1 : Operation 12 [1/1] (0.00ns)   --->   "%indvar_flatten19_load = load i11 %indvar_flatten19" [sgd.cpp:196]   --->   Operation 12 'load' 'indvar_flatten19_load' <Predicate = true> <Delay = 0.00>
ST_1 : Operation 13 [1/1] (0.00ns)   --->   "%specpipeline_ln0 = specpipeline void @_ssdm_op_SpecPipeline, i32 4294967295, i32 0, i32 1, i32 0, void @p_str"   --->   Operation 13 'specpipeline' 'specpipeline_ln0' <Predicate = true> <Delay = 0.00>
ST_1 : Operation 14 [1/1] (0.61ns)   --->   "%icmp_ln196 = icmp_eq  i11 %indvar_flatten19_load, i11 1024" [sgd.cpp:196]   --->   Operation 14 'icmp' 'icmp_ln196' <Predicate = true> <Delay = 0.61> <CoreInst = "Cmp">   --->   Core 9 'Cmp' <Latency = 0> <II = 1> <Delay = 0.61> <FuncUnit> <Opcode : 'icmp'> <InPorts = 2> <OutPorts = 1>
ST_1 : Operation 15 [1/1] (0.73ns)   --->   "%add_ln196 = add i11 %indvar_flatten19_load, i11 1" [sgd.cpp:196]   --->   Operation 15 'add' 'add_ln196' <Predicate = true> <Delay = 0.73> <CoreInst = "Adder">   --->   Core 1 'Adder' <Latency = 0> <II = 1> <Delay = 0.73> <FuncUnit> <Opcode : 'add' 'sub'> <InPorts = 2> <OutPorts = 1>
ST_1 : Operation 16 [1/1] (0.00ns)   --->   "%br_ln196 = br i1 %icmp_ln196, void %for.cond.cleanup3.i.i.i, void %compute.exit.exitStub" [sgd.cpp:196]   --->   Operation 16 'br' 'br_ln196' <Predicate = true> <Delay = 0.00>
ST_1 : Operation 17 [1/1] (0.00ns)   --->   "%j_load = load i6 %j" [sgd.cpp:199]   --->   Operation 17 'load' 'j_load' <Predicate = (!icmp_ln196)> <Delay = 0.00>
ST_1 : Operation 18 [1/1] (0.00ns)   --->   "%i_load = load i6 %i" [sgd.cpp:196]   --->   Operation 18 'load' 'i_load' <Predicate = (!icmp_ln196)> <Delay = 0.00>
ST_1 : Operation 19 [1/1] (0.61ns)   --->   "%icmp_ln199 = icmp_eq  i6 %j_load, i6 32" [sgd.cpp:199]   --->   Operation 19 'icmp' 'icmp_ln199' <Predicate = (!icmp_ln196)> <Delay = 0.61> <CoreInst = "Cmp">   --->   Core 9 'Cmp' <Latency = 0> <II = 1> <Delay = 0.61> <FuncUnit> <Opcode : 'icmp'> <InPorts = 2> <OutPorts = 1>
ST_1 : Operation 20 [1/1] (0.29ns)   --->   "%select_ln196 = select i1 %icmp_ln199, i6 0, i6 %j_load" [sgd.cpp:196]   --->   Operation 20 'select' 'select_ln196' <Predicate = (!icmp_ln196)> <Delay = 0.29> <CoreInst = "Sel">   --->   Core 73 'Sel' <Latency = 0> <II = 1> <Delay = 0.29> <FuncUnit> <Opcode : 'select'> <InPorts = 3> <OutPorts = 1>
ST_1 : Operation 21 [1/1] (0.70ns)   --->   "%add_ln196_1 = add i6 %i_load, i6 1" [sgd.cpp:196]   --->   Operation 21 'add' 'add_ln196_1' <Predicate = (!icmp_ln196)> <Delay = 0.70> <CoreInst = "Adder">   --->   Core 1 'Adder' <Latency = 0> <II = 1> <Delay = 0.70> <FuncUnit> <Opcode : 'add' 'sub'> <InPorts = 2> <OutPorts = 1>
ST_1 : Operation 22 [1/1] (0.29ns)   --->   "%select_ln196_1 = select i1 %icmp_ln199, i6 %add_ln196_1, i6 %i_load" [sgd.cpp:196]   --->   Operation 22 'select' 'select_ln196_1' <Predicate = (!icmp_ln196)> <Delay = 0.29> <CoreInst = "Sel">   --->   Core 73 'Sel' <Latency = 0> <II = 1> <Delay = 0.29> <FuncUnit> <Opcode : 'select'> <InPorts = 3> <OutPorts = 1>
ST_1 : Operation 23 [1/1] (0.00ns)   --->   "%trunc_ln196 = trunc i6 %select_ln196_1" [sgd.cpp:196]   --->   Operation 23 'trunc' 'trunc_ln196' <Predicate = (!icmp_ln196)> <Delay = 0.00>
ST_1 : Operation 24 [1/1] (0.00ns)   --->   "%p_mid1 = bitconcatenate i10 @_ssdm_op_BitConcatenate.i10.i5.i5, i5 %trunc_ln196, i5 0" [sgd.cpp:196]   --->   Operation 24 'bitconcatenate' 'p_mid1' <Predicate = (!icmp_ln196)> <Delay = 0.00>
ST_1 : Operation 25 [1/1] (0.00ns)   --->   "%j_2_cast_i_i = zext i6 %select_ln196" [sgd.cpp:196]   --->   Operation 25 'zext' 'j_2_cast_i_i' <Predicate = (!icmp_ln196)> <Delay = 0.00>
ST_1 : Operation 26 [1/1] (0.72ns)   --->   "%add_ln200 = add i10 %p_mid1, i10 %j_2_cast_i_i" [sgd.cpp:200]   --->   Operation 26 'add' 'add_ln200' <Predicate = (!icmp_ln196)> <Delay = 0.72> <CoreInst = "Adder">   --->   Core 1 'Adder' <Latency = 0> <II = 1> <Delay = 0.72> <FuncUnit> <Opcode : 'add' 'sub'> <InPorts = 2> <OutPorts = 1>
ST_1 : Operation 27 [1/1] (0.00ns)   --->   "%zext_ln1273 = zext i10 %add_ln200"   --->   Operation 27 'zext' 'zext_ln1273' <Predicate = (!icmp_ln196)> <Delay = 0.00>
ST_1 : Operation 28 [1/1] (0.00ns)   --->   "%gradient_V_addr = getelementptr i32 %gradient_V, i64 0, i64 %zext_ln1273"   --->   Operation 28 'getelementptr' 'gradient_V_addr' <Predicate = (!icmp_ln196)> <Delay = 0.00>
ST_1 : Operation 29 [2/2] (1.20ns)   --->   "%gradient_V_load = load i10 %gradient_V_addr"   --->   Operation 29 'load' 'gradient_V_load' <Predicate = (!icmp_ln196)> <Delay = 1.20> <CoreInst = "RAM">   --->   Core 83 'RAM' <Latency = 1> <II = 1> <Delay = 1.20> <Storage> <Opcode : 'load' 'store'> <Ports = 2> <Width = 32> <Depth = 1024> <RAM>
ST_1 : Operation 30 [1/1] (0.00ns)   --->   "%theta_local_V_addr = getelementptr i32 %theta_local_V, i64 0, i64 %zext_ln1273"   --->   Operation 30 'getelementptr' 'theta_local_V_addr' <Predicate = (!icmp_ln196)> <Delay = 0.00>
ST_1 : Operation 31 [2/2] (1.20ns)   --->   "%lhs_V = load i10 %theta_local_V_addr"   --->   Operation 31 'load' 'lhs_V' <Predicate = (!icmp_ln196)> <Delay = 1.20> <CoreInst = "RAM">   --->   Core 83 'RAM' <Latency = 1> <II = 1> <Delay = 1.20> <Storage> <Opcode : 'load' 'store'> <Ports = 2> <Width = 32> <Depth = 1024> <RAM>
ST_1 : Operation 32 [1/1] (0.70ns)   --->   "%add_ln199 = add i6 %select_ln196, i6 1" [sgd.cpp:199]   --->   Operation 32 'add' 'add_ln199' <Predicate = (!icmp_ln196)> <Delay = 0.70> <CoreInst = "Adder">   --->   Core 1 'Adder' <Latency = 0> <II = 1> <Delay = 0.70> <FuncUnit> <Opcode : 'add' 'sub'> <InPorts = 2> <OutPorts = 1>
ST_1 : Operation 33 [1/1] (0.38ns)   --->   "%store_ln199 = store i11 %add_ln196, i11 %indvar_flatten19" [sgd.cpp:199]   --->   Operation 33 'store' 'store_ln199' <Predicate = (!icmp_ln196)> <Delay = 0.38>
ST_1 : Operation 34 [1/1] (0.38ns)   --->   "%store_ln199 = store i6 %select_ln196_1, i6 %i" [sgd.cpp:199]   --->   Operation 34 'store' 'store_ln199' <Predicate = (!icmp_ln196)> <Delay = 0.38>
ST_1 : Operation 35 [1/1] (0.38ns)   --->   "%store_ln199 = store i6 %add_ln199, i6 %j" [sgd.cpp:199]   --->   Operation 35 'store' 'store_ln199' <Predicate = (!icmp_ln196)> <Delay = 0.38>
ST_1 : Operation 49 [1/1] (0.00ns)   --->   "%ret_ln0 = ret"   --->   Operation 49 'ret' 'ret_ln0' <Predicate = (icmp_ln196)> <Delay = 0.00>

State 2 <SV = 1> <Delay = 6.54>
ST_2 : Operation 36 [1/1] (0.00ns)   --->   "%specloopname_ln0 = specloopname void @_ssdm_op_SpecLoopName, void @UPDATE_UPDATE_INNER_str"   --->   Operation 36 'specloopname' 'specloopname_ln0' <Predicate = true> <Delay = 0.00>
ST_2 : Operation 37 [1/1] (0.00ns)   --->   "%empty = speclooptripcount i32 @_ssdm_op_SpecLoopTripCount, i64 1024, i64 1024, i64 1024"   --->   Operation 37 'speclooptripcount' 'empty' <Predicate = true> <Delay = 0.00>
ST_2 : Operation 38 [1/1] (0.00ns)   --->   "%specpipeline_ln0 = specpipeline void @_ssdm_op_SpecPipeline, i32 4294967295, i32 0, i32 1, i32 0, void @p_str"   --->   Operation 38 'specpipeline' 'specpipeline_ln0' <Predicate = true> <Delay = 0.00>
ST_2 : Operation 39 [1/1] (0.00ns)   --->   "%specloopname_ln199 = specloopname void @_ssdm_op_SpecLoopName, void @empty_2" [sgd.cpp:199]   --->   Operation 39 'specloopname' 'specloopname_ln199' <Predicate = true> <Delay = 0.00>
ST_2 : Operation 40 [1/2] (1.20ns)   --->   "%gradient_V_load = load i10 %gradient_V_addr"   --->   Operation 40 'load' 'gradient_V_load' <Predicate = true> <Delay = 1.20> <CoreInst = "RAM">   --->   Core 83 'RAM' <Latency = 1> <II = 1> <Delay = 1.20> <Storage> <Opcode : 'load' 'store'> <Ports = 2> <Width = 32> <Depth = 1024> <RAM>
ST_2 : Operation 41 [1/1] (0.00ns)   --->   "%sext_ln1273 = sext i32 %gradient_V_load"   --->   Operation 41 'sext' 'sext_ln1273' <Predicate = true> <Delay = 0.00>
ST_2 : Operation 42 [1/1] (3.17ns)   --->   "%r_V = mul i51 %sext_ln1273, i51 2251798421176320"   --->   Operation 42 'mul' 'r_V' <Predicate = true> <Delay = 3.17> <CoreInst = "Multiplier">   --->   Core 3 'Multiplier' <Latency = 0> <II = 1> <Delay = 3.17> <FuncUnit> <Opcode : 'mul'> <InPorts = 2> <OutPorts = 1>
ST_2 : Operation 43 [1/2] (1.20ns)   --->   "%lhs_V = load i10 %theta_local_V_addr"   --->   Operation 43 'load' 'lhs_V' <Predicate = true> <Delay = 1.20> <CoreInst = "RAM">   --->   Core 83 'RAM' <Latency = 1> <II = 1> <Delay = 1.20> <Storage> <Opcode : 'load' 'store'> <Ports = 2> <Width = 32> <Depth = 1024> <RAM>
ST_2 : Operation 44 [1/1] (0.00ns)   --->   "%lhs_V_1 = bitconcatenate i51 @_ssdm_op_BitConcatenate.i51.i32.i19, i32 %lhs_V, i19 0"   --->   Operation 44 'bitconcatenate' 'lhs_V_1' <Predicate = true> <Delay = 0.00>
ST_2 : Operation 45 [1/1] (0.97ns)   --->   "%ret_V = add i51 %lhs_V_1, i51 %r_V"   --->   Operation 45 'add' 'ret_V' <Predicate = true> <Delay = 0.97> <CoreInst = "Adder">   --->   Core 1 'Adder' <Latency = 0> <II = 1> <Delay = 0.97> <FuncUnit> <Opcode : 'add' 'sub'> <InPorts = 2> <OutPorts = 1>
ST_2 : Operation 46 [1/1] (0.00ns)   --->   "%trunc_ln818_1 = partselect i32 @_ssdm_op_PartSelect.i32.i51.i32.i32, i51 %ret_V, i32 19, i32 50"   --->   Operation 46 'partselect' 'trunc_ln818_1' <Predicate = true> <Delay = 0.00>
ST_2 : Operation 47 [1/1] (1.20ns)   --->   "%store_ln818 = store i32 %trunc_ln818_1, i10 %theta_local_V_addr"   --->   Operation 47 'store' 'store_ln818' <Predicate = true> <Delay = 1.20> <CoreInst = "RAM">   --->   Core 83 'RAM' <Latency = 1> <II = 1> <Delay = 1.20> <Storage> <Opcode : 'load' 'store'> <Ports = 2> <Width = 32> <Depth = 1024> <RAM>
ST_2 : Operation 48 [1/1] (0.00ns)   --->   "%br_ln199 = br void %for.body4.i.i.i" [sgd.cpp:199]   --->   Operation 48 'br' 'br_ln199' <Predicate = true> <Delay = 0.00>


============================================================
+ Verbose Summary: Timing violations
============================================================
Target clock period: 10ns, clock uncertainty: 2.7ns.

 <State 1>: 2.92ns
The critical path consists of the following:
	'alloca' operation ('i') [4]  (0 ns)
	'load' operation ('i_load', sgd.cpp:196) on local variable 'i' [18]  (0 ns)
	'add' operation ('add_ln196_1', sgd.cpp:196) [23]  (0.706 ns)
	'select' operation ('select_ln196_1', sgd.cpp:196) [24]  (0.293 ns)
	'add' operation ('add_ln200', sgd.cpp:200) [30]  (0.725 ns)
	'getelementptr' operation ('gradient_V_addr') [32]  (0 ns)
	'load' operation ('gradient_V_load') on array 'gradient_V' [33]  (1.2 ns)

 <State 2>: 6.54ns
The critical path consists of the following:
	'load' operation ('gradient_V_load') on array 'gradient_V' [33]  (1.2 ns)
	'mul' operation ('r.V') [35]  (3.17 ns)
	'add' operation ('ret.V') [39]  (0.971 ns)
	'store' operation ('store_ln818') of variable 'trunc_ln818_1' on array 'theta_local_V' [41]  (1.2 ns)


============================================================
+ Verbose Summary: Binding
============================================================
N/A
* FSMD analyzer results:
  - Output states:
 - Input state : 
  - Chain level:
	State 1
	State 2


============================================================
+ Verbose Summary: Datapath Resource usage 
============================================================
N/A
