

================================================================
== Vitis HLS Report for 'dataflow_in_loop_TRAINING_INST'
================================================================
* Date:           Tue Dec 17 15:07:14 2024

* Version:        2022.2 (Build 3670227 on Oct 13 2022)
* Project:        project
* Solution:       solution1 (Vivado IP Flow Target)
* Product family: virtexuplus
* Target device:  xcu280-fsvh2892-2L-e


================================================================
== Performance Estimates
================================================================
+ Timing: 
    * Summary: 
    +--------+----------+----------+------------+
    |  Clock |  Target  | Estimated| Uncertainty|
    +--------+----------+----------+------------+
    |ap_clk  |  10.00 ns|  6.541 ns|     2.70 ns|
    +--------+----------+----------+------------+

+ Latency: 
    * Summary: 
    +---------+---------+-----------+-----------+------+------+----------+
    |  Latency (cycles) |   Latency (absolute)  |   Interval  | Pipeline |
    |   min   |   max   |    min    |    max    |  min |  max |   Type   |
    +---------+---------+-----------+-----------+------+------+----------+
    |     4209|     4209|  42.090 us|  42.090 us|  3088|  3088|  dataflow|
    +---------+---------+-----------+-----------+------+------+----------+

    + Detail: 
        * Instance: 
        N/A

        * Loop: 
        N/A

============================================================
+ Verbose Summary: Synthesis Manager
============================================================
InlineROM: 1
ExposeGlobal: 0
============================================================
+ Verbose Summary: CDFG Model
============================================================
IsTopModel: 0
ResetActiveHigh: 1
IsCombinational: 2
IsDatapathOnly: 0
HasWiredReturn: 1
HasMFsm: 0
HasVarLatency: 1
IsPipeline: 0
IsRtlPipelined: 0
IsInstanceOverlapped: 0
IsDontTouch: 0
HasImplIP: 0
IsGatedGlobalClock: 0


============================================================
+ Verbose Summary: Schedule
============================================================
* Number of FSM states : 4
* Pipeline : 0
* Dataflow Pipeline: 1
  DF-Pipeline-0: Size = 4, States = { 1 2 3 4 }

* FSM state transitions: 
1 --> 2 
2 --> 3 
3 --> 4 
4 --> 

* FSM state operations: 

State 1 <SV = 0> <Delay = 0.00>
ST_1 : Operation 5 [1/1] (0.00ns)   --->   "%trunc_ln280_read = read i13 @_ssdm_op_Read.ap_auto.i13, i13 %trunc_ln280"   --->   Operation 5 'read' 'trunc_ln280_read' <Predicate = true> <Delay = 0.00>
ST_1 : Operation 6 [2/2] (0.00ns)   --->   "%call_ln0 = call void @READ_TRAINING_DATA_proc, i13 %trunc_ln280_read, i512 %data, i16 %training_instance_V"   --->   Operation 6 'call' 'call_ln0' <Predicate = true> <Delay = 0.00> <CoreType = "Generic">   --->   Core 0 '' <Latency = 0> <II = 1> <Delay = 1.00> <Generic> <Opcode : >

State 2 <SV = 1> <Delay = 0.00>
ST_2 : Operation 7 [1/2] (0.00ns)   --->   "%call_ln0 = call void @READ_TRAINING_DATA_proc, i13 %trunc_ln280_read, i512 %data, i16 %training_instance_V"   --->   Operation 7 'call' 'call_ln0' <Predicate = true> <Delay = 0.00> <CoreType = "Generic">   --->   Core 0 '' <Latency = 0> <II = 1> <Delay = 1.00> <Generic> <Opcode : >

State 3 <SV = 2> <Delay = 1.24>
ST_3 : Operation 8 [2/2] (1.24ns)   --->   "%call_ln282 = call void @compute, i8 %label_local_V, i13 %trunc_ln280_read, i32 %theta_local_V, i16 %training_instance_V, i10 %lut_V" [sgd.cpp:282]   --->   Operation 8 'call' 'call_ln282' <Predicate = true> <Delay = 1.24> <CoreType = "Generic">   --->   Core 0 '' <Latency = 0> <II = 1> <Delay = 1.00> <Generic> <Opcode : >

State 4 <SV = 3> <Delay = 0.00>
ST_4 : Operation 9 [1/1] (0.00ns)   --->   "%specinterface_ln0 = specinterface void @_ssdm_op_SpecInterface, i512 %data, void @empty_10, i32 0, i32 0, void @empty_0, i32 4294967295, i32 0, void @empty_0, void @empty_0, void @empty_0, i32 0, i32 0, i32 0, i32 0, void @empty_0, void @empty_0, i32 4294967295, i32 0"   --->   Operation 9 'specinterface' 'specinterface_ln0' <Predicate = true> <Delay = 0.00>
ST_4 : Operation 10 [1/1] (0.00ns)   --->   "%specdataflowpipeline_ln276 = specdataflowpipeline void @_ssdm_op_SpecDataflowPipeline, i32 4294967295, i32 0, void @empty_0" [sgd.cpp:276]   --->   Operation 10 'specdataflowpipeline' 'specdataflowpipeline_ln276' <Predicate = true> <Delay = 0.00>
ST_4 : Operation 11 [1/2] (0.00ns)   --->   "%call_ln282 = call void @compute, i8 %label_local_V, i13 %trunc_ln280_read, i32 %theta_local_V, i16 %training_instance_V, i10 %lut_V" [sgd.cpp:282]   --->   Operation 11 'call' 'call_ln282' <Predicate = true> <Delay = 0.00> <CoreType = "Generic">   --->   Core 0 '' <Latency = 0> <II = 1> <Delay = 1.00> <Generic> <Opcode : >
ST_4 : Operation 12 [1/1] (0.00ns)   --->   "%ret_ln282 = ret" [sgd.cpp:282]   --->   Operation 12 'ret' 'ret_ln282' <Predicate = true> <Delay = 0.00>


============================================================
+ Verbose Summary: Timing violations
============================================================
Target clock period: 10ns, clock uncertainty: 2.7ns.

 <State 1>: 0ns
The critical path consists of the following:

 <State 2>: 0ns
The critical path consists of the following:

 <State 3>: 1.25ns
The critical path consists of the following:
	'call' operation ('call_ln282', sgd.cpp:282) to 'compute' [11]  (1.25 ns)

 <State 4>: 0ns
The critical path consists of the following:


============================================================
+ Verbose Summary: Binding
============================================================
N/A
* FSMD analyzer results:
  - Output states:
 - Input state : 
  - Chain level:
	State 1
	State 2
	State 3
	State 4


============================================================
+ Verbose Summary: Datapath Resource usage 
============================================================
N/A
