

================================================================
== Vitis HLS Report for 'SgdLR_Pipeline_STREAM_OUT'
================================================================
* Date:           Tue Dec 17 15:07:15 2024

* Version:        2022.2 (Build 3670227 on Oct 13 2022)
* Project:        project
* Solution:       solution1 (Vivado IP Flow Target)
* Product family: virtexuplus
* Target device:  xcu280-fsvh2892-2L-e


================================================================
== Performance Estimates
================================================================
+ Timing: 
    * Summary: 
    +--------+----------+----------+------------+
    |  Clock |  Target  | Estimated| Uncertainty|
    +--------+----------+----------+------------+
    |ap_clk  |  10.00 ns|  2.400 ns|     2.70 ns|
    +--------+----------+----------+------------+

+ Latency: 
    * Summary: 
    +---------+---------+----------+----------+-----+-----+---------+
    |  Latency (cycles) |  Latency (absolute) |  Interval | Pipeline|
    |   min   |   max   |    min   |    max   | min | max |   Type  |
    +---------+---------+----------+----------+-----+-----+---------+
    |      514|      514|  5.140 us|  5.140 us|  514|  514|       no|
    +---------+---------+----------+----------+-----+-----+---------+

    + Detail: 
        * Instance: 
        N/A

        * Loop: 
        +--------------+---------+---------+----------+-----------+-----------+------+----------+
        |              |  Latency (cycles) | Iteration|  Initiation Interval  | Trip |          |
        |   Loop Name  |   min   |   max   |  Latency |  achieved |   target  | Count| Pipelined|
        +--------------+---------+---------+----------+-----------+-----------+------+----------+
        |- STREAM_OUT  |      512|      512|         9|          8|          1|    64|       yes|
        +--------------+---------+---------+----------+-----------+-----------+------+----------+

============================================================
+ Verbose Summary: Synthesis Manager
============================================================
InlineROM: 1
ExposeGlobal: 0
============================================================
+ Verbose Summary: CDFG Model
============================================================
IsTopModel: 0
ResetActiveHigh: 1
IsCombinational: 0
IsDatapathOnly: 0
HasWiredReturn: 1
HasMFsm: 2
HasVarLatency: 1
IsPipeline: 0
IsRtlPipelined: 0
IsInstanceOverlapped: 0
IsDontTouch: 0
HasImplIP: 0
IsGatedGlobalClock: 0

+ Individual pipeline summary: 
  * Pipeline-0: initiation interval (II) = 8, depth = 9


============================================================
+ Verbose Summary: Schedule
============================================================
* Number of FSM states : 9
* Pipeline : 1
  Pipeline-0 : II = 8, D = 9, States = { 1 2 3 4 5 6 7 8 9 }
* Dataflow Pipeline: 0

* FSM state transitions: 
1 --> 2 
2 --> 3 
3 --> 4 
4 --> 5 
5 --> 6 
6 --> 7 
7 --> 8 
8 --> 9 
9 --> 

* FSM state operations: 

State 1 <SV = 0> <Delay = 1.20>
ST_1 : Operation 12 [1/1] (0.00ns)   --->   "%i = alloca i32 1"   --->   Operation 12 'alloca' 'i' <Predicate = true> <Delay = 0.00>
ST_1 : Operation 13 [1/1] (0.00ns)   --->   "%specinterface_ln0 = specinterface void @_ssdm_op_SpecInterface, i512 %theta, void @empty_10, i32 0, i32 0, void @empty_0, i32 4294967295, i32 0, void @empty_0, void @empty_0, void @empty_0, i32 0, i32 0, i32 0, i32 0, void @empty_0, void @empty_0, i32 4294967295, i32 0"   --->   Operation 13 'specinterface' 'specinterface_ln0' <Predicate = true> <Delay = 0.00>
ST_1 : Operation 14 [1/1] (0.38ns)   --->   "%store_ln0 = store i7 0, i7 %i"   --->   Operation 14 'store' 'store_ln0' <Predicate = true> <Delay = 0.38>
ST_1 : Operation 15 [1/1] (0.00ns)   --->   "%br_ln0 = br void %for.body.i"   --->   Operation 15 'br' 'br_ln0' <Predicate = true> <Delay = 0.00>
ST_1 : Operation 16 [1/1] (0.00ns)   --->   "%i_1 = load i7 %i"   --->   Operation 16 'load' 'i_1' <Predicate = true> <Delay = 0.00>
ST_1 : Operation 17 [1/1] (0.00ns)   --->   "%specpipeline_ln0 = specpipeline void @_ssdm_op_SpecPipeline, i32 4294967295, i32 0, i32 1, i32 0, void @p_str"   --->   Operation 17 'specpipeline' 'specpipeline_ln0' <Predicate = true> <Delay = 0.00>
ST_1 : Operation 18 [1/1] (0.59ns)   --->   "%icmp_ln209 = icmp_eq  i7 %i_1, i7 64" [sgd.cpp:209]   --->   Operation 18 'icmp' 'icmp_ln209' <Predicate = true> <Delay = 0.59> <CoreInst = "Cmp">   --->   Core 9 'Cmp' <Latency = 0> <II = 1> <Delay = 0.59> <FuncUnit> <Opcode : 'icmp'> <InPorts = 2> <OutPorts = 1>
ST_1 : Operation 19 [1/1] (0.00ns)   --->   "%empty = speclooptripcount i32 @_ssdm_op_SpecLoopTripCount, i64 64, i64 64, i64 64"   --->   Operation 19 'speclooptripcount' 'empty' <Predicate = true> <Delay = 0.00>
ST_1 : Operation 20 [1/1] (0.70ns)   --->   "%add_ln209 = add i7 %i_1, i7 1" [sgd.cpp:209]   --->   Operation 20 'add' 'add_ln209' <Predicate = true> <Delay = 0.70> <CoreInst = "Adder">   --->   Core 1 'Adder' <Latency = 0> <II = 1> <Delay = 0.70> <FuncUnit> <Opcode : 'add' 'sub'> <InPorts = 2> <OutPorts = 1>
ST_1 : Operation 21 [1/1] (0.00ns)   --->   "%br_ln209 = br i1 %icmp_ln209, void %for.body.i.split, void %if.end44.loopexit.exitStub" [sgd.cpp:209]   --->   Operation 21 'br' 'br_ln209' <Predicate = true> <Delay = 0.00>
ST_1 : Operation 22 [1/1] (0.00ns)   --->   "%empty_119 = trunc i7 %i_1"   --->   Operation 22 'trunc' 'empty_119' <Predicate = (!icmp_ln209)> <Delay = 0.00>
ST_1 : Operation 23 [1/1] (0.00ns)   --->   "%tmp_6 = bitconcatenate i10 @_ssdm_op_BitConcatenate.i10.i6.i4, i6 %empty_119, i4 0"   --->   Operation 23 'bitconcatenate' 'tmp_6' <Predicate = (!icmp_ln209)> <Delay = 0.00>
ST_1 : Operation 24 [1/1] (0.00ns)   --->   "%zext_ln594 = zext i10 %tmp_6"   --->   Operation 24 'zext' 'zext_ln594' <Predicate = (!icmp_ln209)> <Delay = 0.00>
ST_1 : Operation 25 [1/1] (0.00ns)   --->   "%theta_local_V_addr = getelementptr i32 %theta_local_V, i64 0, i64 %zext_ln594"   --->   Operation 25 'getelementptr' 'theta_local_V_addr' <Predicate = (!icmp_ln209)> <Delay = 0.00>
ST_1 : Operation 26 [2/2] (1.20ns)   --->   "%theta_local_V_load = load i10 %theta_local_V_addr"   --->   Operation 26 'load' 'theta_local_V_load' <Predicate = (!icmp_ln209)> <Delay = 1.20> <CoreInst = "RAM">   --->   Core 83 'RAM' <Latency = 1> <II = 1> <Delay = 1.20> <Storage> <Opcode : 'load' 'store'> <Ports = 2> <Width = 32> <Depth = 1024> <RAM>
ST_1 : Operation 27 [1/1] (0.00ns)   --->   "%or_ln214 = or i10 %tmp_6, i10 1" [sgd.cpp:214]   --->   Operation 27 'or' 'or_ln214' <Predicate = (!icmp_ln209)> <Delay = 0.00>
ST_1 : Operation 28 [1/1] (0.00ns)   --->   "%zext_ln594_1 = zext i10 %or_ln214"   --->   Operation 28 'zext' 'zext_ln594_1' <Predicate = (!icmp_ln209)> <Delay = 0.00>
ST_1 : Operation 29 [1/1] (0.00ns)   --->   "%theta_local_V_addr_1 = getelementptr i32 %theta_local_V, i64 0, i64 %zext_ln594_1"   --->   Operation 29 'getelementptr' 'theta_local_V_addr_1' <Predicate = (!icmp_ln209)> <Delay = 0.00>
ST_1 : Operation 30 [2/2] (1.20ns)   --->   "%theta_local_V_load_1 = load i10 %theta_local_V_addr_1"   --->   Operation 30 'load' 'theta_local_V_load_1' <Predicate = (!icmp_ln209)> <Delay = 1.20> <CoreInst = "RAM">   --->   Core 83 'RAM' <Latency = 1> <II = 1> <Delay = 1.20> <Storage> <Opcode : 'load' 'store'> <Ports = 2> <Width = 32> <Depth = 1024> <RAM>
ST_1 : Operation 31 [1/1] (0.38ns)   --->   "%store_ln209 = store i7 %add_ln209, i7 %i" [sgd.cpp:209]   --->   Operation 31 'store' 'store_ln209' <Predicate = (!icmp_ln209)> <Delay = 0.38>
ST_1 : Operation 110 [1/1] (0.00ns)   --->   "%ret_ln0 = ret"   --->   Operation 110 'ret' 'ret_ln0' <Predicate = (icmp_ln209)> <Delay = 0.00>

State 2 <SV = 1> <Delay = 1.20>
ST_2 : Operation 32 [1/2] (1.20ns)   --->   "%theta_local_V_load = load i10 %theta_local_V_addr"   --->   Operation 32 'load' 'theta_local_V_load' <Predicate = (!icmp_ln209)> <Delay = 1.20> <CoreInst = "RAM">   --->   Core 83 'RAM' <Latency = 1> <II = 1> <Delay = 1.20> <Storage> <Opcode : 'load' 'store'> <Ports = 2> <Width = 32> <Depth = 1024> <RAM>
ST_2 : Operation 33 [1/2] (1.20ns)   --->   "%theta_local_V_load_1 = load i10 %theta_local_V_addr_1"   --->   Operation 33 'load' 'theta_local_V_load_1' <Predicate = (!icmp_ln209)> <Delay = 1.20> <CoreInst = "RAM">   --->   Core 83 'RAM' <Latency = 1> <II = 1> <Delay = 1.20> <Storage> <Opcode : 'load' 'store'> <Ports = 2> <Width = 32> <Depth = 1024> <RAM>
ST_2 : Operation 34 [1/1] (0.00ns)   --->   "%or_ln214_1 = or i10 %tmp_6, i10 2" [sgd.cpp:214]   --->   Operation 34 'or' 'or_ln214_1' <Predicate = (!icmp_ln209)> <Delay = 0.00>
ST_2 : Operation 35 [1/1] (0.00ns)   --->   "%zext_ln594_2 = zext i10 %or_ln214_1"   --->   Operation 35 'zext' 'zext_ln594_2' <Predicate = (!icmp_ln209)> <Delay = 0.00>
ST_2 : Operation 36 [1/1] (0.00ns)   --->   "%theta_local_V_addr_2 = getelementptr i32 %theta_local_V, i64 0, i64 %zext_ln594_2"   --->   Operation 36 'getelementptr' 'theta_local_V_addr_2' <Predicate = (!icmp_ln209)> <Delay = 0.00>
ST_2 : Operation 37 [2/2] (1.20ns)   --->   "%theta_local_V_load_2 = load i10 %theta_local_V_addr_2"   --->   Operation 37 'load' 'theta_local_V_load_2' <Predicate = (!icmp_ln209)> <Delay = 1.20> <CoreInst = "RAM">   --->   Core 83 'RAM' <Latency = 1> <II = 1> <Delay = 1.20> <Storage> <Opcode : 'load' 'store'> <Ports = 2> <Width = 32> <Depth = 1024> <RAM>
ST_2 : Operation 38 [1/1] (0.00ns)   --->   "%or_ln214_2 = or i10 %tmp_6, i10 3" [sgd.cpp:214]   --->   Operation 38 'or' 'or_ln214_2' <Predicate = (!icmp_ln209)> <Delay = 0.00>
ST_2 : Operation 39 [1/1] (0.00ns)   --->   "%zext_ln594_3 = zext i10 %or_ln214_2"   --->   Operation 39 'zext' 'zext_ln594_3' <Predicate = (!icmp_ln209)> <Delay = 0.00>
ST_2 : Operation 40 [1/1] (0.00ns)   --->   "%theta_local_V_addr_3 = getelementptr i32 %theta_local_V, i64 0, i64 %zext_ln594_3"   --->   Operation 40 'getelementptr' 'theta_local_V_addr_3' <Predicate = (!icmp_ln209)> <Delay = 0.00>
ST_2 : Operation 41 [2/2] (1.20ns)   --->   "%theta_local_V_load_3 = load i10 %theta_local_V_addr_3"   --->   Operation 41 'load' 'theta_local_V_load_3' <Predicate = (!icmp_ln209)> <Delay = 1.20> <CoreInst = "RAM">   --->   Core 83 'RAM' <Latency = 1> <II = 1> <Delay = 1.20> <Storage> <Opcode : 'load' 'store'> <Ports = 2> <Width = 32> <Depth = 1024> <RAM>

State 3 <SV = 2> <Delay = 1.20>
ST_3 : Operation 42 [1/2] (1.20ns)   --->   "%theta_local_V_load_2 = load i10 %theta_local_V_addr_2"   --->   Operation 42 'load' 'theta_local_V_load_2' <Predicate = (!icmp_ln209)> <Delay = 1.20> <CoreInst = "RAM">   --->   Core 83 'RAM' <Latency = 1> <II = 1> <Delay = 1.20> <Storage> <Opcode : 'load' 'store'> <Ports = 2> <Width = 32> <Depth = 1024> <RAM>
ST_3 : Operation 43 [1/2] (1.20ns)   --->   "%theta_local_V_load_3 = load i10 %theta_local_V_addr_3"   --->   Operation 43 'load' 'theta_local_V_load_3' <Predicate = (!icmp_ln209)> <Delay = 1.20> <CoreInst = "RAM">   --->   Core 83 'RAM' <Latency = 1> <II = 1> <Delay = 1.20> <Storage> <Opcode : 'load' 'store'> <Ports = 2> <Width = 32> <Depth = 1024> <RAM>
ST_3 : Operation 44 [1/1] (0.00ns)   --->   "%or_ln214_3 = or i10 %tmp_6, i10 4" [sgd.cpp:214]   --->   Operation 44 'or' 'or_ln214_3' <Predicate = (!icmp_ln209)> <Delay = 0.00>
ST_3 : Operation 45 [1/1] (0.00ns)   --->   "%zext_ln594_4 = zext i10 %or_ln214_3"   --->   Operation 45 'zext' 'zext_ln594_4' <Predicate = (!icmp_ln209)> <Delay = 0.00>
ST_3 : Operation 46 [1/1] (0.00ns)   --->   "%theta_local_V_addr_4 = getelementptr i32 %theta_local_V, i64 0, i64 %zext_ln594_4"   --->   Operation 46 'getelementptr' 'theta_local_V_addr_4' <Predicate = (!icmp_ln209)> <Delay = 0.00>
ST_3 : Operation 47 [2/2] (1.20ns)   --->   "%theta_local_V_load_4 = load i10 %theta_local_V_addr_4"   --->   Operation 47 'load' 'theta_local_V_load_4' <Predicate = (!icmp_ln209)> <Delay = 1.20> <CoreInst = "RAM">   --->   Core 83 'RAM' <Latency = 1> <II = 1> <Delay = 1.20> <Storage> <Opcode : 'load' 'store'> <Ports = 2> <Width = 32> <Depth = 1024> <RAM>
ST_3 : Operation 48 [1/1] (0.00ns)   --->   "%or_ln214_4 = or i10 %tmp_6, i10 5" [sgd.cpp:214]   --->   Operation 48 'or' 'or_ln214_4' <Predicate = (!icmp_ln209)> <Delay = 0.00>
ST_3 : Operation 49 [1/1] (0.00ns)   --->   "%zext_ln594_5 = zext i10 %or_ln214_4"   --->   Operation 49 'zext' 'zext_ln594_5' <Predicate = (!icmp_ln209)> <Delay = 0.00>
ST_3 : Operation 50 [1/1] (0.00ns)   --->   "%theta_local_V_addr_5 = getelementptr i32 %theta_local_V, i64 0, i64 %zext_ln594_5"   --->   Operation 50 'getelementptr' 'theta_local_V_addr_5' <Predicate = (!icmp_ln209)> <Delay = 0.00>
ST_3 : Operation 51 [2/2] (1.20ns)   --->   "%theta_local_V_load_5 = load i10 %theta_local_V_addr_5"   --->   Operation 51 'load' 'theta_local_V_load_5' <Predicate = (!icmp_ln209)> <Delay = 1.20> <CoreInst = "RAM">   --->   Core 83 'RAM' <Latency = 1> <II = 1> <Delay = 1.20> <Storage> <Opcode : 'load' 'store'> <Ports = 2> <Width = 32> <Depth = 1024> <RAM>

State 4 <SV = 3> <Delay = 1.20>
ST_4 : Operation 52 [1/2] (1.20ns)   --->   "%theta_local_V_load_4 = load i10 %theta_local_V_addr_4"   --->   Operation 52 'load' 'theta_local_V_load_4' <Predicate = (!icmp_ln209)> <Delay = 1.20> <CoreInst = "RAM">   --->   Core 83 'RAM' <Latency = 1> <II = 1> <Delay = 1.20> <Storage> <Opcode : 'load' 'store'> <Ports = 2> <Width = 32> <Depth = 1024> <RAM>
ST_4 : Operation 53 [1/2] (1.20ns)   --->   "%theta_local_V_load_5 = load i10 %theta_local_V_addr_5"   --->   Operation 53 'load' 'theta_local_V_load_5' <Predicate = (!icmp_ln209)> <Delay = 1.20> <CoreInst = "RAM">   --->   Core 83 'RAM' <Latency = 1> <II = 1> <Delay = 1.20> <Storage> <Opcode : 'load' 'store'> <Ports = 2> <Width = 32> <Depth = 1024> <RAM>
ST_4 : Operation 54 [1/1] (0.00ns)   --->   "%or_ln214_5 = or i10 %tmp_6, i10 6" [sgd.cpp:214]   --->   Operation 54 'or' 'or_ln214_5' <Predicate = (!icmp_ln209)> <Delay = 0.00>
ST_4 : Operation 55 [1/1] (0.00ns)   --->   "%zext_ln594_6 = zext i10 %or_ln214_5"   --->   Operation 55 'zext' 'zext_ln594_6' <Predicate = (!icmp_ln209)> <Delay = 0.00>
ST_4 : Operation 56 [1/1] (0.00ns)   --->   "%theta_local_V_addr_6 = getelementptr i32 %theta_local_V, i64 0, i64 %zext_ln594_6"   --->   Operation 56 'getelementptr' 'theta_local_V_addr_6' <Predicate = (!icmp_ln209)> <Delay = 0.00>
ST_4 : Operation 57 [2/2] (1.20ns)   --->   "%theta_local_V_load_6 = load i10 %theta_local_V_addr_6"   --->   Operation 57 'load' 'theta_local_V_load_6' <Predicate = (!icmp_ln209)> <Delay = 1.20> <CoreInst = "RAM">   --->   Core 83 'RAM' <Latency = 1> <II = 1> <Delay = 1.20> <Storage> <Opcode : 'load' 'store'> <Ports = 2> <Width = 32> <Depth = 1024> <RAM>
ST_4 : Operation 58 [1/1] (0.00ns)   --->   "%or_ln214_6 = or i10 %tmp_6, i10 7" [sgd.cpp:214]   --->   Operation 58 'or' 'or_ln214_6' <Predicate = (!icmp_ln209)> <Delay = 0.00>
ST_4 : Operation 59 [1/1] (0.00ns)   --->   "%zext_ln594_7 = zext i10 %or_ln214_6"   --->   Operation 59 'zext' 'zext_ln594_7' <Predicate = (!icmp_ln209)> <Delay = 0.00>
ST_4 : Operation 60 [1/1] (0.00ns)   --->   "%theta_local_V_addr_7 = getelementptr i32 %theta_local_V, i64 0, i64 %zext_ln594_7"   --->   Operation 60 'getelementptr' 'theta_local_V_addr_7' <Predicate = (!icmp_ln209)> <Delay = 0.00>
ST_4 : Operation 61 [2/2] (1.20ns)   --->   "%theta_local_V_load_7 = load i10 %theta_local_V_addr_7"   --->   Operation 61 'load' 'theta_local_V_load_7' <Predicate = (!icmp_ln209)> <Delay = 1.20> <CoreInst = "RAM">   --->   Core 83 'RAM' <Latency = 1> <II = 1> <Delay = 1.20> <Storage> <Opcode : 'load' 'store'> <Ports = 2> <Width = 32> <Depth = 1024> <RAM>

State 5 <SV = 4> <Delay = 1.20>
ST_5 : Operation 62 [1/2] (1.20ns)   --->   "%theta_local_V_load_6 = load i10 %theta_local_V_addr_6"   --->   Operation 62 'load' 'theta_local_V_load_6' <Predicate = (!icmp_ln209)> <Delay = 1.20> <CoreInst = "RAM">   --->   Core 83 'RAM' <Latency = 1> <II = 1> <Delay = 1.20> <Storage> <Opcode : 'load' 'store'> <Ports = 2> <Width = 32> <Depth = 1024> <RAM>
ST_5 : Operation 63 [1/2] (1.20ns)   --->   "%theta_local_V_load_7 = load i10 %theta_local_V_addr_7"   --->   Operation 63 'load' 'theta_local_V_load_7' <Predicate = (!icmp_ln209)> <Delay = 1.20> <CoreInst = "RAM">   --->   Core 83 'RAM' <Latency = 1> <II = 1> <Delay = 1.20> <Storage> <Opcode : 'load' 'store'> <Ports = 2> <Width = 32> <Depth = 1024> <RAM>
ST_5 : Operation 64 [1/1] (0.00ns)   --->   "%or_ln214_7 = or i10 %tmp_6, i10 8" [sgd.cpp:214]   --->   Operation 64 'or' 'or_ln214_7' <Predicate = (!icmp_ln209)> <Delay = 0.00>
ST_5 : Operation 65 [1/1] (0.00ns)   --->   "%zext_ln594_8 = zext i10 %or_ln214_7"   --->   Operation 65 'zext' 'zext_ln594_8' <Predicate = (!icmp_ln209)> <Delay = 0.00>
ST_5 : Operation 66 [1/1] (0.00ns)   --->   "%theta_local_V_addr_8 = getelementptr i32 %theta_local_V, i64 0, i64 %zext_ln594_8"   --->   Operation 66 'getelementptr' 'theta_local_V_addr_8' <Predicate = (!icmp_ln209)> <Delay = 0.00>
ST_5 : Operation 67 [2/2] (1.20ns)   --->   "%theta_local_V_load_8 = load i10 %theta_local_V_addr_8"   --->   Operation 67 'load' 'theta_local_V_load_8' <Predicate = (!icmp_ln209)> <Delay = 1.20> <CoreInst = "RAM">   --->   Core 83 'RAM' <Latency = 1> <II = 1> <Delay = 1.20> <Storage> <Opcode : 'load' 'store'> <Ports = 2> <Width = 32> <Depth = 1024> <RAM>
ST_5 : Operation 68 [1/1] (0.00ns)   --->   "%or_ln214_8 = or i10 %tmp_6, i10 9" [sgd.cpp:214]   --->   Operation 68 'or' 'or_ln214_8' <Predicate = (!icmp_ln209)> <Delay = 0.00>
ST_5 : Operation 69 [1/1] (0.00ns)   --->   "%zext_ln594_9 = zext i10 %or_ln214_8"   --->   Operation 69 'zext' 'zext_ln594_9' <Predicate = (!icmp_ln209)> <Delay = 0.00>
ST_5 : Operation 70 [1/1] (0.00ns)   --->   "%theta_local_V_addr_9 = getelementptr i32 %theta_local_V, i64 0, i64 %zext_ln594_9"   --->   Operation 70 'getelementptr' 'theta_local_V_addr_9' <Predicate = (!icmp_ln209)> <Delay = 0.00>
ST_5 : Operation 71 [2/2] (1.20ns)   --->   "%theta_local_V_load_9 = load i10 %theta_local_V_addr_9"   --->   Operation 71 'load' 'theta_local_V_load_9' <Predicate = (!icmp_ln209)> <Delay = 1.20> <CoreInst = "RAM">   --->   Core 83 'RAM' <Latency = 1> <II = 1> <Delay = 1.20> <Storage> <Opcode : 'load' 'store'> <Ports = 2> <Width = 32> <Depth = 1024> <RAM>

State 6 <SV = 5> <Delay = 1.20>
ST_6 : Operation 72 [1/2] (1.20ns)   --->   "%theta_local_V_load_8 = load i10 %theta_local_V_addr_8"   --->   Operation 72 'load' 'theta_local_V_load_8' <Predicate = (!icmp_ln209)> <Delay = 1.20> <CoreInst = "RAM">   --->   Core 83 'RAM' <Latency = 1> <II = 1> <Delay = 1.20> <Storage> <Opcode : 'load' 'store'> <Ports = 2> <Width = 32> <Depth = 1024> <RAM>
ST_6 : Operation 73 [1/2] (1.20ns)   --->   "%theta_local_V_load_9 = load i10 %theta_local_V_addr_9"   --->   Operation 73 'load' 'theta_local_V_load_9' <Predicate = (!icmp_ln209)> <Delay = 1.20> <CoreInst = "RAM">   --->   Core 83 'RAM' <Latency = 1> <II = 1> <Delay = 1.20> <Storage> <Opcode : 'load' 'store'> <Ports = 2> <Width = 32> <Depth = 1024> <RAM>
ST_6 : Operation 74 [1/1] (0.00ns)   --->   "%or_ln214_9 = or i10 %tmp_6, i10 10" [sgd.cpp:214]   --->   Operation 74 'or' 'or_ln214_9' <Predicate = (!icmp_ln209)> <Delay = 0.00>
ST_6 : Operation 75 [1/1] (0.00ns)   --->   "%zext_ln594_10 = zext i10 %or_ln214_9"   --->   Operation 75 'zext' 'zext_ln594_10' <Predicate = (!icmp_ln209)> <Delay = 0.00>
ST_6 : Operation 76 [1/1] (0.00ns)   --->   "%theta_local_V_addr_10 = getelementptr i32 %theta_local_V, i64 0, i64 %zext_ln594_10"   --->   Operation 76 'getelementptr' 'theta_local_V_addr_10' <Predicate = (!icmp_ln209)> <Delay = 0.00>
ST_6 : Operation 77 [2/2] (1.20ns)   --->   "%theta_local_V_load_10 = load i10 %theta_local_V_addr_10"   --->   Operation 77 'load' 'theta_local_V_load_10' <Predicate = (!icmp_ln209)> <Delay = 1.20> <CoreInst = "RAM">   --->   Core 83 'RAM' <Latency = 1> <II = 1> <Delay = 1.20> <Storage> <Opcode : 'load' 'store'> <Ports = 2> <Width = 32> <Depth = 1024> <RAM>
ST_6 : Operation 78 [1/1] (0.00ns)   --->   "%or_ln214_10 = or i10 %tmp_6, i10 11" [sgd.cpp:214]   --->   Operation 78 'or' 'or_ln214_10' <Predicate = (!icmp_ln209)> <Delay = 0.00>
ST_6 : Operation 79 [1/1] (0.00ns)   --->   "%zext_ln594_11 = zext i10 %or_ln214_10"   --->   Operation 79 'zext' 'zext_ln594_11' <Predicate = (!icmp_ln209)> <Delay = 0.00>
ST_6 : Operation 80 [1/1] (0.00ns)   --->   "%theta_local_V_addr_11 = getelementptr i32 %theta_local_V, i64 0, i64 %zext_ln594_11"   --->   Operation 80 'getelementptr' 'theta_local_V_addr_11' <Predicate = (!icmp_ln209)> <Delay = 0.00>
ST_6 : Operation 81 [2/2] (1.20ns)   --->   "%theta_local_V_load_11 = load i10 %theta_local_V_addr_11"   --->   Operation 81 'load' 'theta_local_V_load_11' <Predicate = (!icmp_ln209)> <Delay = 1.20> <CoreInst = "RAM">   --->   Core 83 'RAM' <Latency = 1> <II = 1> <Delay = 1.20> <Storage> <Opcode : 'load' 'store'> <Ports = 2> <Width = 32> <Depth = 1024> <RAM>

State 7 <SV = 6> <Delay = 1.20>
ST_7 : Operation 82 [1/2] (1.20ns)   --->   "%theta_local_V_load_10 = load i10 %theta_local_V_addr_10"   --->   Operation 82 'load' 'theta_local_V_load_10' <Predicate = (!icmp_ln209)> <Delay = 1.20> <CoreInst = "RAM">   --->   Core 83 'RAM' <Latency = 1> <II = 1> <Delay = 1.20> <Storage> <Opcode : 'load' 'store'> <Ports = 2> <Width = 32> <Depth = 1024> <RAM>
ST_7 : Operation 83 [1/2] (1.20ns)   --->   "%theta_local_V_load_11 = load i10 %theta_local_V_addr_11"   --->   Operation 83 'load' 'theta_local_V_load_11' <Predicate = (!icmp_ln209)> <Delay = 1.20> <CoreInst = "RAM">   --->   Core 83 'RAM' <Latency = 1> <II = 1> <Delay = 1.20> <Storage> <Opcode : 'load' 'store'> <Ports = 2> <Width = 32> <Depth = 1024> <RAM>
ST_7 : Operation 84 [1/1] (0.00ns)   --->   "%or_ln214_11 = or i10 %tmp_6, i10 12" [sgd.cpp:214]   --->   Operation 84 'or' 'or_ln214_11' <Predicate = (!icmp_ln209)> <Delay = 0.00>
ST_7 : Operation 85 [1/1] (0.00ns)   --->   "%zext_ln594_12 = zext i10 %or_ln214_11"   --->   Operation 85 'zext' 'zext_ln594_12' <Predicate = (!icmp_ln209)> <Delay = 0.00>
ST_7 : Operation 86 [1/1] (0.00ns)   --->   "%theta_local_V_addr_12 = getelementptr i32 %theta_local_V, i64 0, i64 %zext_ln594_12"   --->   Operation 86 'getelementptr' 'theta_local_V_addr_12' <Predicate = (!icmp_ln209)> <Delay = 0.00>
ST_7 : Operation 87 [2/2] (1.20ns)   --->   "%theta_local_V_load_12 = load i10 %theta_local_V_addr_12"   --->   Operation 87 'load' 'theta_local_V_load_12' <Predicate = (!icmp_ln209)> <Delay = 1.20> <CoreInst = "RAM">   --->   Core 83 'RAM' <Latency = 1> <II = 1> <Delay = 1.20> <Storage> <Opcode : 'load' 'store'> <Ports = 2> <Width = 32> <Depth = 1024> <RAM>
ST_7 : Operation 88 [1/1] (0.00ns)   --->   "%or_ln214_12 = or i10 %tmp_6, i10 13" [sgd.cpp:214]   --->   Operation 88 'or' 'or_ln214_12' <Predicate = (!icmp_ln209)> <Delay = 0.00>
ST_7 : Operation 89 [1/1] (0.00ns)   --->   "%zext_ln594_13 = zext i10 %or_ln214_12"   --->   Operation 89 'zext' 'zext_ln594_13' <Predicate = (!icmp_ln209)> <Delay = 0.00>
ST_7 : Operation 90 [1/1] (0.00ns)   --->   "%theta_local_V_addr_13 = getelementptr i32 %theta_local_V, i64 0, i64 %zext_ln594_13"   --->   Operation 90 'getelementptr' 'theta_local_V_addr_13' <Predicate = (!icmp_ln209)> <Delay = 0.00>
ST_7 : Operation 91 [2/2] (1.20ns)   --->   "%theta_local_V_load_13 = load i10 %theta_local_V_addr_13"   --->   Operation 91 'load' 'theta_local_V_load_13' <Predicate = (!icmp_ln209)> <Delay = 1.20> <CoreInst = "RAM">   --->   Core 83 'RAM' <Latency = 1> <II = 1> <Delay = 1.20> <Storage> <Opcode : 'load' 'store'> <Ports = 2> <Width = 32> <Depth = 1024> <RAM>

State 8 <SV = 7> <Delay = 1.20>
ST_8 : Operation 92 [1/2] (1.20ns)   --->   "%theta_local_V_load_12 = load i10 %theta_local_V_addr_12"   --->   Operation 92 'load' 'theta_local_V_load_12' <Predicate = (!icmp_ln209)> <Delay = 1.20> <CoreInst = "RAM">   --->   Core 83 'RAM' <Latency = 1> <II = 1> <Delay = 1.20> <Storage> <Opcode : 'load' 'store'> <Ports = 2> <Width = 32> <Depth = 1024> <RAM>
ST_8 : Operation 93 [1/2] (1.20ns)   --->   "%theta_local_V_load_13 = load i10 %theta_local_V_addr_13"   --->   Operation 93 'load' 'theta_local_V_load_13' <Predicate = (!icmp_ln209)> <Delay = 1.20> <CoreInst = "RAM">   --->   Core 83 'RAM' <Latency = 1> <II = 1> <Delay = 1.20> <Storage> <Opcode : 'load' 'store'> <Ports = 2> <Width = 32> <Depth = 1024> <RAM>
ST_8 : Operation 94 [1/1] (0.00ns)   --->   "%or_ln214_13 = or i10 %tmp_6, i10 14" [sgd.cpp:214]   --->   Operation 94 'or' 'or_ln214_13' <Predicate = (!icmp_ln209)> <Delay = 0.00>
ST_8 : Operation 95 [1/1] (0.00ns)   --->   "%zext_ln594_14 = zext i10 %or_ln214_13"   --->   Operation 95 'zext' 'zext_ln594_14' <Predicate = (!icmp_ln209)> <Delay = 0.00>
ST_8 : Operation 96 [1/1] (0.00ns)   --->   "%theta_local_V_addr_14 = getelementptr i32 %theta_local_V, i64 0, i64 %zext_ln594_14"   --->   Operation 96 'getelementptr' 'theta_local_V_addr_14' <Predicate = (!icmp_ln209)> <Delay = 0.00>
ST_8 : Operation 97 [2/2] (1.20ns)   --->   "%theta_local_V_load_14 = load i10 %theta_local_V_addr_14"   --->   Operation 97 'load' 'theta_local_V_load_14' <Predicate = (!icmp_ln209)> <Delay = 1.20> <CoreInst = "RAM">   --->   Core 83 'RAM' <Latency = 1> <II = 1> <Delay = 1.20> <Storage> <Opcode : 'load' 'store'> <Ports = 2> <Width = 32> <Depth = 1024> <RAM>
ST_8 : Operation 98 [1/1] (0.00ns)   --->   "%or_ln214_14 = or i10 %tmp_6, i10 15" [sgd.cpp:214]   --->   Operation 98 'or' 'or_ln214_14' <Predicate = (!icmp_ln209)> <Delay = 0.00>
ST_8 : Operation 99 [1/1] (0.00ns)   --->   "%zext_ln594_15 = zext i10 %or_ln214_14"   --->   Operation 99 'zext' 'zext_ln594_15' <Predicate = (!icmp_ln209)> <Delay = 0.00>
ST_8 : Operation 100 [1/1] (0.00ns)   --->   "%theta_local_V_addr_15 = getelementptr i32 %theta_local_V, i64 0, i64 %zext_ln594_15"   --->   Operation 100 'getelementptr' 'theta_local_V_addr_15' <Predicate = (!icmp_ln209)> <Delay = 0.00>
ST_8 : Operation 101 [2/2] (1.20ns)   --->   "%theta_local_V_load_15 = load i10 %theta_local_V_addr_15"   --->   Operation 101 'load' 'theta_local_V_load_15' <Predicate = (!icmp_ln209)> <Delay = 1.20> <CoreInst = "RAM">   --->   Core 83 'RAM' <Latency = 1> <II = 1> <Delay = 1.20> <Storage> <Opcode : 'load' 'store'> <Ports = 2> <Width = 32> <Depth = 1024> <RAM>

State 9 <SV = 8> <Delay = 2.40>
ST_9 : Operation 102 [1/1] (0.00ns)   --->   "%i_4_cast29 = zext i7 %i_1"   --->   Operation 102 'zext' 'i_4_cast29' <Predicate = true> <Delay = 0.00>
ST_9 : Operation 103 [1/1] (0.00ns)   --->   "%specloopname_ln212 = specloopname void @_ssdm_op_SpecLoopName, void @empty_5" [sgd.cpp:212]   --->   Operation 103 'specloopname' 'specloopname_ln212' <Predicate = true> <Delay = 0.00>
ST_9 : Operation 104 [1/2] (1.20ns)   --->   "%theta_local_V_load_14 = load i10 %theta_local_V_addr_14"   --->   Operation 104 'load' 'theta_local_V_load_14' <Predicate = true> <Delay = 1.20> <CoreInst = "RAM">   --->   Core 83 'RAM' <Latency = 1> <II = 1> <Delay = 1.20> <Storage> <Opcode : 'load' 'store'> <Ports = 2> <Width = 32> <Depth = 1024> <RAM>
ST_9 : Operation 105 [1/2] (1.20ns)   --->   "%theta_local_V_load_15 = load i10 %theta_local_V_addr_15"   --->   Operation 105 'load' 'theta_local_V_load_15' <Predicate = true> <Delay = 1.20> <CoreInst = "RAM">   --->   Core 83 'RAM' <Latency = 1> <II = 1> <Delay = 1.20> <Storage> <Opcode : 'load' 'store'> <Ports = 2> <Width = 32> <Depth = 1024> <RAM>
ST_9 : Operation 106 [1/1] (0.00ns)   --->   "%p_Result_1_s = bitconcatenate i512 @_ssdm_op_BitConcatenate.i512.i32.i32.i32.i32.i32.i32.i32.i32.i32.i32.i32.i32.i32.i32.i32.i32, i32 %theta_local_V_load_15, i32 %theta_local_V_load_14, i32 %theta_local_V_load_13, i32 %theta_local_V_load_12, i32 %theta_local_V_load_11, i32 %theta_local_V_load_10, i32 %theta_local_V_load_9, i32 %theta_local_V_load_8, i32 %theta_local_V_load_7, i32 %theta_local_V_load_6, i32 %theta_local_V_load_5, i32 %theta_local_V_load_4, i32 %theta_local_V_load_3, i32 %theta_local_V_load_2, i32 %theta_local_V_load_1, i32 %theta_local_V_load"   --->   Operation 106 'bitconcatenate' 'p_Result_1_s' <Predicate = true> <Delay = 0.00>
ST_9 : Operation 107 [1/1] (0.00ns)   --->   "%theta_addr = getelementptr i512 %theta, i64 0, i64 %i_4_cast29" [sgd.cpp:215]   --->   Operation 107 'getelementptr' 'theta_addr' <Predicate = true> <Delay = 0.00>
ST_9 : Operation 108 [1/1] (1.20ns)   --->   "%store_ln215 = store i512 %p_Result_1_s, i6 %theta_addr" [sgd.cpp:215]   --->   Operation 108 'store' 'store_ln215' <Predicate = true> <Delay = 1.20> <CoreInst = "RAM">   --->   Core 83 'RAM' <Latency = 1> <II = 1> <Delay = 1.20> <Storage> <Opcode : 'load' 'store'> <Ports = 2> <Width = 512> <Depth = 64> <RAM>
ST_9 : Operation 109 [1/1] (0.00ns)   --->   "%br_ln209 = br void %for.body.i" [sgd.cpp:209]   --->   Operation 109 'br' 'br_ln209' <Predicate = true> <Delay = 0.00>


============================================================
+ Verbose Summary: Binding
============================================================
STG Binding: 
---------------- STG Properties BEGIN ----------------
- Is combinational: 0
- Is one-state seq: 0
- Is datapath-only: 0
- Is pipelined: 0
- Is top level: 0
Port [ Return ] is wired: 1; IO mode=ap_ctrl_hs:ce=0
Port [ theta]:  wired=1; compound=1; hidden=0; nouse=0; global=0; static=0; extern=0; dir=1; type=1; pingpong=0; private_global=0; MemPort=[03]; IO mode=ap_memory:ce=0
Port [ theta_local_V]:  wired=1; compound=1; hidden=0; nouse=0; global=1; static=1; extern=0; dir=0; type=1; pingpong=0; private_global=0; MemPort=[11]; IO mode=ap_memory:ce=0
---------------- STG Properties END ------------------

---------------- Datapath Model BEGIN ----------------

<LifeTime>
<method=bitvector/>
i                     (alloca           ) [ 0100000000]
specinterface_ln0     (specinterface    ) [ 0000000000]
store_ln0             (store            ) [ 0000000000]
br_ln0                (br               ) [ 0000000000]
i_1                   (load             ) [ 0111111111]
specpipeline_ln0      (specpipeline     ) [ 0000000000]
icmp_ln209            (icmp             ) [ 0111111110]
empty                 (speclooptripcount) [ 0000000000]
add_ln209             (add              ) [ 0000000000]
br_ln209              (br               ) [ 0000000000]
empty_119             (trunc            ) [ 0000000000]
tmp_6                 (bitconcatenate   ) [ 0011111110]
zext_ln594            (zext             ) [ 0000000000]
theta_local_V_addr    (getelementptr    ) [ 0010000000]
or_ln214              (or               ) [ 0000000000]
zext_ln594_1          (zext             ) [ 0000000000]
theta_local_V_addr_1  (getelementptr    ) [ 0010000000]
store_ln209           (store            ) [ 0000000000]
theta_local_V_load    (load             ) [ 0101111111]
theta_local_V_load_1  (load             ) [ 0101111111]
or_ln214_1            (or               ) [ 0000000000]
zext_ln594_2          (zext             ) [ 0000000000]
theta_local_V_addr_2  (getelementptr    ) [ 0001000000]
or_ln214_2            (or               ) [ 0000000000]
zext_ln594_3          (zext             ) [ 0000000000]
theta_local_V_addr_3  (getelementptr    ) [ 0001000000]
theta_local_V_load_2  (load             ) [ 0100111111]
theta_local_V_load_3  (load             ) [ 0100111111]
or_ln214_3            (or               ) [ 0000000000]
zext_ln594_4          (zext             ) [ 0000000000]
theta_local_V_addr_4  (getelementptr    ) [ 0000100000]
or_ln214_4            (or               ) [ 0000000000]
zext_ln594_5          (zext             ) [ 0000000000]
theta_local_V_addr_5  (getelementptr    ) [ 0000100000]
theta_local_V_load_4  (load             ) [ 0100011111]
theta_local_V_load_5  (load             ) [ 0100011111]
or_ln214_5            (or               ) [ 0000000000]
zext_ln594_6          (zext             ) [ 0000000000]
theta_local_V_addr_6  (getelementptr    ) [ 0000010000]
or_ln214_6            (or               ) [ 0000000000]
zext_ln594_7          (zext             ) [ 0000000000]
theta_local_V_addr_7  (getelementptr    ) [ 0000010000]
theta_local_V_load_6  (load             ) [ 0100001111]
theta_local_V_load_7  (load             ) [ 0100001111]
or_ln214_7            (or               ) [ 0000000000]
zext_ln594_8          (zext             ) [ 0000000000]
theta_local_V_addr_8  (getelementptr    ) [ 0000001000]
or_ln214_8            (or               ) [ 0000000000]
zext_ln594_9          (zext             ) [ 0000000000]
theta_local_V_addr_9  (getelementptr    ) [ 0000001000]
theta_local_V_load_8  (load             ) [ 0100000111]
theta_local_V_load_9  (load             ) [ 0100000111]
or_ln214_9            (or               ) [ 0000000000]
zext_ln594_10         (zext             ) [ 0000000000]
theta_local_V_addr_10 (getelementptr    ) [ 0000000100]
or_ln214_10           (or               ) [ 0000000000]
zext_ln594_11         (zext             ) [ 0000000000]
theta_local_V_addr_11 (getelementptr    ) [ 0000000100]
theta_local_V_load_10 (load             ) [ 0100000011]
theta_local_V_load_11 (load             ) [ 0100000011]
or_ln214_11           (or               ) [ 0000000000]
zext_ln594_12         (zext             ) [ 0000000000]
theta_local_V_addr_12 (getelementptr    ) [ 0000000010]
or_ln214_12           (or               ) [ 0000000000]
zext_ln594_13         (zext             ) [ 0000000000]
theta_local_V_addr_13 (getelementptr    ) [ 0000000010]
theta_local_V_load_12 (load             ) [ 0100000001]
theta_local_V_load_13 (load             ) [ 0100000001]
or_ln214_13           (or               ) [ 0000000000]
zext_ln594_14         (zext             ) [ 0000000000]
theta_local_V_addr_14 (getelementptr    ) [ 0100000001]
or_ln214_14           (or               ) [ 0000000000]
zext_ln594_15         (zext             ) [ 0000000000]
theta_local_V_addr_15 (getelementptr    ) [ 0100000001]
i_4_cast29            (zext             ) [ 0000000000]
specloopname_ln212    (specloopname     ) [ 0000000000]
theta_local_V_load_14 (load             ) [ 0000000000]
theta_local_V_load_15 (load             ) [ 0000000000]
p_Result_1_s          (bitconcatenate   ) [ 0000000000]
theta_addr            (getelementptr    ) [ 0000000000]
store_ln215           (store            ) [ 0000000000]
br_ln209              (br               ) [ 0000000000]
ret_ln0               (ret              ) [ 0000000000]
</LifeTime>

<model>

<comp_list>
<comp id="0" class="1000" name="theta">
<pin_list>
<pin id="1" dir="1" index="0" bw="1" slack="0"/>
</pin_list>
<bind>
<StgValue><ssdm name="theta"/><MemPortTyVec>0 3 </MemPortTyVec>
</StgValue>
</bind>
</comp>

<comp id="2" class="1000" name="theta_local_V">
<pin_list>
<pin id="3" dir="1" index="0" bw="1" slack="0"/>
</pin_list>
<bind>
<StgValue><ssdm name="theta_local_V"/><MemPortTyVec>1 1 </MemPortTyVec>
</StgValue>
</bind>
</comp>

<comp id="4" class="1001" name="const_4">
<pin_list>
<pin id="5" dir="1" index="0" bw="1" slack="0"/>
</pin_list>
<bind>
<StgValue><ssdm name=""/></StgValue>
</bind>
</comp>

<comp id="6" class="1001" name="const_6">
<pin_list>
<pin id="7" dir="1" index="0" bw="1" slack="2147483647"/>
</pin_list>
<bind>
<StgValue><ssdm name="_ssdm_op_SpecInterface"/></StgValue>
</bind>
</comp>

<comp id="8" class="1001" name="const_8">
<pin_list>
<pin id="9" dir="1" index="0" bw="1" slack="2147483647"/>
</pin_list>
<bind>
<StgValue><ssdm name="empty_10"/></StgValue>
</bind>
</comp>

<comp id="10" class="1001" name="const_10">
<pin_list>
<pin id="11" dir="1" index="0" bw="1" slack="2147483647"/>
</pin_list>
<bind>
<StgValue><ssdm name=""/></StgValue>
</bind>
</comp>

<comp id="12" class="1001" name="const_12">
<pin_list>
<pin id="13" dir="1" index="0" bw="1" slack="2147483647"/>
</pin_list>
<bind>
<StgValue><ssdm name="empty_0"/></StgValue>
</bind>
</comp>

<comp id="14" class="1001" name="const_14">
<pin_list>
<pin id="15" dir="1" index="0" bw="1" slack="2147483647"/>
</pin_list>
<bind>
<StgValue><ssdm name=""/></StgValue>
</bind>
</comp>

<comp id="16" class="1001" name="const_16">
<pin_list>
<pin id="17" dir="1" index="0" bw="1" slack="0"/>
</pin_list>
<bind>
<StgValue><ssdm name=""/></StgValue>
</bind>
</comp>

<comp id="18" class="1001" name="const_18">
<pin_list>
<pin id="19" dir="1" index="0" bw="1" slack="2147483647"/>
</pin_list>
<bind>
<StgValue><ssdm name="_ssdm_op_SpecPipeline"/></StgValue>
</bind>
</comp>

<comp id="20" class="1001" name="const_20">
<pin_list>
<pin id="21" dir="1" index="0" bw="1" slack="2147483647"/>
</pin_list>
<bind>
<StgValue><ssdm name="p_str"/></StgValue>
</bind>
</comp>

<comp id="22" class="1001" name="const_22">
<pin_list>
<pin id="23" dir="1" index="0" bw="1" slack="0"/>
</pin_list>
<bind>
<StgValue><ssdm name=""/></StgValue>
</bind>
</comp>

<comp id="24" class="1001" name="const_24">
<pin_list>
<pin id="25" dir="1" index="0" bw="1" slack="2147483647"/>
</pin_list>
<bind>
<StgValue><ssdm name="_ssdm_op_SpecLoopTripCount"/></StgValue>
</bind>
</comp>

<comp id="26" class="1001" name="const_26">
<pin_list>
<pin id="27" dir="1" index="0" bw="1" slack="2147483647"/>
</pin_list>
<bind>
<StgValue><ssdm name=""/></StgValue>
</bind>
</comp>

<comp id="28" class="1001" name="const_28">
<pin_list>
<pin id="29" dir="1" index="0" bw="1" slack="0"/>
</pin_list>
<bind>
<StgValue><ssdm name=""/></StgValue>
</bind>
</comp>

<comp id="30" class="1001" name="const_30">
<pin_list>
<pin id="31" dir="1" index="0" bw="1" slack="0"/>
</pin_list>
<bind>
<StgValue><ssdm name="_ssdm_op_BitConcatenate.i10.i6.i4"/></StgValue>
</bind>
</comp>

<comp id="32" class="1001" name="const_32">
<pin_list>
<pin id="33" dir="1" index="0" bw="1" slack="0"/>
</pin_list>
<bind>
<StgValue><ssdm name=""/></StgValue>
</bind>
</comp>

<comp id="34" class="1001" name="const_34">
<pin_list>
<pin id="35" dir="1" index="0" bw="1" slack="0"/>
</pin_list>
<bind>
<StgValue><ssdm name=""/></StgValue>
</bind>
</comp>

<comp id="36" class="1001" name="const_36">
<pin_list>
<pin id="37" dir="1" index="0" bw="1" slack="0"/>
</pin_list>
<bind>
<StgValue><ssdm name=""/></StgValue>
</bind>
</comp>

<comp id="38" class="1001" name="const_38">
<pin_list>
<pin id="39" dir="1" index="0" bw="1" slack="0"/>
</pin_list>
<bind>
<StgValue><ssdm name=""/></StgValue>
</bind>
</comp>

<comp id="40" class="1001" name="const_40">
<pin_list>
<pin id="41" dir="1" index="0" bw="1" slack="0"/>
</pin_list>
<bind>
<StgValue><ssdm name=""/></StgValue>
</bind>
</comp>

<comp id="42" class="1001" name="const_42">
<pin_list>
<pin id="43" dir="1" index="0" bw="1" slack="0"/>
</pin_list>
<bind>
<StgValue><ssdm name=""/></StgValue>
</bind>
</comp>

<comp id="44" class="1001" name="const_44">
<pin_list>
<pin id="45" dir="1" index="0" bw="1" slack="0"/>
</pin_list>
<bind>
<StgValue><ssdm name=""/></StgValue>
</bind>
</comp>

<comp id="46" class="1001" name="const_46">
<pin_list>
<pin id="47" dir="1" index="0" bw="1" slack="0"/>
</pin_list>
<bind>
<StgValue><ssdm name=""/></StgValue>
</bind>
</comp>

<comp id="48" class="1001" name="const_48">
<pin_list>
<pin id="49" dir="1" index="0" bw="1" slack="0"/>
</pin_list>
<bind>
<StgValue><ssdm name=""/></StgValue>
</bind>
</comp>

<comp id="50" class="1001" name="const_50">
<pin_list>
<pin id="51" dir="1" index="0" bw="1" slack="0"/>
</pin_list>
<bind>
<StgValue><ssdm name=""/></StgValue>
</bind>
</comp>

<comp id="52" class="1001" name="const_52">
<pin_list>
<pin id="53" dir="1" index="0" bw="1" slack="0"/>
</pin_list>
<bind>
<StgValue><ssdm name=""/></StgValue>
</bind>
</comp>

<comp id="54" class="1001" name="const_54">
<pin_list>
<pin id="55" dir="1" index="0" bw="1" slack="0"/>
</pin_list>
<bind>
<StgValue><ssdm name=""/></StgValue>
</bind>
</comp>

<comp id="56" class="1001" name="const_56">
<pin_list>
<pin id="57" dir="1" index="0" bw="1" slack="0"/>
</pin_list>
<bind>
<StgValue><ssdm name=""/></StgValue>
</bind>
</comp>

<comp id="58" class="1001" name="const_58">
<pin_list>
<pin id="59" dir="1" index="0" bw="1" slack="0"/>
</pin_list>
<bind>
<StgValue><ssdm name=""/></StgValue>
</bind>
</comp>

<comp id="60" class="1001" name="const_60">
<pin_list>
<pin id="61" dir="1" index="0" bw="1" slack="0"/>
</pin_list>
<bind>
<StgValue><ssdm name=""/></StgValue>
</bind>
</comp>

<comp id="62" class="1001" name="const_62">
<pin_list>
<pin id="63" dir="1" index="0" bw="1" slack="0"/>
</pin_list>
<bind>
<StgValue><ssdm name=""/></StgValue>
</bind>
</comp>

<comp id="64" class="1001" name="const_64">
<pin_list>
<pin id="65" dir="1" index="0" bw="1" slack="0"/>
</pin_list>
<bind>
<StgValue><ssdm name=""/></StgValue>
</bind>
</comp>

<comp id="66" class="1001" name="const_66">
<pin_list>
<pin id="67" dir="1" index="0" bw="1" slack="2147483647"/>
</pin_list>
<bind>
<StgValue><ssdm name="_ssdm_op_SpecLoopName"/></StgValue>
</bind>
</comp>

<comp id="68" class="1001" name="const_68">
<pin_list>
<pin id="69" dir="1" index="0" bw="1" slack="2147483647"/>
</pin_list>
<bind>
<StgValue><ssdm name="empty_5"/></StgValue>
</bind>
</comp>

<comp id="70" class="1001" name="const_70">
<pin_list>
<pin id="71" dir="1" index="0" bw="1" slack="0"/>
</pin_list>
<bind>
<StgValue><ssdm name="_ssdm_op_BitConcatenate.i512.i32.i32.i32.i32.i32.i32.i32.i32.i32.i32.i32.i32.i32.i32.i32.i32"/></StgValue>
</bind>
</comp>

<comp id="72" class="1004" name="i_fu_72">
<pin_list>
<pin id="73" dir="0" index="0" bw="1" slack="0"/>
<pin id="74" dir="1" index="1" bw="7" slack="0"/>
</pin_list>
<bind>
<opcode="alloca(26) " fcode="alloca"/>
<opset="i/1 "/>
</bind>
</comp>

<comp id="76" class="1004" name="theta_local_V_addr_gep_fu_76">
<pin_list>
<pin id="77" dir="0" index="0" bw="32" slack="0"/>
<pin id="78" dir="0" index="1" bw="1" slack="0"/>
<pin id="79" dir="0" index="2" bw="10" slack="0"/>
<pin id="80" dir="1" index="3" bw="10" slack="0"/>
</pin_list>
<bind>
<opcode="getelementptr(29) " fcode="getelementptr"/>
<opset="theta_local_V_addr/1 "/>
</bind>
</comp>

<comp id="83" class="1004" name="grp_access_fu_83">
<pin_list>
<pin id="84" dir="0" index="0" bw="10" slack="0"/>
<pin id="85" dir="0" index="1" bw="32" slack="2147483647"/>
<pin id="86" dir="0" index="2" bw="0" slack="0"/>
<pin id="88" dir="0" index="4" bw="10" slack="2147483647"/>
<pin id="89" dir="0" index="5" bw="32" slack="2147483647"/>
<pin id="90" dir="0" index="6" bw="0" slack="2147483647"/>
<pin id="87" dir="1" index="3" bw="32" slack="0"/>
<pin id="91" dir="1" index="7" bw="32" slack="0"/>
</pin_list>
<bind>
<opcode="load(27) " fcode="load"/>
<opset="theta_local_V_load/1 theta_local_V_load_1/1 theta_local_V_load_2/2 theta_local_V_load_3/2 theta_local_V_load_4/3 theta_local_V_load_5/3 theta_local_V_load_6/4 theta_local_V_load_7/4 theta_local_V_load_8/5 theta_local_V_load_9/5 theta_local_V_load_10/6 theta_local_V_load_11/6 theta_local_V_load_12/7 theta_local_V_load_13/7 theta_local_V_load_14/8 theta_local_V_load_15/8 "/>
</bind>
</comp>

<comp id="93" class="1004" name="theta_local_V_addr_1_gep_fu_93">
<pin_list>
<pin id="94" dir="0" index="0" bw="32" slack="0"/>
<pin id="95" dir="0" index="1" bw="1" slack="0"/>
<pin id="96" dir="0" index="2" bw="10" slack="0"/>
<pin id="97" dir="1" index="3" bw="10" slack="0"/>
</pin_list>
<bind>
<opcode="getelementptr(29) " fcode="getelementptr"/>
<opset="theta_local_V_addr_1/1 "/>
</bind>
</comp>

<comp id="101" class="1004" name="theta_local_V_addr_2_gep_fu_101">
<pin_list>
<pin id="102" dir="0" index="0" bw="32" slack="0"/>
<pin id="103" dir="0" index="1" bw="1" slack="0"/>
<pin id="104" dir="0" index="2" bw="10" slack="0"/>
<pin id="105" dir="1" index="3" bw="10" slack="0"/>
</pin_list>
<bind>
<opcode="getelementptr(29) " fcode="getelementptr"/>
<opset="theta_local_V_addr_2/2 "/>
</bind>
</comp>

<comp id="109" class="1004" name="theta_local_V_addr_3_gep_fu_109">
<pin_list>
<pin id="110" dir="0" index="0" bw="32" slack="0"/>
<pin id="111" dir="0" index="1" bw="1" slack="0"/>
<pin id="112" dir="0" index="2" bw="10" slack="0"/>
<pin id="113" dir="1" index="3" bw="10" slack="0"/>
</pin_list>
<bind>
<opcode="getelementptr(29) " fcode="getelementptr"/>
<opset="theta_local_V_addr_3/2 "/>
</bind>
</comp>

<comp id="117" class="1004" name="theta_local_V_addr_4_gep_fu_117">
<pin_list>
<pin id="118" dir="0" index="0" bw="32" slack="0"/>
<pin id="119" dir="0" index="1" bw="1" slack="0"/>
<pin id="120" dir="0" index="2" bw="10" slack="0"/>
<pin id="121" dir="1" index="3" bw="10" slack="0"/>
</pin_list>
<bind>
<opcode="getelementptr(29) " fcode="getelementptr"/>
<opset="theta_local_V_addr_4/3 "/>
</bind>
</comp>

<comp id="125" class="1004" name="theta_local_V_addr_5_gep_fu_125">
<pin_list>
<pin id="126" dir="0" index="0" bw="32" slack="0"/>
<pin id="127" dir="0" index="1" bw="1" slack="0"/>
<pin id="128" dir="0" index="2" bw="10" slack="0"/>
<pin id="129" dir="1" index="3" bw="10" slack="0"/>
</pin_list>
<bind>
<opcode="getelementptr(29) " fcode="getelementptr"/>
<opset="theta_local_V_addr_5/3 "/>
</bind>
</comp>

<comp id="133" class="1004" name="theta_local_V_addr_6_gep_fu_133">
<pin_list>
<pin id="134" dir="0" index="0" bw="32" slack="0"/>
<pin id="135" dir="0" index="1" bw="1" slack="0"/>
<pin id="136" dir="0" index="2" bw="10" slack="0"/>
<pin id="137" dir="1" index="3" bw="10" slack="0"/>
</pin_list>
<bind>
<opcode="getelementptr(29) " fcode="getelementptr"/>
<opset="theta_local_V_addr_6/4 "/>
</bind>
</comp>

<comp id="141" class="1004" name="theta_local_V_addr_7_gep_fu_141">
<pin_list>
<pin id="142" dir="0" index="0" bw="32" slack="0"/>
<pin id="143" dir="0" index="1" bw="1" slack="0"/>
<pin id="144" dir="0" index="2" bw="10" slack="0"/>
<pin id="145" dir="1" index="3" bw="10" slack="0"/>
</pin_list>
<bind>
<opcode="getelementptr(29) " fcode="getelementptr"/>
<opset="theta_local_V_addr_7/4 "/>
</bind>
</comp>

<comp id="149" class="1004" name="theta_local_V_addr_8_gep_fu_149">
<pin_list>
<pin id="150" dir="0" index="0" bw="32" slack="0"/>
<pin id="151" dir="0" index="1" bw="1" slack="0"/>
<pin id="152" dir="0" index="2" bw="10" slack="0"/>
<pin id="153" dir="1" index="3" bw="10" slack="0"/>
</pin_list>
<bind>
<opcode="getelementptr(29) " fcode="getelementptr"/>
<opset="theta_local_V_addr_8/5 "/>
</bind>
</comp>

<comp id="157" class="1004" name="theta_local_V_addr_9_gep_fu_157">
<pin_list>
<pin id="158" dir="0" index="0" bw="32" slack="0"/>
<pin id="159" dir="0" index="1" bw="1" slack="0"/>
<pin id="160" dir="0" index="2" bw="10" slack="0"/>
<pin id="161" dir="1" index="3" bw="10" slack="0"/>
</pin_list>
<bind>
<opcode="getelementptr(29) " fcode="getelementptr"/>
<opset="theta_local_V_addr_9/5 "/>
</bind>
</comp>

<comp id="165" class="1004" name="theta_local_V_addr_10_gep_fu_165">
<pin_list>
<pin id="166" dir="0" index="0" bw="32" slack="0"/>
<pin id="167" dir="0" index="1" bw="1" slack="0"/>
<pin id="168" dir="0" index="2" bw="10" slack="0"/>
<pin id="169" dir="1" index="3" bw="10" slack="0"/>
</pin_list>
<bind>
<opcode="getelementptr(29) " fcode="getelementptr"/>
<opset="theta_local_V_addr_10/6 "/>
</bind>
</comp>

<comp id="173" class="1004" name="theta_local_V_addr_11_gep_fu_173">
<pin_list>
<pin id="174" dir="0" index="0" bw="32" slack="0"/>
<pin id="175" dir="0" index="1" bw="1" slack="0"/>
<pin id="176" dir="0" index="2" bw="10" slack="0"/>
<pin id="177" dir="1" index="3" bw="10" slack="0"/>
</pin_list>
<bind>
<opcode="getelementptr(29) " fcode="getelementptr"/>
<opset="theta_local_V_addr_11/6 "/>
</bind>
</comp>

<comp id="181" class="1004" name="theta_local_V_addr_12_gep_fu_181">
<pin_list>
<pin id="182" dir="0" index="0" bw="32" slack="0"/>
<pin id="183" dir="0" index="1" bw="1" slack="0"/>
<pin id="184" dir="0" index="2" bw="10" slack="0"/>
<pin id="185" dir="1" index="3" bw="10" slack="0"/>
</pin_list>
<bind>
<opcode="getelementptr(29) " fcode="getelementptr"/>
<opset="theta_local_V_addr_12/7 "/>
</bind>
</comp>

<comp id="189" class="1004" name="theta_local_V_addr_13_gep_fu_189">
<pin_list>
<pin id="190" dir="0" index="0" bw="32" slack="0"/>
<pin id="191" dir="0" index="1" bw="1" slack="0"/>
<pin id="192" dir="0" index="2" bw="10" slack="0"/>
<pin id="193" dir="1" index="3" bw="10" slack="0"/>
</pin_list>
<bind>
<opcode="getelementptr(29) " fcode="getelementptr"/>
<opset="theta_local_V_addr_13/7 "/>
</bind>
</comp>

<comp id="197" class="1004" name="theta_local_V_addr_14_gep_fu_197">
<pin_list>
<pin id="198" dir="0" index="0" bw="32" slack="0"/>
<pin id="199" dir="0" index="1" bw="1" slack="0"/>
<pin id="200" dir="0" index="2" bw="10" slack="0"/>
<pin id="201" dir="1" index="3" bw="10" slack="0"/>
</pin_list>
<bind>
<opcode="getelementptr(29) " fcode="getelementptr"/>
<opset="theta_local_V_addr_14/8 "/>
</bind>
</comp>

<comp id="205" class="1004" name="theta_local_V_addr_15_gep_fu_205">
<pin_list>
<pin id="206" dir="0" index="0" bw="32" slack="0"/>
<pin id="207" dir="0" index="1" bw="1" slack="0"/>
<pin id="208" dir="0" index="2" bw="10" slack="0"/>
<pin id="209" dir="1" index="3" bw="10" slack="0"/>
</pin_list>
<bind>
<opcode="getelementptr(29) " fcode="getelementptr"/>
<opset="theta_local_V_addr_15/8 "/>
</bind>
</comp>

<comp id="213" class="1004" name="theta_addr_gep_fu_213">
<pin_list>
<pin id="214" dir="0" index="0" bw="512" slack="0"/>
<pin id="215" dir="0" index="1" bw="1" slack="0"/>
<pin id="216" dir="0" index="2" bw="7" slack="0"/>
<pin id="217" dir="1" index="3" bw="6" slack="0"/>
</pin_list>
<bind>
<opcode="getelementptr(29) " fcode="getelementptr"/>
<opset="theta_addr/9 "/>
</bind>
</comp>

<comp id="220" class="1004" name="store_ln215_access_fu_220">
<pin_list>
<pin id="221" dir="0" index="0" bw="6" slack="0"/>
<pin id="222" dir="0" index="1" bw="512" slack="0"/>
<pin id="223" dir="0" index="2" bw="0" slack="2147483647"/>
<pin id="224" dir="1" index="3" bw="512" slack="2147483647"/>
</pin_list>
<bind>
<opcode="store(28) " fcode="store"/>
<opset="store_ln215/9 "/>
</bind>
</comp>

<comp id="226" class="1004" name="store_ln0_store_fu_226">
<pin_list>
<pin id="227" dir="0" index="0" bw="1" slack="0"/>
<pin id="228" dir="0" index="1" bw="7" slack="0"/>
<pin id="229" dir="1" index="2" bw="0" slack="2147483647"/>
</pin_list>
<bind>
<opcode="store(28) " fcode="store"/>
<opset="store_ln0/1 "/>
</bind>
</comp>

<comp id="231" class="1004" name="i_1_load_fu_231">
<pin_list>
<pin id="232" dir="0" index="0" bw="7" slack="0"/>
<pin id="233" dir="1" index="1" bw="7" slack="0"/>
</pin_list>
<bind>
<opcode="load(27) " fcode="load"/>
<opset="i_1/1 "/>
</bind>
</comp>

<comp id="234" class="1004" name="icmp_ln209_fu_234">
<pin_list>
<pin id="235" dir="0" index="0" bw="7" slack="0"/>
<pin id="236" dir="0" index="1" bw="7" slack="0"/>
<pin id="237" dir="1" index="2" bw="1" slack="1"/>
</pin_list>
<bind>
<opcode="icmp(45) " fcode="icmp"/>
<opset="icmp_ln209/1 "/>
</bind>
</comp>

<comp id="240" class="1004" name="add_ln209_fu_240">
<pin_list>
<pin id="241" dir="0" index="0" bw="7" slack="0"/>
<pin id="242" dir="0" index="1" bw="1" slack="0"/>
<pin id="243" dir="1" index="2" bw="7" slack="0"/>
</pin_list>
<bind>
<opcode="add(8) " fcode="add"/>
<opset="add_ln209/1 "/>
</bind>
</comp>

<comp id="246" class="1004" name="empty_119_fu_246">
<pin_list>
<pin id="247" dir="0" index="0" bw="7" slack="0"/>
<pin id="248" dir="1" index="1" bw="6" slack="0"/>
</pin_list>
<bind>
<opcode="trunc(33) " fcode="trunc"/>
<opset="empty_119/1 "/>
</bind>
</comp>

<comp id="250" class="1004" name="tmp_6_fu_250">
<pin_list>
<pin id="251" dir="0" index="0" bw="10" slack="0"/>
<pin id="252" dir="0" index="1" bw="6" slack="0"/>
<pin id="253" dir="0" index="2" bw="1" slack="0"/>
<pin id="254" dir="1" index="3" bw="10" slack="0"/>
</pin_list>
<bind>
<opcode="bitconcatenate(1004) " fcode="bitconcatenate"/>
<opset="tmp_6/1 "/>
</bind>
</comp>

<comp id="258" class="1004" name="zext_ln594_fu_258">
<pin_list>
<pin id="259" dir="0" index="0" bw="10" slack="0"/>
<pin id="260" dir="1" index="1" bw="64" slack="0"/>
</pin_list>
<bind>
<opcode="zext(34) " fcode="zext"/>
<opset="zext_ln594/1 "/>
</bind>
</comp>

<comp id="263" class="1004" name="or_ln214_fu_263">
<pin_list>
<pin id="264" dir="0" index="0" bw="10" slack="0"/>
<pin id="265" dir="0" index="1" bw="1" slack="0"/>
<pin id="266" dir="1" index="2" bw="10" slack="0"/>
</pin_list>
<bind>
<opcode="or(24) " fcode="or"/>
<opset="or_ln214/1 "/>
</bind>
</comp>

<comp id="269" class="1004" name="zext_ln594_1_fu_269">
<pin_list>
<pin id="270" dir="0" index="0" bw="10" slack="0"/>
<pin id="271" dir="1" index="1" bw="64" slack="0"/>
</pin_list>
<bind>
<opcode="zext(34) " fcode="zext"/>
<opset="zext_ln594_1/1 "/>
</bind>
</comp>

<comp id="274" class="1004" name="store_ln209_store_fu_274">
<pin_list>
<pin id="275" dir="0" index="0" bw="7" slack="0"/>
<pin id="276" dir="0" index="1" bw="7" slack="0"/>
<pin id="277" dir="1" index="2" bw="0" slack="2147483647"/>
</pin_list>
<bind>
<opcode="store(28) " fcode="store"/>
<opset="store_ln209/1 "/>
</bind>
</comp>

<comp id="279" class="1004" name="or_ln214_1_fu_279">
<pin_list>
<pin id="280" dir="0" index="0" bw="10" slack="1"/>
<pin id="281" dir="0" index="1" bw="3" slack="0"/>
<pin id="282" dir="1" index="2" bw="10" slack="0"/>
</pin_list>
<bind>
<opcode="or(24) " fcode="or"/>
<opset="or_ln214_1/2 "/>
</bind>
</comp>

<comp id="284" class="1004" name="zext_ln594_2_fu_284">
<pin_list>
<pin id="285" dir="0" index="0" bw="10" slack="0"/>
<pin id="286" dir="1" index="1" bw="64" slack="0"/>
</pin_list>
<bind>
<opcode="zext(34) " fcode="zext"/>
<opset="zext_ln594_2/2 "/>
</bind>
</comp>

<comp id="289" class="1004" name="or_ln214_2_fu_289">
<pin_list>
<pin id="290" dir="0" index="0" bw="10" slack="1"/>
<pin id="291" dir="0" index="1" bw="3" slack="0"/>
<pin id="292" dir="1" index="2" bw="10" slack="0"/>
</pin_list>
<bind>
<opcode="or(24) " fcode="or"/>
<opset="or_ln214_2/2 "/>
</bind>
</comp>

<comp id="294" class="1004" name="zext_ln594_3_fu_294">
<pin_list>
<pin id="295" dir="0" index="0" bw="10" slack="0"/>
<pin id="296" dir="1" index="1" bw="64" slack="0"/>
</pin_list>
<bind>
<opcode="zext(34) " fcode="zext"/>
<opset="zext_ln594_3/2 "/>
</bind>
</comp>

<comp id="299" class="1004" name="or_ln214_3_fu_299">
<pin_list>
<pin id="300" dir="0" index="0" bw="10" slack="2"/>
<pin id="301" dir="0" index="1" bw="4" slack="0"/>
<pin id="302" dir="1" index="2" bw="10" slack="0"/>
</pin_list>
<bind>
<opcode="or(24) " fcode="or"/>
<opset="or_ln214_3/3 "/>
</bind>
</comp>

<comp id="304" class="1004" name="zext_ln594_4_fu_304">
<pin_list>
<pin id="305" dir="0" index="0" bw="10" slack="0"/>
<pin id="306" dir="1" index="1" bw="64" slack="0"/>
</pin_list>
<bind>
<opcode="zext(34) " fcode="zext"/>
<opset="zext_ln594_4/3 "/>
</bind>
</comp>

<comp id="309" class="1004" name="or_ln214_4_fu_309">
<pin_list>
<pin id="310" dir="0" index="0" bw="10" slack="2"/>
<pin id="311" dir="0" index="1" bw="4" slack="0"/>
<pin id="312" dir="1" index="2" bw="10" slack="0"/>
</pin_list>
<bind>
<opcode="or(24) " fcode="or"/>
<opset="or_ln214_4/3 "/>
</bind>
</comp>

<comp id="314" class="1004" name="zext_ln594_5_fu_314">
<pin_list>
<pin id="315" dir="0" index="0" bw="10" slack="0"/>
<pin id="316" dir="1" index="1" bw="64" slack="0"/>
</pin_list>
<bind>
<opcode="zext(34) " fcode="zext"/>
<opset="zext_ln594_5/3 "/>
</bind>
</comp>

<comp id="319" class="1004" name="or_ln214_5_fu_319">
<pin_list>
<pin id="320" dir="0" index="0" bw="10" slack="3"/>
<pin id="321" dir="0" index="1" bw="4" slack="0"/>
<pin id="322" dir="1" index="2" bw="10" slack="0"/>
</pin_list>
<bind>
<opcode="or(24) " fcode="or"/>
<opset="or_ln214_5/4 "/>
</bind>
</comp>

<comp id="324" class="1004" name="zext_ln594_6_fu_324">
<pin_list>
<pin id="325" dir="0" index="0" bw="10" slack="0"/>
<pin id="326" dir="1" index="1" bw="64" slack="0"/>
</pin_list>
<bind>
<opcode="zext(34) " fcode="zext"/>
<opset="zext_ln594_6/4 "/>
</bind>
</comp>

<comp id="329" class="1004" name="or_ln214_6_fu_329">
<pin_list>
<pin id="330" dir="0" index="0" bw="10" slack="3"/>
<pin id="331" dir="0" index="1" bw="4" slack="0"/>
<pin id="332" dir="1" index="2" bw="10" slack="0"/>
</pin_list>
<bind>
<opcode="or(24) " fcode="or"/>
<opset="or_ln214_6/4 "/>
</bind>
</comp>

<comp id="334" class="1004" name="zext_ln594_7_fu_334">
<pin_list>
<pin id="335" dir="0" index="0" bw="10" slack="0"/>
<pin id="336" dir="1" index="1" bw="64" slack="0"/>
</pin_list>
<bind>
<opcode="zext(34) " fcode="zext"/>
<opset="zext_ln594_7/4 "/>
</bind>
</comp>

<comp id="339" class="1004" name="or_ln214_7_fu_339">
<pin_list>
<pin id="340" dir="0" index="0" bw="10" slack="4"/>
<pin id="341" dir="0" index="1" bw="5" slack="0"/>
<pin id="342" dir="1" index="2" bw="10" slack="0"/>
</pin_list>
<bind>
<opcode="or(24) " fcode="or"/>
<opset="or_ln214_7/5 "/>
</bind>
</comp>

<comp id="344" class="1004" name="zext_ln594_8_fu_344">
<pin_list>
<pin id="345" dir="0" index="0" bw="10" slack="0"/>
<pin id="346" dir="1" index="1" bw="64" slack="0"/>
</pin_list>
<bind>
<opcode="zext(34) " fcode="zext"/>
<opset="zext_ln594_8/5 "/>
</bind>
</comp>

<comp id="349" class="1004" name="or_ln214_8_fu_349">
<pin_list>
<pin id="350" dir="0" index="0" bw="10" slack="4"/>
<pin id="351" dir="0" index="1" bw="5" slack="0"/>
<pin id="352" dir="1" index="2" bw="10" slack="0"/>
</pin_list>
<bind>
<opcode="or(24) " fcode="or"/>
<opset="or_ln214_8/5 "/>
</bind>
</comp>

<comp id="354" class="1004" name="zext_ln594_9_fu_354">
<pin_list>
<pin id="355" dir="0" index="0" bw="10" slack="0"/>
<pin id="356" dir="1" index="1" bw="64" slack="0"/>
</pin_list>
<bind>
<opcode="zext(34) " fcode="zext"/>
<opset="zext_ln594_9/5 "/>
</bind>
</comp>

<comp id="359" class="1004" name="or_ln214_9_fu_359">
<pin_list>
<pin id="360" dir="0" index="0" bw="10" slack="5"/>
<pin id="361" dir="0" index="1" bw="5" slack="0"/>
<pin id="362" dir="1" index="2" bw="10" slack="0"/>
</pin_list>
<bind>
<opcode="or(24) " fcode="or"/>
<opset="or_ln214_9/6 "/>
</bind>
</comp>

<comp id="364" class="1004" name="zext_ln594_10_fu_364">
<pin_list>
<pin id="365" dir="0" index="0" bw="10" slack="0"/>
<pin id="366" dir="1" index="1" bw="64" slack="0"/>
</pin_list>
<bind>
<opcode="zext(34) " fcode="zext"/>
<opset="zext_ln594_10/6 "/>
</bind>
</comp>

<comp id="369" class="1004" name="or_ln214_10_fu_369">
<pin_list>
<pin id="370" dir="0" index="0" bw="10" slack="5"/>
<pin id="371" dir="0" index="1" bw="5" slack="0"/>
<pin id="372" dir="1" index="2" bw="10" slack="0"/>
</pin_list>
<bind>
<opcode="or(24) " fcode="or"/>
<opset="or_ln214_10/6 "/>
</bind>
</comp>

<comp id="374" class="1004" name="zext_ln594_11_fu_374">
<pin_list>
<pin id="375" dir="0" index="0" bw="10" slack="0"/>
<pin id="376" dir="1" index="1" bw="64" slack="0"/>
</pin_list>
<bind>
<opcode="zext(34) " fcode="zext"/>
<opset="zext_ln594_11/6 "/>
</bind>
</comp>

<comp id="379" class="1004" name="or_ln214_11_fu_379">
<pin_list>
<pin id="380" dir="0" index="0" bw="10" slack="6"/>
<pin id="381" dir="0" index="1" bw="5" slack="0"/>
<pin id="382" dir="1" index="2" bw="10" slack="0"/>
</pin_list>
<bind>
<opcode="or(24) " fcode="or"/>
<opset="or_ln214_11/7 "/>
</bind>
</comp>

<comp id="384" class="1004" name="zext_ln594_12_fu_384">
<pin_list>
<pin id="385" dir="0" index="0" bw="10" slack="0"/>
<pin id="386" dir="1" index="1" bw="64" slack="0"/>
</pin_list>
<bind>
<opcode="zext(34) " fcode="zext"/>
<opset="zext_ln594_12/7 "/>
</bind>
</comp>

<comp id="389" class="1004" name="or_ln214_12_fu_389">
<pin_list>
<pin id="390" dir="0" index="0" bw="10" slack="6"/>
<pin id="391" dir="0" index="1" bw="5" slack="0"/>
<pin id="392" dir="1" index="2" bw="10" slack="0"/>
</pin_list>
<bind>
<opcode="or(24) " fcode="or"/>
<opset="or_ln214_12/7 "/>
</bind>
</comp>

<comp id="394" class="1004" name="zext_ln594_13_fu_394">
<pin_list>
<pin id="395" dir="0" index="0" bw="10" slack="0"/>
<pin id="396" dir="1" index="1" bw="64" slack="0"/>
</pin_list>
<bind>
<opcode="zext(34) " fcode="zext"/>
<opset="zext_ln594_13/7 "/>
</bind>
</comp>

<comp id="399" class="1004" name="or_ln214_13_fu_399">
<pin_list>
<pin id="400" dir="0" index="0" bw="10" slack="7"/>
<pin id="401" dir="0" index="1" bw="5" slack="0"/>
<pin id="402" dir="1" index="2" bw="10" slack="0"/>
</pin_list>
<bind>
<opcode="or(24) " fcode="or"/>
<opset="or_ln214_13/8 "/>
</bind>
</comp>

<comp id="404" class="1004" name="zext_ln594_14_fu_404">
<pin_list>
<pin id="405" dir="0" index="0" bw="10" slack="0"/>
<pin id="406" dir="1" index="1" bw="64" slack="0"/>
</pin_list>
<bind>
<opcode="zext(34) " fcode="zext"/>
<opset="zext_ln594_14/8 "/>
</bind>
</comp>

<comp id="409" class="1004" name="or_ln214_14_fu_409">
<pin_list>
<pin id="410" dir="0" index="0" bw="10" slack="7"/>
<pin id="411" dir="0" index="1" bw="5" slack="0"/>
<pin id="412" dir="1" index="2" bw="10" slack="0"/>
</pin_list>
<bind>
<opcode="or(24) " fcode="or"/>
<opset="or_ln214_14/8 "/>
</bind>
</comp>

<comp id="414" class="1004" name="zext_ln594_15_fu_414">
<pin_list>
<pin id="415" dir="0" index="0" bw="10" slack="0"/>
<pin id="416" dir="1" index="1" bw="64" slack="0"/>
</pin_list>
<bind>
<opcode="zext(34) " fcode="zext"/>
<opset="zext_ln594_15/8 "/>
</bind>
</comp>

<comp id="419" class="1004" name="i_4_cast29_fu_419">
<pin_list>
<pin id="420" dir="0" index="0" bw="7" slack="8"/>
<pin id="421" dir="1" index="1" bw="64" slack="0"/>
</pin_list>
<bind>
<opcode="zext(34) " fcode="zext"/>
<opset="i_4_cast29/9 "/>
</bind>
</comp>

<comp id="423" class="1004" name="p_Result_1_s_fu_423">
<pin_list>
<pin id="424" dir="0" index="0" bw="512" slack="0"/>
<pin id="425" dir="0" index="1" bw="32" slack="0"/>
<pin id="426" dir="0" index="2" bw="32" slack="0"/>
<pin id="427" dir="0" index="3" bw="32" slack="1"/>
<pin id="428" dir="0" index="4" bw="32" slack="1"/>
<pin id="429" dir="0" index="5" bw="32" slack="2"/>
<pin id="430" dir="0" index="6" bw="32" slack="2"/>
<pin id="431" dir="0" index="7" bw="32" slack="3"/>
<pin id="432" dir="0" index="8" bw="32" slack="3"/>
<pin id="433" dir="0" index="9" bw="32" slack="4"/>
<pin id="434" dir="0" index="10" bw="32" slack="4"/>
<pin id="435" dir="0" index="11" bw="32" slack="5"/>
<pin id="436" dir="0" index="12" bw="32" slack="5"/>
<pin id="437" dir="0" index="13" bw="32" slack="6"/>
<pin id="438" dir="0" index="14" bw="32" slack="6"/>
<pin id="439" dir="0" index="15" bw="32" slack="7"/>
<pin id="440" dir="0" index="16" bw="32" slack="7"/>
<pin id="441" dir="1" index="17" bw="512" slack="0"/>
</pin_list>
<bind>
<opcode="bitconcatenate(1004) " fcode="bitconcatenate"/>
<opset="p_Result_1_s/9 "/>
</bind>
</comp>

<comp id="446" class="1005" name="i_reg_446">
<pin_list>
<pin id="447" dir="0" index="0" bw="7" slack="0"/>
<pin id="448" dir="1" index="1" bw="7" slack="0"/>
</pin_list>
<bind>
<opset="i "/>
</bind>
</comp>

<comp id="453" class="1005" name="i_1_reg_453">
<pin_list>
<pin id="454" dir="0" index="0" bw="7" slack="8"/>
<pin id="455" dir="1" index="1" bw="7" slack="8"/>
</pin_list>
<bind>
<opset="i_1 "/>
</bind>
</comp>

<comp id="458" class="1005" name="icmp_ln209_reg_458">
<pin_list>
<pin id="459" dir="0" index="0" bw="1" slack="1"/>
<pin id="460" dir="1" index="1" bw="1" slack="2147483647"/>
</pin_list>
<bind>
<opset="icmp_ln209 "/>
</bind>
</comp>

<comp id="462" class="1005" name="tmp_6_reg_462">
<pin_list>
<pin id="463" dir="0" index="0" bw="10" slack="1"/>
<pin id="464" dir="1" index="1" bw="10" slack="1"/>
</pin_list>
<bind>
<opset="tmp_6 "/>
</bind>
</comp>

<comp id="480" class="1005" name="theta_local_V_addr_reg_480">
<pin_list>
<pin id="481" dir="0" index="0" bw="10" slack="1"/>
<pin id="482" dir="1" index="1" bw="10" slack="1"/>
</pin_list>
<bind>
<opset="theta_local_V_addr "/>
</bind>
</comp>

<comp id="485" class="1005" name="theta_local_V_addr_1_reg_485">
<pin_list>
<pin id="486" dir="0" index="0" bw="10" slack="1"/>
<pin id="487" dir="1" index="1" bw="10" slack="1"/>
</pin_list>
<bind>
<opset="theta_local_V_addr_1 "/>
</bind>
</comp>

<comp id="490" class="1005" name="theta_local_V_load_reg_490">
<pin_list>
<pin id="491" dir="0" index="0" bw="32" slack="7"/>
<pin id="492" dir="1" index="1" bw="32" slack="7"/>
</pin_list>
<bind>
<opset="theta_local_V_load "/>
</bind>
</comp>

<comp id="495" class="1005" name="theta_local_V_load_1_reg_495">
<pin_list>
<pin id="496" dir="0" index="0" bw="32" slack="7"/>
<pin id="497" dir="1" index="1" bw="32" slack="7"/>
</pin_list>
<bind>
<opset="theta_local_V_load_1 "/>
</bind>
</comp>

<comp id="500" class="1005" name="theta_local_V_addr_2_reg_500">
<pin_list>
<pin id="501" dir="0" index="0" bw="10" slack="1"/>
<pin id="502" dir="1" index="1" bw="10" slack="1"/>
</pin_list>
<bind>
<opset="theta_local_V_addr_2 "/>
</bind>
</comp>

<comp id="505" class="1005" name="theta_local_V_addr_3_reg_505">
<pin_list>
<pin id="506" dir="0" index="0" bw="10" slack="1"/>
<pin id="507" dir="1" index="1" bw="10" slack="1"/>
</pin_list>
<bind>
<opset="theta_local_V_addr_3 "/>
</bind>
</comp>

<comp id="510" class="1005" name="theta_local_V_load_2_reg_510">
<pin_list>
<pin id="511" dir="0" index="0" bw="32" slack="6"/>
<pin id="512" dir="1" index="1" bw="32" slack="6"/>
</pin_list>
<bind>
<opset="theta_local_V_load_2 "/>
</bind>
</comp>

<comp id="515" class="1005" name="theta_local_V_load_3_reg_515">
<pin_list>
<pin id="516" dir="0" index="0" bw="32" slack="6"/>
<pin id="517" dir="1" index="1" bw="32" slack="6"/>
</pin_list>
<bind>
<opset="theta_local_V_load_3 "/>
</bind>
</comp>

<comp id="520" class="1005" name="theta_local_V_addr_4_reg_520">
<pin_list>
<pin id="521" dir="0" index="0" bw="10" slack="1"/>
<pin id="522" dir="1" index="1" bw="10" slack="1"/>
</pin_list>
<bind>
<opset="theta_local_V_addr_4 "/>
</bind>
</comp>

<comp id="525" class="1005" name="theta_local_V_addr_5_reg_525">
<pin_list>
<pin id="526" dir="0" index="0" bw="10" slack="1"/>
<pin id="527" dir="1" index="1" bw="10" slack="1"/>
</pin_list>
<bind>
<opset="theta_local_V_addr_5 "/>
</bind>
</comp>

<comp id="530" class="1005" name="theta_local_V_load_4_reg_530">
<pin_list>
<pin id="531" dir="0" index="0" bw="32" slack="5"/>
<pin id="532" dir="1" index="1" bw="32" slack="5"/>
</pin_list>
<bind>
<opset="theta_local_V_load_4 "/>
</bind>
</comp>

<comp id="535" class="1005" name="theta_local_V_load_5_reg_535">
<pin_list>
<pin id="536" dir="0" index="0" bw="32" slack="5"/>
<pin id="537" dir="1" index="1" bw="32" slack="5"/>
</pin_list>
<bind>
<opset="theta_local_V_load_5 "/>
</bind>
</comp>

<comp id="540" class="1005" name="theta_local_V_addr_6_reg_540">
<pin_list>
<pin id="541" dir="0" index="0" bw="10" slack="1"/>
<pin id="542" dir="1" index="1" bw="10" slack="1"/>
</pin_list>
<bind>
<opset="theta_local_V_addr_6 "/>
</bind>
</comp>

<comp id="545" class="1005" name="theta_local_V_addr_7_reg_545">
<pin_list>
<pin id="546" dir="0" index="0" bw="10" slack="1"/>
<pin id="547" dir="1" index="1" bw="10" slack="1"/>
</pin_list>
<bind>
<opset="theta_local_V_addr_7 "/>
</bind>
</comp>

<comp id="550" class="1005" name="theta_local_V_load_6_reg_550">
<pin_list>
<pin id="551" dir="0" index="0" bw="32" slack="4"/>
<pin id="552" dir="1" index="1" bw="32" slack="4"/>
</pin_list>
<bind>
<opset="theta_local_V_load_6 "/>
</bind>
</comp>

<comp id="555" class="1005" name="theta_local_V_load_7_reg_555">
<pin_list>
<pin id="556" dir="0" index="0" bw="32" slack="4"/>
<pin id="557" dir="1" index="1" bw="32" slack="4"/>
</pin_list>
<bind>
<opset="theta_local_V_load_7 "/>
</bind>
</comp>

<comp id="560" class="1005" name="theta_local_V_addr_8_reg_560">
<pin_list>
<pin id="561" dir="0" index="0" bw="10" slack="1"/>
<pin id="562" dir="1" index="1" bw="10" slack="1"/>
</pin_list>
<bind>
<opset="theta_local_V_addr_8 "/>
</bind>
</comp>

<comp id="565" class="1005" name="theta_local_V_addr_9_reg_565">
<pin_list>
<pin id="566" dir="0" index="0" bw="10" slack="1"/>
<pin id="567" dir="1" index="1" bw="10" slack="1"/>
</pin_list>
<bind>
<opset="theta_local_V_addr_9 "/>
</bind>
</comp>

<comp id="570" class="1005" name="theta_local_V_load_8_reg_570">
<pin_list>
<pin id="571" dir="0" index="0" bw="32" slack="3"/>
<pin id="572" dir="1" index="1" bw="32" slack="3"/>
</pin_list>
<bind>
<opset="theta_local_V_load_8 "/>
</bind>
</comp>

<comp id="575" class="1005" name="theta_local_V_load_9_reg_575">
<pin_list>
<pin id="576" dir="0" index="0" bw="32" slack="3"/>
<pin id="577" dir="1" index="1" bw="32" slack="3"/>
</pin_list>
<bind>
<opset="theta_local_V_load_9 "/>
</bind>
</comp>

<comp id="580" class="1005" name="theta_local_V_addr_10_reg_580">
<pin_list>
<pin id="581" dir="0" index="0" bw="10" slack="1"/>
<pin id="582" dir="1" index="1" bw="10" slack="1"/>
</pin_list>
<bind>
<opset="theta_local_V_addr_10 "/>
</bind>
</comp>

<comp id="585" class="1005" name="theta_local_V_addr_11_reg_585">
<pin_list>
<pin id="586" dir="0" index="0" bw="10" slack="1"/>
<pin id="587" dir="1" index="1" bw="10" slack="1"/>
</pin_list>
<bind>
<opset="theta_local_V_addr_11 "/>
</bind>
</comp>

<comp id="590" class="1005" name="theta_local_V_load_10_reg_590">
<pin_list>
<pin id="591" dir="0" index="0" bw="32" slack="2"/>
<pin id="592" dir="1" index="1" bw="32" slack="2"/>
</pin_list>
<bind>
<opset="theta_local_V_load_10 "/>
</bind>
</comp>

<comp id="595" class="1005" name="theta_local_V_load_11_reg_595">
<pin_list>
<pin id="596" dir="0" index="0" bw="32" slack="2"/>
<pin id="597" dir="1" index="1" bw="32" slack="2"/>
</pin_list>
<bind>
<opset="theta_local_V_load_11 "/>
</bind>
</comp>

<comp id="600" class="1005" name="theta_local_V_addr_12_reg_600">
<pin_list>
<pin id="601" dir="0" index="0" bw="10" slack="1"/>
<pin id="602" dir="1" index="1" bw="10" slack="1"/>
</pin_list>
<bind>
<opset="theta_local_V_addr_12 "/>
</bind>
</comp>

<comp id="605" class="1005" name="theta_local_V_addr_13_reg_605">
<pin_list>
<pin id="606" dir="0" index="0" bw="10" slack="1"/>
<pin id="607" dir="1" index="1" bw="10" slack="1"/>
</pin_list>
<bind>
<opset="theta_local_V_addr_13 "/>
</bind>
</comp>

<comp id="610" class="1005" name="theta_local_V_load_12_reg_610">
<pin_list>
<pin id="611" dir="0" index="0" bw="32" slack="1"/>
<pin id="612" dir="1" index="1" bw="32" slack="1"/>
</pin_list>
<bind>
<opset="theta_local_V_load_12 "/>
</bind>
</comp>

<comp id="615" class="1005" name="theta_local_V_load_13_reg_615">
<pin_list>
<pin id="616" dir="0" index="0" bw="32" slack="1"/>
<pin id="617" dir="1" index="1" bw="32" slack="1"/>
</pin_list>
<bind>
<opset="theta_local_V_load_13 "/>
</bind>
</comp>

<comp id="620" class="1005" name="theta_local_V_addr_14_reg_620">
<pin_list>
<pin id="621" dir="0" index="0" bw="10" slack="1"/>
<pin id="622" dir="1" index="1" bw="10" slack="1"/>
</pin_list>
<bind>
<opset="theta_local_V_addr_14 "/>
</bind>
</comp>

<comp id="625" class="1005" name="theta_local_V_addr_15_reg_625">
<pin_list>
<pin id="626" dir="0" index="0" bw="10" slack="1"/>
<pin id="627" dir="1" index="1" bw="10" slack="1"/>
</pin_list>
<bind>
<opset="theta_local_V_addr_15 "/>
</bind>
</comp>

</comp_list>

<net_list>
<net id="75"><net_src comp="4" pin="0"/><net_sink comp="72" pin=0"/></net>

<net id="81"><net_src comp="2" pin="0"/><net_sink comp="76" pin=0"/></net>

<net id="82"><net_src comp="34" pin="0"/><net_sink comp="76" pin=1"/></net>

<net id="92"><net_src comp="76" pin="3"/><net_sink comp="83" pin=2"/></net>

<net id="98"><net_src comp="2" pin="0"/><net_sink comp="93" pin=0"/></net>

<net id="99"><net_src comp="34" pin="0"/><net_sink comp="93" pin=1"/></net>

<net id="100"><net_src comp="93" pin="3"/><net_sink comp="83" pin=0"/></net>

<net id="106"><net_src comp="2" pin="0"/><net_sink comp="101" pin=0"/></net>

<net id="107"><net_src comp="34" pin="0"/><net_sink comp="101" pin=1"/></net>

<net id="108"><net_src comp="101" pin="3"/><net_sink comp="83" pin=2"/></net>

<net id="114"><net_src comp="2" pin="0"/><net_sink comp="109" pin=0"/></net>

<net id="115"><net_src comp="34" pin="0"/><net_sink comp="109" pin=1"/></net>

<net id="116"><net_src comp="109" pin="3"/><net_sink comp="83" pin=0"/></net>

<net id="122"><net_src comp="2" pin="0"/><net_sink comp="117" pin=0"/></net>

<net id="123"><net_src comp="34" pin="0"/><net_sink comp="117" pin=1"/></net>

<net id="124"><net_src comp="117" pin="3"/><net_sink comp="83" pin=2"/></net>

<net id="130"><net_src comp="2" pin="0"/><net_sink comp="125" pin=0"/></net>

<net id="131"><net_src comp="34" pin="0"/><net_sink comp="125" pin=1"/></net>

<net id="132"><net_src comp="125" pin="3"/><net_sink comp="83" pin=0"/></net>

<net id="138"><net_src comp="2" pin="0"/><net_sink comp="133" pin=0"/></net>

<net id="139"><net_src comp="34" pin="0"/><net_sink comp="133" pin=1"/></net>

<net id="140"><net_src comp="133" pin="3"/><net_sink comp="83" pin=2"/></net>

<net id="146"><net_src comp="2" pin="0"/><net_sink comp="141" pin=0"/></net>

<net id="147"><net_src comp="34" pin="0"/><net_sink comp="141" pin=1"/></net>

<net id="148"><net_src comp="141" pin="3"/><net_sink comp="83" pin=0"/></net>

<net id="154"><net_src comp="2" pin="0"/><net_sink comp="149" pin=0"/></net>

<net id="155"><net_src comp="34" pin="0"/><net_sink comp="149" pin=1"/></net>

<net id="156"><net_src comp="149" pin="3"/><net_sink comp="83" pin=2"/></net>

<net id="162"><net_src comp="2" pin="0"/><net_sink comp="157" pin=0"/></net>

<net id="163"><net_src comp="34" pin="0"/><net_sink comp="157" pin=1"/></net>

<net id="164"><net_src comp="157" pin="3"/><net_sink comp="83" pin=0"/></net>

<net id="170"><net_src comp="2" pin="0"/><net_sink comp="165" pin=0"/></net>

<net id="171"><net_src comp="34" pin="0"/><net_sink comp="165" pin=1"/></net>

<net id="172"><net_src comp="165" pin="3"/><net_sink comp="83" pin=2"/></net>

<net id="178"><net_src comp="2" pin="0"/><net_sink comp="173" pin=0"/></net>

<net id="179"><net_src comp="34" pin="0"/><net_sink comp="173" pin=1"/></net>

<net id="180"><net_src comp="173" pin="3"/><net_sink comp="83" pin=0"/></net>

<net id="186"><net_src comp="2" pin="0"/><net_sink comp="181" pin=0"/></net>

<net id="187"><net_src comp="34" pin="0"/><net_sink comp="181" pin=1"/></net>

<net id="188"><net_src comp="181" pin="3"/><net_sink comp="83" pin=2"/></net>

<net id="194"><net_src comp="2" pin="0"/><net_sink comp="189" pin=0"/></net>

<net id="195"><net_src comp="34" pin="0"/><net_sink comp="189" pin=1"/></net>

<net id="196"><net_src comp="189" pin="3"/><net_sink comp="83" pin=0"/></net>

<net id="202"><net_src comp="2" pin="0"/><net_sink comp="197" pin=0"/></net>

<net id="203"><net_src comp="34" pin="0"/><net_sink comp="197" pin=1"/></net>

<net id="204"><net_src comp="197" pin="3"/><net_sink comp="83" pin=2"/></net>

<net id="210"><net_src comp="2" pin="0"/><net_sink comp="205" pin=0"/></net>

<net id="211"><net_src comp="34" pin="0"/><net_sink comp="205" pin=1"/></net>

<net id="212"><net_src comp="205" pin="3"/><net_sink comp="83" pin=0"/></net>

<net id="218"><net_src comp="0" pin="0"/><net_sink comp="213" pin=0"/></net>

<net id="219"><net_src comp="34" pin="0"/><net_sink comp="213" pin=1"/></net>

<net id="225"><net_src comp="213" pin="3"/><net_sink comp="220" pin=0"/></net>

<net id="230"><net_src comp="16" pin="0"/><net_sink comp="226" pin=0"/></net>

<net id="238"><net_src comp="231" pin="1"/><net_sink comp="234" pin=0"/></net>

<net id="239"><net_src comp="22" pin="0"/><net_sink comp="234" pin=1"/></net>

<net id="244"><net_src comp="231" pin="1"/><net_sink comp="240" pin=0"/></net>

<net id="245"><net_src comp="28" pin="0"/><net_sink comp="240" pin=1"/></net>

<net id="249"><net_src comp="231" pin="1"/><net_sink comp="246" pin=0"/></net>

<net id="255"><net_src comp="30" pin="0"/><net_sink comp="250" pin=0"/></net>

<net id="256"><net_src comp="246" pin="1"/><net_sink comp="250" pin=1"/></net>

<net id="257"><net_src comp="32" pin="0"/><net_sink comp="250" pin=2"/></net>

<net id="261"><net_src comp="250" pin="3"/><net_sink comp="258" pin=0"/></net>

<net id="262"><net_src comp="258" pin="1"/><net_sink comp="76" pin=2"/></net>

<net id="267"><net_src comp="250" pin="3"/><net_sink comp="263" pin=0"/></net>

<net id="268"><net_src comp="36" pin="0"/><net_sink comp="263" pin=1"/></net>

<net id="272"><net_src comp="263" pin="2"/><net_sink comp="269" pin=0"/></net>

<net id="273"><net_src comp="269" pin="1"/><net_sink comp="93" pin=2"/></net>

<net id="278"><net_src comp="240" pin="2"/><net_sink comp="274" pin=0"/></net>

<net id="283"><net_src comp="38" pin="0"/><net_sink comp="279" pin=1"/></net>

<net id="287"><net_src comp="279" pin="2"/><net_sink comp="284" pin=0"/></net>

<net id="288"><net_src comp="284" pin="1"/><net_sink comp="101" pin=2"/></net>

<net id="293"><net_src comp="40" pin="0"/><net_sink comp="289" pin=1"/></net>

<net id="297"><net_src comp="289" pin="2"/><net_sink comp="294" pin=0"/></net>

<net id="298"><net_src comp="294" pin="1"/><net_sink comp="109" pin=2"/></net>

<net id="303"><net_src comp="42" pin="0"/><net_sink comp="299" pin=1"/></net>

<net id="307"><net_src comp="299" pin="2"/><net_sink comp="304" pin=0"/></net>

<net id="308"><net_src comp="304" pin="1"/><net_sink comp="117" pin=2"/></net>

<net id="313"><net_src comp="44" pin="0"/><net_sink comp="309" pin=1"/></net>

<net id="317"><net_src comp="309" pin="2"/><net_sink comp="314" pin=0"/></net>

<net id="318"><net_src comp="314" pin="1"/><net_sink comp="125" pin=2"/></net>

<net id="323"><net_src comp="46" pin="0"/><net_sink comp="319" pin=1"/></net>

<net id="327"><net_src comp="319" pin="2"/><net_sink comp="324" pin=0"/></net>

<net id="328"><net_src comp="324" pin="1"/><net_sink comp="133" pin=2"/></net>

<net id="333"><net_src comp="48" pin="0"/><net_sink comp="329" pin=1"/></net>

<net id="337"><net_src comp="329" pin="2"/><net_sink comp="334" pin=0"/></net>

<net id="338"><net_src comp="334" pin="1"/><net_sink comp="141" pin=2"/></net>

<net id="343"><net_src comp="50" pin="0"/><net_sink comp="339" pin=1"/></net>

<net id="347"><net_src comp="339" pin="2"/><net_sink comp="344" pin=0"/></net>

<net id="348"><net_src comp="344" pin="1"/><net_sink comp="149" pin=2"/></net>

<net id="353"><net_src comp="52" pin="0"/><net_sink comp="349" pin=1"/></net>

<net id="357"><net_src comp="349" pin="2"/><net_sink comp="354" pin=0"/></net>

<net id="358"><net_src comp="354" pin="1"/><net_sink comp="157" pin=2"/></net>

<net id="363"><net_src comp="54" pin="0"/><net_sink comp="359" pin=1"/></net>

<net id="367"><net_src comp="359" pin="2"/><net_sink comp="364" pin=0"/></net>

<net id="368"><net_src comp="364" pin="1"/><net_sink comp="165" pin=2"/></net>

<net id="373"><net_src comp="56" pin="0"/><net_sink comp="369" pin=1"/></net>

<net id="377"><net_src comp="369" pin="2"/><net_sink comp="374" pin=0"/></net>

<net id="378"><net_src comp="374" pin="1"/><net_sink comp="173" pin=2"/></net>

<net id="383"><net_src comp="58" pin="0"/><net_sink comp="379" pin=1"/></net>

<net id="387"><net_src comp="379" pin="2"/><net_sink comp="384" pin=0"/></net>

<net id="388"><net_src comp="384" pin="1"/><net_sink comp="181" pin=2"/></net>

<net id="393"><net_src comp="60" pin="0"/><net_sink comp="389" pin=1"/></net>

<net id="397"><net_src comp="389" pin="2"/><net_sink comp="394" pin=0"/></net>

<net id="398"><net_src comp="394" pin="1"/><net_sink comp="189" pin=2"/></net>

<net id="403"><net_src comp="62" pin="0"/><net_sink comp="399" pin=1"/></net>

<net id="407"><net_src comp="399" pin="2"/><net_sink comp="404" pin=0"/></net>

<net id="408"><net_src comp="404" pin="1"/><net_sink comp="197" pin=2"/></net>

<net id="413"><net_src comp="64" pin="0"/><net_sink comp="409" pin=1"/></net>

<net id="417"><net_src comp="409" pin="2"/><net_sink comp="414" pin=0"/></net>

<net id="418"><net_src comp="414" pin="1"/><net_sink comp="205" pin=2"/></net>

<net id="422"><net_src comp="419" pin="1"/><net_sink comp="213" pin=2"/></net>

<net id="442"><net_src comp="70" pin="0"/><net_sink comp="423" pin=0"/></net>

<net id="443"><net_src comp="83" pin="3"/><net_sink comp="423" pin=1"/></net>

<net id="444"><net_src comp="83" pin="7"/><net_sink comp="423" pin=2"/></net>

<net id="445"><net_src comp="423" pin="17"/><net_sink comp="220" pin=1"/></net>

<net id="449"><net_src comp="72" pin="1"/><net_sink comp="446" pin=0"/></net>

<net id="450"><net_src comp="446" pin="1"/><net_sink comp="226" pin=1"/></net>

<net id="451"><net_src comp="446" pin="1"/><net_sink comp="231" pin=0"/></net>

<net id="452"><net_src comp="446" pin="1"/><net_sink comp="274" pin=1"/></net>

<net id="456"><net_src comp="231" pin="1"/><net_sink comp="453" pin=0"/></net>

<net id="457"><net_src comp="453" pin="1"/><net_sink comp="419" pin=0"/></net>

<net id="461"><net_src comp="234" pin="2"/><net_sink comp="458" pin=0"/></net>

<net id="465"><net_src comp="250" pin="3"/><net_sink comp="462" pin=0"/></net>

<net id="466"><net_src comp="462" pin="1"/><net_sink comp="279" pin=0"/></net>

<net id="467"><net_src comp="462" pin="1"/><net_sink comp="289" pin=0"/></net>

<net id="468"><net_src comp="462" pin="1"/><net_sink comp="299" pin=0"/></net>

<net id="469"><net_src comp="462" pin="1"/><net_sink comp="309" pin=0"/></net>

<net id="470"><net_src comp="462" pin="1"/><net_sink comp="319" pin=0"/></net>

<net id="471"><net_src comp="462" pin="1"/><net_sink comp="329" pin=0"/></net>

<net id="472"><net_src comp="462" pin="1"/><net_sink comp="339" pin=0"/></net>

<net id="473"><net_src comp="462" pin="1"/><net_sink comp="349" pin=0"/></net>

<net id="474"><net_src comp="462" pin="1"/><net_sink comp="359" pin=0"/></net>

<net id="475"><net_src comp="462" pin="1"/><net_sink comp="369" pin=0"/></net>

<net id="476"><net_src comp="462" pin="1"/><net_sink comp="379" pin=0"/></net>

<net id="477"><net_src comp="462" pin="1"/><net_sink comp="389" pin=0"/></net>

<net id="478"><net_src comp="462" pin="1"/><net_sink comp="399" pin=0"/></net>

<net id="479"><net_src comp="462" pin="1"/><net_sink comp="409" pin=0"/></net>

<net id="483"><net_src comp="76" pin="3"/><net_sink comp="480" pin=0"/></net>

<net id="484"><net_src comp="480" pin="1"/><net_sink comp="83" pin=2"/></net>

<net id="488"><net_src comp="93" pin="3"/><net_sink comp="485" pin=0"/></net>

<net id="489"><net_src comp="485" pin="1"/><net_sink comp="83" pin=0"/></net>

<net id="493"><net_src comp="83" pin="7"/><net_sink comp="490" pin=0"/></net>

<net id="494"><net_src comp="490" pin="1"/><net_sink comp="423" pin=16"/></net>

<net id="498"><net_src comp="83" pin="3"/><net_sink comp="495" pin=0"/></net>

<net id="499"><net_src comp="495" pin="1"/><net_sink comp="423" pin=15"/></net>

<net id="503"><net_src comp="101" pin="3"/><net_sink comp="500" pin=0"/></net>

<net id="504"><net_src comp="500" pin="1"/><net_sink comp="83" pin=2"/></net>

<net id="508"><net_src comp="109" pin="3"/><net_sink comp="505" pin=0"/></net>

<net id="509"><net_src comp="505" pin="1"/><net_sink comp="83" pin=0"/></net>

<net id="513"><net_src comp="83" pin="7"/><net_sink comp="510" pin=0"/></net>

<net id="514"><net_src comp="510" pin="1"/><net_sink comp="423" pin=14"/></net>

<net id="518"><net_src comp="83" pin="3"/><net_sink comp="515" pin=0"/></net>

<net id="519"><net_src comp="515" pin="1"/><net_sink comp="423" pin=13"/></net>

<net id="523"><net_src comp="117" pin="3"/><net_sink comp="520" pin=0"/></net>

<net id="524"><net_src comp="520" pin="1"/><net_sink comp="83" pin=2"/></net>

<net id="528"><net_src comp="125" pin="3"/><net_sink comp="525" pin=0"/></net>

<net id="529"><net_src comp="525" pin="1"/><net_sink comp="83" pin=0"/></net>

<net id="533"><net_src comp="83" pin="7"/><net_sink comp="530" pin=0"/></net>

<net id="534"><net_src comp="530" pin="1"/><net_sink comp="423" pin=12"/></net>

<net id="538"><net_src comp="83" pin="3"/><net_sink comp="535" pin=0"/></net>

<net id="539"><net_src comp="535" pin="1"/><net_sink comp="423" pin=11"/></net>

<net id="543"><net_src comp="133" pin="3"/><net_sink comp="540" pin=0"/></net>

<net id="544"><net_src comp="540" pin="1"/><net_sink comp="83" pin=2"/></net>

<net id="548"><net_src comp="141" pin="3"/><net_sink comp="545" pin=0"/></net>

<net id="549"><net_src comp="545" pin="1"/><net_sink comp="83" pin=0"/></net>

<net id="553"><net_src comp="83" pin="7"/><net_sink comp="550" pin=0"/></net>

<net id="554"><net_src comp="550" pin="1"/><net_sink comp="423" pin=10"/></net>

<net id="558"><net_src comp="83" pin="3"/><net_sink comp="555" pin=0"/></net>

<net id="559"><net_src comp="555" pin="1"/><net_sink comp="423" pin=9"/></net>

<net id="563"><net_src comp="149" pin="3"/><net_sink comp="560" pin=0"/></net>

<net id="564"><net_src comp="560" pin="1"/><net_sink comp="83" pin=2"/></net>

<net id="568"><net_src comp="157" pin="3"/><net_sink comp="565" pin=0"/></net>

<net id="569"><net_src comp="565" pin="1"/><net_sink comp="83" pin=0"/></net>

<net id="573"><net_src comp="83" pin="7"/><net_sink comp="570" pin=0"/></net>

<net id="574"><net_src comp="570" pin="1"/><net_sink comp="423" pin=8"/></net>

<net id="578"><net_src comp="83" pin="3"/><net_sink comp="575" pin=0"/></net>

<net id="579"><net_src comp="575" pin="1"/><net_sink comp="423" pin=7"/></net>

<net id="583"><net_src comp="165" pin="3"/><net_sink comp="580" pin=0"/></net>

<net id="584"><net_src comp="580" pin="1"/><net_sink comp="83" pin=2"/></net>

<net id="588"><net_src comp="173" pin="3"/><net_sink comp="585" pin=0"/></net>

<net id="589"><net_src comp="585" pin="1"/><net_sink comp="83" pin=0"/></net>

<net id="593"><net_src comp="83" pin="7"/><net_sink comp="590" pin=0"/></net>

<net id="594"><net_src comp="590" pin="1"/><net_sink comp="423" pin=6"/></net>

<net id="598"><net_src comp="83" pin="3"/><net_sink comp="595" pin=0"/></net>

<net id="599"><net_src comp="595" pin="1"/><net_sink comp="423" pin=5"/></net>

<net id="603"><net_src comp="181" pin="3"/><net_sink comp="600" pin=0"/></net>

<net id="604"><net_src comp="600" pin="1"/><net_sink comp="83" pin=2"/></net>

<net id="608"><net_src comp="189" pin="3"/><net_sink comp="605" pin=0"/></net>

<net id="609"><net_src comp="605" pin="1"/><net_sink comp="83" pin=0"/></net>

<net id="613"><net_src comp="83" pin="7"/><net_sink comp="610" pin=0"/></net>

<net id="614"><net_src comp="610" pin="1"/><net_sink comp="423" pin=4"/></net>

<net id="618"><net_src comp="83" pin="3"/><net_sink comp="615" pin=0"/></net>

<net id="619"><net_src comp="615" pin="1"/><net_sink comp="423" pin=3"/></net>

<net id="623"><net_src comp="197" pin="3"/><net_sink comp="620" pin=0"/></net>

<net id="624"><net_src comp="620" pin="1"/><net_sink comp="83" pin=2"/></net>

<net id="628"><net_src comp="205" pin="3"/><net_sink comp="625" pin=0"/></net>

<net id="629"><net_src comp="625" pin="1"/><net_sink comp="83" pin=0"/></net>

</net_list>

</model> 
---------------- Datapath Model END ------------------

* FSMD analyzer results:
  - Output states:
	Port: theta | {9 }
 - Input state : 
	Port: SgdLR_Pipeline_STREAM_OUT : theta_local_V | {1 2 3 4 5 6 7 8 9 }
  - Chain level:
	State 1
		store_ln0 : 1
		i_1 : 1
		icmp_ln209 : 2
		add_ln209 : 2
		br_ln209 : 3
		empty_119 : 2
		tmp_6 : 3
		zext_ln594 : 4
		theta_local_V_addr : 5
		theta_local_V_load : 6
		or_ln214 : 4
		zext_ln594_1 : 4
		theta_local_V_addr_1 : 5
		theta_local_V_load_1 : 6
		store_ln209 : 3
	State 2
		theta_local_V_addr_2 : 1
		theta_local_V_load_2 : 2
		theta_local_V_addr_3 : 1
		theta_local_V_load_3 : 2
	State 3
		theta_local_V_addr_4 : 1
		theta_local_V_load_4 : 2
		theta_local_V_addr_5 : 1
		theta_local_V_load_5 : 2
	State 4
		theta_local_V_addr_6 : 1
		theta_local_V_load_6 : 2
		theta_local_V_addr_7 : 1
		theta_local_V_load_7 : 2
	State 5
		theta_local_V_addr_8 : 1
		theta_local_V_load_8 : 2
		theta_local_V_addr_9 : 1
		theta_local_V_load_9 : 2
	State 6
		theta_local_V_addr_10 : 1
		theta_local_V_load_10 : 2
		theta_local_V_addr_11 : 1
		theta_local_V_load_11 : 2
	State 7
		theta_local_V_addr_12 : 1
		theta_local_V_load_12 : 2
		theta_local_V_addr_13 : 1
		theta_local_V_load_13 : 2
	State 8
		theta_local_V_addr_14 : 1
		theta_local_V_load_14 : 2
		theta_local_V_addr_15 : 1
		theta_local_V_load_15 : 2
	State 9
		p_Result_1_s : 1
		theta_addr : 1
		store_ln215 : 2


============================================================
+ Verbose Summary: Datapath Resource usage 
============================================================

* Functional unit list:
|----------|----------------------|---------|---------|
| Operation|    Functional Unit   |    FF   |   LUT   |
|----------|----------------------|---------|---------|
|    add   |   add_ln209_fu_240   |    0    |    14   |
|----------|----------------------|---------|---------|
|   icmp   |   icmp_ln209_fu_234  |    0    |    10   |
|----------|----------------------|---------|---------|
|   trunc  |   empty_119_fu_246   |    0    |    0    |
|----------|----------------------|---------|---------|
|bitconcatenate|     tmp_6_fu_250     |    0    |    0    |
|          |  p_Result_1_s_fu_423 |    0    |    0    |
|----------|----------------------|---------|---------|
|          |   zext_ln594_fu_258  |    0    |    0    |
|          |  zext_ln594_1_fu_269 |    0    |    0    |
|          |  zext_ln594_2_fu_284 |    0    |    0    |
|          |  zext_ln594_3_fu_294 |    0    |    0    |
|          |  zext_ln594_4_fu_304 |    0    |    0    |
|          |  zext_ln594_5_fu_314 |    0    |    0    |
|          |  zext_ln594_6_fu_324 |    0    |    0    |
|          |  zext_ln594_7_fu_334 |    0    |    0    |
|   zext   |  zext_ln594_8_fu_344 |    0    |    0    |
|          |  zext_ln594_9_fu_354 |    0    |    0    |
|          | zext_ln594_10_fu_364 |    0    |    0    |
|          | zext_ln594_11_fu_374 |    0    |    0    |
|          | zext_ln594_12_fu_384 |    0    |    0    |
|          | zext_ln594_13_fu_394 |    0    |    0    |
|          | zext_ln594_14_fu_404 |    0    |    0    |
|          | zext_ln594_15_fu_414 |    0    |    0    |
|          |   i_4_cast29_fu_419  |    0    |    0    |
|----------|----------------------|---------|---------|
|          |    or_ln214_fu_263   |    0    |    0    |
|          |   or_ln214_1_fu_279  |    0    |    0    |
|          |   or_ln214_2_fu_289  |    0    |    0    |
|          |   or_ln214_3_fu_299  |    0    |    0    |
|          |   or_ln214_4_fu_309  |    0    |    0    |
|          |   or_ln214_5_fu_319  |    0    |    0    |
|          |   or_ln214_6_fu_329  |    0    |    0    |
|    or    |   or_ln214_7_fu_339  |    0    |    0    |
|          |   or_ln214_8_fu_349  |    0    |    0    |
|          |   or_ln214_9_fu_359  |    0    |    0    |
|          |  or_ln214_10_fu_369  |    0    |    0    |
|          |  or_ln214_11_fu_379  |    0    |    0    |
|          |  or_ln214_12_fu_389  |    0    |    0    |
|          |  or_ln214_13_fu_399  |    0    |    0    |
|          |  or_ln214_14_fu_409  |    0    |    0    |
|----------|----------------------|---------|---------|
|   Total  |                      |    0    |    24   |
|----------|----------------------|---------|---------|

Memories:
N/A

* Register list:
+-----------------------------+--------+
|                             |   FF   |
+-----------------------------+--------+
|         i_1_reg_453         |    7   |
|          i_reg_446          |    7   |
|      icmp_ln209_reg_458     |    1   |
|theta_local_V_addr_10_reg_580|   10   |
|theta_local_V_addr_11_reg_585|   10   |
|theta_local_V_addr_12_reg_600|   10   |
|theta_local_V_addr_13_reg_605|   10   |
|theta_local_V_addr_14_reg_620|   10   |
|theta_local_V_addr_15_reg_625|   10   |
| theta_local_V_addr_1_reg_485|   10   |
| theta_local_V_addr_2_reg_500|   10   |
| theta_local_V_addr_3_reg_505|   10   |
| theta_local_V_addr_4_reg_520|   10   |
| theta_local_V_addr_5_reg_525|   10   |
| theta_local_V_addr_6_reg_540|   10   |
| theta_local_V_addr_7_reg_545|   10   |
| theta_local_V_addr_8_reg_560|   10   |
| theta_local_V_addr_9_reg_565|   10   |
|  theta_local_V_addr_reg_480 |   10   |
|theta_local_V_load_10_reg_590|   32   |
|theta_local_V_load_11_reg_595|   32   |
|theta_local_V_load_12_reg_610|   32   |
|theta_local_V_load_13_reg_615|   32   |
| theta_local_V_load_1_reg_495|   32   |
| theta_local_V_load_2_reg_510|   32   |
| theta_local_V_load_3_reg_515|   32   |
| theta_local_V_load_4_reg_530|   32   |
| theta_local_V_load_5_reg_535|   32   |
| theta_local_V_load_6_reg_550|   32   |
| theta_local_V_load_7_reg_555|   32   |
| theta_local_V_load_8_reg_570|   32   |
| theta_local_V_load_9_reg_575|   32   |
|  theta_local_V_load_reg_490 |   32   |
|        tmp_6_reg_462        |   10   |
+-----------------------------+--------+
|            Total            |   633  |
+-----------------------------+--------+

* Multiplexer (MUX) list: 
|------------------|------|------|------|--------||---------||---------|
|       Comp       |  Pin | Size |  BW  | S x BW ||  Delay  ||   LUT   |
|------------------|------|------|------|--------||---------||---------|
| grp_access_fu_83 |  p0  |  16  |  10  |   160  ||    65   |
| grp_access_fu_83 |  p2  |  16  |   0  |    0   ||    65   |
|------------------|------|------|------|--------||---------||---------|
|       Total      |      |      |      |   160  ||  0.986  ||   130   |
|------------------|------|------|------|--------||---------||---------|



* Summary:
+-----------+--------+--------+--------+
|           |  Delay |   FF   |   LUT  |
+-----------+--------+--------+--------+
|  Function |    -   |    0   |   24   |
|   Memory  |    -   |    -   |    -   |
|Multiplexer|    0   |    -   |   130  |
|  Register |    -   |   633  |    -   |
+-----------+--------+--------+--------+
|   Total   |    0   |   633  |   154  |
+-----------+--------+--------+--------+
