

================================================================
== Vitis HLS Report for 'DigitRec_Pipeline_FIND_MAX_DIST'
================================================================
* Date:           Tue Dec 17 15:07:00 2024

* Version:        2022.2 (Build 3670227 on Oct 13 2022)
* Project:        project
* Solution:       solution1 (Vivado IP Flow Target)
* Product family: virtexuplus
* Target device:  xcu280-fsvh2892-2L-e


================================================================
== Performance Estimates
================================================================
+ Timing: 
    * Summary: 
    +--------+----------+----------+------------+
    |  Clock |  Target  | Estimated| Uncertainty|
    +--------+----------+----------+------------+
    |ap_clk  |  10.00 ns|  3.194 ns|     2.70 ns|
    +--------+----------+----------+------------+

+ Latency: 
    * Summary: 
    +---------+---------+-----------+-----------+-----+-----+---------+
    |  Latency (cycles) |   Latency (absolute)  |  Interval | Pipeline|
    |   min   |   max   |    min    |    max    | min | max |   Type  |
    +---------+---------+-----------+-----------+-----+-----+---------+
    |        5|        5|  50.000 ns|  50.000 ns|    5|    5|       no|
    +---------+---------+-----------+-----------+-----+-----+---------+

    + Detail: 
        * Instance: 
        N/A

        * Loop: 
        +-----------------+---------+---------+----------+-----------+-----------+------+----------+
        |                 |  Latency (cycles) | Iteration|  Initiation Interval  | Trip |          |
        |    Loop Name    |   min   |   max   |  Latency |  achieved |   target  | Count| Pipelined|
        +-----------------+---------+---------+----------+-----------+-----------+------+----------+
        |- FIND_MAX_DIST  |        3|        3|         1|          1|          1|     3|       yes|
        +-----------------+---------+---------+----------+-----------+-----------+------+----------+

============================================================
+ Verbose Summary: Synthesis Manager
============================================================
InlineROM: 1
ExposeGlobal: 0
============================================================
+ Verbose Summary: CDFG Model
============================================================
IsTopModel: 0
ResetActiveHigh: 1
IsCombinational: 0
IsDatapathOnly: 0
HasWiredReturn: 1
HasMFsm: 2
HasVarLatency: 1
IsPipeline: 0
IsRtlPipelined: 0
IsInstanceOverlapped: 0
IsDontTouch: 0
HasImplIP: 0
IsGatedGlobalClock: 0

+ Individual pipeline summary: 
  * Pipeline-0: initiation interval (II) = 1, depth = 2


============================================================
+ Verbose Summary: Schedule
============================================================
* Number of FSM states : 2
* Pipeline : 1
  Pipeline-0 : II = 1, D = 2, States = { 1 2 }
* Dataflow Pipeline: 0

* FSM state transitions: 
1 --> 2 
2 --> 

* FSM state operations: 

State 1 <SV = 0> <Delay = 0.38>
ST_1 : Operation 4 [1/1] (0.00ns)   --->   "%max_dist_id = alloca i32 1"   --->   Operation 4 'alloca' 'max_dist_id' <Predicate = true> <Delay = 0.00>
ST_1 : Operation 5 [1/1] (0.00ns)   --->   "%max_dist = alloca i32 1"   --->   Operation 5 'alloca' 'max_dist' <Predicate = true> <Delay = 0.00>
ST_1 : Operation 6 [1/1] (0.00ns)   --->   "%k = alloca i32 1"   --->   Operation 6 'alloca' 'k' <Predicate = true> <Delay = 0.00>
ST_1 : Operation 7 [1/1] (0.00ns)   --->   "%knn_set_119_read = read i32 @_ssdm_op_Read.ap_auto.i32, i32 %knn_set_119"   --->   Operation 7 'read' 'knn_set_119_read' <Predicate = true> <Delay = 0.00>
ST_1 : Operation 8 [1/1] (0.00ns)   --->   "%knn_set_118_read = read i32 @_ssdm_op_Read.ap_auto.i32, i32 %knn_set_118"   --->   Operation 8 'read' 'knn_set_118_read' <Predicate = true> <Delay = 0.00>
ST_1 : Operation 9 [1/1] (0.00ns)   --->   "%knn_set_117_read = read i32 @_ssdm_op_Read.ap_auto.i32, i32 %knn_set_117"   --->   Operation 9 'read' 'knn_set_117_read' <Predicate = true> <Delay = 0.00>
ST_1 : Operation 10 [1/1] (0.00ns)   --->   "%knn_set_116_read = read i32 @_ssdm_op_Read.ap_auto.i32, i32 %knn_set_116"   --->   Operation 10 'read' 'knn_set_116_read' <Predicate = true> <Delay = 0.00>
ST_1 : Operation 11 [1/1] (0.00ns)   --->   "%knn_set_115_read = read i32 @_ssdm_op_Read.ap_auto.i32, i32 %knn_set_115"   --->   Operation 11 'read' 'knn_set_115_read' <Predicate = true> <Delay = 0.00>
ST_1 : Operation 12 [1/1] (0.00ns)   --->   "%knn_set_114_read = read i32 @_ssdm_op_Read.ap_auto.i32, i32 %knn_set_114"   --->   Operation 12 'read' 'knn_set_114_read' <Predicate = true> <Delay = 0.00>
ST_1 : Operation 13 [1/1] (0.00ns)   --->   "%knn_set_113_read = read i32 @_ssdm_op_Read.ap_auto.i32, i32 %knn_set_113"   --->   Operation 13 'read' 'knn_set_113_read' <Predicate = true> <Delay = 0.00>
ST_1 : Operation 14 [1/1] (0.00ns)   --->   "%knn_set_112_read = read i32 @_ssdm_op_Read.ap_auto.i32, i32 %knn_set_112"   --->   Operation 14 'read' 'knn_set_112_read' <Predicate = true> <Delay = 0.00>
ST_1 : Operation 15 [1/1] (0.00ns)   --->   "%knn_set_111_read = read i32 @_ssdm_op_Read.ap_auto.i32, i32 %knn_set_111"   --->   Operation 15 'read' 'knn_set_111_read' <Predicate = true> <Delay = 0.00>
ST_1 : Operation 16 [1/1] (0.00ns)   --->   "%knn_set_110_read = read i32 @_ssdm_op_Read.ap_auto.i32, i32 %knn_set_110"   --->   Operation 16 'read' 'knn_set_110_read' <Predicate = true> <Delay = 0.00>
ST_1 : Operation 17 [1/1] (0.00ns)   --->   "%knn_set_109_read = read i32 @_ssdm_op_Read.ap_auto.i32, i32 %knn_set_109"   --->   Operation 17 'read' 'knn_set_109_read' <Predicate = true> <Delay = 0.00>
ST_1 : Operation 18 [1/1] (0.00ns)   --->   "%knn_set_108_read = read i32 @_ssdm_op_Read.ap_auto.i32, i32 %knn_set_108"   --->   Operation 18 'read' 'knn_set_108_read' <Predicate = true> <Delay = 0.00>
ST_1 : Operation 19 [1/1] (0.00ns)   --->   "%knn_set_107_read = read i32 @_ssdm_op_Read.ap_auto.i32, i32 %knn_set_107"   --->   Operation 19 'read' 'knn_set_107_read' <Predicate = true> <Delay = 0.00>
ST_1 : Operation 20 [1/1] (0.00ns)   --->   "%knn_set_106_read = read i32 @_ssdm_op_Read.ap_auto.i32, i32 %knn_set_106"   --->   Operation 20 'read' 'knn_set_106_read' <Predicate = true> <Delay = 0.00>
ST_1 : Operation 21 [1/1] (0.00ns)   --->   "%knn_set_105_read = read i32 @_ssdm_op_Read.ap_auto.i32, i32 %knn_set_105"   --->   Operation 21 'read' 'knn_set_105_read' <Predicate = true> <Delay = 0.00>
ST_1 : Operation 22 [1/1] (0.00ns)   --->   "%knn_set_104_read = read i32 @_ssdm_op_Read.ap_auto.i32, i32 %knn_set_104"   --->   Operation 22 'read' 'knn_set_104_read' <Predicate = true> <Delay = 0.00>
ST_1 : Operation 23 [1/1] (0.00ns)   --->   "%knn_set_103_read = read i32 @_ssdm_op_Read.ap_auto.i32, i32 %knn_set_103"   --->   Operation 23 'read' 'knn_set_103_read' <Predicate = true> <Delay = 0.00>
ST_1 : Operation 24 [1/1] (0.00ns)   --->   "%knn_set_102_read = read i32 @_ssdm_op_Read.ap_auto.i32, i32 %knn_set_102"   --->   Operation 24 'read' 'knn_set_102_read' <Predicate = true> <Delay = 0.00>
ST_1 : Operation 25 [1/1] (0.00ns)   --->   "%knn_set_101_read = read i32 @_ssdm_op_Read.ap_auto.i32, i32 %knn_set_101"   --->   Operation 25 'read' 'knn_set_101_read' <Predicate = true> <Delay = 0.00>
ST_1 : Operation 26 [1/1] (0.00ns)   --->   "%knn_set_100_read = read i32 @_ssdm_op_Read.ap_auto.i32, i32 %knn_set_100"   --->   Operation 26 'read' 'knn_set_100_read' <Predicate = true> <Delay = 0.00>
ST_1 : Operation 27 [1/1] (0.00ns)   --->   "%knn_set_99_read = read i32 @_ssdm_op_Read.ap_auto.i32, i32 %knn_set_99"   --->   Operation 27 'read' 'knn_set_99_read' <Predicate = true> <Delay = 0.00>
ST_1 : Operation 28 [1/1] (0.00ns)   --->   "%knn_set_98_read = read i32 @_ssdm_op_Read.ap_auto.i32, i32 %knn_set_98"   --->   Operation 28 'read' 'knn_set_98_read' <Predicate = true> <Delay = 0.00>
ST_1 : Operation 29 [1/1] (0.00ns)   --->   "%knn_set_97_read = read i32 @_ssdm_op_Read.ap_auto.i32, i32 %knn_set_97"   --->   Operation 29 'read' 'knn_set_97_read' <Predicate = true> <Delay = 0.00>
ST_1 : Operation 30 [1/1] (0.00ns)   --->   "%knn_set_96_read = read i32 @_ssdm_op_Read.ap_auto.i32, i32 %knn_set_96"   --->   Operation 30 'read' 'knn_set_96_read' <Predicate = true> <Delay = 0.00>
ST_1 : Operation 31 [1/1] (0.00ns)   --->   "%knn_set_95_read = read i32 @_ssdm_op_Read.ap_auto.i32, i32 %knn_set_95"   --->   Operation 31 'read' 'knn_set_95_read' <Predicate = true> <Delay = 0.00>
ST_1 : Operation 32 [1/1] (0.00ns)   --->   "%knn_set_94_read = read i32 @_ssdm_op_Read.ap_auto.i32, i32 %knn_set_94"   --->   Operation 32 'read' 'knn_set_94_read' <Predicate = true> <Delay = 0.00>
ST_1 : Operation 33 [1/1] (0.00ns)   --->   "%knn_set_93_read = read i32 @_ssdm_op_Read.ap_auto.i32, i32 %knn_set_93"   --->   Operation 33 'read' 'knn_set_93_read' <Predicate = true> <Delay = 0.00>
ST_1 : Operation 34 [1/1] (0.00ns)   --->   "%knn_set_92_read = read i32 @_ssdm_op_Read.ap_auto.i32, i32 %knn_set_92"   --->   Operation 34 'read' 'knn_set_92_read' <Predicate = true> <Delay = 0.00>
ST_1 : Operation 35 [1/1] (0.00ns)   --->   "%knn_set_91_read = read i32 @_ssdm_op_Read.ap_auto.i32, i32 %knn_set_91"   --->   Operation 35 'read' 'knn_set_91_read' <Predicate = true> <Delay = 0.00>
ST_1 : Operation 36 [1/1] (0.00ns)   --->   "%knn_set_90_read = read i32 @_ssdm_op_Read.ap_auto.i32, i32 %knn_set_90"   --->   Operation 36 'read' 'knn_set_90_read' <Predicate = true> <Delay = 0.00>
ST_1 : Operation 37 [1/1] (0.00ns)   --->   "%knn_set_89_read = read i32 @_ssdm_op_Read.ap_auto.i32, i32 %knn_set_89"   --->   Operation 37 'read' 'knn_set_89_read' <Predicate = true> <Delay = 0.00>
ST_1 : Operation 38 [1/1] (0.00ns)   --->   "%knn_set_88_read = read i32 @_ssdm_op_Read.ap_auto.i32, i32 %knn_set_88"   --->   Operation 38 'read' 'knn_set_88_read' <Predicate = true> <Delay = 0.00>
ST_1 : Operation 39 [1/1] (0.00ns)   --->   "%knn_set_87_read = read i32 @_ssdm_op_Read.ap_auto.i32, i32 %knn_set_87"   --->   Operation 39 'read' 'knn_set_87_read' <Predicate = true> <Delay = 0.00>
ST_1 : Operation 40 [1/1] (0.00ns)   --->   "%knn_set_86_read = read i32 @_ssdm_op_Read.ap_auto.i32, i32 %knn_set_86"   --->   Operation 40 'read' 'knn_set_86_read' <Predicate = true> <Delay = 0.00>
ST_1 : Operation 41 [1/1] (0.00ns)   --->   "%knn_set_85_read = read i32 @_ssdm_op_Read.ap_auto.i32, i32 %knn_set_85"   --->   Operation 41 'read' 'knn_set_85_read' <Predicate = true> <Delay = 0.00>
ST_1 : Operation 42 [1/1] (0.00ns)   --->   "%knn_set_84_read = read i32 @_ssdm_op_Read.ap_auto.i32, i32 %knn_set_84"   --->   Operation 42 'read' 'knn_set_84_read' <Predicate = true> <Delay = 0.00>
ST_1 : Operation 43 [1/1] (0.00ns)   --->   "%knn_set_83_read = read i32 @_ssdm_op_Read.ap_auto.i32, i32 %knn_set_83"   --->   Operation 43 'read' 'knn_set_83_read' <Predicate = true> <Delay = 0.00>
ST_1 : Operation 44 [1/1] (0.00ns)   --->   "%knn_set_82_read = read i32 @_ssdm_op_Read.ap_auto.i32, i32 %knn_set_82"   --->   Operation 44 'read' 'knn_set_82_read' <Predicate = true> <Delay = 0.00>
ST_1 : Operation 45 [1/1] (0.00ns)   --->   "%knn_set_81_read = read i32 @_ssdm_op_Read.ap_auto.i32, i32 %knn_set_81"   --->   Operation 45 'read' 'knn_set_81_read' <Predicate = true> <Delay = 0.00>
ST_1 : Operation 46 [1/1] (0.00ns)   --->   "%knn_set_80_read = read i32 @_ssdm_op_Read.ap_auto.i32, i32 %knn_set_80"   --->   Operation 46 'read' 'knn_set_80_read' <Predicate = true> <Delay = 0.00>
ST_1 : Operation 47 [1/1] (0.00ns)   --->   "%knn_set_79_read = read i32 @_ssdm_op_Read.ap_auto.i32, i32 %knn_set_79"   --->   Operation 47 'read' 'knn_set_79_read' <Predicate = true> <Delay = 0.00>
ST_1 : Operation 48 [1/1] (0.00ns)   --->   "%knn_set_78_read = read i32 @_ssdm_op_Read.ap_auto.i32, i32 %knn_set_78"   --->   Operation 48 'read' 'knn_set_78_read' <Predicate = true> <Delay = 0.00>
ST_1 : Operation 49 [1/1] (0.00ns)   --->   "%knn_set_77_read = read i32 @_ssdm_op_Read.ap_auto.i32, i32 %knn_set_77"   --->   Operation 49 'read' 'knn_set_77_read' <Predicate = true> <Delay = 0.00>
ST_1 : Operation 50 [1/1] (0.00ns)   --->   "%knn_set_76_read = read i32 @_ssdm_op_Read.ap_auto.i32, i32 %knn_set_76"   --->   Operation 50 'read' 'knn_set_76_read' <Predicate = true> <Delay = 0.00>
ST_1 : Operation 51 [1/1] (0.00ns)   --->   "%knn_set_75_read = read i32 @_ssdm_op_Read.ap_auto.i32, i32 %knn_set_75"   --->   Operation 51 'read' 'knn_set_75_read' <Predicate = true> <Delay = 0.00>
ST_1 : Operation 52 [1/1] (0.00ns)   --->   "%knn_set_74_read = read i32 @_ssdm_op_Read.ap_auto.i32, i32 %knn_set_74"   --->   Operation 52 'read' 'knn_set_74_read' <Predicate = true> <Delay = 0.00>
ST_1 : Operation 53 [1/1] (0.00ns)   --->   "%knn_set_73_read = read i32 @_ssdm_op_Read.ap_auto.i32, i32 %knn_set_73"   --->   Operation 53 'read' 'knn_set_73_read' <Predicate = true> <Delay = 0.00>
ST_1 : Operation 54 [1/1] (0.00ns)   --->   "%knn_set_72_read = read i32 @_ssdm_op_Read.ap_auto.i32, i32 %knn_set_72"   --->   Operation 54 'read' 'knn_set_72_read' <Predicate = true> <Delay = 0.00>
ST_1 : Operation 55 [1/1] (0.00ns)   --->   "%knn_set_71_read = read i32 @_ssdm_op_Read.ap_auto.i32, i32 %knn_set_71"   --->   Operation 55 'read' 'knn_set_71_read' <Predicate = true> <Delay = 0.00>
ST_1 : Operation 56 [1/1] (0.00ns)   --->   "%knn_set_70_read = read i32 @_ssdm_op_Read.ap_auto.i32, i32 %knn_set_70"   --->   Operation 56 'read' 'knn_set_70_read' <Predicate = true> <Delay = 0.00>
ST_1 : Operation 57 [1/1] (0.00ns)   --->   "%knn_set_69_read = read i32 @_ssdm_op_Read.ap_auto.i32, i32 %knn_set_69"   --->   Operation 57 'read' 'knn_set_69_read' <Predicate = true> <Delay = 0.00>
ST_1 : Operation 58 [1/1] (0.00ns)   --->   "%knn_set_68_read = read i32 @_ssdm_op_Read.ap_auto.i32, i32 %knn_set_68"   --->   Operation 58 'read' 'knn_set_68_read' <Predicate = true> <Delay = 0.00>
ST_1 : Operation 59 [1/1] (0.00ns)   --->   "%knn_set_67_read = read i32 @_ssdm_op_Read.ap_auto.i32, i32 %knn_set_67"   --->   Operation 59 'read' 'knn_set_67_read' <Predicate = true> <Delay = 0.00>
ST_1 : Operation 60 [1/1] (0.00ns)   --->   "%knn_set_66_read = read i32 @_ssdm_op_Read.ap_auto.i32, i32 %knn_set_66"   --->   Operation 60 'read' 'knn_set_66_read' <Predicate = true> <Delay = 0.00>
ST_1 : Operation 61 [1/1] (0.00ns)   --->   "%knn_set_65_read = read i32 @_ssdm_op_Read.ap_auto.i32, i32 %knn_set_65"   --->   Operation 61 'read' 'knn_set_65_read' <Predicate = true> <Delay = 0.00>
ST_1 : Operation 62 [1/1] (0.00ns)   --->   "%knn_set_64_read = read i32 @_ssdm_op_Read.ap_auto.i32, i32 %knn_set_64"   --->   Operation 62 'read' 'knn_set_64_read' <Predicate = true> <Delay = 0.00>
ST_1 : Operation 63 [1/1] (0.00ns)   --->   "%knn_set_63_read = read i32 @_ssdm_op_Read.ap_auto.i32, i32 %knn_set_63"   --->   Operation 63 'read' 'knn_set_63_read' <Predicate = true> <Delay = 0.00>
ST_1 : Operation 64 [1/1] (0.00ns)   --->   "%knn_set_62_read = read i32 @_ssdm_op_Read.ap_auto.i32, i32 %knn_set_62"   --->   Operation 64 'read' 'knn_set_62_read' <Predicate = true> <Delay = 0.00>
ST_1 : Operation 65 [1/1] (0.00ns)   --->   "%knn_set_61_read = read i32 @_ssdm_op_Read.ap_auto.i32, i32 %knn_set_61"   --->   Operation 65 'read' 'knn_set_61_read' <Predicate = true> <Delay = 0.00>
ST_1 : Operation 66 [1/1] (0.00ns)   --->   "%knn_set_60_read = read i32 @_ssdm_op_Read.ap_auto.i32, i32 %knn_set_60"   --->   Operation 66 'read' 'knn_set_60_read' <Predicate = true> <Delay = 0.00>
ST_1 : Operation 67 [1/1] (0.00ns)   --->   "%knn_set_59_read = read i32 @_ssdm_op_Read.ap_auto.i32, i32 %knn_set_59"   --->   Operation 67 'read' 'knn_set_59_read' <Predicate = true> <Delay = 0.00>
ST_1 : Operation 68 [1/1] (0.00ns)   --->   "%knn_set_58_read = read i32 @_ssdm_op_Read.ap_auto.i32, i32 %knn_set_58"   --->   Operation 68 'read' 'knn_set_58_read' <Predicate = true> <Delay = 0.00>
ST_1 : Operation 69 [1/1] (0.00ns)   --->   "%knn_set_57_read = read i32 @_ssdm_op_Read.ap_auto.i32, i32 %knn_set_57"   --->   Operation 69 'read' 'knn_set_57_read' <Predicate = true> <Delay = 0.00>
ST_1 : Operation 70 [1/1] (0.00ns)   --->   "%knn_set_56_read = read i32 @_ssdm_op_Read.ap_auto.i32, i32 %knn_set_56"   --->   Operation 70 'read' 'knn_set_56_read' <Predicate = true> <Delay = 0.00>
ST_1 : Operation 71 [1/1] (0.00ns)   --->   "%knn_set_55_read = read i32 @_ssdm_op_Read.ap_auto.i32, i32 %knn_set_55"   --->   Operation 71 'read' 'knn_set_55_read' <Predicate = true> <Delay = 0.00>
ST_1 : Operation 72 [1/1] (0.00ns)   --->   "%knn_set_54_read = read i32 @_ssdm_op_Read.ap_auto.i32, i32 %knn_set_54"   --->   Operation 72 'read' 'knn_set_54_read' <Predicate = true> <Delay = 0.00>
ST_1 : Operation 73 [1/1] (0.00ns)   --->   "%knn_set_53_read = read i32 @_ssdm_op_Read.ap_auto.i32, i32 %knn_set_53"   --->   Operation 73 'read' 'knn_set_53_read' <Predicate = true> <Delay = 0.00>
ST_1 : Operation 74 [1/1] (0.00ns)   --->   "%knn_set_52_read = read i32 @_ssdm_op_Read.ap_auto.i32, i32 %knn_set_52"   --->   Operation 74 'read' 'knn_set_52_read' <Predicate = true> <Delay = 0.00>
ST_1 : Operation 75 [1/1] (0.00ns)   --->   "%knn_set_51_read = read i32 @_ssdm_op_Read.ap_auto.i32, i32 %knn_set_51"   --->   Operation 75 'read' 'knn_set_51_read' <Predicate = true> <Delay = 0.00>
ST_1 : Operation 76 [1/1] (0.00ns)   --->   "%knn_set_50_read = read i32 @_ssdm_op_Read.ap_auto.i32, i32 %knn_set_50"   --->   Operation 76 'read' 'knn_set_50_read' <Predicate = true> <Delay = 0.00>
ST_1 : Operation 77 [1/1] (0.00ns)   --->   "%knn_set_49_read = read i32 @_ssdm_op_Read.ap_auto.i32, i32 %knn_set_49"   --->   Operation 77 'read' 'knn_set_49_read' <Predicate = true> <Delay = 0.00>
ST_1 : Operation 78 [1/1] (0.00ns)   --->   "%knn_set_48_read = read i32 @_ssdm_op_Read.ap_auto.i32, i32 %knn_set_48"   --->   Operation 78 'read' 'knn_set_48_read' <Predicate = true> <Delay = 0.00>
ST_1 : Operation 79 [1/1] (0.00ns)   --->   "%knn_set_47_read = read i32 @_ssdm_op_Read.ap_auto.i32, i32 %knn_set_47"   --->   Operation 79 'read' 'knn_set_47_read' <Predicate = true> <Delay = 0.00>
ST_1 : Operation 80 [1/1] (0.00ns)   --->   "%knn_set_46_read = read i32 @_ssdm_op_Read.ap_auto.i32, i32 %knn_set_46"   --->   Operation 80 'read' 'knn_set_46_read' <Predicate = true> <Delay = 0.00>
ST_1 : Operation 81 [1/1] (0.00ns)   --->   "%knn_set_45_read = read i32 @_ssdm_op_Read.ap_auto.i32, i32 %knn_set_45"   --->   Operation 81 'read' 'knn_set_45_read' <Predicate = true> <Delay = 0.00>
ST_1 : Operation 82 [1/1] (0.00ns)   --->   "%knn_set_44_read = read i32 @_ssdm_op_Read.ap_auto.i32, i32 %knn_set_44"   --->   Operation 82 'read' 'knn_set_44_read' <Predicate = true> <Delay = 0.00>
ST_1 : Operation 83 [1/1] (0.00ns)   --->   "%knn_set_43_read = read i32 @_ssdm_op_Read.ap_auto.i32, i32 %knn_set_43"   --->   Operation 83 'read' 'knn_set_43_read' <Predicate = true> <Delay = 0.00>
ST_1 : Operation 84 [1/1] (0.00ns)   --->   "%knn_set_42_read = read i32 @_ssdm_op_Read.ap_auto.i32, i32 %knn_set_42"   --->   Operation 84 'read' 'knn_set_42_read' <Predicate = true> <Delay = 0.00>
ST_1 : Operation 85 [1/1] (0.00ns)   --->   "%knn_set_41_read = read i32 @_ssdm_op_Read.ap_auto.i32, i32 %knn_set_41"   --->   Operation 85 'read' 'knn_set_41_read' <Predicate = true> <Delay = 0.00>
ST_1 : Operation 86 [1/1] (0.00ns)   --->   "%knn_set_40_read = read i32 @_ssdm_op_Read.ap_auto.i32, i32 %knn_set_40"   --->   Operation 86 'read' 'knn_set_40_read' <Predicate = true> <Delay = 0.00>
ST_1 : Operation 87 [1/1] (0.00ns)   --->   "%knn_set_39_read = read i32 @_ssdm_op_Read.ap_auto.i32, i32 %knn_set_39"   --->   Operation 87 'read' 'knn_set_39_read' <Predicate = true> <Delay = 0.00>
ST_1 : Operation 88 [1/1] (0.00ns)   --->   "%knn_set_38_read = read i32 @_ssdm_op_Read.ap_auto.i32, i32 %knn_set_38"   --->   Operation 88 'read' 'knn_set_38_read' <Predicate = true> <Delay = 0.00>
ST_1 : Operation 89 [1/1] (0.00ns)   --->   "%knn_set_37_read = read i32 @_ssdm_op_Read.ap_auto.i32, i32 %knn_set_37"   --->   Operation 89 'read' 'knn_set_37_read' <Predicate = true> <Delay = 0.00>
ST_1 : Operation 90 [1/1] (0.00ns)   --->   "%knn_set_36_read = read i32 @_ssdm_op_Read.ap_auto.i32, i32 %knn_set_36"   --->   Operation 90 'read' 'knn_set_36_read' <Predicate = true> <Delay = 0.00>
ST_1 : Operation 91 [1/1] (0.00ns)   --->   "%knn_set_35_read = read i32 @_ssdm_op_Read.ap_auto.i32, i32 %knn_set_35"   --->   Operation 91 'read' 'knn_set_35_read' <Predicate = true> <Delay = 0.00>
ST_1 : Operation 92 [1/1] (0.00ns)   --->   "%knn_set_34_read = read i32 @_ssdm_op_Read.ap_auto.i32, i32 %knn_set_34"   --->   Operation 92 'read' 'knn_set_34_read' <Predicate = true> <Delay = 0.00>
ST_1 : Operation 93 [1/1] (0.00ns)   --->   "%knn_set_33_read = read i32 @_ssdm_op_Read.ap_auto.i32, i32 %knn_set_33"   --->   Operation 93 'read' 'knn_set_33_read' <Predicate = true> <Delay = 0.00>
ST_1 : Operation 94 [1/1] (0.00ns)   --->   "%knn_set_32_read = read i32 @_ssdm_op_Read.ap_auto.i32, i32 %knn_set_32"   --->   Operation 94 'read' 'knn_set_32_read' <Predicate = true> <Delay = 0.00>
ST_1 : Operation 95 [1/1] (0.00ns)   --->   "%knn_set_31_read = read i32 @_ssdm_op_Read.ap_auto.i32, i32 %knn_set_31"   --->   Operation 95 'read' 'knn_set_31_read' <Predicate = true> <Delay = 0.00>
ST_1 : Operation 96 [1/1] (0.00ns)   --->   "%knn_set_30_read = read i32 @_ssdm_op_Read.ap_auto.i32, i32 %knn_set_30"   --->   Operation 96 'read' 'knn_set_30_read' <Predicate = true> <Delay = 0.00>
ST_1 : Operation 97 [1/1] (0.00ns)   --->   "%knn_set_29_read = read i32 @_ssdm_op_Read.ap_auto.i32, i32 %knn_set_29"   --->   Operation 97 'read' 'knn_set_29_read' <Predicate = true> <Delay = 0.00>
ST_1 : Operation 98 [1/1] (0.00ns)   --->   "%knn_set_28_read = read i32 @_ssdm_op_Read.ap_auto.i32, i32 %knn_set_28"   --->   Operation 98 'read' 'knn_set_28_read' <Predicate = true> <Delay = 0.00>
ST_1 : Operation 99 [1/1] (0.00ns)   --->   "%knn_set_27_read = read i32 @_ssdm_op_Read.ap_auto.i32, i32 %knn_set_27"   --->   Operation 99 'read' 'knn_set_27_read' <Predicate = true> <Delay = 0.00>
ST_1 : Operation 100 [1/1] (0.00ns)   --->   "%knn_set_26_read = read i32 @_ssdm_op_Read.ap_auto.i32, i32 %knn_set_26"   --->   Operation 100 'read' 'knn_set_26_read' <Predicate = true> <Delay = 0.00>
ST_1 : Operation 101 [1/1] (0.00ns)   --->   "%knn_set_25_read = read i32 @_ssdm_op_Read.ap_auto.i32, i32 %knn_set_25"   --->   Operation 101 'read' 'knn_set_25_read' <Predicate = true> <Delay = 0.00>
ST_1 : Operation 102 [1/1] (0.00ns)   --->   "%knn_set_24_read = read i32 @_ssdm_op_Read.ap_auto.i32, i32 %knn_set_24"   --->   Operation 102 'read' 'knn_set_24_read' <Predicate = true> <Delay = 0.00>
ST_1 : Operation 103 [1/1] (0.00ns)   --->   "%knn_set_23_read = read i32 @_ssdm_op_Read.ap_auto.i32, i32 %knn_set_23"   --->   Operation 103 'read' 'knn_set_23_read' <Predicate = true> <Delay = 0.00>
ST_1 : Operation 104 [1/1] (0.00ns)   --->   "%knn_set_22_read = read i32 @_ssdm_op_Read.ap_auto.i32, i32 %knn_set_22"   --->   Operation 104 'read' 'knn_set_22_read' <Predicate = true> <Delay = 0.00>
ST_1 : Operation 105 [1/1] (0.00ns)   --->   "%knn_set_21_read = read i32 @_ssdm_op_Read.ap_auto.i32, i32 %knn_set_21"   --->   Operation 105 'read' 'knn_set_21_read' <Predicate = true> <Delay = 0.00>
ST_1 : Operation 106 [1/1] (0.00ns)   --->   "%knn_set_20_read = read i32 @_ssdm_op_Read.ap_auto.i32, i32 %knn_set_20"   --->   Operation 106 'read' 'knn_set_20_read' <Predicate = true> <Delay = 0.00>
ST_1 : Operation 107 [1/1] (0.00ns)   --->   "%knn_set_19_read = read i32 @_ssdm_op_Read.ap_auto.i32, i32 %knn_set_19"   --->   Operation 107 'read' 'knn_set_19_read' <Predicate = true> <Delay = 0.00>
ST_1 : Operation 108 [1/1] (0.00ns)   --->   "%knn_set_18_read = read i32 @_ssdm_op_Read.ap_auto.i32, i32 %knn_set_18"   --->   Operation 108 'read' 'knn_set_18_read' <Predicate = true> <Delay = 0.00>
ST_1 : Operation 109 [1/1] (0.00ns)   --->   "%knn_set_17_read = read i32 @_ssdm_op_Read.ap_auto.i32, i32 %knn_set_17"   --->   Operation 109 'read' 'knn_set_17_read' <Predicate = true> <Delay = 0.00>
ST_1 : Operation 110 [1/1] (0.00ns)   --->   "%knn_set_16_read = read i32 @_ssdm_op_Read.ap_auto.i32, i32 %knn_set_16"   --->   Operation 110 'read' 'knn_set_16_read' <Predicate = true> <Delay = 0.00>
ST_1 : Operation 111 [1/1] (0.00ns)   --->   "%knn_set_15_read = read i32 @_ssdm_op_Read.ap_auto.i32, i32 %knn_set_15"   --->   Operation 111 'read' 'knn_set_15_read' <Predicate = true> <Delay = 0.00>
ST_1 : Operation 112 [1/1] (0.00ns)   --->   "%knn_set_14_read = read i32 @_ssdm_op_Read.ap_auto.i32, i32 %knn_set_14"   --->   Operation 112 'read' 'knn_set_14_read' <Predicate = true> <Delay = 0.00>
ST_1 : Operation 113 [1/1] (0.00ns)   --->   "%knn_set_13_read = read i32 @_ssdm_op_Read.ap_auto.i32, i32 %knn_set_13"   --->   Operation 113 'read' 'knn_set_13_read' <Predicate = true> <Delay = 0.00>
ST_1 : Operation 114 [1/1] (0.00ns)   --->   "%knn_set_12_read = read i32 @_ssdm_op_Read.ap_auto.i32, i32 %knn_set_12"   --->   Operation 114 'read' 'knn_set_12_read' <Predicate = true> <Delay = 0.00>
ST_1 : Operation 115 [1/1] (0.00ns)   --->   "%knn_set_11_read = read i32 @_ssdm_op_Read.ap_auto.i32, i32 %knn_set_11"   --->   Operation 115 'read' 'knn_set_11_read' <Predicate = true> <Delay = 0.00>
ST_1 : Operation 116 [1/1] (0.00ns)   --->   "%knn_set_10_read = read i32 @_ssdm_op_Read.ap_auto.i32, i32 %knn_set_10"   --->   Operation 116 'read' 'knn_set_10_read' <Predicate = true> <Delay = 0.00>
ST_1 : Operation 117 [1/1] (0.00ns)   --->   "%knn_set_9_read = read i32 @_ssdm_op_Read.ap_auto.i32, i32 %knn_set_9"   --->   Operation 117 'read' 'knn_set_9_read' <Predicate = true> <Delay = 0.00>
ST_1 : Operation 118 [1/1] (0.00ns)   --->   "%knn_set_8_read = read i32 @_ssdm_op_Read.ap_auto.i32, i32 %knn_set_8"   --->   Operation 118 'read' 'knn_set_8_read' <Predicate = true> <Delay = 0.00>
ST_1 : Operation 119 [1/1] (0.00ns)   --->   "%knn_set_7_read = read i32 @_ssdm_op_Read.ap_auto.i32, i32 %knn_set_7"   --->   Operation 119 'read' 'knn_set_7_read' <Predicate = true> <Delay = 0.00>
ST_1 : Operation 120 [1/1] (0.00ns)   --->   "%knn_set_6_read = read i32 @_ssdm_op_Read.ap_auto.i32, i32 %knn_set_6"   --->   Operation 120 'read' 'knn_set_6_read' <Predicate = true> <Delay = 0.00>
ST_1 : Operation 121 [1/1] (0.00ns)   --->   "%knn_set_5_read = read i32 @_ssdm_op_Read.ap_auto.i32, i32 %knn_set_5"   --->   Operation 121 'read' 'knn_set_5_read' <Predicate = true> <Delay = 0.00>
ST_1 : Operation 122 [1/1] (0.00ns)   --->   "%knn_set_4_read = read i32 @_ssdm_op_Read.ap_auto.i32, i32 %knn_set_4"   --->   Operation 122 'read' 'knn_set_4_read' <Predicate = true> <Delay = 0.00>
ST_1 : Operation 123 [1/1] (0.00ns)   --->   "%knn_set_3_read = read i32 @_ssdm_op_Read.ap_auto.i32, i32 %knn_set_3"   --->   Operation 123 'read' 'knn_set_3_read' <Predicate = true> <Delay = 0.00>
ST_1 : Operation 124 [1/1] (0.00ns)   --->   "%knn_set_2_read = read i32 @_ssdm_op_Read.ap_auto.i32, i32 %knn_set_2"   --->   Operation 124 'read' 'knn_set_2_read' <Predicate = true> <Delay = 0.00>
ST_1 : Operation 125 [1/1] (0.00ns)   --->   "%knn_set_1_read = read i32 @_ssdm_op_Read.ap_auto.i32, i32 %knn_set_1"   --->   Operation 125 'read' 'knn_set_1_read' <Predicate = true> <Delay = 0.00>
ST_1 : Operation 126 [1/1] (0.00ns)   --->   "%knn_set_read = read i32 @_ssdm_op_Read.ap_auto.i32, i32 %knn_set"   --->   Operation 126 'read' 'knn_set_read' <Predicate = true> <Delay = 0.00>
ST_1 : Operation 127 [1/1] (0.00ns)   --->   "%sub_ln78_read = read i7 @_ssdm_op_Read.ap_auto.i7, i7 %sub_ln78"   --->   Operation 127 'read' 'sub_ln78_read' <Predicate = true> <Delay = 0.00>
ST_1 : Operation 128 [1/1] (0.38ns)   --->   "%store_ln0 = store i2 0, i2 %k"   --->   Operation 128 'store' 'store_ln0' <Predicate = true> <Delay = 0.38>
ST_1 : Operation 129 [1/1] (0.38ns)   --->   "%store_ln0 = store i32 0, i32 %max_dist"   --->   Operation 129 'store' 'store_ln0' <Predicate = true> <Delay = 0.38>
ST_1 : Operation 130 [1/1] (0.38ns)   --->   "%store_ln0 = store i32 4, i32 %max_dist_id"   --->   Operation 130 'store' 'store_ln0' <Predicate = true> <Delay = 0.38>
ST_1 : Operation 131 [1/1] (0.00ns)   --->   "%br_ln0 = br void %for.body.i"   --->   Operation 131 'br' 'br_ln0' <Predicate = true> <Delay = 0.00>

State 2 <SV = 1> <Delay = 3.19>
ST_2 : Operation 132 [1/1] (0.00ns)   --->   "%max_dist_id_2 = load i32 %max_dist_id"   --->   Operation 132 'load' 'max_dist_id_2' <Predicate = true> <Delay = 0.00>
ST_2 : Operation 133 [1/1] (0.00ns)   --->   "%k_1 = load i2 %k" [digitrec.cpp:76]   --->   Operation 133 'load' 'k_1' <Predicate = true> <Delay = 0.00>
ST_2 : Operation 134 [1/1] (0.00ns)   --->   "%empty = trunc i32 %max_dist_id_2"   --->   Operation 134 'trunc' 'empty' <Predicate = true> <Delay = 0.00>
ST_2 : Operation 135 [1/1] (0.00ns)   --->   "%specpipeline_ln0 = specpipeline void @_ssdm_op_SpecPipeline, i32 4294967295, i32 0, i32 1, i32 0, void @p_str"   --->   Operation 135 'specpipeline' 'specpipeline_ln0' <Predicate = true> <Delay = 0.00>
ST_2 : Operation 136 [1/1] (0.34ns)   --->   "%icmp_ln76 = icmp_eq  i2 %k_1, i2 3" [digitrec.cpp:76]   --->   Operation 136 'icmp' 'icmp_ln76' <Predicate = true> <Delay = 0.34> <CoreInst = "Cmp">   --->   Core 9 'Cmp' <Latency = 0> <II = 1> <Delay = 0.34> <FuncUnit> <Opcode : 'icmp'> <InPorts = 2> <OutPorts = 1>
ST_2 : Operation 137 [1/1] (0.00ns)   --->   "%empty_32 = speclooptripcount i32 @_ssdm_op_SpecLoopTripCount, i64 3, i64 3, i64 3"   --->   Operation 137 'speclooptripcount' 'empty_32' <Predicate = true> <Delay = 0.00>
ST_2 : Operation 138 [1/1] (0.43ns)   --->   "%add_ln76 = add i2 %k_1, i2 1" [digitrec.cpp:76]   --->   Operation 138 'add' 'add_ln76' <Predicate = true> <Delay = 0.43> <CoreInst = "Adder">   --->   Core 1 'Adder' <Latency = 0> <II = 1> <Delay = 0.43> <FuncUnit> <Opcode : 'add' 'sub'> <InPorts = 2> <OutPorts = 1>
ST_2 : Operation 139 [1/1] (0.00ns)   --->   "%br_ln76 = br i1 %icmp_ln76, void %for.body.i.split, void %for.cond.cleanup.i.exitStub" [digitrec.cpp:76]   --->   Operation 139 'br' 'br_ln76' <Predicate = true> <Delay = 0.00>
ST_2 : Operation 140 [1/1] (0.00ns)   --->   "%max_dist_load_1 = load i32 %max_dist" [digitrec.cpp:78]   --->   Operation 140 'load' 'max_dist_load_1' <Predicate = (!icmp_ln76)> <Delay = 0.00>
ST_2 : Operation 141 [1/1] (0.00ns)   --->   "%specloopname_ln72 = specloopname void @_ssdm_op_SpecLoopName, void @empty_6" [digitrec.cpp:72]   --->   Operation 141 'specloopname' 'specloopname_ln72' <Predicate = (!icmp_ln76)> <Delay = 0.00>
ST_2 : Operation 142 [1/1] (0.00ns)   --->   "%zext_ln78 = zext i2 %k_1" [digitrec.cpp:78]   --->   Operation 142 'zext' 'zext_ln78' <Predicate = (!icmp_ln76)> <Delay = 0.00>
ST_2 : Operation 143 [1/1] (0.70ns)   --->   "%add_ln78 = add i7 %zext_ln78, i7 %sub_ln78_read" [digitrec.cpp:78]   --->   Operation 143 'add' 'add_ln78' <Predicate = (!icmp_ln76)> <Delay = 0.70> <CoreInst = "Adder">   --->   Core 1 'Adder' <Latency = 0> <II = 1> <Delay = 0.70> <FuncUnit> <Opcode : 'add' 'sub'> <InPorts = 2> <OutPorts = 1>
ST_2 : Operation 144 [1/1] (1.01ns)   --->   "%tmp_s = mux i32 @_ssdm_op_Mux.ap_auto.120i32.i7, i32 %knn_set_read, i32 %knn_set_1_read, i32 %knn_set_2_read, i32 %knn_set_3_read, i32 %knn_set_4_read, i32 %knn_set_5_read, i32 %knn_set_6_read, i32 %knn_set_7_read, i32 %knn_set_8_read, i32 %knn_set_9_read, i32 %knn_set_10_read, i32 %knn_set_11_read, i32 %knn_set_12_read, i32 %knn_set_13_read, i32 %knn_set_14_read, i32 %knn_set_15_read, i32 %knn_set_16_read, i32 %knn_set_17_read, i32 %knn_set_18_read, i32 %knn_set_19_read, i32 %knn_set_20_read, i32 %knn_set_21_read, i32 %knn_set_22_read, i32 %knn_set_23_read, i32 %knn_set_24_read, i32 %knn_set_25_read, i32 %knn_set_26_read, i32 %knn_set_27_read, i32 %knn_set_28_read, i32 %knn_set_29_read, i32 %knn_set_30_read, i32 %knn_set_31_read, i32 %knn_set_32_read, i32 %knn_set_33_read, i32 %knn_set_34_read, i32 %knn_set_35_read, i32 %knn_set_36_read, i32 %knn_set_37_read, i32 %knn_set_38_read, i32 %knn_set_39_read, i32 %knn_set_40_read, i32 %knn_set_41_read, i32 %knn_set_42_read, i32 %knn_set_43_read, i32 %knn_set_44_read, i32 %knn_set_45_read, i32 %knn_set_46_read, i32 %knn_set_47_read, i32 %knn_set_48_read, i32 %knn_set_49_read, i32 %knn_set_50_read, i32 %knn_set_51_read, i32 %knn_set_52_read, i32 %knn_set_53_read, i32 %knn_set_54_read, i32 %knn_set_55_read, i32 %knn_set_56_read, i32 %knn_set_57_read, i32 %knn_set_58_read, i32 %knn_set_59_read, i32 %knn_set_60_read, i32 %knn_set_61_read, i32 %knn_set_62_read, i32 %knn_set_63_read, i32 %knn_set_64_read, i32 %knn_set_65_read, i32 %knn_set_66_read, i32 %knn_set_67_read, i32 %knn_set_68_read, i32 %knn_set_69_read, i32 %knn_set_70_read, i32 %knn_set_71_read, i32 %knn_set_72_read, i32 %knn_set_73_read, i32 %knn_set_74_read, i32 %knn_set_75_read, i32 %knn_set_76_read, i32 %knn_set_77_read, i32 %knn_set_78_read, i32 %knn_set_79_read, i32 %knn_set_80_read, i32 %knn_set_81_read, i32 %knn_set_82_read, i32 %knn_set_83_read, i32 %knn_set_84_read, i32 %knn_set_85_read, i32 %knn_set_86_read, i32 %knn_set_87_read, i32 %knn_set_88_read, i32 %knn_set_89_read, i32 %knn_set_90_read, i32 %knn_set_91_read, i32 %knn_set_92_read, i32 %knn_set_93_read, i32 %knn_set_94_read, i32 %knn_set_95_read, i32 %knn_set_96_read, i32 %knn_set_97_read, i32 %knn_set_98_read, i32 %knn_set_99_read, i32 %knn_set_100_read, i32 %knn_set_101_read, i32 %knn_set_102_read, i32 %knn_set_103_read, i32 %knn_set_104_read, i32 %knn_set_105_read, i32 %knn_set_106_read, i32 %knn_set_107_read, i32 %knn_set_108_read, i32 %knn_set_109_read, i32 %knn_set_110_read, i32 %knn_set_111_read, i32 %knn_set_112_read, i32 %knn_set_113_read, i32 %knn_set_114_read, i32 %knn_set_115_read, i32 %knn_set_116_read, i32 %knn_set_117_read, i32 %knn_set_118_read, i32 %knn_set_119_read, i7 %add_ln78" [digitrec.cpp:78]   --->   Operation 144 'mux' 'tmp_s' <Predicate = (!icmp_ln76)> <Delay = 1.01> <CoreInst = "Multiplexer">   --->   Core 76 'Multiplexer' <Latency = 0> <II = 1> <Delay = 1.01> <FuncUnit> <Opcode : 'mux'> <InPorts = 2> <OutPorts = 1>
ST_2 : Operation 145 [1/1] (0.85ns)   --->   "%icmp_ln78 = icmp_slt  i32 %max_dist_load_1, i32 %tmp_s" [digitrec.cpp:78]   --->   Operation 145 'icmp' 'icmp_ln78' <Predicate = (!icmp_ln76)> <Delay = 0.85> <CoreInst = "Cmp">   --->   Core 9 'Cmp' <Latency = 0> <II = 1> <Delay = 0.85> <FuncUnit> <Opcode : 'icmp'> <InPorts = 2> <OutPorts = 1>
ST_2 : Operation 146 [1/1] (0.00ns)   --->   "%zext_ln78_1 = zext i2 %k_1" [digitrec.cpp:78]   --->   Operation 146 'zext' 'zext_ln78_1' <Predicate = (!icmp_ln76)> <Delay = 0.00>
ST_2 : Operation 147 [1/1] (0.22ns)   --->   "%max_dist_id_3 = select i1 %icmp_ln78, i32 %zext_ln78_1, i32 %max_dist_id_2" [digitrec.cpp:78]   --->   Operation 147 'select' 'max_dist_id_3' <Predicate = (!icmp_ln76)> <Delay = 0.22> <CoreInst = "Sel">   --->   Core 73 'Sel' <Latency = 0> <II = 1> <Delay = 0.22> <FuncUnit> <Opcode : 'select'> <InPorts = 3> <OutPorts = 1>
ST_2 : Operation 148 [1/1] (0.22ns)   --->   "%max_dist_1 = select i1 %icmp_ln78, i32 %tmp_s, i32 %max_dist_load_1" [digitrec.cpp:78]   --->   Operation 148 'select' 'max_dist_1' <Predicate = (!icmp_ln76)> <Delay = 0.22> <CoreInst = "Sel">   --->   Core 73 'Sel' <Latency = 0> <II = 1> <Delay = 0.22> <FuncUnit> <Opcode : 'select'> <InPorts = 3> <OutPorts = 1>
ST_2 : Operation 149 [1/1] (0.38ns)   --->   "%store_ln76 = store i2 %add_ln76, i2 %k" [digitrec.cpp:76]   --->   Operation 149 'store' 'store_ln76' <Predicate = (!icmp_ln76)> <Delay = 0.38>
ST_2 : Operation 150 [1/1] (0.38ns)   --->   "%store_ln76 = store i32 %max_dist_1, i32 %max_dist" [digitrec.cpp:76]   --->   Operation 150 'store' 'store_ln76' <Predicate = (!icmp_ln76)> <Delay = 0.38>
ST_2 : Operation 151 [1/1] (0.38ns)   --->   "%store_ln76 = store i32 %max_dist_id_3, i32 %max_dist_id" [digitrec.cpp:76]   --->   Operation 151 'store' 'store_ln76' <Predicate = (!icmp_ln76)> <Delay = 0.38>
ST_2 : Operation 152 [1/1] (0.00ns)   --->   "%br_ln76 = br void %for.body.i" [digitrec.cpp:76]   --->   Operation 152 'br' 'br_ln76' <Predicate = (!icmp_ln76)> <Delay = 0.00>
ST_2 : Operation 153 [1/1] (0.00ns)   --->   "%max_dist_load = load i32 %max_dist"   --->   Operation 153 'load' 'max_dist_load' <Predicate = (icmp_ln76)> <Delay = 0.00>
ST_2 : Operation 154 [1/1] (0.00ns)   --->   "%write_ln0 = write void @_ssdm_op_Write.ap_auto.i32P0A, i32 %max_dist_out, i32 %max_dist_load"   --->   Operation 154 'write' 'write_ln0' <Predicate = (icmp_ln76)> <Delay = 0.00>
ST_2 : Operation 155 [1/1] (0.00ns)   --->   "%write_ln0 = write void @_ssdm_op_Write.ap_auto.i7P0A, i7 %max_dist_id_out, i7 %empty"   --->   Operation 155 'write' 'write_ln0' <Predicate = (icmp_ln76)> <Delay = 0.00>
ST_2 : Operation 156 [1/1] (0.00ns)   --->   "%ret_ln0 = ret"   --->   Operation 156 'ret' 'ret_ln0' <Predicate = (icmp_ln76)> <Delay = 0.00>


============================================================
+ Verbose Summary: Timing violations
============================================================
Target clock period: 10ns, clock uncertainty: 2.7ns.

 <State 1>: 0.387ns
The critical path consists of the following:
	'alloca' operation ('k') [126]  (0 ns)
	'store' operation ('store_ln0') of constant 0 on local variable 'k' [248]  (0.387 ns)

 <State 2>: 3.19ns
The critical path consists of the following:
	'load' operation ('k', digitrec.cpp:76) on local variable 'k' [254]  (0 ns)
	'add' operation ('add_ln78', digitrec.cpp:78) [265]  (0.706 ns)
	'mux' operation ('tmp_s', digitrec.cpp:78) [266]  (1.01 ns)
	'icmp' operation ('icmp_ln78', digitrec.cpp:78) [267]  (0.859 ns)
	'select' operation ('max_dist', digitrec.cpp:78) [270]  (0.227 ns)
	'store' operation ('store_ln76', digitrec.cpp:76) of variable 'max_dist', digitrec.cpp:78 on local variable 'max_dist' [272]  (0.387 ns)


============================================================
+ Verbose Summary: Binding
============================================================
N/A
* FSMD analyzer results:
  - Output states:
 - Input state : 
  - Chain level:
	State 1
	State 2


============================================================
+ Verbose Summary: Datapath Resource usage 
============================================================
N/A
