

================================================================
== Vitis HLS Report for 'DigitRec_Pipeline_LANES_INSERTION_SORT_OUTER'
================================================================
* Date:           Tue Dec 17 15:07:00 2024

* Version:        2022.2 (Build 3670227 on Oct 13 2022)
* Project:        project
* Solution:       solution1 (Vivado IP Flow Target)
* Product family: virtexuplus
* Target device:  xcu280-fsvh2892-2L-e


================================================================
== Performance Estimates
================================================================
+ Timing: 
    * Summary: 
    +--------+----------+----------+------------+
    |  Clock |  Target  | Estimated| Uncertainty|
    +--------+----------+----------+------------+
    |ap_clk  |  10.00 ns|  6.729 ns|     2.70 ns|
    +--------+----------+----------+------------+

+ Latency: 
    * Summary: 
    +---------+---------+----------+----------+-----+-----+---------+
    |  Latency (cycles) |  Latency (absolute) |  Interval | Pipeline|
    |   min   |   max   |    min   |    max   | min | max |   Type  |
    +---------+---------+----------+----------+-----+-----+---------+
    |      122|      122|  1.220 us|  1.220 us|  122|  122|       no|
    +---------+---------+----------+----------+-----+-----+---------+

    + Detail: 
        * Instance: 
        N/A

        * Loop: 
        +------------------------------+---------+---------+----------+-----------+-----------+------+----------+
        |                              |  Latency (cycles) | Iteration|  Initiation Interval  | Trip |          |
        |           Loop Name          |   min   |   max   |  Latency |  achieved |   target  | Count| Pipelined|
        +------------------------------+---------+---------+----------+-----------+-----------+------+----------+
        |- LANES_INSERTION_SORT_OUTER  |      120|      120|         1|          1|          1|   120|       yes|
        +------------------------------+---------+---------+----------+-----------+-----------+------+----------+

============================================================
+ Verbose Summary: Synthesis Manager
============================================================
InlineROM: 1
ExposeGlobal: 0
============================================================
+ Verbose Summary: CDFG Model
============================================================
IsTopModel: 0
ResetActiveHigh: 1
IsCombinational: 0
IsDatapathOnly: 0
HasWiredReturn: 1
HasMFsm: 2
HasVarLatency: 1
IsPipeline: 0
IsRtlPipelined: 0
IsInstanceOverlapped: 0
IsDontTouch: 0
HasImplIP: 0
IsGatedGlobalClock: 0

+ Individual pipeline summary: 
  * Pipeline-0: initiation interval (II) = 1, depth = 2


============================================================
+ Verbose Summary: Schedule
============================================================
* Number of FSM states : 2
* Pipeline : 1
  Pipeline-0 : II = 1, D = 2, States = { 1 2 }
* Dataflow Pipeline: 0

* FSM state transitions: 
1 --> 2 
2 --> 

* FSM state operations: 

State 1 <SV = 0> <Delay = 0.38>
ST_1 : Operation 4 [1/1] (0.00ns)   --->   "%empty = alloca i32 1"   --->   Operation 4 'alloca' 'empty' <Predicate = true> <Delay = 0.00>
ST_1 : Operation 5 [1/1] (0.00ns)   --->   "%empty_26 = alloca i32 1"   --->   Operation 5 'alloca' 'empty_26' <Predicate = true> <Delay = 0.00>
ST_1 : Operation 6 [1/1] (0.00ns)   --->   "%empty_27 = alloca i32 1"   --->   Operation 6 'alloca' 'empty_27' <Predicate = true> <Delay = 0.00>
ST_1 : Operation 7 [1/1] (0.00ns)   --->   "%label_list_3 = alloca i32 1"   --->   Operation 7 'alloca' 'label_list_3' <Predicate = true> <Delay = 0.00>
ST_1 : Operation 8 [1/1] (0.00ns)   --->   "%label_list_4 = alloca i32 1"   --->   Operation 8 'alloca' 'label_list_4' <Predicate = true> <Delay = 0.00>
ST_1 : Operation 9 [1/1] (0.00ns)   --->   "%label_list_5 = alloca i32 1"   --->   Operation 9 'alloca' 'label_list_5' <Predicate = true> <Delay = 0.00>
ST_1 : Operation 10 [1/1] (0.00ns)   --->   "%j = alloca i32 1"   --->   Operation 10 'alloca' 'j' <Predicate = true> <Delay = 0.00>
ST_1 : Operation 11 [1/1] (0.00ns)   --->   "%i = alloca i32 1"   --->   Operation 11 'alloca' 'i' <Predicate = true> <Delay = 0.00>
ST_1 : Operation 12 [1/1] (0.00ns)   --->   "%indvar_flatten11 = alloca i32 1"   --->   Operation 12 'alloca' 'indvar_flatten11' <Predicate = true> <Delay = 0.00>
ST_1 : Operation 13 [1/1] (0.00ns)   --->   "%knn_set_119_read = read i32 @_ssdm_op_Read.ap_auto.i32, i32 %knn_set_119"   --->   Operation 13 'read' 'knn_set_119_read' <Predicate = true> <Delay = 0.00>
ST_1 : Operation 14 [1/1] (0.00ns)   --->   "%knn_set_118_read = read i32 @_ssdm_op_Read.ap_auto.i32, i32 %knn_set_118"   --->   Operation 14 'read' 'knn_set_118_read' <Predicate = true> <Delay = 0.00>
ST_1 : Operation 15 [1/1] (0.00ns)   --->   "%knn_set_117_read = read i32 @_ssdm_op_Read.ap_auto.i32, i32 %knn_set_117"   --->   Operation 15 'read' 'knn_set_117_read' <Predicate = true> <Delay = 0.00>
ST_1 : Operation 16 [1/1] (0.00ns)   --->   "%knn_set_116_read = read i32 @_ssdm_op_Read.ap_auto.i32, i32 %knn_set_116"   --->   Operation 16 'read' 'knn_set_116_read' <Predicate = true> <Delay = 0.00>
ST_1 : Operation 17 [1/1] (0.00ns)   --->   "%knn_set_115_read = read i32 @_ssdm_op_Read.ap_auto.i32, i32 %knn_set_115"   --->   Operation 17 'read' 'knn_set_115_read' <Predicate = true> <Delay = 0.00>
ST_1 : Operation 18 [1/1] (0.00ns)   --->   "%knn_set_114_read = read i32 @_ssdm_op_Read.ap_auto.i32, i32 %knn_set_114"   --->   Operation 18 'read' 'knn_set_114_read' <Predicate = true> <Delay = 0.00>
ST_1 : Operation 19 [1/1] (0.00ns)   --->   "%knn_set_113_read = read i32 @_ssdm_op_Read.ap_auto.i32, i32 %knn_set_113"   --->   Operation 19 'read' 'knn_set_113_read' <Predicate = true> <Delay = 0.00>
ST_1 : Operation 20 [1/1] (0.00ns)   --->   "%knn_set_112_read = read i32 @_ssdm_op_Read.ap_auto.i32, i32 %knn_set_112"   --->   Operation 20 'read' 'knn_set_112_read' <Predicate = true> <Delay = 0.00>
ST_1 : Operation 21 [1/1] (0.00ns)   --->   "%knn_set_111_read = read i32 @_ssdm_op_Read.ap_auto.i32, i32 %knn_set_111"   --->   Operation 21 'read' 'knn_set_111_read' <Predicate = true> <Delay = 0.00>
ST_1 : Operation 22 [1/1] (0.00ns)   --->   "%knn_set_110_read = read i32 @_ssdm_op_Read.ap_auto.i32, i32 %knn_set_110"   --->   Operation 22 'read' 'knn_set_110_read' <Predicate = true> <Delay = 0.00>
ST_1 : Operation 23 [1/1] (0.00ns)   --->   "%knn_set_109_read = read i32 @_ssdm_op_Read.ap_auto.i32, i32 %knn_set_109"   --->   Operation 23 'read' 'knn_set_109_read' <Predicate = true> <Delay = 0.00>
ST_1 : Operation 24 [1/1] (0.00ns)   --->   "%knn_set_108_read = read i32 @_ssdm_op_Read.ap_auto.i32, i32 %knn_set_108"   --->   Operation 24 'read' 'knn_set_108_read' <Predicate = true> <Delay = 0.00>
ST_1 : Operation 25 [1/1] (0.00ns)   --->   "%knn_set_107_read = read i32 @_ssdm_op_Read.ap_auto.i32, i32 %knn_set_107"   --->   Operation 25 'read' 'knn_set_107_read' <Predicate = true> <Delay = 0.00>
ST_1 : Operation 26 [1/1] (0.00ns)   --->   "%knn_set_106_read = read i32 @_ssdm_op_Read.ap_auto.i32, i32 %knn_set_106"   --->   Operation 26 'read' 'knn_set_106_read' <Predicate = true> <Delay = 0.00>
ST_1 : Operation 27 [1/1] (0.00ns)   --->   "%knn_set_105_read = read i32 @_ssdm_op_Read.ap_auto.i32, i32 %knn_set_105"   --->   Operation 27 'read' 'knn_set_105_read' <Predicate = true> <Delay = 0.00>
ST_1 : Operation 28 [1/1] (0.00ns)   --->   "%knn_set_104_read = read i32 @_ssdm_op_Read.ap_auto.i32, i32 %knn_set_104"   --->   Operation 28 'read' 'knn_set_104_read' <Predicate = true> <Delay = 0.00>
ST_1 : Operation 29 [1/1] (0.00ns)   --->   "%knn_set_103_read = read i32 @_ssdm_op_Read.ap_auto.i32, i32 %knn_set_103"   --->   Operation 29 'read' 'knn_set_103_read' <Predicate = true> <Delay = 0.00>
ST_1 : Operation 30 [1/1] (0.00ns)   --->   "%knn_set_102_read = read i32 @_ssdm_op_Read.ap_auto.i32, i32 %knn_set_102"   --->   Operation 30 'read' 'knn_set_102_read' <Predicate = true> <Delay = 0.00>
ST_1 : Operation 31 [1/1] (0.00ns)   --->   "%knn_set_101_read = read i32 @_ssdm_op_Read.ap_auto.i32, i32 %knn_set_101"   --->   Operation 31 'read' 'knn_set_101_read' <Predicate = true> <Delay = 0.00>
ST_1 : Operation 32 [1/1] (0.00ns)   --->   "%knn_set_100_read = read i32 @_ssdm_op_Read.ap_auto.i32, i32 %knn_set_100"   --->   Operation 32 'read' 'knn_set_100_read' <Predicate = true> <Delay = 0.00>
ST_1 : Operation 33 [1/1] (0.00ns)   --->   "%knn_set_99_read = read i32 @_ssdm_op_Read.ap_auto.i32, i32 %knn_set_99"   --->   Operation 33 'read' 'knn_set_99_read' <Predicate = true> <Delay = 0.00>
ST_1 : Operation 34 [1/1] (0.00ns)   --->   "%knn_set_98_read = read i32 @_ssdm_op_Read.ap_auto.i32, i32 %knn_set_98"   --->   Operation 34 'read' 'knn_set_98_read' <Predicate = true> <Delay = 0.00>
ST_1 : Operation 35 [1/1] (0.00ns)   --->   "%knn_set_97_read = read i32 @_ssdm_op_Read.ap_auto.i32, i32 %knn_set_97"   --->   Operation 35 'read' 'knn_set_97_read' <Predicate = true> <Delay = 0.00>
ST_1 : Operation 36 [1/1] (0.00ns)   --->   "%knn_set_96_read = read i32 @_ssdm_op_Read.ap_auto.i32, i32 %knn_set_96"   --->   Operation 36 'read' 'knn_set_96_read' <Predicate = true> <Delay = 0.00>
ST_1 : Operation 37 [1/1] (0.00ns)   --->   "%knn_set_95_read = read i32 @_ssdm_op_Read.ap_auto.i32, i32 %knn_set_95"   --->   Operation 37 'read' 'knn_set_95_read' <Predicate = true> <Delay = 0.00>
ST_1 : Operation 38 [1/1] (0.00ns)   --->   "%knn_set_94_read = read i32 @_ssdm_op_Read.ap_auto.i32, i32 %knn_set_94"   --->   Operation 38 'read' 'knn_set_94_read' <Predicate = true> <Delay = 0.00>
ST_1 : Operation 39 [1/1] (0.00ns)   --->   "%knn_set_93_read = read i32 @_ssdm_op_Read.ap_auto.i32, i32 %knn_set_93"   --->   Operation 39 'read' 'knn_set_93_read' <Predicate = true> <Delay = 0.00>
ST_1 : Operation 40 [1/1] (0.00ns)   --->   "%knn_set_92_read = read i32 @_ssdm_op_Read.ap_auto.i32, i32 %knn_set_92"   --->   Operation 40 'read' 'knn_set_92_read' <Predicate = true> <Delay = 0.00>
ST_1 : Operation 41 [1/1] (0.00ns)   --->   "%knn_set_91_read = read i32 @_ssdm_op_Read.ap_auto.i32, i32 %knn_set_91"   --->   Operation 41 'read' 'knn_set_91_read' <Predicate = true> <Delay = 0.00>
ST_1 : Operation 42 [1/1] (0.00ns)   --->   "%knn_set_90_read = read i32 @_ssdm_op_Read.ap_auto.i32, i32 %knn_set_90"   --->   Operation 42 'read' 'knn_set_90_read' <Predicate = true> <Delay = 0.00>
ST_1 : Operation 43 [1/1] (0.00ns)   --->   "%knn_set_89_read = read i32 @_ssdm_op_Read.ap_auto.i32, i32 %knn_set_89"   --->   Operation 43 'read' 'knn_set_89_read' <Predicate = true> <Delay = 0.00>
ST_1 : Operation 44 [1/1] (0.00ns)   --->   "%knn_set_88_read = read i32 @_ssdm_op_Read.ap_auto.i32, i32 %knn_set_88"   --->   Operation 44 'read' 'knn_set_88_read' <Predicate = true> <Delay = 0.00>
ST_1 : Operation 45 [1/1] (0.00ns)   --->   "%knn_set_87_read = read i32 @_ssdm_op_Read.ap_auto.i32, i32 %knn_set_87"   --->   Operation 45 'read' 'knn_set_87_read' <Predicate = true> <Delay = 0.00>
ST_1 : Operation 46 [1/1] (0.00ns)   --->   "%knn_set_86_read = read i32 @_ssdm_op_Read.ap_auto.i32, i32 %knn_set_86"   --->   Operation 46 'read' 'knn_set_86_read' <Predicate = true> <Delay = 0.00>
ST_1 : Operation 47 [1/1] (0.00ns)   --->   "%knn_set_85_read = read i32 @_ssdm_op_Read.ap_auto.i32, i32 %knn_set_85"   --->   Operation 47 'read' 'knn_set_85_read' <Predicate = true> <Delay = 0.00>
ST_1 : Operation 48 [1/1] (0.00ns)   --->   "%knn_set_84_read = read i32 @_ssdm_op_Read.ap_auto.i32, i32 %knn_set_84"   --->   Operation 48 'read' 'knn_set_84_read' <Predicate = true> <Delay = 0.00>
ST_1 : Operation 49 [1/1] (0.00ns)   --->   "%knn_set_83_read = read i32 @_ssdm_op_Read.ap_auto.i32, i32 %knn_set_83"   --->   Operation 49 'read' 'knn_set_83_read' <Predicate = true> <Delay = 0.00>
ST_1 : Operation 50 [1/1] (0.00ns)   --->   "%knn_set_82_read = read i32 @_ssdm_op_Read.ap_auto.i32, i32 %knn_set_82"   --->   Operation 50 'read' 'knn_set_82_read' <Predicate = true> <Delay = 0.00>
ST_1 : Operation 51 [1/1] (0.00ns)   --->   "%knn_set_81_read = read i32 @_ssdm_op_Read.ap_auto.i32, i32 %knn_set_81"   --->   Operation 51 'read' 'knn_set_81_read' <Predicate = true> <Delay = 0.00>
ST_1 : Operation 52 [1/1] (0.00ns)   --->   "%knn_set_80_read = read i32 @_ssdm_op_Read.ap_auto.i32, i32 %knn_set_80"   --->   Operation 52 'read' 'knn_set_80_read' <Predicate = true> <Delay = 0.00>
ST_1 : Operation 53 [1/1] (0.00ns)   --->   "%knn_set_79_read = read i32 @_ssdm_op_Read.ap_auto.i32, i32 %knn_set_79"   --->   Operation 53 'read' 'knn_set_79_read' <Predicate = true> <Delay = 0.00>
ST_1 : Operation 54 [1/1] (0.00ns)   --->   "%knn_set_78_read = read i32 @_ssdm_op_Read.ap_auto.i32, i32 %knn_set_78"   --->   Operation 54 'read' 'knn_set_78_read' <Predicate = true> <Delay = 0.00>
ST_1 : Operation 55 [1/1] (0.00ns)   --->   "%knn_set_77_read = read i32 @_ssdm_op_Read.ap_auto.i32, i32 %knn_set_77"   --->   Operation 55 'read' 'knn_set_77_read' <Predicate = true> <Delay = 0.00>
ST_1 : Operation 56 [1/1] (0.00ns)   --->   "%knn_set_76_read = read i32 @_ssdm_op_Read.ap_auto.i32, i32 %knn_set_76"   --->   Operation 56 'read' 'knn_set_76_read' <Predicate = true> <Delay = 0.00>
ST_1 : Operation 57 [1/1] (0.00ns)   --->   "%knn_set_75_read = read i32 @_ssdm_op_Read.ap_auto.i32, i32 %knn_set_75"   --->   Operation 57 'read' 'knn_set_75_read' <Predicate = true> <Delay = 0.00>
ST_1 : Operation 58 [1/1] (0.00ns)   --->   "%knn_set_74_read = read i32 @_ssdm_op_Read.ap_auto.i32, i32 %knn_set_74"   --->   Operation 58 'read' 'knn_set_74_read' <Predicate = true> <Delay = 0.00>
ST_1 : Operation 59 [1/1] (0.00ns)   --->   "%knn_set_73_read = read i32 @_ssdm_op_Read.ap_auto.i32, i32 %knn_set_73"   --->   Operation 59 'read' 'knn_set_73_read' <Predicate = true> <Delay = 0.00>
ST_1 : Operation 60 [1/1] (0.00ns)   --->   "%knn_set_72_read = read i32 @_ssdm_op_Read.ap_auto.i32, i32 %knn_set_72"   --->   Operation 60 'read' 'knn_set_72_read' <Predicate = true> <Delay = 0.00>
ST_1 : Operation 61 [1/1] (0.00ns)   --->   "%knn_set_71_read = read i32 @_ssdm_op_Read.ap_auto.i32, i32 %knn_set_71"   --->   Operation 61 'read' 'knn_set_71_read' <Predicate = true> <Delay = 0.00>
ST_1 : Operation 62 [1/1] (0.00ns)   --->   "%knn_set_70_read = read i32 @_ssdm_op_Read.ap_auto.i32, i32 %knn_set_70"   --->   Operation 62 'read' 'knn_set_70_read' <Predicate = true> <Delay = 0.00>
ST_1 : Operation 63 [1/1] (0.00ns)   --->   "%knn_set_69_read = read i32 @_ssdm_op_Read.ap_auto.i32, i32 %knn_set_69"   --->   Operation 63 'read' 'knn_set_69_read' <Predicate = true> <Delay = 0.00>
ST_1 : Operation 64 [1/1] (0.00ns)   --->   "%knn_set_68_read = read i32 @_ssdm_op_Read.ap_auto.i32, i32 %knn_set_68"   --->   Operation 64 'read' 'knn_set_68_read' <Predicate = true> <Delay = 0.00>
ST_1 : Operation 65 [1/1] (0.00ns)   --->   "%knn_set_67_read = read i32 @_ssdm_op_Read.ap_auto.i32, i32 %knn_set_67"   --->   Operation 65 'read' 'knn_set_67_read' <Predicate = true> <Delay = 0.00>
ST_1 : Operation 66 [1/1] (0.00ns)   --->   "%knn_set_66_read = read i32 @_ssdm_op_Read.ap_auto.i32, i32 %knn_set_66"   --->   Operation 66 'read' 'knn_set_66_read' <Predicate = true> <Delay = 0.00>
ST_1 : Operation 67 [1/1] (0.00ns)   --->   "%knn_set_65_read = read i32 @_ssdm_op_Read.ap_auto.i32, i32 %knn_set_65"   --->   Operation 67 'read' 'knn_set_65_read' <Predicate = true> <Delay = 0.00>
ST_1 : Operation 68 [1/1] (0.00ns)   --->   "%knn_set_64_read = read i32 @_ssdm_op_Read.ap_auto.i32, i32 %knn_set_64"   --->   Operation 68 'read' 'knn_set_64_read' <Predicate = true> <Delay = 0.00>
ST_1 : Operation 69 [1/1] (0.00ns)   --->   "%knn_set_63_read = read i32 @_ssdm_op_Read.ap_auto.i32, i32 %knn_set_63"   --->   Operation 69 'read' 'knn_set_63_read' <Predicate = true> <Delay = 0.00>
ST_1 : Operation 70 [1/1] (0.00ns)   --->   "%knn_set_62_read = read i32 @_ssdm_op_Read.ap_auto.i32, i32 %knn_set_62"   --->   Operation 70 'read' 'knn_set_62_read' <Predicate = true> <Delay = 0.00>
ST_1 : Operation 71 [1/1] (0.00ns)   --->   "%knn_set_61_read = read i32 @_ssdm_op_Read.ap_auto.i32, i32 %knn_set_61"   --->   Operation 71 'read' 'knn_set_61_read' <Predicate = true> <Delay = 0.00>
ST_1 : Operation 72 [1/1] (0.00ns)   --->   "%knn_set_60_read = read i32 @_ssdm_op_Read.ap_auto.i32, i32 %knn_set_60"   --->   Operation 72 'read' 'knn_set_60_read' <Predicate = true> <Delay = 0.00>
ST_1 : Operation 73 [1/1] (0.00ns)   --->   "%knn_set_59_read = read i32 @_ssdm_op_Read.ap_auto.i32, i32 %knn_set_59"   --->   Operation 73 'read' 'knn_set_59_read' <Predicate = true> <Delay = 0.00>
ST_1 : Operation 74 [1/1] (0.00ns)   --->   "%knn_set_58_read = read i32 @_ssdm_op_Read.ap_auto.i32, i32 %knn_set_58"   --->   Operation 74 'read' 'knn_set_58_read' <Predicate = true> <Delay = 0.00>
ST_1 : Operation 75 [1/1] (0.00ns)   --->   "%knn_set_57_read = read i32 @_ssdm_op_Read.ap_auto.i32, i32 %knn_set_57"   --->   Operation 75 'read' 'knn_set_57_read' <Predicate = true> <Delay = 0.00>
ST_1 : Operation 76 [1/1] (0.00ns)   --->   "%knn_set_56_read = read i32 @_ssdm_op_Read.ap_auto.i32, i32 %knn_set_56"   --->   Operation 76 'read' 'knn_set_56_read' <Predicate = true> <Delay = 0.00>
ST_1 : Operation 77 [1/1] (0.00ns)   --->   "%knn_set_55_read = read i32 @_ssdm_op_Read.ap_auto.i32, i32 %knn_set_55"   --->   Operation 77 'read' 'knn_set_55_read' <Predicate = true> <Delay = 0.00>
ST_1 : Operation 78 [1/1] (0.00ns)   --->   "%knn_set_54_read = read i32 @_ssdm_op_Read.ap_auto.i32, i32 %knn_set_54"   --->   Operation 78 'read' 'knn_set_54_read' <Predicate = true> <Delay = 0.00>
ST_1 : Operation 79 [1/1] (0.00ns)   --->   "%knn_set_53_read = read i32 @_ssdm_op_Read.ap_auto.i32, i32 %knn_set_53"   --->   Operation 79 'read' 'knn_set_53_read' <Predicate = true> <Delay = 0.00>
ST_1 : Operation 80 [1/1] (0.00ns)   --->   "%knn_set_52_read = read i32 @_ssdm_op_Read.ap_auto.i32, i32 %knn_set_52"   --->   Operation 80 'read' 'knn_set_52_read' <Predicate = true> <Delay = 0.00>
ST_1 : Operation 81 [1/1] (0.00ns)   --->   "%knn_set_51_read = read i32 @_ssdm_op_Read.ap_auto.i32, i32 %knn_set_51"   --->   Operation 81 'read' 'knn_set_51_read' <Predicate = true> <Delay = 0.00>
ST_1 : Operation 82 [1/1] (0.00ns)   --->   "%knn_set_50_read = read i32 @_ssdm_op_Read.ap_auto.i32, i32 %knn_set_50"   --->   Operation 82 'read' 'knn_set_50_read' <Predicate = true> <Delay = 0.00>
ST_1 : Operation 83 [1/1] (0.00ns)   --->   "%knn_set_49_read = read i32 @_ssdm_op_Read.ap_auto.i32, i32 %knn_set_49"   --->   Operation 83 'read' 'knn_set_49_read' <Predicate = true> <Delay = 0.00>
ST_1 : Operation 84 [1/1] (0.00ns)   --->   "%knn_set_48_read = read i32 @_ssdm_op_Read.ap_auto.i32, i32 %knn_set_48"   --->   Operation 84 'read' 'knn_set_48_read' <Predicate = true> <Delay = 0.00>
ST_1 : Operation 85 [1/1] (0.00ns)   --->   "%knn_set_47_read = read i32 @_ssdm_op_Read.ap_auto.i32, i32 %knn_set_47"   --->   Operation 85 'read' 'knn_set_47_read' <Predicate = true> <Delay = 0.00>
ST_1 : Operation 86 [1/1] (0.00ns)   --->   "%knn_set_46_read = read i32 @_ssdm_op_Read.ap_auto.i32, i32 %knn_set_46"   --->   Operation 86 'read' 'knn_set_46_read' <Predicate = true> <Delay = 0.00>
ST_1 : Operation 87 [1/1] (0.00ns)   --->   "%knn_set_45_read = read i32 @_ssdm_op_Read.ap_auto.i32, i32 %knn_set_45"   --->   Operation 87 'read' 'knn_set_45_read' <Predicate = true> <Delay = 0.00>
ST_1 : Operation 88 [1/1] (0.00ns)   --->   "%knn_set_44_read = read i32 @_ssdm_op_Read.ap_auto.i32, i32 %knn_set_44"   --->   Operation 88 'read' 'knn_set_44_read' <Predicate = true> <Delay = 0.00>
ST_1 : Operation 89 [1/1] (0.00ns)   --->   "%knn_set_43_read = read i32 @_ssdm_op_Read.ap_auto.i32, i32 %knn_set_43"   --->   Operation 89 'read' 'knn_set_43_read' <Predicate = true> <Delay = 0.00>
ST_1 : Operation 90 [1/1] (0.00ns)   --->   "%knn_set_42_read = read i32 @_ssdm_op_Read.ap_auto.i32, i32 %knn_set_42"   --->   Operation 90 'read' 'knn_set_42_read' <Predicate = true> <Delay = 0.00>
ST_1 : Operation 91 [1/1] (0.00ns)   --->   "%knn_set_41_read = read i32 @_ssdm_op_Read.ap_auto.i32, i32 %knn_set_41"   --->   Operation 91 'read' 'knn_set_41_read' <Predicate = true> <Delay = 0.00>
ST_1 : Operation 92 [1/1] (0.00ns)   --->   "%knn_set_40_read = read i32 @_ssdm_op_Read.ap_auto.i32, i32 %knn_set_40"   --->   Operation 92 'read' 'knn_set_40_read' <Predicate = true> <Delay = 0.00>
ST_1 : Operation 93 [1/1] (0.00ns)   --->   "%knn_set_39_read = read i32 @_ssdm_op_Read.ap_auto.i32, i32 %knn_set_39"   --->   Operation 93 'read' 'knn_set_39_read' <Predicate = true> <Delay = 0.00>
ST_1 : Operation 94 [1/1] (0.00ns)   --->   "%knn_set_38_read = read i32 @_ssdm_op_Read.ap_auto.i32, i32 %knn_set_38"   --->   Operation 94 'read' 'knn_set_38_read' <Predicate = true> <Delay = 0.00>
ST_1 : Operation 95 [1/1] (0.00ns)   --->   "%knn_set_37_read = read i32 @_ssdm_op_Read.ap_auto.i32, i32 %knn_set_37"   --->   Operation 95 'read' 'knn_set_37_read' <Predicate = true> <Delay = 0.00>
ST_1 : Operation 96 [1/1] (0.00ns)   --->   "%knn_set_36_read = read i32 @_ssdm_op_Read.ap_auto.i32, i32 %knn_set_36"   --->   Operation 96 'read' 'knn_set_36_read' <Predicate = true> <Delay = 0.00>
ST_1 : Operation 97 [1/1] (0.00ns)   --->   "%knn_set_35_read = read i32 @_ssdm_op_Read.ap_auto.i32, i32 %knn_set_35"   --->   Operation 97 'read' 'knn_set_35_read' <Predicate = true> <Delay = 0.00>
ST_1 : Operation 98 [1/1] (0.00ns)   --->   "%knn_set_34_read = read i32 @_ssdm_op_Read.ap_auto.i32, i32 %knn_set_34"   --->   Operation 98 'read' 'knn_set_34_read' <Predicate = true> <Delay = 0.00>
ST_1 : Operation 99 [1/1] (0.00ns)   --->   "%knn_set_33_read = read i32 @_ssdm_op_Read.ap_auto.i32, i32 %knn_set_33"   --->   Operation 99 'read' 'knn_set_33_read' <Predicate = true> <Delay = 0.00>
ST_1 : Operation 100 [1/1] (0.00ns)   --->   "%knn_set_32_read = read i32 @_ssdm_op_Read.ap_auto.i32, i32 %knn_set_32"   --->   Operation 100 'read' 'knn_set_32_read' <Predicate = true> <Delay = 0.00>
ST_1 : Operation 101 [1/1] (0.00ns)   --->   "%knn_set_31_read = read i32 @_ssdm_op_Read.ap_auto.i32, i32 %knn_set_31"   --->   Operation 101 'read' 'knn_set_31_read' <Predicate = true> <Delay = 0.00>
ST_1 : Operation 102 [1/1] (0.00ns)   --->   "%knn_set_30_read = read i32 @_ssdm_op_Read.ap_auto.i32, i32 %knn_set_30"   --->   Operation 102 'read' 'knn_set_30_read' <Predicate = true> <Delay = 0.00>
ST_1 : Operation 103 [1/1] (0.00ns)   --->   "%knn_set_29_read = read i32 @_ssdm_op_Read.ap_auto.i32, i32 %knn_set_29"   --->   Operation 103 'read' 'knn_set_29_read' <Predicate = true> <Delay = 0.00>
ST_1 : Operation 104 [1/1] (0.00ns)   --->   "%knn_set_28_read = read i32 @_ssdm_op_Read.ap_auto.i32, i32 %knn_set_28"   --->   Operation 104 'read' 'knn_set_28_read' <Predicate = true> <Delay = 0.00>
ST_1 : Operation 105 [1/1] (0.00ns)   --->   "%knn_set_27_read = read i32 @_ssdm_op_Read.ap_auto.i32, i32 %knn_set_27"   --->   Operation 105 'read' 'knn_set_27_read' <Predicate = true> <Delay = 0.00>
ST_1 : Operation 106 [1/1] (0.00ns)   --->   "%knn_set_26_read = read i32 @_ssdm_op_Read.ap_auto.i32, i32 %knn_set_26"   --->   Operation 106 'read' 'knn_set_26_read' <Predicate = true> <Delay = 0.00>
ST_1 : Operation 107 [1/1] (0.00ns)   --->   "%knn_set_25_read = read i32 @_ssdm_op_Read.ap_auto.i32, i32 %knn_set_25"   --->   Operation 107 'read' 'knn_set_25_read' <Predicate = true> <Delay = 0.00>
ST_1 : Operation 108 [1/1] (0.00ns)   --->   "%knn_set_24_read = read i32 @_ssdm_op_Read.ap_auto.i32, i32 %knn_set_24"   --->   Operation 108 'read' 'knn_set_24_read' <Predicate = true> <Delay = 0.00>
ST_1 : Operation 109 [1/1] (0.00ns)   --->   "%knn_set_23_read = read i32 @_ssdm_op_Read.ap_auto.i32, i32 %knn_set_23"   --->   Operation 109 'read' 'knn_set_23_read' <Predicate = true> <Delay = 0.00>
ST_1 : Operation 110 [1/1] (0.00ns)   --->   "%knn_set_22_read = read i32 @_ssdm_op_Read.ap_auto.i32, i32 %knn_set_22"   --->   Operation 110 'read' 'knn_set_22_read' <Predicate = true> <Delay = 0.00>
ST_1 : Operation 111 [1/1] (0.00ns)   --->   "%knn_set_21_read = read i32 @_ssdm_op_Read.ap_auto.i32, i32 %knn_set_21"   --->   Operation 111 'read' 'knn_set_21_read' <Predicate = true> <Delay = 0.00>
ST_1 : Operation 112 [1/1] (0.00ns)   --->   "%knn_set_20_read = read i32 @_ssdm_op_Read.ap_auto.i32, i32 %knn_set_20"   --->   Operation 112 'read' 'knn_set_20_read' <Predicate = true> <Delay = 0.00>
ST_1 : Operation 113 [1/1] (0.00ns)   --->   "%knn_set_19_read = read i32 @_ssdm_op_Read.ap_auto.i32, i32 %knn_set_19"   --->   Operation 113 'read' 'knn_set_19_read' <Predicate = true> <Delay = 0.00>
ST_1 : Operation 114 [1/1] (0.00ns)   --->   "%knn_set_18_read = read i32 @_ssdm_op_Read.ap_auto.i32, i32 %knn_set_18"   --->   Operation 114 'read' 'knn_set_18_read' <Predicate = true> <Delay = 0.00>
ST_1 : Operation 115 [1/1] (0.00ns)   --->   "%knn_set_17_read = read i32 @_ssdm_op_Read.ap_auto.i32, i32 %knn_set_17"   --->   Operation 115 'read' 'knn_set_17_read' <Predicate = true> <Delay = 0.00>
ST_1 : Operation 116 [1/1] (0.00ns)   --->   "%knn_set_16_read = read i32 @_ssdm_op_Read.ap_auto.i32, i32 %knn_set_16"   --->   Operation 116 'read' 'knn_set_16_read' <Predicate = true> <Delay = 0.00>
ST_1 : Operation 117 [1/1] (0.00ns)   --->   "%knn_set_15_read = read i32 @_ssdm_op_Read.ap_auto.i32, i32 %knn_set_15"   --->   Operation 117 'read' 'knn_set_15_read' <Predicate = true> <Delay = 0.00>
ST_1 : Operation 118 [1/1] (0.00ns)   --->   "%knn_set_14_read = read i32 @_ssdm_op_Read.ap_auto.i32, i32 %knn_set_14"   --->   Operation 118 'read' 'knn_set_14_read' <Predicate = true> <Delay = 0.00>
ST_1 : Operation 119 [1/1] (0.00ns)   --->   "%knn_set_13_read = read i32 @_ssdm_op_Read.ap_auto.i32, i32 %knn_set_13"   --->   Operation 119 'read' 'knn_set_13_read' <Predicate = true> <Delay = 0.00>
ST_1 : Operation 120 [1/1] (0.00ns)   --->   "%knn_set_12_read = read i32 @_ssdm_op_Read.ap_auto.i32, i32 %knn_set_12"   --->   Operation 120 'read' 'knn_set_12_read' <Predicate = true> <Delay = 0.00>
ST_1 : Operation 121 [1/1] (0.00ns)   --->   "%knn_set_11_read = read i32 @_ssdm_op_Read.ap_auto.i32, i32 %knn_set_11"   --->   Operation 121 'read' 'knn_set_11_read' <Predicate = true> <Delay = 0.00>
ST_1 : Operation 122 [1/1] (0.00ns)   --->   "%knn_set_10_read = read i32 @_ssdm_op_Read.ap_auto.i32, i32 %knn_set_10"   --->   Operation 122 'read' 'knn_set_10_read' <Predicate = true> <Delay = 0.00>
ST_1 : Operation 123 [1/1] (0.00ns)   --->   "%knn_set_9_read = read i32 @_ssdm_op_Read.ap_auto.i32, i32 %knn_set_9"   --->   Operation 123 'read' 'knn_set_9_read' <Predicate = true> <Delay = 0.00>
ST_1 : Operation 124 [1/1] (0.00ns)   --->   "%knn_set_8_read = read i32 @_ssdm_op_Read.ap_auto.i32, i32 %knn_set_8"   --->   Operation 124 'read' 'knn_set_8_read' <Predicate = true> <Delay = 0.00>
ST_1 : Operation 125 [1/1] (0.00ns)   --->   "%knn_set_7_read = read i32 @_ssdm_op_Read.ap_auto.i32, i32 %knn_set_7"   --->   Operation 125 'read' 'knn_set_7_read' <Predicate = true> <Delay = 0.00>
ST_1 : Operation 126 [1/1] (0.00ns)   --->   "%knn_set_6_read = read i32 @_ssdm_op_Read.ap_auto.i32, i32 %knn_set_6"   --->   Operation 126 'read' 'knn_set_6_read' <Predicate = true> <Delay = 0.00>
ST_1 : Operation 127 [1/1] (0.00ns)   --->   "%knn_set_5_read = read i32 @_ssdm_op_Read.ap_auto.i32, i32 %knn_set_5"   --->   Operation 127 'read' 'knn_set_5_read' <Predicate = true> <Delay = 0.00>
ST_1 : Operation 128 [1/1] (0.00ns)   --->   "%knn_set_4_read = read i32 @_ssdm_op_Read.ap_auto.i32, i32 %knn_set_4"   --->   Operation 128 'read' 'knn_set_4_read' <Predicate = true> <Delay = 0.00>
ST_1 : Operation 129 [1/1] (0.00ns)   --->   "%knn_set_3_read = read i32 @_ssdm_op_Read.ap_auto.i32, i32 %knn_set_3"   --->   Operation 129 'read' 'knn_set_3_read' <Predicate = true> <Delay = 0.00>
ST_1 : Operation 130 [1/1] (0.00ns)   --->   "%knn_set_2_read = read i32 @_ssdm_op_Read.ap_auto.i32, i32 %knn_set_2"   --->   Operation 130 'read' 'knn_set_2_read' <Predicate = true> <Delay = 0.00>
ST_1 : Operation 131 [1/1] (0.00ns)   --->   "%knn_set_1_read = read i32 @_ssdm_op_Read.ap_auto.i32, i32 %knn_set_1"   --->   Operation 131 'read' 'knn_set_1_read' <Predicate = true> <Delay = 0.00>
ST_1 : Operation 132 [1/1] (0.00ns)   --->   "%knn_set_read = read i32 @_ssdm_op_Read.ap_auto.i32, i32 %knn_set"   --->   Operation 132 'read' 'knn_set_read' <Predicate = true> <Delay = 0.00>
ST_1 : Operation 133 [1/1] (0.38ns)   --->   "%store_ln0 = store i7 0, i7 %indvar_flatten11"   --->   Operation 133 'store' 'store_ln0' <Predicate = true> <Delay = 0.38>
ST_1 : Operation 134 [1/1] (0.38ns)   --->   "%store_ln0 = store i6 0, i6 %i"   --->   Operation 134 'store' 'store_ln0' <Predicate = true> <Delay = 0.38>
ST_1 : Operation 135 [1/1] (0.38ns)   --->   "%store_ln0 = store i2 0, i2 %j"   --->   Operation 135 'store' 'store_ln0' <Predicate = true> <Delay = 0.38>
ST_1 : Operation 136 [1/1] (0.38ns)   --->   "%store_ln0 = store i32 9, i32 %label_list_5"   --->   Operation 136 'store' 'store_ln0' <Predicate = true> <Delay = 0.38>
ST_1 : Operation 137 [1/1] (0.38ns)   --->   "%store_ln0 = store i32 9, i32 %label_list_4"   --->   Operation 137 'store' 'store_ln0' <Predicate = true> <Delay = 0.38>
ST_1 : Operation 138 [1/1] (0.38ns)   --->   "%store_ln0 = store i32 9, i32 %label_list_3"   --->   Operation 138 'store' 'store_ln0' <Predicate = true> <Delay = 0.38>
ST_1 : Operation 139 [1/1] (0.38ns)   --->   "%store_ln0 = store i32 256, i32 %empty_27"   --->   Operation 139 'store' 'store_ln0' <Predicate = true> <Delay = 0.38>
ST_1 : Operation 140 [1/1] (0.38ns)   --->   "%store_ln0 = store i32 256, i32 %empty_26"   --->   Operation 140 'store' 'store_ln0' <Predicate = true> <Delay = 0.38>
ST_1 : Operation 141 [1/1] (0.38ns)   --->   "%store_ln0 = store i32 256, i32 %empty"   --->   Operation 141 'store' 'store_ln0' <Predicate = true> <Delay = 0.38>
ST_1 : Operation 142 [1/1] (0.00ns)   --->   "%br_ln0 = br void %for.body25.i"   --->   Operation 142 'br' 'br_ln0' <Predicate = true> <Delay = 0.00>

State 2 <SV = 1> <Delay = 6.72>
ST_2 : Operation 143 [1/1] (0.00ns)   --->   "%i_5 = load i6 %i"   --->   Operation 143 'load' 'i_5' <Predicate = true> <Delay = 0.00>
ST_2 : Operation 144 [1/1] (0.00ns)   --->   "%indvar_flatten11_load = load i7 %indvar_flatten11" [digitrec.cpp:130]   --->   Operation 144 'load' 'indvar_flatten11_load' <Predicate = true> <Delay = 0.00>
ST_2 : Operation 145 [1/1] (0.00ns)   --->   "%zext_ln130 = zext i6 %i_5" [digitrec.cpp:130]   --->   Operation 145 'zext' 'zext_ln130' <Predicate = true> <Delay = 0.00>
ST_2 : Operation 146 [1/1] (0.00ns)   --->   "%empty_28 = trunc i6 %i_5"   --->   Operation 146 'trunc' 'empty_28' <Predicate = true> <Delay = 0.00>
ST_2 : Operation 147 [1/1] (0.00ns)   --->   "%p_shl = bitconcatenate i7 @_ssdm_op_BitConcatenate.i7.i5.i2, i5 %empty_28, i2 0"   --->   Operation 147 'bitconcatenate' 'p_shl' <Predicate = true> <Delay = 0.00>
ST_2 : Operation 148 [1/1] (0.70ns)   --->   "%empty_29 = sub i7 %p_shl, i7 %zext_ln130" [digitrec.cpp:130]   --->   Operation 148 'sub' 'empty_29' <Predicate = true> <Delay = 0.70> <CoreInst = "Adder">   --->   Core 1 'Adder' <Latency = 0> <II = 1> <Delay = 0.70> <FuncUnit> <Opcode : 'add' 'sub'> <InPorts = 2> <OutPorts = 1>
ST_2 : Operation 149 [1/1] (0.59ns)   --->   "%icmp_ln130 = icmp_eq  i7 %indvar_flatten11_load, i7 120" [digitrec.cpp:130]   --->   Operation 149 'icmp' 'icmp_ln130' <Predicate = true> <Delay = 0.59> <CoreInst = "Cmp">   --->   Core 9 'Cmp' <Latency = 0> <II = 1> <Delay = 0.59> <FuncUnit> <Opcode : 'icmp'> <InPorts = 2> <OutPorts = 1>
ST_2 : Operation 150 [1/1] (0.70ns)   --->   "%add_ln130 = add i7 %indvar_flatten11_load, i7 1" [digitrec.cpp:130]   --->   Operation 150 'add' 'add_ln130' <Predicate = true> <Delay = 0.70> <CoreInst = "Adder">   --->   Core 1 'Adder' <Latency = 0> <II = 1> <Delay = 0.70> <FuncUnit> <Opcode : 'add' 'sub'> <InPorts = 2> <OutPorts = 1>
ST_2 : Operation 151 [1/1] (0.00ns)   --->   "%br_ln130 = br i1 %icmp_ln130, void %for.cond.cleanup20.i, void %for.body79.i.preheader.exitStub" [digitrec.cpp:130]   --->   Operation 151 'br' 'br_ln130' <Predicate = true> <Delay = 0.00>
ST_2 : Operation 152 [1/1] (0.00ns)   --->   "%p_load148 = load i32 %empty" [digitrec.cpp:150]   --->   Operation 152 'load' 'p_load148' <Predicate = (!icmp_ln130)> <Delay = 0.00>
ST_2 : Operation 153 [1/1] (0.00ns)   --->   "%p_load147 = load i32 %empty_26" [digitrec.cpp:150]   --->   Operation 153 'load' 'p_load147' <Predicate = (!icmp_ln130)> <Delay = 0.00>
ST_2 : Operation 154 [1/1] (0.00ns)   --->   "%p_load146 = load i32 %empty_27" [digitrec.cpp:150]   --->   Operation 154 'load' 'p_load146' <Predicate = (!icmp_ln130)> <Delay = 0.00>
ST_2 : Operation 155 [1/1] (0.00ns)   --->   "%label_list_3_load_1 = load i32 %label_list_3" [digitrec.cpp:150]   --->   Operation 155 'load' 'label_list_3_load_1' <Predicate = (!icmp_ln130)> <Delay = 0.00>
ST_2 : Operation 156 [1/1] (0.00ns)   --->   "%label_list_4_load_1 = load i32 %label_list_4" [digitrec.cpp:150]   --->   Operation 156 'load' 'label_list_4_load_1' <Predicate = (!icmp_ln130)> <Delay = 0.00>
ST_2 : Operation 157 [1/1] (0.00ns)   --->   "%label_list_5_load_1 = load i32 %label_list_5" [digitrec.cpp:150]   --->   Operation 157 'load' 'label_list_5_load_1' <Predicate = (!icmp_ln130)> <Delay = 0.00>
ST_2 : Operation 158 [1/1] (0.00ns)   --->   "%j_load = load i2 %j" [digitrec.cpp:132]   --->   Operation 158 'load' 'j_load' <Predicate = (!icmp_ln130)> <Delay = 0.00>
ST_2 : Operation 159 [1/1] (0.00ns)   --->   "%specloopname_ln0 = specloopname void @_ssdm_op_SpecLoopName, void @LANES_INSERTION_SORT_OUTER_str"   --->   Operation 159 'specloopname' 'specloopname_ln0' <Predicate = (!icmp_ln130)> <Delay = 0.00>
ST_2 : Operation 160 [1/1] (0.00ns)   --->   "%empty_30 = speclooptripcount i32 @_ssdm_op_SpecLoopTripCount, i64 120, i64 120, i64 120"   --->   Operation 160 'speclooptripcount' 'empty_30' <Predicate = (!icmp_ln130)> <Delay = 0.00>
ST_2 : Operation 161 [1/1] (0.34ns)   --->   "%icmp_ln132 = icmp_eq  i2 %j_load, i2 3" [digitrec.cpp:132]   --->   Operation 161 'icmp' 'icmp_ln132' <Predicate = (!icmp_ln130)> <Delay = 0.34> <CoreInst = "Cmp">   --->   Core 9 'Cmp' <Latency = 0> <II = 1> <Delay = 0.34> <FuncUnit> <Opcode : 'icmp'> <InPorts = 2> <OutPorts = 1>
ST_2 : Operation 162 [1/1] (0.27ns)   --->   "%select_ln130 = select i1 %icmp_ln132, i2 0, i2 %j_load" [digitrec.cpp:130]   --->   Operation 162 'select' 'select_ln130' <Predicate = (!icmp_ln130)> <Delay = 0.27> <CoreInst = "Sel">   --->   Core 73 'Sel' <Latency = 0> <II = 1> <Delay = 0.27> <FuncUnit> <Opcode : 'select'> <InPorts = 3> <OutPorts = 1>
ST_2 : Operation 163 [1/1] (0.70ns)   --->   "%add_ln130_1 = add i6 %i_5, i6 1" [digitrec.cpp:130]   --->   Operation 163 'add' 'add_ln130_1' <Predicate = (!icmp_ln130)> <Delay = 0.70> <CoreInst = "Adder">   --->   Core 1 'Adder' <Latency = 0> <II = 1> <Delay = 0.70> <FuncUnit> <Opcode : 'add' 'sub'> <InPorts = 2> <OutPorts = 1>
ST_2 : Operation 164 [1/1] (0.00ns)   --->   "%zext_ln130_1 = zext i6 %add_ln130_1" [digitrec.cpp:130]   --->   Operation 164 'zext' 'zext_ln130_1' <Predicate = (!icmp_ln130)> <Delay = 0.00>
ST_2 : Operation 165 [1/1] (0.00ns)   --->   "%empty_31 = trunc i6 %add_ln130_1" [digitrec.cpp:130]   --->   Operation 165 'trunc' 'empty_31' <Predicate = (!icmp_ln130)> <Delay = 0.00>
ST_2 : Operation 166 [1/1] (0.00ns)   --->   "%p_shl256_mid1 = bitconcatenate i7 @_ssdm_op_BitConcatenate.i7.i5.i2, i5 %empty_31, i2 0" [digitrec.cpp:130]   --->   Operation 166 'bitconcatenate' 'p_shl256_mid1' <Predicate = (!icmp_ln130)> <Delay = 0.00>
ST_2 : Operation 167 [1/1] (0.70ns)   --->   "%p_mid1 = sub i7 %p_shl256_mid1, i7 %zext_ln130_1" [digitrec.cpp:130]   --->   Operation 167 'sub' 'p_mid1' <Predicate = (!icmp_ln130)> <Delay = 0.70> <CoreInst = "Adder">   --->   Core 1 'Adder' <Latency = 0> <II = 1> <Delay = 0.70> <FuncUnit> <Opcode : 'add' 'sub'> <InPorts = 2> <OutPorts = 1>
ST_2 : Operation 168 [1/1] (0.00ns) (grouped into LUT with out node add_ln139)   --->   "%select_ln130_1 = select i1 %icmp_ln132, i7 %p_mid1, i7 %empty_29" [digitrec.cpp:130]   --->   Operation 168 'select' 'select_ln130_1' <Predicate = (!icmp_ln130)> <Delay = 0.00> <CoreInst = "Sel">   --->   Core 73 'Sel' <Latency = 0> <II = 1> <Delay = 0.30> <FuncUnit> <Opcode : 'select'> <InPorts = 3> <OutPorts = 1>
ST_2 : Operation 169 [1/1] (0.29ns)   --->   "%select_ln130_2 = select i1 %icmp_ln132, i6 %add_ln130_1, i6 %i_5" [digitrec.cpp:130]   --->   Operation 169 'select' 'select_ln130_2' <Predicate = (!icmp_ln130)> <Delay = 0.29> <CoreInst = "Sel">   --->   Core 73 'Sel' <Latency = 0> <II = 1> <Delay = 0.29> <FuncUnit> <Opcode : 'select'> <InPorts = 3> <OutPorts = 1>
ST_2 : Operation 170 [1/1] (0.00ns)   --->   "%div_i_udiv_cast_mid2_v = partselect i4 @_ssdm_op_PartSelect.i4.i6.i32.i32, i6 %select_ln130_2, i32 2, i32 5" [digitrec.cpp:130]   --->   Operation 170 'partselect' 'div_i_udiv_cast_mid2_v' <Predicate = (!icmp_ln130)> <Delay = 0.00>
ST_2 : Operation 171 [1/1] (0.00ns)   --->   "%zext_ln130_2 = zext i4 %div_i_udiv_cast_mid2_v" [digitrec.cpp:130]   --->   Operation 171 'zext' 'zext_ln130_2' <Predicate = (!icmp_ln130)> <Delay = 0.00>
ST_2 : Operation 172 [1/1] (0.00ns)   --->   "%specpipeline_ln134 = specpipeline void @_ssdm_op_SpecPipeline, i32 4294967295, i32 0, i32 0, i32 0, void @empty_10" [digitrec.cpp:134]   --->   Operation 172 'specpipeline' 'specpipeline_ln134' <Predicate = (!icmp_ln130)> <Delay = 0.00>
ST_2 : Operation 173 [1/1] (0.00ns)   --->   "%specloopname_ln112 = specloopname void @_ssdm_op_SpecLoopName, void @empty_0" [digitrec.cpp:112]   --->   Operation 173 'specloopname' 'specloopname_ln112' <Predicate = (!icmp_ln130)> <Delay = 0.00>
ST_2 : Operation 174 [1/1] (0.00ns) (grouped into LUT with out node add_ln139)   --->   "%j_1_cast = zext i2 %select_ln130" [digitrec.cpp:130]   --->   Operation 174 'zext' 'j_1_cast' <Predicate = (!icmp_ln130)> <Delay = 0.00>
ST_2 : Operation 175 [1/1] (0.70ns) (out node of the LUT)   --->   "%add_ln139 = add i7 %j_1_cast, i7 %select_ln130_1" [digitrec.cpp:139]   --->   Operation 175 'add' 'add_ln139' <Predicate = (!icmp_ln130)> <Delay = 0.70> <CoreInst = "Adder">   --->   Core 1 'Adder' <Latency = 0> <II = 1> <Delay = 0.70> <FuncUnit> <Opcode : 'add' 'sub'> <InPorts = 2> <OutPorts = 1>
ST_2 : Operation 176 [1/1] (1.01ns)   --->   "%tmp_s = mux i32 @_ssdm_op_Mux.ap_auto.120i32.i7, i32 %knn_set_read, i32 %knn_set_1_read, i32 %knn_set_2_read, i32 %knn_set_3_read, i32 %knn_set_4_read, i32 %knn_set_5_read, i32 %knn_set_6_read, i32 %knn_set_7_read, i32 %knn_set_8_read, i32 %knn_set_9_read, i32 %knn_set_10_read, i32 %knn_set_11_read, i32 %knn_set_12_read, i32 %knn_set_13_read, i32 %knn_set_14_read, i32 %knn_set_15_read, i32 %knn_set_16_read, i32 %knn_set_17_read, i32 %knn_set_18_read, i32 %knn_set_19_read, i32 %knn_set_20_read, i32 %knn_set_21_read, i32 %knn_set_22_read, i32 %knn_set_23_read, i32 %knn_set_24_read, i32 %knn_set_25_read, i32 %knn_set_26_read, i32 %knn_set_27_read, i32 %knn_set_28_read, i32 %knn_set_29_read, i32 %knn_set_30_read, i32 %knn_set_31_read, i32 %knn_set_32_read, i32 %knn_set_33_read, i32 %knn_set_34_read, i32 %knn_set_35_read, i32 %knn_set_36_read, i32 %knn_set_37_read, i32 %knn_set_38_read, i32 %knn_set_39_read, i32 %knn_set_40_read, i32 %knn_set_41_read, i32 %knn_set_42_read, i32 %knn_set_43_read, i32 %knn_set_44_read, i32 %knn_set_45_read, i32 %knn_set_46_read, i32 %knn_set_47_read, i32 %knn_set_48_read, i32 %knn_set_49_read, i32 %knn_set_50_read, i32 %knn_set_51_read, i32 %knn_set_52_read, i32 %knn_set_53_read, i32 %knn_set_54_read, i32 %knn_set_55_read, i32 %knn_set_56_read, i32 %knn_set_57_read, i32 %knn_set_58_read, i32 %knn_set_59_read, i32 %knn_set_60_read, i32 %knn_set_61_read, i32 %knn_set_62_read, i32 %knn_set_63_read, i32 %knn_set_64_read, i32 %knn_set_65_read, i32 %knn_set_66_read, i32 %knn_set_67_read, i32 %knn_set_68_read, i32 %knn_set_69_read, i32 %knn_set_70_read, i32 %knn_set_71_read, i32 %knn_set_72_read, i32 %knn_set_73_read, i32 %knn_set_74_read, i32 %knn_set_75_read, i32 %knn_set_76_read, i32 %knn_set_77_read, i32 %knn_set_78_read, i32 %knn_set_79_read, i32 %knn_set_80_read, i32 %knn_set_81_read, i32 %knn_set_82_read, i32 %knn_set_83_read, i32 %knn_set_84_read, i32 %knn_set_85_read, i32 %knn_set_86_read, i32 %knn_set_87_read, i32 %knn_set_88_read, i32 %knn_set_89_read, i32 %knn_set_90_read, i32 %knn_set_91_read, i32 %knn_set_92_read, i32 %knn_set_93_read, i32 %knn_set_94_read, i32 %knn_set_95_read, i32 %knn_set_96_read, i32 %knn_set_97_read, i32 %knn_set_98_read, i32 %knn_set_99_read, i32 %knn_set_100_read, i32 %knn_set_101_read, i32 %knn_set_102_read, i32 %knn_set_103_read, i32 %knn_set_104_read, i32 %knn_set_105_read, i32 %knn_set_106_read, i32 %knn_set_107_read, i32 %knn_set_108_read, i32 %knn_set_109_read, i32 %knn_set_110_read, i32 %knn_set_111_read, i32 %knn_set_112_read, i32 %knn_set_113_read, i32 %knn_set_114_read, i32 %knn_set_115_read, i32 %knn_set_116_read, i32 %knn_set_117_read, i32 %knn_set_118_read, i32 %knn_set_119_read, i7 %add_ln139" [digitrec.cpp:139]   --->   Operation 176 'mux' 'tmp_s' <Predicate = (!icmp_ln130)> <Delay = 1.01> <CoreInst = "Multiplexer">   --->   Core 76 'Multiplexer' <Latency = 0> <II = 1> <Delay = 1.01> <FuncUnit> <Opcode : 'mux'> <InPorts = 2> <OutPorts = 1>
ST_2 : Operation 177 [1/1] (0.85ns)   --->   "%icmp_ln139 = icmp_slt  i32 %tmp_s, i32 %p_load148" [digitrec.cpp:139]   --->   Operation 177 'icmp' 'icmp_ln139' <Predicate = (!icmp_ln130)> <Delay = 0.85> <CoreInst = "Cmp">   --->   Core 9 'Cmp' <Latency = 0> <II = 1> <Delay = 0.85> <FuncUnit> <Opcode : 'icmp'> <InPorts = 2> <OutPorts = 1>
ST_2 : Operation 178 [1/1] (0.85ns)   --->   "%icmp_ln139_1 = icmp_slt  i32 %tmp_s, i32 %p_load147" [digitrec.cpp:139]   --->   Operation 178 'icmp' 'icmp_ln139_1' <Predicate = (!icmp_ln130)> <Delay = 0.85> <CoreInst = "Cmp">   --->   Core 9 'Cmp' <Latency = 0> <II = 1> <Delay = 0.85> <FuncUnit> <Opcode : 'icmp'> <InPorts = 2> <OutPorts = 1>
ST_2 : Operation 179 [1/1] (0.00ns) (grouped into LUT with out node and_ln139)   --->   "%xor_ln139 = xor i1 %icmp_ln139, i1 1" [digitrec.cpp:139]   --->   Operation 179 'xor' 'xor_ln139' <Predicate = (!icmp_ln130)> <Delay = 0.00> <CoreInst = "LogicGate">   --->   Core 74 'LogicGate' <Latency = 0> <II = 1> <Delay = 0.12> <FuncUnit> <Opcode : 'and' 'or' 'xor'> <InPorts = 2> <OutPorts = 1>
ST_2 : Operation 180 [1/1] (0.12ns) (out node of the LUT)   --->   "%and_ln139 = and i1 %icmp_ln139_1, i1 %xor_ln139" [digitrec.cpp:139]   --->   Operation 180 'and' 'and_ln139' <Predicate = (!icmp_ln130)> <Delay = 0.12> <CoreInst = "LogicGate">   --->   Core 74 'LogicGate' <Latency = 0> <II = 1> <Delay = 0.12> <FuncUnit> <Opcode : 'and' 'or' 'xor'> <InPorts = 2> <OutPorts = 1>
ST_2 : Operation 181 [1/1] (0.00ns) (grouped into LUT with out node pos)   --->   "%zext_ln139 = zext i1 %and_ln139" [digitrec.cpp:139]   --->   Operation 181 'zext' 'zext_ln139' <Predicate = (!icmp_ln130)> <Delay = 0.00>
ST_2 : Operation 182 [1/1] (0.00ns) (grouped into LUT with out node pos)   --->   "%or_ln139 = or i1 %and_ln139, i1 %icmp_ln139" [digitrec.cpp:139]   --->   Operation 182 'or' 'or_ln139' <Predicate = (!icmp_ln130)> <Delay = 0.00> <CoreInst = "LogicGate">   --->   Core 74 'LogicGate' <Latency = 0> <II = 1> <Delay = 0.12> <FuncUnit> <Opcode : 'and' 'or' 'xor'> <InPorts = 2> <OutPorts = 1>
ST_2 : Operation 183 [1/1] (0.29ns) (out node of the LUT)   --->   "%pos = select i1 %or_ln139, i6 %zext_ln139, i6 40" [digitrec.cpp:139]   --->   Operation 183 'select' 'pos' <Predicate = (!icmp_ln130)> <Delay = 0.29> <CoreInst = "Sel">   --->   Core 73 'Sel' <Latency = 0> <II = 1> <Delay = 0.29> <FuncUnit> <Opcode : 'select'> <InPorts = 3> <OutPorts = 1>
ST_2 : Operation 184 [1/1] (0.85ns)   --->   "%icmp_ln139_2 = icmp_slt  i32 %tmp_s, i32 %p_load146" [digitrec.cpp:139]   --->   Operation 184 'icmp' 'icmp_ln139_2' <Predicate = (!icmp_ln130)> <Delay = 0.85> <CoreInst = "Cmp">   --->   Core 9 'Cmp' <Latency = 0> <II = 1> <Delay = 0.85> <FuncUnit> <Opcode : 'icmp'> <InPorts = 2> <OutPorts = 1>
ST_2 : Operation 185 [1/1] (0.00ns)   --->   "%tmp = partselect i4 @_ssdm_op_PartSelect.i4.i6.i32.i32, i6 %pos, i32 2, i32 5" [digitrec.cpp:139]   --->   Operation 185 'partselect' 'tmp' <Predicate = (!icmp_ln130)> <Delay = 0.00>
ST_2 : Operation 186 [1/1] (0.65ns)   --->   "%icmp_ln139_3 = icmp_ne  i4 %tmp, i4 0" [digitrec.cpp:139]   --->   Operation 186 'icmp' 'icmp_ln139_3' <Predicate = (!icmp_ln130)> <Delay = 0.65> <CoreInst = "Cmp">   --->   Core 9 'Cmp' <Latency = 0> <II = 1> <Delay = 0.65> <FuncUnit> <Opcode : 'icmp'> <InPorts = 2> <OutPorts = 1>
ST_2 : Operation 187 [1/1] (0.12ns)   --->   "%and_ln139_1 = and i1 %icmp_ln139_2, i1 %icmp_ln139_3" [digitrec.cpp:139]   --->   Operation 187 'and' 'and_ln139_1' <Predicate = (!icmp_ln130)> <Delay = 0.12> <CoreInst = "LogicGate">   --->   Core 74 'LogicGate' <Latency = 0> <II = 1> <Delay = 0.12> <FuncUnit> <Opcode : 'and' 'or' 'xor'> <InPorts = 2> <OutPorts = 1>
ST_2 : Operation 188 [1/1] (0.29ns)   --->   "%pos_1 = select i1 %and_ln139_1, i6 2, i6 %pos" [digitrec.cpp:139]   --->   Operation 188 'select' 'pos_1' <Predicate = (!icmp_ln130)> <Delay = 0.29> <CoreInst = "Sel">   --->   Core 73 'Sel' <Latency = 0> <II = 1> <Delay = 0.29> <FuncUnit> <Opcode : 'select'> <InPorts = 3> <OutPorts = 1>
ST_2 : Operation 189 [1/1] (0.00ns)   --->   "%tmp_1 = partselect i5 @_ssdm_op_PartSelect.i5.i6.i32.i32, i6 %pos_1, i32 1, i32 5" [digitrec.cpp:145]   --->   Operation 189 'partselect' 'tmp_1' <Predicate = (!icmp_ln130)> <Delay = 0.00>
ST_2 : Operation 190 [1/1] (0.63ns)   --->   "%icmp_ln145 = icmp_eq  i5 %tmp_1, i5 0" [digitrec.cpp:145]   --->   Operation 190 'icmp' 'icmp_ln145' <Predicate = (!icmp_ln130)> <Delay = 0.63> <CoreInst = "Cmp">   --->   Core 9 'Cmp' <Latency = 0> <II = 1> <Delay = 0.63> <FuncUnit> <Opcode : 'icmp'> <InPorts = 2> <OutPorts = 1>
ST_2 : Operation 191 [1/1] (0.00ns) (grouped into LUT with out node label_list)   --->   "%select_ln150 = select i1 %and_ln139_1, i32 %zext_ln130_2, i32 %label_list_3_load_1" [digitrec.cpp:150]   --->   Operation 191 'select' 'select_ln150' <Predicate = (!icmp_ln130)> <Delay = 0.00> <CoreInst = "Sel">   --->   Core 73 'Sel' <Latency = 0> <II = 1> <Delay = 0.22> <FuncUnit> <Opcode : 'select'> <InPorts = 3> <OutPorts = 1>
ST_2 : Operation 192 [1/1] (0.00ns) (grouped into LUT with out node select_ln145)   --->   "%select_ln150_1 = select i1 %and_ln139_1, i32 %tmp_s, i32 %p_load146" [digitrec.cpp:150]   --->   Operation 192 'select' 'select_ln150_1' <Predicate = (!icmp_ln130)> <Delay = 0.00> <CoreInst = "Sel">   --->   Core 73 'Sel' <Latency = 0> <II = 1> <Delay = 0.22> <FuncUnit> <Opcode : 'select'> <InPorts = 3> <OutPorts = 1>
ST_2 : Operation 193 [1/1] (0.22ns) (out node of the LUT)   --->   "%label_list = select i1 %icmp_ln145, i32 %label_list_4_load_1, i32 %select_ln150" [digitrec.cpp:145]   --->   Operation 193 'select' 'label_list' <Predicate = (!icmp_ln130)> <Delay = 0.22> <CoreInst = "Sel">   --->   Core 73 'Sel' <Latency = 0> <II = 1> <Delay = 0.22> <FuncUnit> <Opcode : 'select'> <InPorts = 3> <OutPorts = 1>
ST_2 : Operation 194 [1/1] (0.22ns) (out node of the LUT)   --->   "%select_ln145 = select i1 %icmp_ln145, i32 %p_load147, i32 %select_ln150_1" [digitrec.cpp:145]   --->   Operation 194 'select' 'select_ln145' <Predicate = (!icmp_ln130)> <Delay = 0.22> <CoreInst = "Sel">   --->   Core 73 'Sel' <Latency = 0> <II = 1> <Delay = 0.22> <FuncUnit> <Opcode : 'select'> <InPorts = 3> <OutPorts = 1>
ST_2 : Operation 195 [1/1] (0.61ns)   --->   "%icmp_ln145_1 = icmp_eq  i6 %pos_1, i6 0" [digitrec.cpp:145]   --->   Operation 195 'icmp' 'icmp_ln145_1' <Predicate = (!icmp_ln130)> <Delay = 0.61> <CoreInst = "Cmp">   --->   Core 9 'Cmp' <Latency = 0> <II = 1> <Delay = 0.61> <FuncUnit> <Opcode : 'icmp'> <InPorts = 2> <OutPorts = 1>
ST_2 : Operation 196 [1/1] (0.61ns)   --->   "%icmp_ln150 = icmp_eq  i6 %pos_1, i6 1" [digitrec.cpp:150]   --->   Operation 196 'icmp' 'icmp_ln150' <Predicate = (!icmp_ln130)> <Delay = 0.61> <CoreInst = "Cmp">   --->   Core 9 'Cmp' <Latency = 0> <II = 1> <Delay = 0.61> <FuncUnit> <Opcode : 'icmp'> <InPorts = 2> <OutPorts = 1>
ST_2 : Operation 197 [1/1] (0.00ns) (grouped into LUT with out node label_list_6)   --->   "%select_ln150_2 = select i1 %icmp_ln150, i32 %zext_ln130_2, i32 %label_list_4_load_1" [digitrec.cpp:150]   --->   Operation 197 'select' 'select_ln150_2' <Predicate = (!icmp_ln130)> <Delay = 0.00> <CoreInst = "Sel">   --->   Core 73 'Sel' <Latency = 0> <II = 1> <Delay = 0.22> <FuncUnit> <Opcode : 'select'> <InPorts = 3> <OutPorts = 1>
ST_2 : Operation 198 [1/1] (0.00ns) (grouped into LUT with out node select_ln145_3)   --->   "%select_ln150_3 = select i1 %icmp_ln150, i32 %tmp_s, i32 %p_load147" [digitrec.cpp:150]   --->   Operation 198 'select' 'select_ln150_3' <Predicate = (!icmp_ln130)> <Delay = 0.00> <CoreInst = "Sel">   --->   Core 73 'Sel' <Latency = 0> <II = 1> <Delay = 0.22> <FuncUnit> <Opcode : 'select'> <InPorts = 3> <OutPorts = 1>
ST_2 : Operation 199 [1/1] (0.22ns) (out node of the LUT)   --->   "%label_list_6 = select i1 %icmp_ln145_1, i32 %label_list_5_load_1, i32 %select_ln150_2" [digitrec.cpp:145]   --->   Operation 199 'select' 'label_list_6' <Predicate = (!icmp_ln130)> <Delay = 0.22> <CoreInst = "Sel">   --->   Core 73 'Sel' <Latency = 0> <II = 1> <Delay = 0.22> <FuncUnit> <Opcode : 'select'> <InPorts = 3> <OutPorts = 1>
ST_2 : Operation 200 [1/1] (0.22ns) (out node of the LUT)   --->   "%select_ln145_3 = select i1 %icmp_ln145_1, i32 %p_load148, i32 %select_ln150_3" [digitrec.cpp:145]   --->   Operation 200 'select' 'select_ln145_3' <Predicate = (!icmp_ln130)> <Delay = 0.22> <CoreInst = "Sel">   --->   Core 73 'Sel' <Latency = 0> <II = 1> <Delay = 0.22> <FuncUnit> <Opcode : 'select'> <InPorts = 3> <OutPorts = 1>
ST_2 : Operation 201 [1/1] (0.22ns)   --->   "%label_list_7 = select i1 %icmp_ln145_1, i32 %zext_ln130_2, i32 %label_list_5_load_1" [digitrec.cpp:150]   --->   Operation 201 'select' 'label_list_7' <Predicate = (!icmp_ln130)> <Delay = 0.22> <CoreInst = "Sel">   --->   Core 73 'Sel' <Latency = 0> <II = 1> <Delay = 0.22> <FuncUnit> <Opcode : 'select'> <InPorts = 3> <OutPorts = 1>
ST_2 : Operation 202 [1/1] (0.22ns)   --->   "%select_ln150_5 = select i1 %icmp_ln145_1, i32 %tmp_s, i32 %p_load148" [digitrec.cpp:150]   --->   Operation 202 'select' 'select_ln150_5' <Predicate = (!icmp_ln130)> <Delay = 0.22> <CoreInst = "Sel">   --->   Core 73 'Sel' <Latency = 0> <II = 1> <Delay = 0.22> <FuncUnit> <Opcode : 'select'> <InPorts = 3> <OutPorts = 1>
ST_2 : Operation 203 [1/1] (0.43ns)   --->   "%add_ln132 = add i2 %select_ln130, i2 1" [digitrec.cpp:132]   --->   Operation 203 'add' 'add_ln132' <Predicate = (!icmp_ln130)> <Delay = 0.43> <CoreInst = "Adder">   --->   Core 1 'Adder' <Latency = 0> <II = 1> <Delay = 0.43> <FuncUnit> <Opcode : 'add' 'sub'> <InPorts = 2> <OutPorts = 1>
ST_2 : Operation 204 [1/1] (0.38ns)   --->   "%store_ln132 = store i7 %add_ln130, i7 %indvar_flatten11" [digitrec.cpp:132]   --->   Operation 204 'store' 'store_ln132' <Predicate = (!icmp_ln130)> <Delay = 0.38>
ST_2 : Operation 205 [1/1] (0.38ns)   --->   "%store_ln132 = store i6 %select_ln130_2, i6 %i" [digitrec.cpp:132]   --->   Operation 205 'store' 'store_ln132' <Predicate = (!icmp_ln130)> <Delay = 0.38>
ST_2 : Operation 206 [1/1] (0.38ns)   --->   "%store_ln132 = store i2 %add_ln132, i2 %j" [digitrec.cpp:132]   --->   Operation 206 'store' 'store_ln132' <Predicate = (!icmp_ln130)> <Delay = 0.38>
ST_2 : Operation 207 [1/1] (0.38ns)   --->   "%store_ln132 = store i32 %label_list_7, i32 %label_list_5" [digitrec.cpp:132]   --->   Operation 207 'store' 'store_ln132' <Predicate = (!icmp_ln130)> <Delay = 0.38>
ST_2 : Operation 208 [1/1] (0.38ns)   --->   "%store_ln132 = store i32 %label_list_6, i32 %label_list_4" [digitrec.cpp:132]   --->   Operation 208 'store' 'store_ln132' <Predicate = (!icmp_ln130)> <Delay = 0.38>
ST_2 : Operation 209 [1/1] (0.38ns)   --->   "%store_ln132 = store i32 %label_list, i32 %label_list_3" [digitrec.cpp:132]   --->   Operation 209 'store' 'store_ln132' <Predicate = (!icmp_ln130)> <Delay = 0.38>
ST_2 : Operation 210 [1/1] (0.38ns)   --->   "%store_ln132 = store i32 %select_ln145, i32 %empty_27" [digitrec.cpp:132]   --->   Operation 210 'store' 'store_ln132' <Predicate = (!icmp_ln130)> <Delay = 0.38>
ST_2 : Operation 211 [1/1] (0.38ns)   --->   "%store_ln132 = store i32 %select_ln145_3, i32 %empty_26" [digitrec.cpp:132]   --->   Operation 211 'store' 'store_ln132' <Predicate = (!icmp_ln130)> <Delay = 0.38>
ST_2 : Operation 212 [1/1] (0.38ns)   --->   "%store_ln132 = store i32 %select_ln150_5, i32 %empty" [digitrec.cpp:132]   --->   Operation 212 'store' 'store_ln132' <Predicate = (!icmp_ln130)> <Delay = 0.38>
ST_2 : Operation 213 [1/1] (0.00ns)   --->   "%br_ln132 = br void %for.body25.i" [digitrec.cpp:132]   --->   Operation 213 'br' 'br_ln132' <Predicate = (!icmp_ln130)> <Delay = 0.00>
ST_2 : Operation 214 [1/1] (0.00ns)   --->   "%label_list_3_load = load i32 %label_list_3"   --->   Operation 214 'load' 'label_list_3_load' <Predicate = (icmp_ln130)> <Delay = 0.00>
ST_2 : Operation 215 [1/1] (0.00ns)   --->   "%label_list_4_load = load i32 %label_list_4"   --->   Operation 215 'load' 'label_list_4_load' <Predicate = (icmp_ln130)> <Delay = 0.00>
ST_2 : Operation 216 [1/1] (0.00ns)   --->   "%label_list_5_load = load i32 %label_list_5"   --->   Operation 216 'load' 'label_list_5_load' <Predicate = (icmp_ln130)> <Delay = 0.00>
ST_2 : Operation 217 [1/1] (0.00ns)   --->   "%write_ln0 = write void @_ssdm_op_Write.ap_auto.i32P0A, i32 %p_out, i32 %label_list_5_load"   --->   Operation 217 'write' 'write_ln0' <Predicate = (icmp_ln130)> <Delay = 0.00>
ST_2 : Operation 218 [1/1] (0.00ns)   --->   "%write_ln0 = write void @_ssdm_op_Write.ap_auto.i32P0A, i32 %p_out1, i32 %label_list_4_load"   --->   Operation 218 'write' 'write_ln0' <Predicate = (icmp_ln130)> <Delay = 0.00>
ST_2 : Operation 219 [1/1] (0.00ns)   --->   "%write_ln0 = write void @_ssdm_op_Write.ap_auto.i32P0A, i32 %div_i32_out, i32 %label_list_3_load"   --->   Operation 219 'write' 'write_ln0' <Predicate = (icmp_ln130)> <Delay = 0.00>
ST_2 : Operation 220 [1/1] (0.00ns)   --->   "%ret_ln0 = ret"   --->   Operation 220 'ret' 'ret_ln0' <Predicate = (icmp_ln130)> <Delay = 0.00>


============================================================
+ Verbose Summary: Timing violations
============================================================
Target clock period: 10ns, clock uncertainty: 2.7ns.

 <State 1>: 0.387ns
The critical path consists of the following:
	'alloca' operation ('indvar_flatten11') [132]  (0 ns)
	'store' operation ('store_ln0') of constant 0 on local variable 'indvar_flatten11' [253]  (0.387 ns)

 <State 2>: 6.73ns
The critical path consists of the following:
	'load' operation ('i') on local variable 'i' [264]  (0 ns)
	'add' operation ('add_ln130_1', digitrec.cpp:130) [285]  (0.706 ns)
	'sub' operation ('p_mid1', digitrec.cpp:130) [289]  (0.706 ns)
	'select' operation ('select_ln130_1', digitrec.cpp:130) [290]  (0 ns)
	'add' operation ('add_ln139', digitrec.cpp:139) [297]  (0.706 ns)
	'mux' operation ('tmp_s', digitrec.cpp:139) [298]  (1.01 ns)
	'icmp' operation ('icmp_ln139_1', digitrec.cpp:139) [300]  (0.859 ns)
	'and' operation ('and_ln139', digitrec.cpp:139) [302]  (0.122 ns)
	'select' operation ('pos', digitrec.cpp:139) [305]  (0.293 ns)
	'icmp' operation ('icmp_ln139_3', digitrec.cpp:139) [308]  (0.656 ns)
	'and' operation ('and_ln139_1', digitrec.cpp:139) [309]  (0.122 ns)
	'select' operation ('pos', digitrec.cpp:139) [310]  (0.293 ns)
	'icmp' operation ('icmp_ln145', digitrec.cpp:145) [312]  (0.637 ns)
	'select' operation ('label_list', digitrec.cpp:145) [315]  (0.227 ns)
	'store' operation ('store_ln132', digitrec.cpp:132) of variable 'label_list', digitrec.cpp:145 on local variable 'label_list' [331]  (0.387 ns)


============================================================
+ Verbose Summary: Binding
============================================================
N/A
* FSMD analyzer results:
  - Output states:
 - Input state : 
  - Chain level:
	State 1
	State 2


============================================================
+ Verbose Summary: Datapath Resource usage 
============================================================
N/A
