

================================================================
== Vitis HLS Report for 'coloringFB'
================================================================
* Date:           Tue Dec 17 15:06:59 2024

* Version:        2022.2 (Build 3670227 on Oct 13 2022)
* Project:        project
* Solution:       solution1 (Vivado IP Flow Target)
* Product family: virtexuplus
* Target device:  xcu280-fsvh2892-2L-e


================================================================
== Performance Estimates
================================================================
+ Timing: 
    * Summary: 
    +--------+----------+----------+------------+
    |  Clock |  Target  | Estimated| Uncertainty|
    +--------+----------+----------+------------+
    |ap_clk  |  10.00 ns|  1.797 ns|     2.70 ns|
    +--------+----------+----------+------------+

+ Latency: 
    * Summary: 
    +---------+---------+-----------+----------+-----+-------+---------+
    |  Latency (cycles) |  Latency (absolute)  |   Interval  | Pipeline|
    |   min   |   max   |    min    |    max   | min |  max  |   Type  |
    +---------+---------+-----------+----------+-----+-------+---------+
    |        5|    65798|  50.000 ns|  0.658 ms|    5|  65798|       no|
    +---------+---------+-----------+----------+-----+-------+---------+

    + Detail: 
        * Instance: 
        N/A

        * Loop: 
        N/A

============================================================
+ Verbose Summary: Synthesis Manager
============================================================
InlineROM: 1
ExposeGlobal: 0
============================================================
+ Verbose Summary: CDFG Model
============================================================
IsTopModel: 0
ResetActiveHigh: 1
IsCombinational: 0
IsDatapathOnly: 0
HasWiredReturn: 1
HasMFsm: 0
HasVarLatency: 1
IsPipeline: 0
IsRtlPipelined: 0
IsInstanceOverlapped: 0
IsDontTouch: 0
HasImplIP: 0
IsGatedGlobalClock: 0


============================================================
+ Verbose Summary: Schedule
============================================================
* Number of FSM states : 4
* Pipeline : 0
* Dataflow Pipeline: 0

* FSM state transitions: 
1 --> 2 
2 --> 3 
3 --> 4 
4 --> 

* FSM state operations: 

State 1 <SV = 0> <Delay = 0.62>
ST_1 : Operation 5 [1/1] (0.00ns)   --->   "%size_pixels_read = read i16 @_ssdm_op_Read.ap_auto.i16, i16 %size_pixels"   --->   Operation 5 'read' 'size_pixels_read' <Predicate = true> <Delay = 0.00>
ST_1 : Operation 6 [1/1] (0.00ns)   --->   "%counter_read = read i12 @_ssdm_op_Read.ap_auto.i12, i12 %counter"   --->   Operation 6 'read' 'counter_read' <Predicate = true> <Delay = 0.00>
ST_1 : Operation 7 [1/1] (0.62ns)   --->   "%icmp_ln1019 = icmp_eq  i12 %counter_read, i12 0"   --->   Operation 7 'icmp' 'icmp_ln1019' <Predicate = true> <Delay = 0.62> <CoreInst = "Cmp">   --->   Core 9 'Cmp' <Latency = 0> <II = 1> <Delay = 0.62> <FuncUnit> <Opcode : 'icmp'> <InPorts = 2> <OutPorts = 1>
ST_1 : Operation 8 [1/1] (0.00ns)   --->   "%br_ln254 = br i1 %icmp_ln1019, void %COLORING_FB, void %for.inc.preheader" [rendering.cpp:254]   --->   Operation 8 'br' 'br_ln254' <Predicate = true> <Delay = 0.00>
ST_1 : Operation 9 [2/2] (0.00ns)   --->   "%call_ln0 = call void @coloringFB_Pipeline_COLORING_FB_INIT_ROW, i6 %frame_buffer_255, i6 %frame_buffer_254, i6 %frame_buffer_253, i6 %frame_buffer_252, i6 %frame_buffer_251, i6 %frame_buffer_250, i6 %frame_buffer_249, i6 %frame_buffer_248, i6 %frame_buffer_247, i6 %frame_buffer_246, i6 %frame_buffer_245, i6 %frame_buffer_244, i6 %frame_buffer_243, i6 %frame_buffer_242, i6 %frame_buffer_241, i6 %frame_buffer_240, i6 %frame_buffer_239, i6 %frame_buffer_238, i6 %frame_buffer_237, i6 %frame_buffer_236, i6 %frame_buffer_235, i6 %frame_buffer_234, i6 %frame_buffer_233, i6 %frame_buffer_232, i6 %frame_buffer_231, i6 %frame_buffer_230, i6 %frame_buffer_229, i6 %frame_buffer_228, i6 %frame_buffer_227, i6 %frame_buffer_226, i6 %frame_buffer_225, i6 %frame_buffer_224, i6 %frame_buffer_223, i6 %frame_buffer_222, i6 %frame_buffer_221, i6 %frame_buffer_220, i6 %frame_buffer_219, i6 %frame_buffer_218, i6 %frame_buffer_217, i6 %frame_buffer_216, i6 %frame_buffer_215, i6 %frame_buffer_214, i6 %frame_buffer_213, i6 %frame_buffer_212, i6 %frame_buffer_211, i6 %frame_buffer_210, i6 %frame_buffer_209, i6 %frame_buffer_208, i6 %frame_buffer_207, i6 %frame_buffer_206, i6 %frame_buffer_205, i6 %frame_buffer_204, i6 %frame_buffer_203, i6 %frame_buffer_202, i6 %frame_buffer_201, i6 %frame_buffer_200, i6 %frame_buffer_199, i6 %frame_buffer_198, i6 %frame_buffer_197, i6 %frame_buffer_196, i6 %frame_buffer_195, i6 %frame_buffer_194, i6 %frame_buffer_193, i6 %frame_buffer_192, i6 %frame_buffer_191, i6 %frame_buffer_190, i6 %frame_buffer_189, i6 %frame_buffer_188, i6 %frame_buffer_187, i6 %frame_buffer_186, i6 %frame_buffer_185, i6 %frame_buffer_184, i6 %frame_buffer_183, i6 %frame_buffer_182, i6 %frame_buffer_181, i6 %frame_buffer_180, i6 %frame_buffer_179, i6 %frame_buffer_178, i6 %frame_buffer_177, i6 %frame_buffer_176, i6 %frame_buffer_175, i6 %frame_buffer_174, i6 %frame_buffer_173, i6 %frame_buffer_172, i6 %frame_buffer_171, i6 %frame_buffer_170, i6 %frame_buffer_169, i6 %frame_buffer_168, i6 %frame_buffer_167, i6 %frame_buffer_166, i6 %frame_buffer_165, i6 %frame_buffer_164, i6 %frame_buffer_163, i6 %frame_buffer_162, i6 %frame_buffer_161, i6 %frame_buffer_160, i6 %frame_buffer_159, i6 %frame_buffer_158, i6 %frame_buffer_157, i6 %frame_buffer_156, i6 %frame_buffer_155, i6 %frame_buffer_154, i6 %frame_buffer_153, i6 %frame_buffer_152, i6 %frame_buffer_151, i6 %frame_buffer_150, i6 %frame_buffer_149, i6 %frame_buffer_148, i6 %frame_buffer_147, i6 %frame_buffer_146, i6 %frame_buffer_145, i6 %frame_buffer_144, i6 %frame_buffer_143, i6 %frame_buffer_142, i6 %frame_buffer_141, i6 %frame_buffer_140, i6 %frame_buffer_139, i6 %frame_buffer_138, i6 %frame_buffer_137, i6 %frame_buffer_136, i6 %frame_buffer_135, i6 %frame_buffer_134, i6 %frame_buffer_133, i6 %frame_buffer_132, i6 %frame_buffer_131, i6 %frame_buffer_130, i6 %frame_buffer_129, i6 %frame_buffer_128, i6 %frame_buffer_127, i6 %frame_buffer_126, i6 %frame_buffer_125, i6 %frame_buffer_124, i6 %frame_buffer_123, i6 %frame_buffer_122, i6 %frame_buffer_121, i6 %frame_buffer_120, i6 %frame_buffer_119, i6 %frame_buffer_118, i6 %frame_buffer_117, i6 %frame_buffer_116, i6 %frame_buffer_115, i6 %frame_buffer_114, i6 %frame_buffer_113, i6 %frame_buffer_112, i6 %frame_buffer_111, i6 %frame_buffer_110, i6 %frame_buffer_109, i6 %frame_buffer_108, i6 %frame_buffer_107, i6 %frame_buffer_106, i6 %frame_buffer_105, i6 %frame_buffer_104, i6 %frame_buffer_103, i6 %frame_buffer_102, i6 %frame_buffer_101, i6 %frame_buffer_100, i6 %frame_buffer_99, i6 %frame_buffer_98, i6 %frame_buffer_97, i6 %frame_buffer_96, i6 %frame_buffer_95, i6 %frame_buffer_94, i6 %frame_buffer_93, i6 %frame_buffer_92, i6 %frame_buffer_91, i6 %frame_buffer_90, i6 %frame_buffer_89, i6 %frame_buffer_88, i6 %frame_buffer_87, i6 %frame_buffer_86, i6 %frame_buffer_85, i6 %frame_buffer_84, i6 %frame_buffer_83, i6 %frame_buffer_82, i6 %frame_buffer_81, i6 %frame_buffer_80, i6 %frame_buffer_79, i6 %frame_buffer_78, i6 %frame_buffer_77, i6 %frame_buffer_76, i6 %frame_buffer_75, i6 %frame_buffer_74, i6 %frame_buffer_73, i6 %frame_buffer_72, i6 %frame_buffer_71, i6 %frame_buffer_70, i6 %frame_buffer_69, i6 %frame_buffer_68, i6 %frame_buffer_67, i6 %frame_buffer_66, i6 %frame_buffer_65, i6 %frame_buffer_64, i6 %frame_buffer_63, i6 %frame_buffer_62, i6 %frame_buffer_61, i6 %frame_buffer_60, i6 %frame_buffer_59, i6 %frame_buffer_58, i6 %frame_buffer_57, i6 %frame_buffer_56, i6 %frame_buffer_55, i6 %frame_buffer_54, i6 %frame_buffer_53, i6 %frame_buffer_52, i6 %frame_buffer_51, i6 %frame_buffer_50, i6 %frame_buffer_49, i6 %frame_buffer_48, i6 %frame_buffer_47, i6 %frame_buffer_46, i6 %frame_buffer_45, i6 %frame_buffer_44, i6 %frame_buffer_43, i6 %frame_buffer_42, i6 %frame_buffer_41, i6 %frame_buffer_40, i6 %frame_buffer_39, i6 %frame_buffer_38, i6 %frame_buffer_37, i6 %frame_buffer_36, i6 %frame_buffer_35, i6 %frame_buffer_34, i6 %frame_buffer_33, i6 %frame_buffer_32, i6 %frame_buffer_31, i6 %frame_buffer_30, i6 %frame_buffer_29, i6 %frame_buffer_28, i6 %frame_buffer_27, i6 %frame_buffer_26, i6 %frame_buffer_25, i6 %frame_buffer_24, i6 %frame_buffer_23, i6 %frame_buffer_22, i6 %frame_buffer_21, i6 %frame_buffer_20, i6 %frame_buffer_19, i6 %frame_buffer_18, i6 %frame_buffer_17, i6 %frame_buffer_16, i6 %frame_buffer_15, i6 %frame_buffer_14, i6 %frame_buffer_13, i6 %frame_buffer_12, i6 %frame_buffer_11, i6 %frame_buffer_10, i6 %frame_buffer_9, i6 %frame_buffer_8, i6 %frame_buffer_7, i6 %frame_buffer_6, i6 %frame_buffer_5, i6 %frame_buffer_4, i6 %frame_buffer_3, i6 %frame_buffer_2, i6 %frame_buffer_1, i6 %frame_buffer_0"   --->   Operation 9 'call' 'call_ln0' <Predicate = (icmp_ln1019)> <Delay = 0.00> <CoreType = "Generic">   --->   Core 0 '' <Latency = 0> <II = 1> <Delay = 1.00> <Generic> <Opcode : >

State 2 <SV = 1> <Delay = 0.00>
ST_2 : Operation 10 [1/2] (0.00ns)   --->   "%call_ln0 = call void @coloringFB_Pipeline_COLORING_FB_INIT_ROW, i6 %frame_buffer_255, i6 %frame_buffer_254, i6 %frame_buffer_253, i6 %frame_buffer_252, i6 %frame_buffer_251, i6 %frame_buffer_250, i6 %frame_buffer_249, i6 %frame_buffer_248, i6 %frame_buffer_247, i6 %frame_buffer_246, i6 %frame_buffer_245, i6 %frame_buffer_244, i6 %frame_buffer_243, i6 %frame_buffer_242, i6 %frame_buffer_241, i6 %frame_buffer_240, i6 %frame_buffer_239, i6 %frame_buffer_238, i6 %frame_buffer_237, i6 %frame_buffer_236, i6 %frame_buffer_235, i6 %frame_buffer_234, i6 %frame_buffer_233, i6 %frame_buffer_232, i6 %frame_buffer_231, i6 %frame_buffer_230, i6 %frame_buffer_229, i6 %frame_buffer_228, i6 %frame_buffer_227, i6 %frame_buffer_226, i6 %frame_buffer_225, i6 %frame_buffer_224, i6 %frame_buffer_223, i6 %frame_buffer_222, i6 %frame_buffer_221, i6 %frame_buffer_220, i6 %frame_buffer_219, i6 %frame_buffer_218, i6 %frame_buffer_217, i6 %frame_buffer_216, i6 %frame_buffer_215, i6 %frame_buffer_214, i6 %frame_buffer_213, i6 %frame_buffer_212, i6 %frame_buffer_211, i6 %frame_buffer_210, i6 %frame_buffer_209, i6 %frame_buffer_208, i6 %frame_buffer_207, i6 %frame_buffer_206, i6 %frame_buffer_205, i6 %frame_buffer_204, i6 %frame_buffer_203, i6 %frame_buffer_202, i6 %frame_buffer_201, i6 %frame_buffer_200, i6 %frame_buffer_199, i6 %frame_buffer_198, i6 %frame_buffer_197, i6 %frame_buffer_196, i6 %frame_buffer_195, i6 %frame_buffer_194, i6 %frame_buffer_193, i6 %frame_buffer_192, i6 %frame_buffer_191, i6 %frame_buffer_190, i6 %frame_buffer_189, i6 %frame_buffer_188, i6 %frame_buffer_187, i6 %frame_buffer_186, i6 %frame_buffer_185, i6 %frame_buffer_184, i6 %frame_buffer_183, i6 %frame_buffer_182, i6 %frame_buffer_181, i6 %frame_buffer_180, i6 %frame_buffer_179, i6 %frame_buffer_178, i6 %frame_buffer_177, i6 %frame_buffer_176, i6 %frame_buffer_175, i6 %frame_buffer_174, i6 %frame_buffer_173, i6 %frame_buffer_172, i6 %frame_buffer_171, i6 %frame_buffer_170, i6 %frame_buffer_169, i6 %frame_buffer_168, i6 %frame_buffer_167, i6 %frame_buffer_166, i6 %frame_buffer_165, i6 %frame_buffer_164, i6 %frame_buffer_163, i6 %frame_buffer_162, i6 %frame_buffer_161, i6 %frame_buffer_160, i6 %frame_buffer_159, i6 %frame_buffer_158, i6 %frame_buffer_157, i6 %frame_buffer_156, i6 %frame_buffer_155, i6 %frame_buffer_154, i6 %frame_buffer_153, i6 %frame_buffer_152, i6 %frame_buffer_151, i6 %frame_buffer_150, i6 %frame_buffer_149, i6 %frame_buffer_148, i6 %frame_buffer_147, i6 %frame_buffer_146, i6 %frame_buffer_145, i6 %frame_buffer_144, i6 %frame_buffer_143, i6 %frame_buffer_142, i6 %frame_buffer_141, i6 %frame_buffer_140, i6 %frame_buffer_139, i6 %frame_buffer_138, i6 %frame_buffer_137, i6 %frame_buffer_136, i6 %frame_buffer_135, i6 %frame_buffer_134, i6 %frame_buffer_133, i6 %frame_buffer_132, i6 %frame_buffer_131, i6 %frame_buffer_130, i6 %frame_buffer_129, i6 %frame_buffer_128, i6 %frame_buffer_127, i6 %frame_buffer_126, i6 %frame_buffer_125, i6 %frame_buffer_124, i6 %frame_buffer_123, i6 %frame_buffer_122, i6 %frame_buffer_121, i6 %frame_buffer_120, i6 %frame_buffer_119, i6 %frame_buffer_118, i6 %frame_buffer_117, i6 %frame_buffer_116, i6 %frame_buffer_115, i6 %frame_buffer_114, i6 %frame_buffer_113, i6 %frame_buffer_112, i6 %frame_buffer_111, i6 %frame_buffer_110, i6 %frame_buffer_109, i6 %frame_buffer_108, i6 %frame_buffer_107, i6 %frame_buffer_106, i6 %frame_buffer_105, i6 %frame_buffer_104, i6 %frame_buffer_103, i6 %frame_buffer_102, i6 %frame_buffer_101, i6 %frame_buffer_100, i6 %frame_buffer_99, i6 %frame_buffer_98, i6 %frame_buffer_97, i6 %frame_buffer_96, i6 %frame_buffer_95, i6 %frame_buffer_94, i6 %frame_buffer_93, i6 %frame_buffer_92, i6 %frame_buffer_91, i6 %frame_buffer_90, i6 %frame_buffer_89, i6 %frame_buffer_88, i6 %frame_buffer_87, i6 %frame_buffer_86, i6 %frame_buffer_85, i6 %frame_buffer_84, i6 %frame_buffer_83, i6 %frame_buffer_82, i6 %frame_buffer_81, i6 %frame_buffer_80, i6 %frame_buffer_79, i6 %frame_buffer_78, i6 %frame_buffer_77, i6 %frame_buffer_76, i6 %frame_buffer_75, i6 %frame_buffer_74, i6 %frame_buffer_73, i6 %frame_buffer_72, i6 %frame_buffer_71, i6 %frame_buffer_70, i6 %frame_buffer_69, i6 %frame_buffer_68, i6 %frame_buffer_67, i6 %frame_buffer_66, i6 %frame_buffer_65, i6 %frame_buffer_64, i6 %frame_buffer_63, i6 %frame_buffer_62, i6 %frame_buffer_61, i6 %frame_buffer_60, i6 %frame_buffer_59, i6 %frame_buffer_58, i6 %frame_buffer_57, i6 %frame_buffer_56, i6 %frame_buffer_55, i6 %frame_buffer_54, i6 %frame_buffer_53, i6 %frame_buffer_52, i6 %frame_buffer_51, i6 %frame_buffer_50, i6 %frame_buffer_49, i6 %frame_buffer_48, i6 %frame_buffer_47, i6 %frame_buffer_46, i6 %frame_buffer_45, i6 %frame_buffer_44, i6 %frame_buffer_43, i6 %frame_buffer_42, i6 %frame_buffer_41, i6 %frame_buffer_40, i6 %frame_buffer_39, i6 %frame_buffer_38, i6 %frame_buffer_37, i6 %frame_buffer_36, i6 %frame_buffer_35, i6 %frame_buffer_34, i6 %frame_buffer_33, i6 %frame_buffer_32, i6 %frame_buffer_31, i6 %frame_buffer_30, i6 %frame_buffer_29, i6 %frame_buffer_28, i6 %frame_buffer_27, i6 %frame_buffer_26, i6 %frame_buffer_25, i6 %frame_buffer_24, i6 %frame_buffer_23, i6 %frame_buffer_22, i6 %frame_buffer_21, i6 %frame_buffer_20, i6 %frame_buffer_19, i6 %frame_buffer_18, i6 %frame_buffer_17, i6 %frame_buffer_16, i6 %frame_buffer_15, i6 %frame_buffer_14, i6 %frame_buffer_13, i6 %frame_buffer_12, i6 %frame_buffer_11, i6 %frame_buffer_10, i6 %frame_buffer_9, i6 %frame_buffer_8, i6 %frame_buffer_7, i6 %frame_buffer_6, i6 %frame_buffer_5, i6 %frame_buffer_4, i6 %frame_buffer_3, i6 %frame_buffer_2, i6 %frame_buffer_1, i6 %frame_buffer_0"   --->   Operation 10 'call' 'call_ln0' <Predicate = (icmp_ln1019)> <Delay = 0.00> <CoreType = "Generic">   --->   Core 0 '' <Latency = 0> <II = 1> <Delay = 1.00> <Generic> <Opcode : >
ST_2 : Operation 11 [1/1] (0.00ns)   --->   "%br_ln0 = br void %COLORING_FB"   --->   Operation 11 'br' 'br_ln0' <Predicate = (icmp_ln1019)> <Delay = 0.00>

State 3 <SV = 2> <Delay = 1.06>
ST_3 : Operation 12 [2/2] (1.06ns)   --->   "%call_ln0 = call void @coloringFB_Pipeline_COLORING_FB, i16 %size_pixels_read, i6 %frame_buffer_255, i6 %frame_buffer_254, i6 %frame_buffer_253, i6 %frame_buffer_252, i6 %frame_buffer_251, i6 %frame_buffer_250, i6 %frame_buffer_249, i6 %frame_buffer_248, i6 %frame_buffer_247, i6 %frame_buffer_246, i6 %frame_buffer_245, i6 %frame_buffer_244, i6 %frame_buffer_243, i6 %frame_buffer_242, i6 %frame_buffer_241, i6 %frame_buffer_240, i6 %frame_buffer_239, i6 %frame_buffer_238, i6 %frame_buffer_237, i6 %frame_buffer_236, i6 %frame_buffer_235, i6 %frame_buffer_234, i6 %frame_buffer_233, i6 %frame_buffer_232, i6 %frame_buffer_231, i6 %frame_buffer_230, i6 %frame_buffer_229, i6 %frame_buffer_228, i6 %frame_buffer_227, i6 %frame_buffer_226, i6 %frame_buffer_225, i6 %frame_buffer_224, i6 %frame_buffer_223, i6 %frame_buffer_222, i6 %frame_buffer_221, i6 %frame_buffer_220, i6 %frame_buffer_219, i6 %frame_buffer_218, i6 %frame_buffer_217, i6 %frame_buffer_216, i6 %frame_buffer_215, i6 %frame_buffer_214, i6 %frame_buffer_213, i6 %frame_buffer_212, i6 %frame_buffer_211, i6 %frame_buffer_210, i6 %frame_buffer_209, i6 %frame_buffer_208, i6 %frame_buffer_207, i6 %frame_buffer_206, i6 %frame_buffer_205, i6 %frame_buffer_204, i6 %frame_buffer_203, i6 %frame_buffer_202, i6 %frame_buffer_201, i6 %frame_buffer_200, i6 %frame_buffer_199, i6 %frame_buffer_198, i6 %frame_buffer_197, i6 %frame_buffer_196, i6 %frame_buffer_195, i6 %frame_buffer_194, i6 %frame_buffer_193, i6 %frame_buffer_192, i6 %frame_buffer_191, i6 %frame_buffer_190, i6 %frame_buffer_189, i6 %frame_buffer_188, i6 %frame_buffer_187, i6 %frame_buffer_186, i6 %frame_buffer_185, i6 %frame_buffer_184, i6 %frame_buffer_183, i6 %frame_buffer_182, i6 %frame_buffer_181, i6 %frame_buffer_180, i6 %frame_buffer_179, i6 %frame_buffer_178, i6 %frame_buffer_177, i6 %frame_buffer_176, i6 %frame_buffer_175, i6 %frame_buffer_174, i6 %frame_buffer_173, i6 %frame_buffer_172, i6 %frame_buffer_171, i6 %frame_buffer_170, i6 %frame_buffer_169, i6 %frame_buffer_168, i6 %frame_buffer_167, i6 %frame_buffer_166, i6 %frame_buffer_165, i6 %frame_buffer_164, i6 %frame_buffer_163, i6 %frame_buffer_162, i6 %frame_buffer_161, i6 %frame_buffer_160, i6 %frame_buffer_159, i6 %frame_buffer_158, i6 %frame_buffer_157, i6 %frame_buffer_156, i6 %frame_buffer_155, i6 %frame_buffer_154, i6 %frame_buffer_153, i6 %frame_buffer_152, i6 %frame_buffer_151, i6 %frame_buffer_150, i6 %frame_buffer_149, i6 %frame_buffer_148, i6 %frame_buffer_147, i6 %frame_buffer_146, i6 %frame_buffer_145, i6 %frame_buffer_144, i6 %frame_buffer_143, i6 %frame_buffer_142, i6 %frame_buffer_141, i6 %frame_buffer_140, i6 %frame_buffer_139, i6 %frame_buffer_138, i6 %frame_buffer_137, i6 %frame_buffer_136, i6 %frame_buffer_135, i6 %frame_buffer_134, i6 %frame_buffer_133, i6 %frame_buffer_132, i6 %frame_buffer_131, i6 %frame_buffer_130, i6 %frame_buffer_129, i6 %frame_buffer_128, i6 %frame_buffer_127, i6 %frame_buffer_126, i6 %frame_buffer_125, i6 %frame_buffer_124, i6 %frame_buffer_123, i6 %frame_buffer_122, i6 %frame_buffer_121, i6 %frame_buffer_120, i6 %frame_buffer_119, i6 %frame_buffer_118, i6 %frame_buffer_117, i6 %frame_buffer_116, i6 %frame_buffer_115, i6 %frame_buffer_114, i6 %frame_buffer_113, i6 %frame_buffer_112, i6 %frame_buffer_111, i6 %frame_buffer_110, i6 %frame_buffer_109, i6 %frame_buffer_108, i6 %frame_buffer_107, i6 %frame_buffer_106, i6 %frame_buffer_105, i6 %frame_buffer_104, i6 %frame_buffer_103, i6 %frame_buffer_102, i6 %frame_buffer_101, i6 %frame_buffer_100, i6 %frame_buffer_99, i6 %frame_buffer_98, i6 %frame_buffer_97, i6 %frame_buffer_96, i6 %frame_buffer_95, i6 %frame_buffer_94, i6 %frame_buffer_93, i6 %frame_buffer_92, i6 %frame_buffer_91, i6 %frame_buffer_90, i6 %frame_buffer_89, i6 %frame_buffer_88, i6 %frame_buffer_87, i6 %frame_buffer_86, i6 %frame_buffer_85, i6 %frame_buffer_84, i6 %frame_buffer_83, i6 %frame_buffer_82, i6 %frame_buffer_81, i6 %frame_buffer_80, i6 %frame_buffer_79, i6 %frame_buffer_78, i6 %frame_buffer_77, i6 %frame_buffer_76, i6 %frame_buffer_75, i6 %frame_buffer_74, i6 %frame_buffer_73, i6 %frame_buffer_72, i6 %frame_buffer_71, i6 %frame_buffer_70, i6 %frame_buffer_69, i6 %frame_buffer_68, i6 %frame_buffer_67, i6 %frame_buffer_66, i6 %frame_buffer_65, i6 %frame_buffer_64, i6 %frame_buffer_63, i6 %frame_buffer_62, i6 %frame_buffer_61, i6 %frame_buffer_60, i6 %frame_buffer_59, i6 %frame_buffer_58, i6 %frame_buffer_57, i6 %frame_buffer_56, i6 %frame_buffer_55, i6 %frame_buffer_54, i6 %frame_buffer_53, i6 %frame_buffer_52, i6 %frame_buffer_51, i6 %frame_buffer_50, i6 %frame_buffer_49, i6 %frame_buffer_48, i6 %frame_buffer_47, i6 %frame_buffer_46, i6 %frame_buffer_45, i6 %frame_buffer_44, i6 %frame_buffer_43, i6 %frame_buffer_42, i6 %frame_buffer_41, i6 %frame_buffer_40, i6 %frame_buffer_39, i6 %frame_buffer_38, i6 %frame_buffer_37, i6 %frame_buffer_36, i6 %frame_buffer_35, i6 %frame_buffer_34, i6 %frame_buffer_33, i6 %frame_buffer_32, i6 %frame_buffer_31, i6 %frame_buffer_30, i6 %frame_buffer_29, i6 %frame_buffer_28, i6 %frame_buffer_27, i6 %frame_buffer_26, i6 %frame_buffer_25, i6 %frame_buffer_24, i6 %frame_buffer_23, i6 %frame_buffer_22, i6 %frame_buffer_21, i6 %frame_buffer_20, i6 %frame_buffer_19, i6 %frame_buffer_18, i6 %frame_buffer_17, i6 %frame_buffer_16, i6 %frame_buffer_15, i6 %frame_buffer_14, i6 %frame_buffer_13, i6 %frame_buffer_12, i6 %frame_buffer_11, i6 %frame_buffer_10, i6 %frame_buffer_9, i6 %frame_buffer_8, i6 %frame_buffer_7, i6 %frame_buffer_6, i6 %frame_buffer_5, i6 %frame_buffer_4, i6 %frame_buffer_3, i6 %frame_buffer_2, i6 %frame_buffer_1, i6 %frame_buffer_0, i6 %pixels_color, i8 %pixels_x, i8 %pixels_y"   --->   Operation 12 'call' 'call_ln0' <Predicate = true> <Delay = 1.06> <CoreType = "Generic">   --->   Core 0 '' <Latency = 0> <II = 1> <Delay = 1.00> <Generic> <Opcode : >

State 4 <SV = 3> <Delay = 0.00>
ST_4 : Operation 13 [1/2] (0.00ns)   --->   "%call_ln0 = call void @coloringFB_Pipeline_COLORING_FB, i16 %size_pixels_read, i6 %frame_buffer_255, i6 %frame_buffer_254, i6 %frame_buffer_253, i6 %frame_buffer_252, i6 %frame_buffer_251, i6 %frame_buffer_250, i6 %frame_buffer_249, i6 %frame_buffer_248, i6 %frame_buffer_247, i6 %frame_buffer_246, i6 %frame_buffer_245, i6 %frame_buffer_244, i6 %frame_buffer_243, i6 %frame_buffer_242, i6 %frame_buffer_241, i6 %frame_buffer_240, i6 %frame_buffer_239, i6 %frame_buffer_238, i6 %frame_buffer_237, i6 %frame_buffer_236, i6 %frame_buffer_235, i6 %frame_buffer_234, i6 %frame_buffer_233, i6 %frame_buffer_232, i6 %frame_buffer_231, i6 %frame_buffer_230, i6 %frame_buffer_229, i6 %frame_buffer_228, i6 %frame_buffer_227, i6 %frame_buffer_226, i6 %frame_buffer_225, i6 %frame_buffer_224, i6 %frame_buffer_223, i6 %frame_buffer_222, i6 %frame_buffer_221, i6 %frame_buffer_220, i6 %frame_buffer_219, i6 %frame_buffer_218, i6 %frame_buffer_217, i6 %frame_buffer_216, i6 %frame_buffer_215, i6 %frame_buffer_214, i6 %frame_buffer_213, i6 %frame_buffer_212, i6 %frame_buffer_211, i6 %frame_buffer_210, i6 %frame_buffer_209, i6 %frame_buffer_208, i6 %frame_buffer_207, i6 %frame_buffer_206, i6 %frame_buffer_205, i6 %frame_buffer_204, i6 %frame_buffer_203, i6 %frame_buffer_202, i6 %frame_buffer_201, i6 %frame_buffer_200, i6 %frame_buffer_199, i6 %frame_buffer_198, i6 %frame_buffer_197, i6 %frame_buffer_196, i6 %frame_buffer_195, i6 %frame_buffer_194, i6 %frame_buffer_193, i6 %frame_buffer_192, i6 %frame_buffer_191, i6 %frame_buffer_190, i6 %frame_buffer_189, i6 %frame_buffer_188, i6 %frame_buffer_187, i6 %frame_buffer_186, i6 %frame_buffer_185, i6 %frame_buffer_184, i6 %frame_buffer_183, i6 %frame_buffer_182, i6 %frame_buffer_181, i6 %frame_buffer_180, i6 %frame_buffer_179, i6 %frame_buffer_178, i6 %frame_buffer_177, i6 %frame_buffer_176, i6 %frame_buffer_175, i6 %frame_buffer_174, i6 %frame_buffer_173, i6 %frame_buffer_172, i6 %frame_buffer_171, i6 %frame_buffer_170, i6 %frame_buffer_169, i6 %frame_buffer_168, i6 %frame_buffer_167, i6 %frame_buffer_166, i6 %frame_buffer_165, i6 %frame_buffer_164, i6 %frame_buffer_163, i6 %frame_buffer_162, i6 %frame_buffer_161, i6 %frame_buffer_160, i6 %frame_buffer_159, i6 %frame_buffer_158, i6 %frame_buffer_157, i6 %frame_buffer_156, i6 %frame_buffer_155, i6 %frame_buffer_154, i6 %frame_buffer_153, i6 %frame_buffer_152, i6 %frame_buffer_151, i6 %frame_buffer_150, i6 %frame_buffer_149, i6 %frame_buffer_148, i6 %frame_buffer_147, i6 %frame_buffer_146, i6 %frame_buffer_145, i6 %frame_buffer_144, i6 %frame_buffer_143, i6 %frame_buffer_142, i6 %frame_buffer_141, i6 %frame_buffer_140, i6 %frame_buffer_139, i6 %frame_buffer_138, i6 %frame_buffer_137, i6 %frame_buffer_136, i6 %frame_buffer_135, i6 %frame_buffer_134, i6 %frame_buffer_133, i6 %frame_buffer_132, i6 %frame_buffer_131, i6 %frame_buffer_130, i6 %frame_buffer_129, i6 %frame_buffer_128, i6 %frame_buffer_127, i6 %frame_buffer_126, i6 %frame_buffer_125, i6 %frame_buffer_124, i6 %frame_buffer_123, i6 %frame_buffer_122, i6 %frame_buffer_121, i6 %frame_buffer_120, i6 %frame_buffer_119, i6 %frame_buffer_118, i6 %frame_buffer_117, i6 %frame_buffer_116, i6 %frame_buffer_115, i6 %frame_buffer_114, i6 %frame_buffer_113, i6 %frame_buffer_112, i6 %frame_buffer_111, i6 %frame_buffer_110, i6 %frame_buffer_109, i6 %frame_buffer_108, i6 %frame_buffer_107, i6 %frame_buffer_106, i6 %frame_buffer_105, i6 %frame_buffer_104, i6 %frame_buffer_103, i6 %frame_buffer_102, i6 %frame_buffer_101, i6 %frame_buffer_100, i6 %frame_buffer_99, i6 %frame_buffer_98, i6 %frame_buffer_97, i6 %frame_buffer_96, i6 %frame_buffer_95, i6 %frame_buffer_94, i6 %frame_buffer_93, i6 %frame_buffer_92, i6 %frame_buffer_91, i6 %frame_buffer_90, i6 %frame_buffer_89, i6 %frame_buffer_88, i6 %frame_buffer_87, i6 %frame_buffer_86, i6 %frame_buffer_85, i6 %frame_buffer_84, i6 %frame_buffer_83, i6 %frame_buffer_82, i6 %frame_buffer_81, i6 %frame_buffer_80, i6 %frame_buffer_79, i6 %frame_buffer_78, i6 %frame_buffer_77, i6 %frame_buffer_76, i6 %frame_buffer_75, i6 %frame_buffer_74, i6 %frame_buffer_73, i6 %frame_buffer_72, i6 %frame_buffer_71, i6 %frame_buffer_70, i6 %frame_buffer_69, i6 %frame_buffer_68, i6 %frame_buffer_67, i6 %frame_buffer_66, i6 %frame_buffer_65, i6 %frame_buffer_64, i6 %frame_buffer_63, i6 %frame_buffer_62, i6 %frame_buffer_61, i6 %frame_buffer_60, i6 %frame_buffer_59, i6 %frame_buffer_58, i6 %frame_buffer_57, i6 %frame_buffer_56, i6 %frame_buffer_55, i6 %frame_buffer_54, i6 %frame_buffer_53, i6 %frame_buffer_52, i6 %frame_buffer_51, i6 %frame_buffer_50, i6 %frame_buffer_49, i6 %frame_buffer_48, i6 %frame_buffer_47, i6 %frame_buffer_46, i6 %frame_buffer_45, i6 %frame_buffer_44, i6 %frame_buffer_43, i6 %frame_buffer_42, i6 %frame_buffer_41, i6 %frame_buffer_40, i6 %frame_buffer_39, i6 %frame_buffer_38, i6 %frame_buffer_37, i6 %frame_buffer_36, i6 %frame_buffer_35, i6 %frame_buffer_34, i6 %frame_buffer_33, i6 %frame_buffer_32, i6 %frame_buffer_31, i6 %frame_buffer_30, i6 %frame_buffer_29, i6 %frame_buffer_28, i6 %frame_buffer_27, i6 %frame_buffer_26, i6 %frame_buffer_25, i6 %frame_buffer_24, i6 %frame_buffer_23, i6 %frame_buffer_22, i6 %frame_buffer_21, i6 %frame_buffer_20, i6 %frame_buffer_19, i6 %frame_buffer_18, i6 %frame_buffer_17, i6 %frame_buffer_16, i6 %frame_buffer_15, i6 %frame_buffer_14, i6 %frame_buffer_13, i6 %frame_buffer_12, i6 %frame_buffer_11, i6 %frame_buffer_10, i6 %frame_buffer_9, i6 %frame_buffer_8, i6 %frame_buffer_7, i6 %frame_buffer_6, i6 %frame_buffer_5, i6 %frame_buffer_4, i6 %frame_buffer_3, i6 %frame_buffer_2, i6 %frame_buffer_1, i6 %frame_buffer_0, i6 %pixels_color, i8 %pixels_x, i8 %pixels_y"   --->   Operation 13 'call' 'call_ln0' <Predicate = true> <Delay = 0.00> <CoreType = "Generic">   --->   Core 0 '' <Latency = 0> <II = 1> <Delay = 1.00> <Generic> <Opcode : >
ST_4 : Operation 14 [1/1] (0.00ns)   --->   "%ret_ln272 = ret" [rendering.cpp:272]   --->   Operation 14 'ret' 'ret_ln272' <Predicate = true> <Delay = 0.00>


============================================================
+ Verbose Summary: Timing violations
============================================================
Target clock period: 10ns, clock uncertainty: 2.7ns.

 <State 1>: 0.629ns
The critical path consists of the following:
	wire read operation ('counter_read') on port 'counter' [263]  (0 ns)
	'icmp' operation ('icmp_ln1019') [264]  (0.629 ns)

 <State 2>: 0ns
The critical path consists of the following:

 <State 3>: 1.06ns
The critical path consists of the following:
	'call' operation ('call_ln0') to 'coloringFB_Pipeline_COLORING_FB' [270]  (1.06 ns)

 <State 4>: 0ns
The critical path consists of the following:


============================================================
+ Verbose Summary: Binding
============================================================
N/A
* FSMD analyzer results:
  - Output states:
 - Input state : 
  - Chain level:
	State 1
	State 2
	State 3
	State 4


============================================================
+ Verbose Summary: Datapath Resource usage 
============================================================
N/A
