/data/zedongpeng/HLSBatchProcessor/data/kernels/rosetta_flatten/3d-rendering/project/solution1/.autopilot/db/rendering.pp.0.cpp:1338:7: warning: Added loop label VITIS_LOOP_1211_1:   [xilinx-label-all-loops]
      for (i = 0; i < __N - 1; ++i) {
      ^~~
      VITIS_LOOP_1211_1: 
/data/zedongpeng/HLSBatchProcessor/data/kernels/rosetta_flatten/3d-rendering/project/solution1/.autopilot/db/rendering.pp.0.cpp:1338:7: note: FIX-IT applied suggested code changes
/data/zedongpeng/HLSBatchProcessor/data/kernels/rosetta_flatten/3d-rendering/project/solution1/.autopilot/db/rendering.pp.0.cpp:2312:5: warning: Added loop label VITIS_LOOP_676_1:   [xilinx-label-all-loops]
    for (unsigned i = low; i != high; ++i) {
    ^~~
    VITIS_LOOP_676_1: 
/data/zedongpeng/HLSBatchProcessor/data/kernels/rosetta_flatten/3d-rendering/project/solution1/.autopilot/db/rendering.pp.0.cpp:2312:5: note: FIX-IT applied suggested code changes
/data/zedongpeng/HLSBatchProcessor/data/kernels/rosetta_flatten/3d-rendering/project/solution1/.autopilot/db/rendering.pp.0.cpp:2326:5: warning: Added loop label VITIS_LOOP_690_1:   [xilinx-label-all-loops]
    for (unsigned i = low; i != high; ++i) {
    ^~~
    VITIS_LOOP_690_1: 
/data/zedongpeng/HLSBatchProcessor/data/kernels/rosetta_flatten/3d-rendering/project/solution1/.autopilot/db/rendering.pp.0.cpp:2326:5: note: FIX-IT applied suggested code changes
/data/zedongpeng/HLSBatchProcessor/data/kernels/rosetta_flatten/3d-rendering/project/solution1/.autopilot/db/rendering.pp.0.cpp:2340:5: warning: Added loop label VITIS_LOOP_704_1:   [xilinx-label-all-loops]
    for (unsigned i = low; i != high; ++i) {
    ^~~
    VITIS_LOOP_704_1: 
/data/zedongpeng/HLSBatchProcessor/data/kernels/rosetta_flatten/3d-rendering/project/solution1/.autopilot/db/rendering.pp.0.cpp:2340:5: note: FIX-IT applied suggested code changes
/data/zedongpeng/HLSBatchProcessor/data/kernels/rosetta_flatten/3d-rendering/project/solution1/.autopilot/db/rendering.pp.0.cpp:3951:7: warning: Added loop label VITIS_LOOP_1245_1:   [xilinx-label-all-loops]
      for (i = 0; i < __N - 1; ++i) {
      ^~~
      VITIS_LOOP_1245_1: 
/data/zedongpeng/HLSBatchProcessor/data/kernels/rosetta_flatten/3d-rendering/project/solution1/.autopilot/db/rendering.pp.0.cpp:3951:7: note: FIX-IT applied suggested code changes
