

================================================================
== Vitis HLS Report for 'zculling_Pipeline_ZCULLING'
================================================================
* Date:           Tue Dec 17 15:06:52 2024

* Version:        2022.2 (Build 3670227 on Oct 13 2022)
* Project:        project
* Solution:       solution1 (Vivado IP Flow Target)
* Product family: virtexuplus
* Target device:  xcu280-fsvh2892-2L-e


================================================================
== Performance Estimates
================================================================
+ Timing: 
    * Summary: 
    +--------+----------+----------+------------+
    |  Clock |  Target  | Estimated| Uncertainty|
    +--------+----------+----------+------------+
    |ap_clk  |  10.00 ns|  3.077 ns|     2.70 ns|
    +--------+----------+----------+------------+

+ Latency: 
    * Summary: 
    +---------+---------+-----------+----------+-----+--------+---------+
    |  Latency (cycles) |  Latency (absolute)  |   Interval   | Pipeline|
    |   min   |   max   |    min    |    max   | min |   max  |   Type  |
    +---------+---------+-----------+----------+-----+--------+---------+
    |        2|   131073|  20.000 ns|  1.311 ms|    2|  131073|       no|
    +---------+---------+-----------+----------+-----+--------+---------+

    + Detail: 
        * Instance: 
        N/A

        * Loop: 
        +------------+---------+---------+----------+-----------+-----------+-----------+----------+
        |            |  Latency (cycles) | Iteration|  Initiation Interval  |    Trip   |          |
        |  Loop Name |   min   |   max   |  Latency |  achieved |   target  |   Count   | Pipelined|
        +------------+---------+---------+----------+-----------+-----------+-----------+----------+
        |- ZCULLING  |        0|   131071|         4|          2|          1|  0 ~ 65535|       yes|
        +------------+---------+---------+----------+-----------+-----------+-----------+----------+

============================================================
+ Verbose Summary: Synthesis Manager
============================================================
InlineROM: 1
ExposeGlobal: 0
============================================================
+ Verbose Summary: CDFG Model
============================================================
IsTopModel: 0
ResetActiveHigh: 1
IsCombinational: 0
IsDatapathOnly: 0
HasWiredReturn: 1
HasMFsm: 2
HasVarLatency: 1
IsPipeline: 0
IsRtlPipelined: 0
IsInstanceOverlapped: 0
IsDontTouch: 0
HasImplIP: 0
IsGatedGlobalClock: 0

+ Individual pipeline summary: 
  * Pipeline-0: initiation interval (II) = 2, depth = 4


============================================================
+ Verbose Summary: Schedule
============================================================
* Number of FSM states : 4
* Pipeline : 1
  Pipeline-0 : II = 2, D = 4, States = { 1 2 3 4 }
* Dataflow Pipeline: 0

* FSM state transitions: 
1 --> 2 
2 --> 3 
3 --> 4 
4 --> 

* FSM state operations: 

State 1 <SV = 0> <Delay = 1.17>
ST_1 : Operation 7 [1/1] (0.00ns)   --->   "%n_V = alloca i32 1"   --->   Operation 7 'alloca' 'n_V' <Predicate = true> <Delay = 0.00>
ST_1 : Operation 8 [1/1] (0.00ns)   --->   "%pixel_cntr_V_1 = alloca i32 1"   --->   Operation 8 'alloca' 'pixel_cntr_V_1' <Predicate = true> <Delay = 0.00>
ST_1 : Operation 9 [1/1] (0.00ns)   --->   "%pixel_cntr_V_2 = alloca i32 1"   --->   Operation 9 'alloca' 'pixel_cntr_V_2' <Predicate = true> <Delay = 0.00>
ST_1 : Operation 10 [1/1] (0.00ns)   --->   "%size_read = read i16 @_ssdm_op_Read.ap_auto.i16, i16 %size"   --->   Operation 10 'read' 'size_read' <Predicate = true> <Delay = 0.00>
ST_1 : Operation 11 [1/1] (0.38ns)   --->   "%store_ln0 = store i16 0, i16 %pixel_cntr_V_2"   --->   Operation 11 'store' 'store_ln0' <Predicate = true> <Delay = 0.38>
ST_1 : Operation 12 [1/1] (0.38ns)   --->   "%store_ln0 = store i16 0, i16 %pixel_cntr_V_1"   --->   Operation 12 'store' 'store_ln0' <Predicate = true> <Delay = 0.38>
ST_1 : Operation 13 [1/1] (0.38ns)   --->   "%store_ln0 = store i16 0, i16 %n_V"   --->   Operation 13 'store' 'store_ln0' <Predicate = true> <Delay = 0.38>
ST_1 : Operation 14 [1/1] (0.00ns)   --->   "%br_ln0 = br void %for.body23"   --->   Operation 14 'br' 'br_ln0' <Predicate = true> <Delay = 0.00>
ST_1 : Operation 15 [1/1] (0.00ns)   --->   "%n_V_1 = load i16 %n_V"   --->   Operation 15 'load' 'n_V_1' <Predicate = true> <Delay = 0.00>
ST_1 : Operation 16 [1/1] (0.67ns)   --->   "%icmp_ln1027 = icmp_eq  i16 %n_V_1, i16 %size_read"   --->   Operation 16 'icmp' 'icmp_ln1027' <Predicate = true> <Delay = 0.67> <CoreInst = "Cmp">   --->   Core 9 'Cmp' <Latency = 0> <II = 1> <Delay = 0.67> <FuncUnit> <Opcode : 'icmp'> <InPorts = 2> <OutPorts = 1>
ST_1 : Operation 17 [1/1] (0.00ns)   --->   "%empty = speclooptripcount i32 @_ssdm_op_SpecLoopTripCount, i64 0, i64 65535, i64 0"   --->   Operation 17 'speclooptripcount' 'empty' <Predicate = true> <Delay = 0.00>
ST_1 : Operation 18 [1/1] (0.78ns)   --->   "%add_ln840 = add i16 %n_V_1, i16 1"   --->   Operation 18 'add' 'add_ln840' <Predicate = true> <Delay = 0.78> <CoreInst = "Adder">   --->   Core 1 'Adder' <Latency = 0> <II = 1> <Delay = 0.78> <FuncUnit> <Opcode : 'add' 'sub'> <InPorts = 2> <OutPorts = 1>
ST_1 : Operation 19 [1/1] (0.00ns)   --->   "%br_ln233 = br i1 %icmp_ln1027, void %for.body23.split, void %for.end70.loopexit.exitStub" [rendering.cpp:233]   --->   Operation 19 'br' 'br_ln233' <Predicate = true> <Delay = 0.00>
ST_1 : Operation 20 [1/1] (0.00ns)   --->   "%zext_ln1027 = zext i16 %n_V_1"   --->   Operation 20 'zext' 'zext_ln1027' <Predicate = (!icmp_ln1027)> <Delay = 0.00>
ST_1 : Operation 21 [1/1] (0.00ns)   --->   "%fragments_y_addr = getelementptr i8 %fragments_y, i64 0, i64 %zext_ln1027"   --->   Operation 21 'getelementptr' 'fragments_y_addr' <Predicate = (!icmp_ln1027)> <Delay = 0.00>
ST_1 : Operation 22 [2/2] (1.17ns)   --->   "%fragments_y_load = load i9 %fragments_y_addr"   --->   Operation 22 'load' 'fragments_y_load' <Predicate = (!icmp_ln1027)> <Delay = 1.17> <CoreInst = "RAM">   --->   Core 83 'RAM' <Latency = 1> <II = 1> <Delay = 1.17> <Storage> <Opcode : 'load' 'store'> <Ports = 2> <Width = 8> <Depth = 500> <RAM>
ST_1 : Operation 23 [1/1] (0.00ns)   --->   "%fragments_x_addr = getelementptr i8 %fragments_x, i64 0, i64 %zext_ln1027"   --->   Operation 23 'getelementptr' 'fragments_x_addr' <Predicate = (!icmp_ln1027)> <Delay = 0.00>
ST_1 : Operation 24 [2/2] (1.17ns)   --->   "%fragments_x_load = load i9 %fragments_x_addr"   --->   Operation 24 'load' 'fragments_x_load' <Predicate = (!icmp_ln1027)> <Delay = 1.17> <CoreInst = "RAM">   --->   Core 83 'RAM' <Latency = 1> <II = 1> <Delay = 1.17> <Storage> <Opcode : 'load' 'store'> <Ports = 2> <Width = 8> <Depth = 500> <RAM>
ST_1 : Operation 25 [1/1] (0.00ns)   --->   "%fragments_z_addr = getelementptr i8 %fragments_z, i64 0, i64 %zext_ln1027"   --->   Operation 25 'getelementptr' 'fragments_z_addr' <Predicate = (!icmp_ln1027)> <Delay = 0.00>
ST_1 : Operation 26 [2/2] (1.17ns)   --->   "%fragments_z_load = load i9 %fragments_z_addr"   --->   Operation 26 'load' 'fragments_z_load' <Predicate = (!icmp_ln1027)> <Delay = 1.17> <CoreInst = "RAM">   --->   Core 83 'RAM' <Latency = 1> <II = 1> <Delay = 1.17> <Storage> <Opcode : 'load' 'store'> <Ports = 2> <Width = 8> <Depth = 500> <RAM>
ST_1 : Operation 27 [1/1] (0.38ns)   --->   "%store_ln233 = store i16 %add_ln840, i16 %n_V" [rendering.cpp:233]   --->   Operation 27 'store' 'store_ln233' <Predicate = (!icmp_ln1027)> <Delay = 0.38>
ST_1 : Operation 28 [1/1] (0.00ns)   --->   "%br_ln233 = br void %for.body23" [rendering.cpp:233]   --->   Operation 28 'br' 'br_ln233' <Predicate = (!icmp_ln1027)> <Delay = 0.00>

State 2 <SV = 1> <Delay = 2.41>
ST_2 : Operation 29 [1/2] (1.17ns)   --->   "%fragments_y_load = load i9 %fragments_y_addr"   --->   Operation 29 'load' 'fragments_y_load' <Predicate = (!icmp_ln1027)> <Delay = 1.17> <CoreInst = "RAM">   --->   Core 83 'RAM' <Latency = 1> <II = 1> <Delay = 1.17> <Storage> <Opcode : 'load' 'store'> <Ports = 2> <Width = 8> <Depth = 500> <RAM>
ST_2 : Operation 30 [1/2] (1.17ns)   --->   "%fragments_x_load = load i9 %fragments_x_addr"   --->   Operation 30 'load' 'fragments_x_load' <Predicate = (!icmp_ln1027)> <Delay = 1.17> <CoreInst = "RAM">   --->   Core 83 'RAM' <Latency = 1> <II = 1> <Delay = 1.17> <Storage> <Opcode : 'load' 'store'> <Ports = 2> <Width = 8> <Depth = 500> <RAM>
ST_2 : Operation 31 [1/1] (0.00ns)   --->   "%tmp_1 = bitconcatenate i16 @_ssdm_op_BitConcatenate.i16.i8.i8, i8 %fragments_y_load, i8 %fragments_x_load"   --->   Operation 31 'bitconcatenate' 'tmp_1' <Predicate = (!icmp_ln1027)> <Delay = 0.00>
ST_2 : Operation 32 [1/1] (0.00ns)   --->   "%zext_ln1027_1 = zext i16 %tmp_1"   --->   Operation 32 'zext' 'zext_ln1027_1' <Predicate = (!icmp_ln1027)> <Delay = 0.00>
ST_2 : Operation 33 [1/1] (0.00ns)   --->   "%z_buffer_V_addr = getelementptr i8 %z_buffer_V, i64 0, i64 %zext_ln1027_1"   --->   Operation 33 'getelementptr' 'z_buffer_V_addr' <Predicate = (!icmp_ln1027)> <Delay = 0.00>
ST_2 : Operation 34 [1/2] (1.17ns)   --->   "%fragments_z_load = load i9 %fragments_z_addr"   --->   Operation 34 'load' 'fragments_z_load' <Predicate = (!icmp_ln1027)> <Delay = 1.17> <CoreInst = "RAM">   --->   Core 83 'RAM' <Latency = 1> <II = 1> <Delay = 1.17> <Storage> <Opcode : 'load' 'store'> <Ports = 2> <Width = 8> <Depth = 500> <RAM>
ST_2 : Operation 35 [2/2] (1.24ns)   --->   "%z_buffer_V_load = load i16 %z_buffer_V_addr"   --->   Operation 35 'load' 'z_buffer_V_load' <Predicate = (!icmp_ln1027)> <Delay = 1.24> <CoreInst = "RAM">   --->   Core 83 'RAM' <Latency = 1> <II = 1> <Delay = 1.24> <Storage> <Opcode : 'load' 'store'> <Ports = 2> <Width = 8> <Depth = 65536> <RAM>
ST_2 : Operation 57 [1/1] (0.00ns)   --->   "%pixel_cntr_V_2_load = load i16 %pixel_cntr_V_2"   --->   Operation 57 'load' 'pixel_cntr_V_2_load' <Predicate = (icmp_ln1027)> <Delay = 0.00>
ST_2 : Operation 58 [1/1] (0.00ns)   --->   "%write_ln0 = write void @_ssdm_op_Write.ap_auto.i16P0A, i16 %agg_result_0_out, i16 %pixel_cntr_V_2_load"   --->   Operation 58 'write' 'write_ln0' <Predicate = (icmp_ln1027)> <Delay = 0.00>
ST_2 : Operation 59 [1/1] (0.00ns)   --->   "%ret_ln0 = ret"   --->   Operation 59 'ret' 'ret_ln0' <Predicate = (icmp_ln1027)> <Delay = 0.00>

State 3 <SV = 2> <Delay = 3.07>
ST_3 : Operation 36 [1/1] (0.00ns)   --->   "%specpipeline_ln235 = specpipeline void @_ssdm_op_SpecPipeline, i32 1, i32 0, i32 0, i32 0, void @empty_0" [rendering.cpp:235]   --->   Operation 36 'specpipeline' 'specpipeline_ln235' <Predicate = true> <Delay = 0.00>
ST_3 : Operation 37 [1/1] (0.00ns)   --->   "%specloopname_ln233 = specloopname void @_ssdm_op_SpecLoopName, void @empty_2" [rendering.cpp:233]   --->   Operation 37 'specloopname' 'specloopname_ln233' <Predicate = true> <Delay = 0.00>
ST_3 : Operation 38 [1/2] (1.24ns)   --->   "%z_buffer_V_load = load i16 %z_buffer_V_addr"   --->   Operation 38 'load' 'z_buffer_V_load' <Predicate = true> <Delay = 1.24> <CoreInst = "RAM">   --->   Core 83 'RAM' <Latency = 1> <II = 1> <Delay = 1.24> <Storage> <Opcode : 'load' 'store'> <Ports = 2> <Width = 8> <Depth = 65536> <RAM>
ST_3 : Operation 39 [1/1] (0.58ns)   --->   "%icmp_ln1027_2 = icmp_ult  i8 %fragments_z_load, i8 %z_buffer_V_load"   --->   Operation 39 'icmp' 'icmp_ln1027_2' <Predicate = true> <Delay = 0.58> <CoreInst = "Cmp">   --->   Core 9 'Cmp' <Latency = 0> <II = 1> <Delay = 0.58> <FuncUnit> <Opcode : 'icmp'> <InPorts = 2> <OutPorts = 1>
ST_3 : Operation 40 [1/1] (0.00ns)   --->   "%br_ln236 = br i1 %icmp_ln1027_2, void %for.inc68, void %if.then35" [rendering.cpp:236]   --->   Operation 40 'br' 'br_ln236' <Predicate = true> <Delay = 0.00>
ST_3 : Operation 41 [1/1] (0.00ns)   --->   "%pixel_cntr_V_1_load = load i16 %pixel_cntr_V_1"   --->   Operation 41 'load' 'pixel_cntr_V_1_load' <Predicate = (icmp_ln1027_2)> <Delay = 0.00>
ST_3 : Operation 42 [1/1] (0.00ns)   --->   "%zext_ln541 = zext i16 %pixel_cntr_V_1_load"   --->   Operation 42 'zext' 'zext_ln541' <Predicate = (icmp_ln1027_2)> <Delay = 0.00>
ST_3 : Operation 43 [1/1] (0.00ns)   --->   "%pixels_x_addr = getelementptr i8 %pixels_x, i64 0, i64 %zext_ln541" [rendering.cpp:238]   --->   Operation 43 'getelementptr' 'pixels_x_addr' <Predicate = (icmp_ln1027_2)> <Delay = 0.00>
ST_3 : Operation 44 [1/1] (1.17ns)   --->   "%store_ln238 = store i8 %fragments_x_load, i9 %pixels_x_addr" [rendering.cpp:238]   --->   Operation 44 'store' 'store_ln238' <Predicate = (icmp_ln1027_2)> <Delay = 1.17> <CoreInst = "RAM">   --->   Core 83 'RAM' <Latency = 1> <II = 1> <Delay = 1.17> <Storage> <Opcode : 'load' 'store'> <Ports = 2> <Width = 8> <Depth = 500> <RAM>
ST_3 : Operation 45 [1/1] (0.00ns)   --->   "%pixels_y_addr = getelementptr i8 %pixels_y, i64 0, i64 %zext_ln541" [rendering.cpp:239]   --->   Operation 45 'getelementptr' 'pixels_y_addr' <Predicate = (icmp_ln1027_2)> <Delay = 0.00>
ST_3 : Operation 46 [1/1] (1.17ns)   --->   "%store_ln239 = store i8 %fragments_y_load, i9 %pixels_y_addr" [rendering.cpp:239]   --->   Operation 46 'store' 'store_ln239' <Predicate = (icmp_ln1027_2)> <Delay = 1.17> <CoreInst = "RAM">   --->   Core 83 'RAM' <Latency = 1> <II = 1> <Delay = 1.17> <Storage> <Opcode : 'load' 'store'> <Ports = 2> <Width = 8> <Depth = 500> <RAM>
ST_3 : Operation 47 [1/1] (0.00ns)   --->   "%fragments_color_addr = getelementptr i6 %fragments_color, i64 0, i64 %zext_ln1027" [rendering.cpp:240]   --->   Operation 47 'getelementptr' 'fragments_color_addr' <Predicate = (icmp_ln1027_2)> <Delay = 0.00>
ST_3 : Operation 48 [2/2] (1.17ns)   --->   "%fragments_color_load = load i9 %fragments_color_addr" [rendering.cpp:240]   --->   Operation 48 'load' 'fragments_color_load' <Predicate = (icmp_ln1027_2)> <Delay = 1.17> <CoreInst = "RAM">   --->   Core 83 'RAM' <Latency = 1> <II = 1> <Delay = 1.17> <Storage> <Opcode : 'load' 'store'> <Ports = 2> <Width = 6> <Depth = 500> <RAM>
ST_3 : Operation 49 [1/1] (0.78ns)   --->   "%pixel_cntr_V = add i16 %pixel_cntr_V_1_load, i16 1"   --->   Operation 49 'add' 'pixel_cntr_V' <Predicate = (icmp_ln1027_2)> <Delay = 0.78> <CoreInst = "Adder">   --->   Core 1 'Adder' <Latency = 0> <II = 1> <Delay = 0.78> <FuncUnit> <Opcode : 'add' 'sub'> <InPorts = 2> <OutPorts = 1>
ST_3 : Operation 50 [1/1] (1.24ns)   --->   "%store_ln242 = store i8 %fragments_z_load, i16 %z_buffer_V_addr" [rendering.cpp:242]   --->   Operation 50 'store' 'store_ln242' <Predicate = (icmp_ln1027_2)> <Delay = 1.24> <CoreInst = "RAM">   --->   Core 83 'RAM' <Latency = 1> <II = 1> <Delay = 1.24> <Storage> <Opcode : 'load' 'store'> <Ports = 2> <Width = 8> <Depth = 65536> <RAM>
ST_3 : Operation 51 [1/1] (0.38ns)   --->   "%store_ln243 = store i16 %pixel_cntr_V, i16 %pixel_cntr_V_2" [rendering.cpp:243]   --->   Operation 51 'store' 'store_ln243' <Predicate = (icmp_ln1027_2)> <Delay = 0.38>
ST_3 : Operation 52 [1/1] (0.38ns)   --->   "%store_ln243 = store i16 %pixel_cntr_V, i16 %pixel_cntr_V_1" [rendering.cpp:243]   --->   Operation 52 'store' 'store_ln243' <Predicate = (icmp_ln1027_2)> <Delay = 0.38>

State 4 <SV = 3> <Delay = 2.34>
ST_4 : Operation 53 [1/1] (0.00ns)   --->   "%pixels_color_addr = getelementptr i6 %pixels_color, i64 0, i64 %zext_ln541" [rendering.cpp:240]   --->   Operation 53 'getelementptr' 'pixels_color_addr' <Predicate = (icmp_ln1027_2)> <Delay = 0.00>
ST_4 : Operation 54 [1/2] (1.17ns)   --->   "%fragments_color_load = load i9 %fragments_color_addr" [rendering.cpp:240]   --->   Operation 54 'load' 'fragments_color_load' <Predicate = (icmp_ln1027_2)> <Delay = 1.17> <CoreInst = "RAM">   --->   Core 83 'RAM' <Latency = 1> <II = 1> <Delay = 1.17> <Storage> <Opcode : 'load' 'store'> <Ports = 2> <Width = 6> <Depth = 500> <RAM>
ST_4 : Operation 55 [1/1] (1.17ns)   --->   "%store_ln240 = store i6 %fragments_color_load, i9 %pixels_color_addr" [rendering.cpp:240]   --->   Operation 55 'store' 'store_ln240' <Predicate = (icmp_ln1027_2)> <Delay = 1.17> <CoreInst = "RAM">   --->   Core 83 'RAM' <Latency = 1> <II = 1> <Delay = 1.17> <Storage> <Opcode : 'load' 'store'> <Ports = 2> <Width = 6> <Depth = 500> <RAM>
ST_4 : Operation 56 [1/1] (0.00ns)   --->   "%br_ln243 = br void %for.inc68" [rendering.cpp:243]   --->   Operation 56 'br' 'br_ln243' <Predicate = (icmp_ln1027_2)> <Delay = 0.00>


============================================================
+ Verbose Summary: Binding
============================================================
STG Binding: 
---------------- STG Properties BEGIN ----------------
- Is combinational: 0
- Is one-state seq: 0
- Is datapath-only: 0
- Is pipelined: 0
- Is top level: 0
Port [ Return ] is wired: 1; IO mode=ap_ctrl_hs:ce=0
Port [ size]:  wired=1; compound=0; hidden=0; nouse=0; global=0; static=0; extern=0; dir=0; type=0; pingpong=0; private_global=0; IO mode=ap_none:ce=0
Port [ fragments_y]:  wired=1; compound=1; hidden=0; nouse=0; global=0; static=0; extern=0; dir=0; type=1; pingpong=0; private_global=0; MemPort=[13]; IO mode=ap_memory:ce=0
Port [ fragments_x]:  wired=1; compound=1; hidden=0; nouse=0; global=0; static=0; extern=0; dir=0; type=1; pingpong=0; private_global=0; MemPort=[13]; IO mode=ap_memory:ce=0
Port [ fragments_z]:  wired=1; compound=1; hidden=0; nouse=0; global=0; static=0; extern=0; dir=0; type=1; pingpong=0; private_global=0; MemPort=[13]; IO mode=ap_memory:ce=0
Port [ pixels_x]:  wired=1; compound=1; hidden=0; nouse=0; global=0; static=0; extern=0; dir=1; type=1; pingpong=0; private_global=0; MemPort=[03]; IO mode=ap_memory:ce=0
Port [ pixels_y]:  wired=1; compound=1; hidden=0; nouse=0; global=0; static=0; extern=0; dir=1; type=1; pingpong=0; private_global=0; MemPort=[03]; IO mode=ap_memory:ce=0
Port [ fragments_color]:  wired=1; compound=1; hidden=0; nouse=0; global=0; static=0; extern=0; dir=0; type=1; pingpong=0; private_global=0; MemPort=[13]; IO mode=ap_memory:ce=0
Port [ pixels_color]:  wired=1; compound=1; hidden=0; nouse=0; global=0; static=0; extern=0; dir=1; type=1; pingpong=0; private_global=0; MemPort=[03]; IO mode=ap_memory:ce=0
Port [ agg_result_0_out]:  wired=1; compound=0; hidden=0; nouse=0; global=0; static=0; extern=0; dir=1; type=0; pingpong=0; private_global=0; IO mode=ap_vld:ce=0
Port [ z_buffer_V]:  wired=1; compound=1; hidden=0; nouse=0; global=1; static=1; extern=0; dir=2; type=1; pingpong=0; private_global=0; MemPort=[23]; IO mode=ap_memory:ce=0
---------------- STG Properties END ------------------

---------------- Datapath Model BEGIN ----------------

<LifeTime>
<method=bitvector/>
n_V                  (alloca           ) [ 01000]
pixel_cntr_V_1       (alloca           ) [ 01110]
pixel_cntr_V_2       (alloca           ) [ 01110]
size_read            (read             ) [ 00000]
store_ln0            (store            ) [ 00000]
store_ln0            (store            ) [ 00000]
store_ln0            (store            ) [ 00000]
br_ln0               (br               ) [ 00000]
n_V_1                (load             ) [ 00000]
icmp_ln1027          (icmp             ) [ 01100]
empty                (speclooptripcount) [ 00000]
add_ln840            (add              ) [ 00000]
br_ln233             (br               ) [ 00000]
zext_ln1027          (zext             ) [ 01110]
fragments_y_addr     (getelementptr    ) [ 00100]
fragments_x_addr     (getelementptr    ) [ 00100]
fragments_z_addr     (getelementptr    ) [ 00100]
store_ln233          (store            ) [ 00000]
br_ln233             (br               ) [ 00000]
fragments_y_load     (load             ) [ 01010]
fragments_x_load     (load             ) [ 01010]
tmp_1                (bitconcatenate   ) [ 00000]
zext_ln1027_1        (zext             ) [ 00000]
z_buffer_V_addr      (getelementptr    ) [ 01010]
fragments_z_load     (load             ) [ 01010]
specpipeline_ln235   (specpipeline     ) [ 00000]
specloopname_ln233   (specloopname     ) [ 00000]
z_buffer_V_load      (load             ) [ 00000]
icmp_ln1027_2        (icmp             ) [ 01111]
br_ln236             (br               ) [ 00000]
pixel_cntr_V_1_load  (load             ) [ 00000]
zext_ln541           (zext             ) [ 00101]
pixels_x_addr        (getelementptr    ) [ 00000]
store_ln238          (store            ) [ 00000]
pixels_y_addr        (getelementptr    ) [ 00000]
store_ln239          (store            ) [ 00000]
fragments_color_addr (getelementptr    ) [ 00101]
pixel_cntr_V         (add              ) [ 00000]
store_ln242          (store            ) [ 00000]
store_ln243          (store            ) [ 00000]
store_ln243          (store            ) [ 00000]
pixels_color_addr    (getelementptr    ) [ 00000]
fragments_color_load (load             ) [ 00000]
store_ln240          (store            ) [ 00000]
br_ln243             (br               ) [ 00000]
pixel_cntr_V_2_load  (load             ) [ 00000]
write_ln0            (write            ) [ 00000]
ret_ln0              (ret              ) [ 00000]
</LifeTime>

<model>

<comp_list>
<comp id="0" class="1000" name="size">
<pin_list>
<pin id="1" dir="1" index="0" bw="1" slack="0"/>
</pin_list>
<bind>
<StgValue><ssdm name="size"/></StgValue>
</bind>
</comp>

<comp id="2" class="1000" name="fragments_y">
<pin_list>
<pin id="3" dir="1" index="0" bw="1" slack="0"/>
</pin_list>
<bind>
<StgValue><ssdm name="fragments_y"/><MemPortTyVec>1 3 </MemPortTyVec>
</StgValue>
</bind>
</comp>

<comp id="4" class="1000" name="fragments_x">
<pin_list>
<pin id="5" dir="1" index="0" bw="1" slack="0"/>
</pin_list>
<bind>
<StgValue><ssdm name="fragments_x"/><MemPortTyVec>1 3 </MemPortTyVec>
</StgValue>
</bind>
</comp>

<comp id="6" class="1000" name="fragments_z">
<pin_list>
<pin id="7" dir="1" index="0" bw="1" slack="0"/>
</pin_list>
<bind>
<StgValue><ssdm name="fragments_z"/><MemPortTyVec>1 3 </MemPortTyVec>
</StgValue>
</bind>
</comp>

<comp id="8" class="1000" name="pixels_x">
<pin_list>
<pin id="9" dir="1" index="0" bw="1" slack="0"/>
</pin_list>
<bind>
<StgValue><ssdm name="pixels_x"/><MemPortTyVec>0 3 </MemPortTyVec>
</StgValue>
</bind>
</comp>

<comp id="10" class="1000" name="pixels_y">
<pin_list>
<pin id="11" dir="1" index="0" bw="1" slack="0"/>
</pin_list>
<bind>
<StgValue><ssdm name="pixels_y"/><MemPortTyVec>0 3 </MemPortTyVec>
</StgValue>
</bind>
</comp>

<comp id="12" class="1000" name="fragments_color">
<pin_list>
<pin id="13" dir="1" index="0" bw="1" slack="0"/>
</pin_list>
<bind>
<StgValue><ssdm name="fragments_color"/><MemPortTyVec>1 3 </MemPortTyVec>
</StgValue>
</bind>
</comp>

<comp id="14" class="1000" name="pixels_color">
<pin_list>
<pin id="15" dir="1" index="0" bw="1" slack="0"/>
</pin_list>
<bind>
<StgValue><ssdm name="pixels_color"/><MemPortTyVec>0 3 </MemPortTyVec>
</StgValue>
</bind>
</comp>

<comp id="16" class="1000" name="agg_result_0_out">
<pin_list>
<pin id="17" dir="1" index="0" bw="1" slack="0"/>
</pin_list>
<bind>
<StgValue><ssdm name="agg_result_0_out"/></StgValue>
</bind>
</comp>

<comp id="18" class="1000" name="z_buffer_V">
<pin_list>
<pin id="19" dir="1" index="0" bw="1" slack="0"/>
</pin_list>
<bind>
<StgValue><ssdm name="z_buffer_V"/><MemPortTyVec>2 3 </MemPortTyVec>
</StgValue>
</bind>
</comp>

<comp id="20" class="1001" name="const_20">
<pin_list>
<pin id="21" dir="1" index="0" bw="1" slack="0"/>
</pin_list>
<bind>
<StgValue><ssdm name=""/></StgValue>
</bind>
</comp>

<comp id="22" class="1001" name="const_22">
<pin_list>
<pin id="23" dir="1" index="0" bw="1" slack="0"/>
</pin_list>
<bind>
<StgValue><ssdm name="_ssdm_op_Read.ap_auto.i16"/></StgValue>
</bind>
</comp>

<comp id="24" class="1001" name="const_24">
<pin_list>
<pin id="25" dir="1" index="0" bw="1" slack="0"/>
</pin_list>
<bind>
<StgValue><ssdm name=""/></StgValue>
</bind>
</comp>

<comp id="26" class="1001" name="const_26">
<pin_list>
<pin id="27" dir="1" index="0" bw="1" slack="2147483647"/>
</pin_list>
<bind>
<StgValue><ssdm name="_ssdm_op_SpecLoopTripCount"/></StgValue>
</bind>
</comp>

<comp id="28" class="1001" name="const_28">
<pin_list>
<pin id="29" dir="1" index="0" bw="1" slack="0"/>
</pin_list>
<bind>
<StgValue><ssdm name=""/></StgValue>
</bind>
</comp>

<comp id="30" class="1001" name="const_30">
<pin_list>
<pin id="31" dir="1" index="0" bw="1" slack="2147483647"/>
</pin_list>
<bind>
<StgValue><ssdm name=""/></StgValue>
</bind>
</comp>

<comp id="32" class="1001" name="const_32">
<pin_list>
<pin id="33" dir="1" index="0" bw="1" slack="0"/>
</pin_list>
<bind>
<StgValue><ssdm name=""/></StgValue>
</bind>
</comp>

<comp id="34" class="1001" name="const_34">
<pin_list>
<pin id="35" dir="1" index="0" bw="1" slack="0"/>
</pin_list>
<bind>
<StgValue><ssdm name="_ssdm_op_BitConcatenate.i16.i8.i8"/></StgValue>
</bind>
</comp>

<comp id="36" class="1001" name="const_36">
<pin_list>
<pin id="37" dir="1" index="0" bw="1" slack="2147483647"/>
</pin_list>
<bind>
<StgValue><ssdm name="_ssdm_op_SpecPipeline"/></StgValue>
</bind>
</comp>

<comp id="38" class="1001" name="const_38">
<pin_list>
<pin id="39" dir="1" index="0" bw="1" slack="2147483647"/>
</pin_list>
<bind>
<StgValue><ssdm name=""/></StgValue>
</bind>
</comp>

<comp id="40" class="1001" name="const_40">
<pin_list>
<pin id="41" dir="1" index="0" bw="1" slack="2147483647"/>
</pin_list>
<bind>
<StgValue><ssdm name="empty_0"/></StgValue>
</bind>
</comp>

<comp id="42" class="1001" name="const_42">
<pin_list>
<pin id="43" dir="1" index="0" bw="1" slack="2147483647"/>
</pin_list>
<bind>
<StgValue><ssdm name="_ssdm_op_SpecLoopName"/></StgValue>
</bind>
</comp>

<comp id="44" class="1001" name="const_44">
<pin_list>
<pin id="45" dir="1" index="0" bw="1" slack="2147483647"/>
</pin_list>
<bind>
<StgValue><ssdm name="empty_2"/></StgValue>
</bind>
</comp>

<comp id="46" class="1001" name="const_46">
<pin_list>
<pin id="47" dir="1" index="0" bw="1" slack="0"/>
</pin_list>
<bind>
<StgValue><ssdm name="_ssdm_op_Write.ap_auto.i16P0A"/></StgValue>
</bind>
</comp>

<comp id="48" class="1004" name="n_V_fu_48">
<pin_list>
<pin id="49" dir="0" index="0" bw="1" slack="0"/>
<pin id="50" dir="1" index="1" bw="16" slack="0"/>
</pin_list>
<bind>
<opcode="alloca(26) " fcode="alloca"/>
<opset="n_V/1 "/>
</bind>
</comp>

<comp id="52" class="1004" name="pixel_cntr_V_1_fu_52">
<pin_list>
<pin id="53" dir="0" index="0" bw="1" slack="0"/>
<pin id="54" dir="1" index="1" bw="16" slack="0"/>
</pin_list>
<bind>
<opcode="alloca(26) " fcode="alloca"/>
<opset="pixel_cntr_V_1/1 "/>
</bind>
</comp>

<comp id="56" class="1004" name="pixel_cntr_V_2_fu_56">
<pin_list>
<pin id="57" dir="0" index="0" bw="1" slack="0"/>
<pin id="58" dir="1" index="1" bw="16" slack="0"/>
</pin_list>
<bind>
<opcode="alloca(26) " fcode="alloca"/>
<opset="pixel_cntr_V_2/1 "/>
</bind>
</comp>

<comp id="60" class="1004" name="size_read_read_fu_60">
<pin_list>
<pin id="61" dir="0" index="0" bw="16" slack="0"/>
<pin id="62" dir="0" index="1" bw="16" slack="0"/>
<pin id="63" dir="1" index="2" bw="16" slack="0"/>
</pin_list>
<bind>
<opcode="read(1150) " fcode="read"/>
<opset="size_read/1 "/>
</bind>
</comp>

<comp id="66" class="1004" name="write_ln0_write_fu_66">
<pin_list>
<pin id="67" dir="0" index="0" bw="0" slack="0"/>
<pin id="68" dir="0" index="1" bw="16" slack="0"/>
<pin id="69" dir="0" index="2" bw="16" slack="0"/>
<pin id="70" dir="1" index="3" bw="0" slack="2147483647"/>
</pin_list>
<bind>
<opcode="write(1151) " fcode="write"/>
<opset="write_ln0/2 "/>
</bind>
</comp>

<comp id="73" class="1004" name="fragments_y_addr_gep_fu_73">
<pin_list>
<pin id="74" dir="0" index="0" bw="8" slack="0"/>
<pin id="75" dir="0" index="1" bw="1" slack="0"/>
<pin id="76" dir="0" index="2" bw="16" slack="0"/>
<pin id="77" dir="1" index="3" bw="9" slack="0"/>
</pin_list>
<bind>
<opcode="getelementptr(29) " fcode="getelementptr"/>
<opset="fragments_y_addr/1 "/>
</bind>
</comp>

<comp id="80" class="1004" name="grp_access_fu_80">
<pin_list>
<pin id="81" dir="0" index="0" bw="9" slack="0"/>
<pin id="82" dir="0" index="1" bw="8" slack="2147483647"/>
<pin id="83" dir="0" index="2" bw="0" slack="2147483647"/>
<pin id="84" dir="1" index="3" bw="8" slack="0"/>
</pin_list>
<bind>
<opcode="load(27) " fcode="load"/>
<opset="fragments_y_load/1 "/>
</bind>
</comp>

<comp id="86" class="1004" name="fragments_x_addr_gep_fu_86">
<pin_list>
<pin id="87" dir="0" index="0" bw="8" slack="0"/>
<pin id="88" dir="0" index="1" bw="1" slack="0"/>
<pin id="89" dir="0" index="2" bw="16" slack="0"/>
<pin id="90" dir="1" index="3" bw="9" slack="0"/>
</pin_list>
<bind>
<opcode="getelementptr(29) " fcode="getelementptr"/>
<opset="fragments_x_addr/1 "/>
</bind>
</comp>

<comp id="93" class="1004" name="grp_access_fu_93">
<pin_list>
<pin id="94" dir="0" index="0" bw="9" slack="0"/>
<pin id="95" dir="0" index="1" bw="8" slack="2147483647"/>
<pin id="96" dir="0" index="2" bw="0" slack="2147483647"/>
<pin id="97" dir="1" index="3" bw="8" slack="0"/>
</pin_list>
<bind>
<opcode="load(27) " fcode="load"/>
<opset="fragments_x_load/1 "/>
</bind>
</comp>

<comp id="99" class="1004" name="fragments_z_addr_gep_fu_99">
<pin_list>
<pin id="100" dir="0" index="0" bw="8" slack="0"/>
<pin id="101" dir="0" index="1" bw="1" slack="0"/>
<pin id="102" dir="0" index="2" bw="16" slack="0"/>
<pin id="103" dir="1" index="3" bw="9" slack="0"/>
</pin_list>
<bind>
<opcode="getelementptr(29) " fcode="getelementptr"/>
<opset="fragments_z_addr/1 "/>
</bind>
</comp>

<comp id="106" class="1004" name="grp_access_fu_106">
<pin_list>
<pin id="107" dir="0" index="0" bw="9" slack="0"/>
<pin id="108" dir="0" index="1" bw="8" slack="2147483647"/>
<pin id="109" dir="0" index="2" bw="0" slack="2147483647"/>
<pin id="110" dir="1" index="3" bw="8" slack="1"/>
</pin_list>
<bind>
<opcode="load(27) " fcode="load"/>
<opset="fragments_z_load/1 "/>
</bind>
</comp>

<comp id="112" class="1004" name="z_buffer_V_addr_gep_fu_112">
<pin_list>
<pin id="113" dir="0" index="0" bw="8" slack="0"/>
<pin id="114" dir="0" index="1" bw="1" slack="0"/>
<pin id="115" dir="0" index="2" bw="16" slack="0"/>
<pin id="116" dir="1" index="3" bw="16" slack="0"/>
</pin_list>
<bind>
<opcode="getelementptr(29) " fcode="getelementptr"/>
<opset="z_buffer_V_addr/2 "/>
</bind>
</comp>

<comp id="119" class="1004" name="grp_access_fu_119">
<pin_list>
<pin id="120" dir="0" index="0" bw="16" slack="0"/>
<pin id="121" dir="0" index="1" bw="8" slack="1"/>
<pin id="122" dir="0" index="2" bw="0" slack="2147483647"/>
<pin id="123" dir="1" index="3" bw="8" slack="0"/>
</pin_list>
<bind>
<opcode="load(27) store(28) " fcode="store"/>
<opset="z_buffer_V_load/2 store_ln242/3 "/>
</bind>
</comp>

<comp id="125" class="1004" name="pixels_x_addr_gep_fu_125">
<pin_list>
<pin id="126" dir="0" index="0" bw="8" slack="0"/>
<pin id="127" dir="0" index="1" bw="1" slack="0"/>
<pin id="128" dir="0" index="2" bw="16" slack="0"/>
<pin id="129" dir="1" index="3" bw="9" slack="0"/>
</pin_list>
<bind>
<opcode="getelementptr(29) " fcode="getelementptr"/>
<opset="pixels_x_addr/3 "/>
</bind>
</comp>

<comp id="132" class="1004" name="store_ln238_access_fu_132">
<pin_list>
<pin id="133" dir="0" index="0" bw="9" slack="0"/>
<pin id="134" dir="0" index="1" bw="8" slack="1"/>
<pin id="135" dir="0" index="2" bw="0" slack="2147483647"/>
<pin id="136" dir="1" index="3" bw="8" slack="2147483647"/>
</pin_list>
<bind>
<opcode="store(28) " fcode="store"/>
<opset="store_ln238/3 "/>
</bind>
</comp>

<comp id="138" class="1004" name="pixels_y_addr_gep_fu_138">
<pin_list>
<pin id="139" dir="0" index="0" bw="8" slack="0"/>
<pin id="140" dir="0" index="1" bw="1" slack="0"/>
<pin id="141" dir="0" index="2" bw="16" slack="0"/>
<pin id="142" dir="1" index="3" bw="9" slack="0"/>
</pin_list>
<bind>
<opcode="getelementptr(29) " fcode="getelementptr"/>
<opset="pixels_y_addr/3 "/>
</bind>
</comp>

<comp id="145" class="1004" name="store_ln239_access_fu_145">
<pin_list>
<pin id="146" dir="0" index="0" bw="9" slack="0"/>
<pin id="147" dir="0" index="1" bw="8" slack="1"/>
<pin id="148" dir="0" index="2" bw="0" slack="2147483647"/>
<pin id="149" dir="1" index="3" bw="8" slack="2147483647"/>
</pin_list>
<bind>
<opcode="store(28) " fcode="store"/>
<opset="store_ln239/3 "/>
</bind>
</comp>

<comp id="151" class="1004" name="fragments_color_addr_gep_fu_151">
<pin_list>
<pin id="152" dir="0" index="0" bw="6" slack="0"/>
<pin id="153" dir="0" index="1" bw="1" slack="0"/>
<pin id="154" dir="0" index="2" bw="16" slack="2"/>
<pin id="155" dir="1" index="3" bw="9" slack="0"/>
</pin_list>
<bind>
<opcode="getelementptr(29) " fcode="getelementptr"/>
<opset="fragments_color_addr/3 "/>
</bind>
</comp>

<comp id="158" class="1004" name="grp_access_fu_158">
<pin_list>
<pin id="159" dir="0" index="0" bw="9" slack="0"/>
<pin id="160" dir="0" index="1" bw="6" slack="2147483647"/>
<pin id="161" dir="0" index="2" bw="0" slack="2147483647"/>
<pin id="162" dir="1" index="3" bw="6" slack="0"/>
</pin_list>
<bind>
<opcode="load(27) " fcode="load"/>
<opset="fragments_color_load/3 "/>
</bind>
</comp>

<comp id="164" class="1004" name="pixels_color_addr_gep_fu_164">
<pin_list>
<pin id="165" dir="0" index="0" bw="6" slack="0"/>
<pin id="166" dir="0" index="1" bw="1" slack="0"/>
<pin id="167" dir="0" index="2" bw="16" slack="1"/>
<pin id="168" dir="1" index="3" bw="9" slack="0"/>
</pin_list>
<bind>
<opcode="getelementptr(29) " fcode="getelementptr"/>
<opset="pixels_color_addr/4 "/>
</bind>
</comp>

<comp id="171" class="1004" name="store_ln240_access_fu_171">
<pin_list>
<pin id="172" dir="0" index="0" bw="9" slack="0"/>
<pin id="173" dir="0" index="1" bw="6" slack="0"/>
<pin id="174" dir="0" index="2" bw="0" slack="2147483647"/>
<pin id="175" dir="1" index="3" bw="6" slack="2147483647"/>
</pin_list>
<bind>
<opcode="store(28) " fcode="store"/>
<opset="store_ln240/4 "/>
</bind>
</comp>

<comp id="178" class="1004" name="store_ln0_store_fu_178">
<pin_list>
<pin id="179" dir="0" index="0" bw="1" slack="0"/>
<pin id="180" dir="0" index="1" bw="16" slack="0"/>
<pin id="181" dir="1" index="2" bw="0" slack="2147483647"/>
</pin_list>
<bind>
<opcode="store(28) " fcode="store"/>
<opset="store_ln0/1 "/>
</bind>
</comp>

<comp id="183" class="1004" name="store_ln0_store_fu_183">
<pin_list>
<pin id="184" dir="0" index="0" bw="1" slack="0"/>
<pin id="185" dir="0" index="1" bw="16" slack="0"/>
<pin id="186" dir="1" index="2" bw="0" slack="2147483647"/>
</pin_list>
<bind>
<opcode="store(28) " fcode="store"/>
<opset="store_ln0/1 "/>
</bind>
</comp>

<comp id="188" class="1004" name="store_ln0_store_fu_188">
<pin_list>
<pin id="189" dir="0" index="0" bw="1" slack="0"/>
<pin id="190" dir="0" index="1" bw="16" slack="0"/>
<pin id="191" dir="1" index="2" bw="0" slack="2147483647"/>
</pin_list>
<bind>
<opcode="store(28) " fcode="store"/>
<opset="store_ln0/1 "/>
</bind>
</comp>

<comp id="193" class="1004" name="n_V_1_load_fu_193">
<pin_list>
<pin id="194" dir="0" index="0" bw="16" slack="0"/>
<pin id="195" dir="1" index="1" bw="16" slack="0"/>
</pin_list>
<bind>
<opcode="load(27) " fcode="load"/>
<opset="n_V_1/1 "/>
</bind>
</comp>

<comp id="196" class="1004" name="icmp_ln1027_fu_196">
<pin_list>
<pin id="197" dir="0" index="0" bw="16" slack="0"/>
<pin id="198" dir="0" index="1" bw="16" slack="0"/>
<pin id="199" dir="1" index="2" bw="1" slack="1"/>
</pin_list>
<bind>
<opcode="icmp(45) " fcode="icmp"/>
<opset="icmp_ln1027/1 "/>
</bind>
</comp>

<comp id="202" class="1004" name="add_ln840_fu_202">
<pin_list>
<pin id="203" dir="0" index="0" bw="16" slack="0"/>
<pin id="204" dir="0" index="1" bw="1" slack="0"/>
<pin id="205" dir="1" index="2" bw="16" slack="0"/>
</pin_list>
<bind>
<opcode="add(8) " fcode="add"/>
<opset="add_ln840/1 "/>
</bind>
</comp>

<comp id="208" class="1004" name="zext_ln1027_fu_208">
<pin_list>
<pin id="209" dir="0" index="0" bw="16" slack="0"/>
<pin id="210" dir="1" index="1" bw="64" slack="0"/>
</pin_list>
<bind>
<opcode="zext(34) " fcode="zext"/>
<opset="zext_ln1027/1 "/>
</bind>
</comp>

<comp id="215" class="1004" name="store_ln233_store_fu_215">
<pin_list>
<pin id="216" dir="0" index="0" bw="16" slack="0"/>
<pin id="217" dir="0" index="1" bw="16" slack="0"/>
<pin id="218" dir="1" index="2" bw="0" slack="2147483647"/>
</pin_list>
<bind>
<opcode="store(28) " fcode="store"/>
<opset="store_ln233/1 "/>
</bind>
</comp>

<comp id="220" class="1004" name="tmp_1_fu_220">
<pin_list>
<pin id="221" dir="0" index="0" bw="16" slack="0"/>
<pin id="222" dir="0" index="1" bw="8" slack="0"/>
<pin id="223" dir="0" index="2" bw="8" slack="0"/>
<pin id="224" dir="1" index="3" bw="16" slack="0"/>
</pin_list>
<bind>
<opcode="bitconcatenate(1004) " fcode="bitconcatenate"/>
<opset="tmp_1/2 "/>
</bind>
</comp>

<comp id="228" class="1004" name="zext_ln1027_1_fu_228">
<pin_list>
<pin id="229" dir="0" index="0" bw="16" slack="0"/>
<pin id="230" dir="1" index="1" bw="64" slack="0"/>
</pin_list>
<bind>
<opcode="zext(34) " fcode="zext"/>
<opset="zext_ln1027_1/2 "/>
</bind>
</comp>

<comp id="233" class="1004" name="icmp_ln1027_2_fu_233">
<pin_list>
<pin id="234" dir="0" index="0" bw="8" slack="1"/>
<pin id="235" dir="0" index="1" bw="8" slack="0"/>
<pin id="236" dir="1" index="2" bw="1" slack="1"/>
</pin_list>
<bind>
<opcode="icmp(45) " fcode="icmp"/>
<opset="icmp_ln1027_2/3 "/>
</bind>
</comp>

<comp id="238" class="1004" name="pixel_cntr_V_1_load_load_fu_238">
<pin_list>
<pin id="239" dir="0" index="0" bw="16" slack="2"/>
<pin id="240" dir="1" index="1" bw="16" slack="0"/>
</pin_list>
<bind>
<opcode="load(27) " fcode="load"/>
<opset="pixel_cntr_V_1_load/3 "/>
</bind>
</comp>

<comp id="241" class="1004" name="zext_ln541_fu_241">
<pin_list>
<pin id="242" dir="0" index="0" bw="16" slack="0"/>
<pin id="243" dir="1" index="1" bw="64" slack="0"/>
</pin_list>
<bind>
<opcode="zext(34) " fcode="zext"/>
<opset="zext_ln541/3 "/>
</bind>
</comp>

<comp id="247" class="1004" name="pixel_cntr_V_fu_247">
<pin_list>
<pin id="248" dir="0" index="0" bw="16" slack="0"/>
<pin id="249" dir="0" index="1" bw="1" slack="0"/>
<pin id="250" dir="1" index="2" bw="16" slack="0"/>
</pin_list>
<bind>
<opcode="add(8) " fcode="add"/>
<opset="pixel_cntr_V/3 "/>
</bind>
</comp>

<comp id="253" class="1004" name="store_ln243_store_fu_253">
<pin_list>
<pin id="254" dir="0" index="0" bw="16" slack="0"/>
<pin id="255" dir="0" index="1" bw="16" slack="2"/>
<pin id="256" dir="1" index="2" bw="0" slack="2147483647"/>
</pin_list>
<bind>
<opcode="store(28) " fcode="store"/>
<opset="store_ln243/3 "/>
</bind>
</comp>

<comp id="258" class="1004" name="store_ln243_store_fu_258">
<pin_list>
<pin id="259" dir="0" index="0" bw="16" slack="0"/>
<pin id="260" dir="0" index="1" bw="16" slack="2"/>
<pin id="261" dir="1" index="2" bw="0" slack="2147483647"/>
</pin_list>
<bind>
<opcode="store(28) " fcode="store"/>
<opset="store_ln243/3 "/>
</bind>
</comp>

<comp id="263" class="1004" name="pixel_cntr_V_2_load_load_fu_263">
<pin_list>
<pin id="264" dir="0" index="0" bw="16" slack="1"/>
<pin id="265" dir="1" index="1" bw="16" slack="0"/>
</pin_list>
<bind>
<opcode="load(27) " fcode="load"/>
<opset="pixel_cntr_V_2_load/2 "/>
</bind>
</comp>

<comp id="267" class="1005" name="n_V_reg_267">
<pin_list>
<pin id="268" dir="0" index="0" bw="16" slack="0"/>
<pin id="269" dir="1" index="1" bw="16" slack="0"/>
</pin_list>
<bind>
<opset="n_V "/>
</bind>
</comp>

<comp id="274" class="1005" name="pixel_cntr_V_1_reg_274">
<pin_list>
<pin id="275" dir="0" index="0" bw="16" slack="0"/>
<pin id="276" dir="1" index="1" bw="16" slack="0"/>
</pin_list>
<bind>
<opset="pixel_cntr_V_1 "/>
</bind>
</comp>

<comp id="281" class="1005" name="pixel_cntr_V_2_reg_281">
<pin_list>
<pin id="282" dir="0" index="0" bw="16" slack="0"/>
<pin id="283" dir="1" index="1" bw="16" slack="0"/>
</pin_list>
<bind>
<opset="pixel_cntr_V_2 "/>
</bind>
</comp>

<comp id="288" class="1005" name="icmp_ln1027_reg_288">
<pin_list>
<pin id="289" dir="0" index="0" bw="1" slack="1"/>
<pin id="290" dir="1" index="1" bw="1" slack="2147483647"/>
</pin_list>
<bind>
<opset="icmp_ln1027 "/>
</bind>
</comp>

<comp id="292" class="1005" name="zext_ln1027_reg_292">
<pin_list>
<pin id="293" dir="0" index="0" bw="64" slack="2"/>
<pin id="294" dir="1" index="1" bw="64" slack="2"/>
</pin_list>
<bind>
<opset="zext_ln1027 "/>
</bind>
</comp>

<comp id="297" class="1005" name="fragments_y_addr_reg_297">
<pin_list>
<pin id="298" dir="0" index="0" bw="9" slack="1"/>
<pin id="299" dir="1" index="1" bw="9" slack="1"/>
</pin_list>
<bind>
<opset="fragments_y_addr "/>
</bind>
</comp>

<comp id="302" class="1005" name="fragments_x_addr_reg_302">
<pin_list>
<pin id="303" dir="0" index="0" bw="9" slack="1"/>
<pin id="304" dir="1" index="1" bw="9" slack="1"/>
</pin_list>
<bind>
<opset="fragments_x_addr "/>
</bind>
</comp>

<comp id="307" class="1005" name="fragments_z_addr_reg_307">
<pin_list>
<pin id="308" dir="0" index="0" bw="9" slack="1"/>
<pin id="309" dir="1" index="1" bw="9" slack="1"/>
</pin_list>
<bind>
<opset="fragments_z_addr "/>
</bind>
</comp>

<comp id="312" class="1005" name="fragments_y_load_reg_312">
<pin_list>
<pin id="313" dir="0" index="0" bw="8" slack="1"/>
<pin id="314" dir="1" index="1" bw="8" slack="1"/>
</pin_list>
<bind>
<opset="fragments_y_load "/>
</bind>
</comp>

<comp id="317" class="1005" name="fragments_x_load_reg_317">
<pin_list>
<pin id="318" dir="0" index="0" bw="8" slack="1"/>
<pin id="319" dir="1" index="1" bw="8" slack="1"/>
</pin_list>
<bind>
<opset="fragments_x_load "/>
</bind>
</comp>

<comp id="322" class="1005" name="z_buffer_V_addr_reg_322">
<pin_list>
<pin id="323" dir="0" index="0" bw="16" slack="1"/>
<pin id="324" dir="1" index="1" bw="16" slack="1"/>
</pin_list>
<bind>
<opset="z_buffer_V_addr "/>
</bind>
</comp>

<comp id="327" class="1005" name="fragments_z_load_reg_327">
<pin_list>
<pin id="328" dir="0" index="0" bw="8" slack="1"/>
<pin id="329" dir="1" index="1" bw="8" slack="1"/>
</pin_list>
<bind>
<opset="fragments_z_load "/>
</bind>
</comp>

<comp id="333" class="1005" name="icmp_ln1027_2_reg_333">
<pin_list>
<pin id="334" dir="0" index="0" bw="1" slack="1"/>
<pin id="335" dir="1" index="1" bw="1" slack="2147483647"/>
</pin_list>
<bind>
<opset="icmp_ln1027_2 "/>
</bind>
</comp>

<comp id="337" class="1005" name="zext_ln541_reg_337">
<pin_list>
<pin id="338" dir="0" index="0" bw="64" slack="1"/>
<pin id="339" dir="1" index="1" bw="64" slack="1"/>
</pin_list>
<bind>
<opset="zext_ln541 "/>
</bind>
</comp>

<comp id="342" class="1005" name="fragments_color_addr_reg_342">
<pin_list>
<pin id="343" dir="0" index="0" bw="9" slack="1"/>
<pin id="344" dir="1" index="1" bw="9" slack="1"/>
</pin_list>
<bind>
<opset="fragments_color_addr "/>
</bind>
</comp>

</comp_list>

<net_list>
<net id="51"><net_src comp="20" pin="0"/><net_sink comp="48" pin=0"/></net>

<net id="55"><net_src comp="20" pin="0"/><net_sink comp="52" pin=0"/></net>

<net id="59"><net_src comp="20" pin="0"/><net_sink comp="56" pin=0"/></net>

<net id="64"><net_src comp="22" pin="0"/><net_sink comp="60" pin=0"/></net>

<net id="65"><net_src comp="0" pin="0"/><net_sink comp="60" pin=1"/></net>

<net id="71"><net_src comp="46" pin="0"/><net_sink comp="66" pin=0"/></net>

<net id="72"><net_src comp="16" pin="0"/><net_sink comp="66" pin=1"/></net>

<net id="78"><net_src comp="2" pin="0"/><net_sink comp="73" pin=0"/></net>

<net id="79"><net_src comp="28" pin="0"/><net_sink comp="73" pin=1"/></net>

<net id="85"><net_src comp="73" pin="3"/><net_sink comp="80" pin=0"/></net>

<net id="91"><net_src comp="4" pin="0"/><net_sink comp="86" pin=0"/></net>

<net id="92"><net_src comp="28" pin="0"/><net_sink comp="86" pin=1"/></net>

<net id="98"><net_src comp="86" pin="3"/><net_sink comp="93" pin=0"/></net>

<net id="104"><net_src comp="6" pin="0"/><net_sink comp="99" pin=0"/></net>

<net id="105"><net_src comp="28" pin="0"/><net_sink comp="99" pin=1"/></net>

<net id="111"><net_src comp="99" pin="3"/><net_sink comp="106" pin=0"/></net>

<net id="117"><net_src comp="18" pin="0"/><net_sink comp="112" pin=0"/></net>

<net id="118"><net_src comp="28" pin="0"/><net_sink comp="112" pin=1"/></net>

<net id="124"><net_src comp="112" pin="3"/><net_sink comp="119" pin=0"/></net>

<net id="130"><net_src comp="8" pin="0"/><net_sink comp="125" pin=0"/></net>

<net id="131"><net_src comp="28" pin="0"/><net_sink comp="125" pin=1"/></net>

<net id="137"><net_src comp="125" pin="3"/><net_sink comp="132" pin=0"/></net>

<net id="143"><net_src comp="10" pin="0"/><net_sink comp="138" pin=0"/></net>

<net id="144"><net_src comp="28" pin="0"/><net_sink comp="138" pin=1"/></net>

<net id="150"><net_src comp="138" pin="3"/><net_sink comp="145" pin=0"/></net>

<net id="156"><net_src comp="12" pin="0"/><net_sink comp="151" pin=0"/></net>

<net id="157"><net_src comp="28" pin="0"/><net_sink comp="151" pin=1"/></net>

<net id="163"><net_src comp="151" pin="3"/><net_sink comp="158" pin=0"/></net>

<net id="169"><net_src comp="14" pin="0"/><net_sink comp="164" pin=0"/></net>

<net id="170"><net_src comp="28" pin="0"/><net_sink comp="164" pin=1"/></net>

<net id="176"><net_src comp="158" pin="3"/><net_sink comp="171" pin=1"/></net>

<net id="177"><net_src comp="164" pin="3"/><net_sink comp="171" pin=0"/></net>

<net id="182"><net_src comp="24" pin="0"/><net_sink comp="178" pin=0"/></net>

<net id="187"><net_src comp="24" pin="0"/><net_sink comp="183" pin=0"/></net>

<net id="192"><net_src comp="24" pin="0"/><net_sink comp="188" pin=0"/></net>

<net id="200"><net_src comp="193" pin="1"/><net_sink comp="196" pin=0"/></net>

<net id="201"><net_src comp="60" pin="2"/><net_sink comp="196" pin=1"/></net>

<net id="206"><net_src comp="193" pin="1"/><net_sink comp="202" pin=0"/></net>

<net id="207"><net_src comp="32" pin="0"/><net_sink comp="202" pin=1"/></net>

<net id="211"><net_src comp="193" pin="1"/><net_sink comp="208" pin=0"/></net>

<net id="212"><net_src comp="208" pin="1"/><net_sink comp="73" pin=2"/></net>

<net id="213"><net_src comp="208" pin="1"/><net_sink comp="86" pin=2"/></net>

<net id="214"><net_src comp="208" pin="1"/><net_sink comp="99" pin=2"/></net>

<net id="219"><net_src comp="202" pin="2"/><net_sink comp="215" pin=0"/></net>

<net id="225"><net_src comp="34" pin="0"/><net_sink comp="220" pin=0"/></net>

<net id="226"><net_src comp="80" pin="3"/><net_sink comp="220" pin=1"/></net>

<net id="227"><net_src comp="93" pin="3"/><net_sink comp="220" pin=2"/></net>

<net id="231"><net_src comp="220" pin="3"/><net_sink comp="228" pin=0"/></net>

<net id="232"><net_src comp="228" pin="1"/><net_sink comp="112" pin=2"/></net>

<net id="237"><net_src comp="119" pin="3"/><net_sink comp="233" pin=1"/></net>

<net id="244"><net_src comp="238" pin="1"/><net_sink comp="241" pin=0"/></net>

<net id="245"><net_src comp="241" pin="1"/><net_sink comp="125" pin=2"/></net>

<net id="246"><net_src comp="241" pin="1"/><net_sink comp="138" pin=2"/></net>

<net id="251"><net_src comp="238" pin="1"/><net_sink comp="247" pin=0"/></net>

<net id="252"><net_src comp="32" pin="0"/><net_sink comp="247" pin=1"/></net>

<net id="257"><net_src comp="247" pin="2"/><net_sink comp="253" pin=0"/></net>

<net id="262"><net_src comp="247" pin="2"/><net_sink comp="258" pin=0"/></net>

<net id="266"><net_src comp="263" pin="1"/><net_sink comp="66" pin=2"/></net>

<net id="270"><net_src comp="48" pin="1"/><net_sink comp="267" pin=0"/></net>

<net id="271"><net_src comp="267" pin="1"/><net_sink comp="188" pin=1"/></net>

<net id="272"><net_src comp="267" pin="1"/><net_sink comp="193" pin=0"/></net>

<net id="273"><net_src comp="267" pin="1"/><net_sink comp="215" pin=1"/></net>

<net id="277"><net_src comp="52" pin="1"/><net_sink comp="274" pin=0"/></net>

<net id="278"><net_src comp="274" pin="1"/><net_sink comp="183" pin=1"/></net>

<net id="279"><net_src comp="274" pin="1"/><net_sink comp="238" pin=0"/></net>

<net id="280"><net_src comp="274" pin="1"/><net_sink comp="258" pin=1"/></net>

<net id="284"><net_src comp="56" pin="1"/><net_sink comp="281" pin=0"/></net>

<net id="285"><net_src comp="281" pin="1"/><net_sink comp="178" pin=1"/></net>

<net id="286"><net_src comp="281" pin="1"/><net_sink comp="253" pin=1"/></net>

<net id="287"><net_src comp="281" pin="1"/><net_sink comp="263" pin=0"/></net>

<net id="291"><net_src comp="196" pin="2"/><net_sink comp="288" pin=0"/></net>

<net id="295"><net_src comp="208" pin="1"/><net_sink comp="292" pin=0"/></net>

<net id="296"><net_src comp="292" pin="1"/><net_sink comp="151" pin=2"/></net>

<net id="300"><net_src comp="73" pin="3"/><net_sink comp="297" pin=0"/></net>

<net id="301"><net_src comp="297" pin="1"/><net_sink comp="80" pin=0"/></net>

<net id="305"><net_src comp="86" pin="3"/><net_sink comp="302" pin=0"/></net>

<net id="306"><net_src comp="302" pin="1"/><net_sink comp="93" pin=0"/></net>

<net id="310"><net_src comp="99" pin="3"/><net_sink comp="307" pin=0"/></net>

<net id="311"><net_src comp="307" pin="1"/><net_sink comp="106" pin=0"/></net>

<net id="315"><net_src comp="80" pin="3"/><net_sink comp="312" pin=0"/></net>

<net id="316"><net_src comp="312" pin="1"/><net_sink comp="145" pin=1"/></net>

<net id="320"><net_src comp="93" pin="3"/><net_sink comp="317" pin=0"/></net>

<net id="321"><net_src comp="317" pin="1"/><net_sink comp="132" pin=1"/></net>

<net id="325"><net_src comp="112" pin="3"/><net_sink comp="322" pin=0"/></net>

<net id="326"><net_src comp="322" pin="1"/><net_sink comp="119" pin=0"/></net>

<net id="330"><net_src comp="106" pin="3"/><net_sink comp="327" pin=0"/></net>

<net id="331"><net_src comp="327" pin="1"/><net_sink comp="233" pin=0"/></net>

<net id="332"><net_src comp="327" pin="1"/><net_sink comp="119" pin=1"/></net>

<net id="336"><net_src comp="233" pin="2"/><net_sink comp="333" pin=0"/></net>

<net id="340"><net_src comp="241" pin="1"/><net_sink comp="337" pin=0"/></net>

<net id="341"><net_src comp="337" pin="1"/><net_sink comp="164" pin=2"/></net>

<net id="345"><net_src comp="151" pin="3"/><net_sink comp="342" pin=0"/></net>

<net id="346"><net_src comp="342" pin="1"/><net_sink comp="158" pin=0"/></net>

</net_list>

</model> 
---------------- Datapath Model END ------------------

* FSMD analyzer results:
  - Output states:
	Port: pixels_x | {3 }
	Port: pixels_y | {3 }
	Port: pixels_color | {4 }
	Port: agg_result_0_out | {2 }
	Port: z_buffer_V | {3 }
 - Input state : 
	Port: zculling_Pipeline_ZCULLING : size | {1 }
	Port: zculling_Pipeline_ZCULLING : fragments_y | {1 2 }
	Port: zculling_Pipeline_ZCULLING : fragments_x | {1 2 }
	Port: zculling_Pipeline_ZCULLING : fragments_z | {1 2 }
	Port: zculling_Pipeline_ZCULLING : fragments_color | {3 4 }
	Port: zculling_Pipeline_ZCULLING : z_buffer_V | {2 3 }
  - Chain level:
	State 1
		store_ln0 : 1
		store_ln0 : 1
		store_ln0 : 1
		n_V_1 : 1
		icmp_ln1027 : 2
		add_ln840 : 2
		br_ln233 : 3
		zext_ln1027 : 2
		fragments_y_addr : 3
		fragments_y_load : 4
		fragments_x_addr : 3
		fragments_x_load : 4
		fragments_z_addr : 3
		fragments_z_load : 4
		store_ln233 : 3
	State 2
		tmp_1 : 1
		zext_ln1027_1 : 2
		z_buffer_V_addr : 3
		z_buffer_V_load : 4
		write_ln0 : 1
	State 3
		icmp_ln1027_2 : 1
		br_ln236 : 2
		zext_ln541 : 1
		pixels_x_addr : 2
		store_ln238 : 3
		pixels_y_addr : 2
		store_ln239 : 3
		fragments_color_load : 1
		pixel_cntr_V : 1
		store_ln243 : 2
		store_ln243 : 2
	State 4
		store_ln240 : 1


============================================================
+ Verbose Summary: Datapath Resource usage 
============================================================

* Functional unit list:
|----------|-----------------------|---------|---------|
| Operation|    Functional Unit    |    FF   |   LUT   |
|----------|-----------------------|---------|---------|
|    add   |    add_ln840_fu_202   |    0    |    23   |
|          |  pixel_cntr_V_fu_247  |    0    |    23   |
|----------|-----------------------|---------|---------|
|   icmp   |   icmp_ln1027_fu_196  |    0    |    13   |
|          |  icmp_ln1027_2_fu_233 |    0    |    11   |
|----------|-----------------------|---------|---------|
|   read   |  size_read_read_fu_60 |    0    |    0    |
|----------|-----------------------|---------|---------|
|   write  | write_ln0_write_fu_66 |    0    |    0    |
|----------|-----------------------|---------|---------|
|          |   zext_ln1027_fu_208  |    0    |    0    |
|   zext   |  zext_ln1027_1_fu_228 |    0    |    0    |
|          |   zext_ln541_fu_241   |    0    |    0    |
|----------|-----------------------|---------|---------|
|bitconcatenate|      tmp_1_fu_220     |    0    |    0    |
|----------|-----------------------|---------|---------|
|   Total  |                       |    0    |    70   |
|----------|-----------------------|---------|---------|

Memories:
N/A

* Register list:
+----------------------------+--------+
|                            |   FF   |
+----------------------------+--------+
|fragments_color_addr_reg_342|    9   |
|  fragments_x_addr_reg_302  |    9   |
|  fragments_x_load_reg_317  |    8   |
|  fragments_y_addr_reg_297  |    9   |
|  fragments_y_load_reg_312  |    8   |
|  fragments_z_addr_reg_307  |    9   |
|  fragments_z_load_reg_327  |    8   |
|    icmp_ln1027_2_reg_333   |    1   |
|     icmp_ln1027_reg_288    |    1   |
|         n_V_reg_267        |   16   |
|   pixel_cntr_V_1_reg_274   |   16   |
|   pixel_cntr_V_2_reg_281   |   16   |
|   z_buffer_V_addr_reg_322  |   16   |
|     zext_ln1027_reg_292    |   64   |
|     zext_ln541_reg_337     |   64   |
+----------------------------+--------+
|            Total           |   254  |
+----------------------------+--------+

* Multiplexer (MUX) list: 
|-------------------|------|------|------|--------||---------||---------|
|        Comp       |  Pin | Size |  BW  | S x BW ||  Delay  ||   LUT   |
|-------------------|------|------|------|--------||---------||---------|
|  grp_access_fu_80 |  p0  |   2  |   9  |   18   ||    9    |
|  grp_access_fu_93 |  p0  |   2  |   9  |   18   ||    9    |
| grp_access_fu_106 |  p0  |   2  |   9  |   18   ||    9    |
| grp_access_fu_119 |  p0  |   2  |  16  |   32   ||    9    |
| grp_access_fu_158 |  p0  |   2  |   9  |   18   ||    9    |
|-------------------|------|------|------|--------||---------||---------|
|       Total       |      |      |      |   104  ||  1.935  ||    45   |
|-------------------|------|------|------|--------||---------||---------|



* Summary:
+-----------+--------+--------+--------+
|           |  Delay |   FF   |   LUT  |
+-----------+--------+--------+--------+
|  Function |    -   |    0   |   70   |
|   Memory  |    -   |    -   |    -   |
|Multiplexer|    1   |    -   |   45   |
|  Register |    -   |   254  |    -   |
+-----------+--------+--------+--------+
|   Total   |    1   |   254  |   115  |
+-----------+--------+--------+--------+
