

================================================================
== Vitis HLS Report for 'int_sqrt'
================================================================
* Date:           Fri Dec 13 10:51:39 2024

* Version:        2022.2 (Build 3670227 on Oct 13 2022)
* Project:        project
* Solution:       solution1 (Vivado IP Flow Target)
* Product family: virtexuplus
* Target device:  xcu280-fsvh2892-2L-e


================================================================
== Performance Estimates
================================================================
+ Timing: 
    * Summary: 
    +--------+----------+----------+------------+
    |  Clock |  Target  | Estimated| Uncertainty|
    +--------+----------+----------+------------+
    |ap_clk  |  10.00 ns|  7.259 ns|     2.70 ns|
    +--------+----------+----------+------------+

+ Latency: 
    * Summary: 
    +---------+---------+-----------+-----------+-----+-----+---------+
    |  Latency (cycles) |   Latency (absolute)  |  Interval | Pipeline|
    |   min   |   max   |    min    |    max    | min | max |   Type  |
    +---------+---------+-----------+-----------+-----+-----+---------+
    |        2|        2|  20.000 ns|  20.000 ns|    2|    2|       no|
    +---------+---------+-----------+-----------+-----+-----+---------+

    + Detail: 
        * Instance: 
        N/A

        * Loop: 
        N/A



================================================================
== Utilization Estimates
================================================================
* Summary: 
+---------------------+---------+------+---------+---------+-----+
|         Name        | BRAM_18K|  DSP |    FF   |   LUT   | URAM|
+---------------------+---------+------+---------+---------+-----+
|DSP                  |        -|     -|        -|        -|    -|
|Expression           |        -|     -|        0|     1615|    -|
|FIFO                 |        -|     -|        -|        -|    -|
|Instance             |        -|     -|        -|        -|    -|
|Memory               |        -|     -|        -|        -|    -|
|Multiplexer          |        -|     -|        -|       20|    -|
|Register             |        -|     -|      113|        -|    -|
+---------------------+---------+------+---------+---------+-----+
|Total                |        0|     0|      113|     1635|    0|
+---------------------+---------+------+---------+---------+-----+
|Available SLR        |     1344|  3008|   869120|   434560|  320|
+---------------------+---------+------+---------+---------+-----+
|Utilization SLR (%)  |        0|     0|       ~0|       ~0|    0|
+---------------------+---------+------+---------+---------+-----+
|Available            |     4032|  9024|  2607360|  1303680|  960|
+---------------------+---------+------+---------+---------+-----+
|Utilization (%)      |        0|     0|       ~0|       ~0|    0|
+---------------------+---------+------+---------+---------+-----+

+ Detail: 
    * Instance: 
    N/A

    * DSP: 
    N/A

    * Memory: 
    N/A

    * FIFO: 
    N/A

    * Expression: 
    +---------------------------+----------+----+---+----+------------+------------+
    |       Variable Name       | Operation| DSP| FF| LUT| Bitwidth P0| Bitwidth P1|
    +---------------------------+----------+----+---+----+------------+------------+
    |c_10_fu_534_p2             |         -|   0|  0|  37|          30|          30|
    |c_13_fu_634_p2             |         -|   0|  0|  37|          30|          30|
    |c_16_fu_809_p2             |         -|   0|  0|  37|          30|          30|
    |c_19_fu_897_p2             |         -|   0|  0|  37|          30|          30|
    |c_1_fu_242_p2              |         -|   0|  0|  12|           4|           4|
    |c_22_fu_985_p2             |         -|   0|  0|  37|          30|          30|
    |c_25_fu_1073_p2            |         -|   0|  0|  37|          30|          30|
    |c_28_fu_1161_p2            |         -|   0|  0|  37|          30|          30|
    |c_31_fu_1249_p2            |         -|   0|  0|  37|          30|          30|
    |c_34_fu_1335_p2            |         -|   0|  0|  37|          30|          30|
    |c_37_fu_1423_p2            |         -|   0|  0|  37|          30|          30|
    |c_40_fu_1511_p2            |         -|   0|  0|  37|          30|          30|
    |c_4_fu_334_p2              |         -|   0|  0|  37|          30|          30|
    |c_7_fu_434_p2              |         -|   0|  0|  37|          30|          30|
    |icmp_ln3411_10_fu_1218_p2  |      icmp|   0|  0|  20|          32|          32|
    |icmp_ln3411_11_fu_1323_p2  |      icmp|   0|  0|  20|          32|          32|
    |icmp_ln3411_12_fu_1411_p2  |      icmp|   0|  0|  20|          32|          32|
    |icmp_ln3411_13_fu_1499_p2  |      icmp|   0|  0|  20|          32|          32|
    |icmp_ln3411_14_fu_1573_p2  |      icmp|   0|  0|  20|          32|          32|
    |icmp_ln3411_1_fu_322_p2    |      icmp|   0|  0|  10|           6|           6|
    |icmp_ln3411_2_fu_422_p2    |      icmp|   0|  0|  20|          32|          32|
    |icmp_ln3411_3_fu_522_p2    |      icmp|   0|  0|  20|          32|          32|
    |icmp_ln3411_4_fu_622_p2    |      icmp|   0|  0|  20|          32|          32|
    |icmp_ln3411_5_fu_702_p2    |      icmp|   0|  0|  20|          32|          32|
    |icmp_ln3411_6_fu_885_p2    |      icmp|   0|  0|  20|          32|          32|
    |icmp_ln3411_7_fu_973_p2    |      icmp|   0|  0|  20|          32|          32|
    |icmp_ln3411_8_fu_1061_p2   |      icmp|   0|  0|  20|          32|          32|
    |icmp_ln3411_9_fu_1149_p2   |      icmp|   0|  0|  20|          32|          32|
    |icmp_ln3411_fu_230_p2      |      icmp|   0|  0|   8|           3|           3|
    |a_28_fu_248_p2             |        or|   0|  0|   2|           1|           2|
    |a_31_fu_340_p2             |        or|   0|  0|   3|           1|           3|
    |a_34_fu_440_p2             |        or|   0|  0|   4|           1|           4|
    |a_37_fu_540_p2             |        or|   0|  0|   5|           1|           5|
    |a_40_fu_640_p2             |        or|   0|  0|   6|           1|           6|
    |a_43_fu_815_p2             |        or|   0|  0|   7|           1|           7|
    |a_46_fu_903_p2             |        or|   0|  0|   8|           1|           8|
    |a_49_fu_991_p2             |        or|   0|  0|   9|           1|           9|
    |a_52_fu_1079_p2            |        or|   0|  0|  10|           1|          10|
    |a_55_fu_1167_p2            |        or|   0|  0|  11|           1|          11|
    |a_58_fu_1255_p2            |        or|   0|  0|  12|           1|          12|
    |a_61_fu_1341_p2            |        or|   0|  0|  13|           1|          13|
    |a_64_fu_1429_p2            |        or|   0|  0|  14|           1|          14|
    |a_67_fu_1517_p2            |        or|   0|  0|  15|           1|          15|
    |b_10_fu_1208_p2            |        or|   0|  0|  13|          13|           1|
    |b_11_fu_1309_p2            |        or|   0|  0|  14|          14|           1|
    |b_12_fu_1397_p2            |        or|   0|  0|  15|          15|           1|
    |b_13_fu_1485_p2            |        or|   0|  0|  16|          16|           1|
    |b_14_fu_1563_p2            |        or|   0|  0|  17|          17|           1|
    |b_1_fu_308_p2              |        or|   0|  0|   4|           4|           1|
    |b_2_fu_408_p2              |        or|   0|  0|   5|           5|           1|
    |b_3_fu_508_p2              |        or|   0|  0|   6|           6|           1|
    |b_4_fu_608_p2              |        or|   0|  0|   7|           7|           1|
    |b_5_fu_692_p2              |        or|   0|  0|   8|           8|           1|
    |b_6_fu_871_p2              |        or|   0|  0|   9|           9|           1|
    |b_7_fu_959_p2              |        or|   0|  0|  10|          10|           1|
    |b_8_fu_1047_p2             |        or|   0|  0|  11|          11|           1|
    |b_9_fu_1135_p2             |        or|   0|  0|  12|          12|           1|
    |b_fu_220_p2                |        or|   0|  0|   3|           3|           1|
    |or_ln3414_fu_1585_p2       |        or|   0|  0|  16|           1|          16|
    |a_29_fu_262_p3             |    select|   0|  0|   2|           1|           2|
    |a_32_fu_354_p3             |    select|   0|  0|   3|           1|           3|
    |a_35_fu_454_p3             |    select|   0|  0|   4|           1|           4|
    |a_38_fu_554_p3             |    select|   0|  0|   5|           1|           5|
    |a_41_fu_654_p3             |    select|   0|  0|   6|           1|           6|
    |a_44_fu_829_p3             |    select|   0|  0|   7|           1|           7|
    |a_47_fu_917_p3             |    select|   0|  0|   8|           1|           8|
    |a_50_fu_1005_p3            |    select|   0|  0|   9|           1|           9|
    |a_53_fu_1093_p3            |    select|   0|  0|  10|           1|          10|
    |a_56_fu_1181_p3            |    select|   0|  0|  11|           1|          11|
    |a_59_fu_1268_p3            |    select|   0|  0|  12|           1|          12|
    |a_62_fu_1355_p3            |    select|   0|  0|  13|           1|          13|
    |a_65_fu_1443_p3            |    select|   0|  0|  14|           1|          14|
    |a_68_fu_1531_p3            |    select|   0|  0|  15|           1|          15|
    |ap_return                  |    select|   0|  0|  16|           1|          16|
    |c_11_fu_546_p3             |    select|   0|  0|  30|           1|          30|
    |c_14_fu_646_p3             |    select|   0|  0|  30|           1|          30|
    |c_17_fu_821_p3             |    select|   0|  0|  30|           1|          30|
    |c_20_fu_909_p3             |    select|   0|  0|  30|           1|          30|
    |c_23_fu_997_p3             |    select|   0|  0|  30|           1|          30|
    |c_26_fu_1085_p3            |    select|   0|  0|  30|           1|          30|
    |c_29_fu_1173_p3            |    select|   0|  0|  30|           1|          30|
    |c_2_fu_254_p3              |    select|   0|  0|   4|           1|           4|
    |c_32_fu_1261_p3            |    select|   0|  0|  30|           1|          30|
    |c_35_fu_1347_p3            |    select|   0|  0|  30|           1|          30|
    |c_38_fu_1435_p3            |    select|   0|  0|  30|           1|          30|
    |c_41_fu_1523_p3            |    select|   0|  0|  30|           1|          30|
    |c_5_fu_346_p3              |    select|   0|  0|  30|           1|          30|
    |c_8_fu_446_p3              |    select|   0|  0|  30|           1|          30|
    |xor_ln3411_10_fu_1224_p2   |       xor|   0|  0|   2|           1|           2|
    |xor_ln3411_11_fu_1329_p2   |       xor|   0|  0|   2|           1|           2|
    |xor_ln3411_12_fu_1417_p2   |       xor|   0|  0|   2|           1|           2|
    |xor_ln3411_13_fu_1505_p2   |       xor|   0|  0|   2|           1|           2|
    |xor_ln3411_14_fu_1579_p2   |       xor|   0|  0|   2|           1|           2|
    |xor_ln3411_1_fu_328_p2     |       xor|   0|  0|   2|           1|           2|
    |xor_ln3411_2_fu_428_p2     |       xor|   0|  0|   2|           1|           2|
    |xor_ln3411_3_fu_528_p2     |       xor|   0|  0|   2|           1|           2|
    |xor_ln3411_4_fu_628_p2     |       xor|   0|  0|   2|           1|           2|
    |xor_ln3411_5_fu_804_p2     |       xor|   0|  0|   2|           1|           2|
    |xor_ln3411_6_fu_891_p2     |       xor|   0|  0|   2|           1|           2|
    |xor_ln3411_7_fu_979_p2     |       xor|   0|  0|   2|           1|           2|
    |xor_ln3411_8_fu_1067_p2    |       xor|   0|  0|   2|           1|           2|
    |xor_ln3411_9_fu_1155_p2    |       xor|   0|  0|   2|           1|           2|
    |xor_ln3411_fu_236_p2       |       xor|   0|  0|   2|           1|           2|
    +---------------------------+----------+----+---+----+------------+------------+
    |Total                      |          |   0|  0|1615|        1028|        1528|
    +---------------------------+----------+----+---+----+------------+------------+

    * Multiplexer: 
    +-----------+----+-----------+-----+-----------+
    |    Name   | LUT| Input Size| Bits| Total Bits|
    +-----------+----+-----------+-----+-----------+
    |ap_NS_fsm  |  20|          4|    1|          4|
    +-----------+----+-----------+-----+-----------+
    |Total      |  20|          4|    1|          4|
    +-----------+----+-----------+-----+-----------+

    * Register: 
    +-------------------------+----+----+-----+-----------+
    |           Name          | FF | LUT| Bits| Const Bits|
    +-------------------------+----+----+-----+-----------+
    |a_41_reg_1604            |   6|   0|    6|          0|
    |a_56_reg_1677            |  11|   0|   11|          0|
    |ap_CS_fsm                |   3|   0|    3|          0|
    |b_10_reg_1687            |  11|   0|   13|          2|
    |b_5_reg_1619             |   6|   0|    8|          2|
    |icmp_ln3411_5_reg_1624   |   1|   0|    1|          0|
    |r_V_10_reg_1653          |   2|   0|    2|          0|
    |r_V_11_reg_1659          |   2|   0|    2|          0|
    |r_V_12_reg_1665          |   2|   0|    2|          0|
    |r_V_13_reg_1671          |   2|   0|    2|          0|
    |r_V_3_reg_1614           |   2|   0|    2|          0|
    |r_V_6_reg_1629           |   2|   0|    2|          0|
    |r_V_7_reg_1635           |   2|   0|    2|          0|
    |r_V_8_reg_1641           |   2|   0|    2|          0|
    |r_V_9_reg_1647           |   2|   0|    2|          0|
    |trunc_ln3406_3_reg_1609  |  28|   0|   28|          0|
    |trunc_ln3406_8_reg_1682  |  28|   0|   28|          0|
    |xor_ln3411_10_reg_1692   |   1|   0|    1|          0|
    +-------------------------+----+----+-----+-----------+
    |Total                    | 113|   0|  117|          4|
    +-------------------------+----+----+-----+-----------+



================================================================
== Interface
================================================================
* Summary: 
+-----------+-----+-----+------------+--------------+--------------+
| RTL Ports | Dir | Bits|  Protocol  | Source Object|    C Type    |
+-----------+-----+-----+------------+--------------+--------------+
|ap_clk     |   in|    1|  ap_ctrl_hs|      int_sqrt|  return value|
|ap_rst     |   in|    1|  ap_ctrl_hs|      int_sqrt|  return value|
|ap_start   |   in|    1|  ap_ctrl_hs|      int_sqrt|  return value|
|ap_done    |  out|    1|  ap_ctrl_hs|      int_sqrt|  return value|
|ap_idle    |  out|    1|  ap_ctrl_hs|      int_sqrt|  return value|
|ap_ready   |  out|    1|  ap_ctrl_hs|      int_sqrt|  return value|
|ap_return  |  out|   16|  ap_ctrl_hs|      int_sqrt|  return value|
|value_r    |   in|   31|     ap_none|       value_r|        scalar|
+-----------+-----+-----+------------+--------------+--------------+

