

================================================================
== Vitis HLS Report for 'processImage_Pipeline_Initialize2x18'
================================================================
* Date:           Fri Dec 13 10:51:32 2024

* Version:        2022.2 (Build 3670227 on Oct 13 2022)
* Project:        project
* Solution:       solution1 (Vivado IP Flow Target)
* Product family: virtexuplus
* Target device:  xcu280-fsvh2892-2L-e


================================================================
== Performance Estimates
================================================================
+ Timing: 
    * Summary: 
    +--------+----------+----------+------------+
    |  Clock |  Target  | Estimated| Uncertainty|
    +--------+----------+----------+------------+
    |ap_clk  |  10.00 ns|  1.764 ns|     2.70 ns|
    +--------+----------+----------+------------+

+ Latency: 
    * Summary: 
    +---------+---------+----------+----------+-----+-----+---------+
    |  Latency (cycles) |  Latency (absolute) |  Interval | Pipeline|
    |   min   |   max   |    min   |    max   | min | max |   Type  |
    +---------+---------+----------+----------+-----+-----+---------+
    |      322|      322|  3.220 us|  3.220 us|  322|  322|       no|
    +---------+---------+----------+----------+-----+-----+---------+

    + Detail: 
        * Instance: 
        N/A

        * Loop: 
        +----------------+---------+---------+----------+-----------+-----------+------+----------+
        |                |  Latency (cycles) | Iteration|  Initiation Interval  | Trip |          |
        |    Loop Name   |   min   |   max   |  Latency |  achieved |   target  | Count| Pipelined|
        +----------------+---------+---------+----------+-----------+-----------+------+----------+
        |- Initialize2x  |      320|      320|         1|          1|          1|   320|       yes|
        +----------------+---------+---------+----------+-----------+-----------+------+----------+



================================================================
== Utilization Estimates
================================================================
* Summary: 
+---------------------+---------+------+---------+---------+-----+
|         Name        | BRAM_18K|  DSP |    FF   |   LUT   | URAM|
+---------------------+---------+------+---------+---------+-----+
|DSP                  |        -|     -|        -|        -|    -|
|Expression           |        -|     -|        0|       27|    -|
|FIFO                 |        -|     -|        -|        -|    -|
|Instance             |        -|     -|        -|        -|    -|
|Memory               |        -|     -|        -|        -|    -|
|Multiplexer          |        -|     -|        -|       27|    -|
|Register             |        -|     -|       11|        -|    -|
+---------------------+---------+------+---------+---------+-----+
|Total                |        0|     0|       11|       54|    0|
+---------------------+---------+------+---------+---------+-----+
|Available SLR        |     1344|  3008|   869120|   434560|  320|
+---------------------+---------+------+---------+---------+-----+
|Utilization SLR (%)  |        0|     0|       ~0|       ~0|    0|
+---------------------+---------+------+---------+---------+-----+
|Available            |     4032|  9024|  2607360|  1303680|  960|
+---------------------+---------+------+---------+---------+-----+
|Utilization (%)      |        0|     0|       ~0|       ~0|    0|
+---------------------+---------+------+---------+---------+-----+

+ Detail: 
    * Instance: 
    N/A

    * DSP: 
    N/A

    * Memory: 
    N/A

    * FIFO: 
    N/A

    * Expression: 
    +----------------------+----------+----+---+----+------------+------------+
    |     Variable Name    | Operation| DSP| FF| LUT| Bitwidth P0| Bitwidth P1|
    +----------------------+----------+----+---+----+------------+------------+
    |add_ln2956_fu_62_p2   |         +|   0|  0|  16|           9|           1|
    |icmp_ln2956_fu_56_p2  |      icmp|   0|  0|  11|           9|           9|
    +----------------------+----------+----+---+----+------------+------------+
    |Total                 |          |   0|  0|  27|          18|          10|
    +----------------------+----------+----+---+----+------------+------------+

    * Multiplexer: 
    +-----------------------+----+-----------+-----+-----------+
    |          Name         | LUT| Input Size| Bits| Total Bits|
    +-----------------------+----+-----------+-----+-----------+
    |ap_done_int            |   9|          2|    1|          2|
    |ap_sig_allocacmp_x_13  |   9|          2|    9|         18|
    |x_fu_30                |   9|          2|    9|         18|
    +-----------------------+----+-----------+-----+-----------+
    |Total                  |  27|          6|   19|         38|
    +-----------------------+----+-----------+-----+-----------+

    * Register: 
    +-------------+---+----+-----+-----------+
    |     Name    | FF| LUT| Bits| Const Bits|
    +-------------+---+----+-----+-----------+
    |ap_CS_fsm    |  1|   0|    1|          0|
    |ap_done_reg  |  1|   0|    1|          0|
    |x_fu_30      |  9|   0|    9|          0|
    +-------------+---+----+-----+-----------+
    |Total        | 11|   0|   11|          0|
    +-------------+---+----+-----+-----------+



================================================================
== Interface
================================================================
* Summary: 
+---------------+-----+-----+------------+--------------------------------------+--------------+
|   RTL Ports   | Dir | Bits|  Protocol  |             Source Object            |    C Type    |
+---------------+-----+-----+------------+--------------------------------------+--------------+
|ap_clk         |   in|    1|  ap_ctrl_hs|  processImage_Pipeline_Initialize2x18|  return value|
|ap_rst         |   in|    1|  ap_ctrl_hs|  processImage_Pipeline_Initialize2x18|  return value|
|ap_start       |   in|    1|  ap_ctrl_hs|  processImage_Pipeline_Initialize2x18|  return value|
|ap_done        |  out|    1|  ap_ctrl_hs|  processImage_Pipeline_Initialize2x18|  return value|
|ap_idle        |  out|    1|  ap_ctrl_hs|  processImage_Pipeline_Initialize2x18|  return value|
|ap_ready       |  out|    1|  ap_ctrl_hs|  processImage_Pipeline_Initialize2x18|  return value|
|L_13_address0  |  out|    9|   ap_memory|                                  L_13|         array|
|L_13_ce0       |  out|    1|   ap_memory|                                  L_13|         array|
|L_13_we0       |  out|    1|   ap_memory|                                  L_13|         array|
|L_13_d0        |  out|    8|   ap_memory|                                  L_13|         array|
+---------------+-----+-----+------------+--------------------------------------+--------------+

