==============================================================
Vitis HLS - High-Level Synthesis from C, C++ and OpenCL v2022.2 (64-bit)
Tool Version Limit: 2019.12
Copyright 1986-2022 Xilinx, Inc. All Rights Reserved.
==============================================================
INFO: [HLS 200-1505] Using default flow_target 'vivado'
INFO: [HLS 200-435] Setting 'open_solution -flow_target vivado' configuration: config_interface -m_axi_latency=0
INFO: [HLS 200-1510] Running: set_part xcu280-fsvh2892-2L-e 
INFO: [HLS 200-1611] Setting target device to 'xcu280-fsvh2892-2L-e'
INFO: [HLS 200-1510] Running: create_clock -period 10 
INFO: [SYN 201-201] Setting up clock 'default' with a period of 10ns.
INFO: [HLS 200-1510] Running: csynth_design 
INFO: [HLS 200-111] Finished File checks and directory preparation: CPU user time: 0.02 seconds. CPU system time: 0.02 seconds. Elapsed time: 10.05 seconds; current allocated memory: 754.277 MB.
INFO: [HLS 200-10] Analyzing design file 'digitrec.cpp' ... 
INFO: [HLS 200-111] Finished Source Code Analysis and Preprocessing: CPU user time: 3.47 seconds. CPU system time: 0.84 seconds. Elapsed time: 4.29 seconds; current allocated memory: 756.137 MB.
INFO: [HLS 200-777] Using interface defaults for 'Vivado' flow target.
INFO: [HLS 214-131] Inlining function 'update_knn(ap_uint<256>, ap_uint<256>, int*)' into 'DigitRec(ap_uint<256>*, ap_uint<256>*, unsigned char*, int)' (digitrec.cpp:244:9)
INFO: [HLS 214-131] Inlining function 'knn_vote(int*)' into 'DigitRec(ap_uint<256>*, ap_uint<256>*, unsigned char*, int)' (digitrec.cpp:248:26)
INFO: [HLS 214-291] Loop 'INSERTION_SORT_INNER' is marked as complete unroll implied by the pipeline pragma (digitrec.cpp:136:29)
INFO: [HLS 214-291] Loop 'INSERT' is marked as complete unroll implied by the pipeline pragma (digitrec.cpp:142:15)
INFO: [HLS 214-186] Unrolling loop 'SET_KNN_SET' (digitrec.cpp:227:18) in function 'DigitRec' completely with a factor of 120 (digitrec.cpp:187:0)
INFO: [HLS 214-186] Unrolling loop 'INIT_1' (digitrec.cpp:115:11) in function 'DigitRec' completely with a factor of 3 (digitrec.cpp:187:0)
INFO: [HLS 214-186] Unrolling loop 'INIT_2' (digitrec.cpp:122:11) in function 'DigitRec' completely with a factor of 10 (digitrec.cpp:187:0)
INFO: [HLS 214-186] Unrolling loop 'INSERTION_SORT_INNER' (digitrec.cpp:136:29) in function 'DigitRec' completely with a factor of 3 (digitrec.cpp:187:0)
INFO: [HLS 214-186] Unrolling loop 'INSERT' (digitrec.cpp:142:15) in function 'DigitRec' completely with a factor of 3 (digitrec.cpp:187:0)
INFO: [HLS 214-186] Unrolling loop 'VOTE' (digitrec.cpp:170:9) in function 'DigitRec' completely with a factor of 10 (digitrec.cpp:187:0)
INFO: [HLS 214-178] Inlining function 'popcount(ap_uint<256>)' into 'DigitRec(ap_uint<256>*, ap_uint<256>*, unsigned char*, int)' (digitrec.cpp:187:0)
INFO: [HLS 214-248] Applying array_partition to 'label_list.i': Complete partitioning on dimension 1. (digitrec.cpp:106:6)
INFO: [HLS 214-248] Applying array_partition to 'vote_list.i': Complete partitioning on dimension 1. (digitrec.cpp:109:6)
INFO: [HLS 214-248] Applying array_partition to 'knn_set': Complete partitioning on dimension 1. (digitrec.cpp:190:7)
INFO: [HLS 200-111] Finished Compiling Optimization and Transform: CPU user time: 4.85 seconds. CPU system time: 0.68 seconds. Elapsed time: 5.54 seconds; current allocated memory: 756.496 MB.
INFO: [HLS 200-111] Finished Checking Pragmas: CPU user time: 0 seconds. CPU system time: 0 seconds. Elapsed time: 0 seconds; current allocated memory: 756.496 MB.
INFO: [HLS 200-10] Starting code transformations ...
INFO: [HLS 200-111] Finished Standard Transforms: CPU user time: 0.17 seconds. CPU system time: 0 seconds. Elapsed time: 0.17 seconds; current allocated memory: 759.996 MB.
INFO: [HLS 200-10] Checking synthesizability ...
WARNING: [SYNCHK 200-23] /home/zedongpeng/Xilinx/Vitis_HLS/2022.2/common/technology/autopilot/ap_int_ref.h:779: variable-indexed range selection may cause suboptimal QoR.
INFO: [SYNCHK 200-10] 0 error(s), 1 warning(s).
INFO: [HLS 200-111] Finished Checking Synthesizability: CPU user time: 0.14 seconds. CPU system time: 0.01 seconds. Elapsed time: 0.15 seconds; current allocated memory: 761.234 MB.
INFO: [XFORM 203-510] Pipelining loop 'VITIS_LOOP_51_1' in function 'DigitRec' automatically.
INFO: [XFORM 203-510] Pipelining loop 'FIND_MAX_DIST' (digitrec.cpp:72) in function 'DigitRec' automatically.
INFO: [XFORM 203-401] Performing if-conversion on hyperblock from (digitrec.cpp:134:9) to (digitrec.cpp:132:27) in function 'DigitRec'... converting 3 basic blocks.
INFO: [HLS 200-111] Finished Loop, function and other optimizations: CPU user time: 0.89 seconds. CPU system time: 0.04 seconds. Elapsed time: 0.92 seconds; current allocated memory: 790.305 MB.
WARNING: [HLS 200-960] Cannot flatten loop 'LANES' (digitrec.cpp:190:7) in function 'DigitRec' more than one sub loop.
INFO: [XFORM 203-541] Flattening a loop nest 'TRAINING_LOOP' (digitrec.cpp:190:7) in function 'DigitRec'.
INFO: [XFORM 203-541] Flattening a loop nest 'LANES' (digitrec.cpp:132:36) in function 'DigitRec'.
WARNING: [HLS 200-960] Cannot flatten loop 'TEST_LOOP' (digitrec.cpp:221:23) in function 'DigitRec' more than one sub loop.
INFO: [HLS 200-472] Inferring partial write operation for 'training_set.V' (digitrec.cpp:207:18)
INFO: [HLS 200-472] Inferring partial write operation for 'training_set.V' (digitrec.cpp:214:30)
INFO: [HLS 200-472] Inferring partial write operation for 'test_set.V' (digitrec.cpp:218:14)
INFO: [HLS 200-472] Inferring partial write operation for 'results' (digitrec.cpp:249:16)
INFO: [HLS 200-111] Finished Architecture Synthesis: CPU user time: 0.82 seconds. CPU system time: 0.06 seconds. Elapsed time: 0.89 seconds; current allocated memory: 884.754 MB.
INFO: [HLS 200-10] Starting hardware synthesis ...
INFO: [HLS 200-10] Synthesizing 'DigitRec' ...
INFO: [HLS 200-10] ----------------------------------------------------------------
INFO: [HLS 200-42] -- Implementing module 'DigitRec_Pipeline_VITIS_LOOP_212_2' 
INFO: [HLS 200-10] ----------------------------------------------------------------
INFO: [SCHED 204-11] Starting scheduling ...
INFO: [SCHED 204-61] Pipelining loop 'VITIS_LOOP_212_2'.
INFO: [HLS 200-1470] Pipelining result : Target II = NA, Final II = 1, Depth = 2, loop 'VITIS_LOOP_212_2'
INFO: [SCHED 204-11] Finished scheduling.
INFO: [HLS 200-111] Finished Scheduling: CPU user time: 0.05 seconds. CPU system time: 0.04 seconds. Elapsed time: 0.1 seconds; current allocated memory: 888.230 MB.
INFO: [BIND 205-100] Starting micro-architecture generation ...
INFO: [BIND 205-101] Performing variable lifetime analysis.
INFO: [BIND 205-101] Exploring resource sharing.
INFO: [BIND 205-101] Binding ...
INFO: [BIND 205-100] Finished micro-architecture generation.
INFO: [HLS 200-111] Finished Binding: CPU user time: 0.02 seconds. CPU system time: 0 seconds. Elapsed time: 0.03 seconds; current allocated memory: 888.230 MB.
INFO: [HLS 200-10] ----------------------------------------------------------------
INFO: [HLS 200-42] -- Implementing module 'DigitRec_Pipeline_VITIS_LOOP_216_3' 
INFO: [HLS 200-10] ----------------------------------------------------------------
INFO: [SCHED 204-11] Starting scheduling ...
INFO: [SCHED 204-61] Pipelining loop 'VITIS_LOOP_216_3'.
INFO: [HLS 200-1470] Pipelining result : Target II = NA, Final II = 1, Depth = 2, loop 'VITIS_LOOP_216_3'
INFO: [SCHED 204-11] Finished scheduling.
INFO: [HLS 200-111] Finished Scheduling: CPU user time: 0.05 seconds. CPU system time: 0 seconds. Elapsed time: 0.04 seconds; current allocated memory: 888.488 MB.
INFO: [BIND 205-100] Starting micro-architecture generation ...
INFO: [BIND 205-101] Performing variable lifetime analysis.
INFO: [BIND 205-101] Exploring resource sharing.
INFO: [BIND 205-101] Binding ...
INFO: [BIND 205-100] Finished micro-architecture generation.
INFO: [HLS 200-111] Finished Binding: CPU user time: 0.02 seconds. CPU system time: 0 seconds. Elapsed time: 0.02 seconds; current allocated memory: 888.488 MB.
INFO: [HLS 200-10] ----------------------------------------------------------------
INFO: [HLS 200-42] -- Implementing module 'DigitRec_Pipeline_VITIS_LOOP_51_1' 
INFO: [HLS 200-10] ----------------------------------------------------------------
INFO: [SCHED 204-11] Starting scheduling ...
INFO: [SCHED 204-61] Pipelining loop 'VITIS_LOOP_51_1'.
INFO: [HLS 200-1470] Pipelining result : Target II = NA, Final II = 1, Depth = 1, loop 'VITIS_LOOP_51_1'
INFO: [SCHED 204-11] Finished scheduling.
INFO: [HLS 200-111] Finished Scheduling: CPU user time: 0.03 seconds. CPU system time: 0 seconds. Elapsed time: 0.04 seconds; current allocated memory: 888.699 MB.
INFO: [BIND 205-100] Starting micro-architecture generation ...
INFO: [BIND 205-101] Performing variable lifetime analysis.
INFO: [BIND 205-101] Exploring resource sharing.
INFO: [BIND 205-101] Binding ...
INFO: [BIND 205-100] Finished micro-architecture generation.
INFO: [HLS 200-111] Finished Binding: CPU user time: 0.02 seconds. CPU system time: 0.01 seconds. Elapsed time: 0.01 seconds; current allocated memory: 888.699 MB.
INFO: [HLS 200-10] ----------------------------------------------------------------
INFO: [HLS 200-42] -- Implementing module 'DigitRec_Pipeline_FIND_MAX_DIST' 
INFO: [HLS 200-10] ----------------------------------------------------------------
INFO: [SCHED 204-11] Starting scheduling ...
INFO: [SCHED 204-61] Pipelining loop 'FIND_MAX_DIST'.
INFO: [HLS 200-1470] Pipelining result : Target II = NA, Final II = 1, Depth = 2, loop 'FIND_MAX_DIST'
INFO: [SCHED 204-11] Finished scheduling.
INFO: [HLS 200-111] Finished Scheduling: CPU user time: 0.12 seconds. CPU system time: 0 seconds. Elapsed time: 0.13 seconds; current allocated memory: 890.336 MB.
INFO: [BIND 205-100] Starting micro-architecture generation ...
INFO: [BIND 205-101] Performing variable lifetime analysis.
INFO: [BIND 205-101] Exploring resource sharing.
INFO: [BIND 205-101] Binding ...
INFO: [BIND 205-100] Finished micro-architecture generation.
INFO: [HLS 200-111] Finished Binding: CPU user time: 0.03 seconds. CPU system time: 0.01 seconds. Elapsed time: 0.04 seconds; current allocated memory: 890.336 MB.
INFO: [HLS 200-10] ----------------------------------------------------------------
INFO: [HLS 200-42] -- Implementing module 'DigitRec_Pipeline_LANES_INSERTION_SORT_OUTER' 
INFO: [HLS 200-10] ----------------------------------------------------------------
INFO: [SCHED 204-11] Starting scheduling ...
INFO: [SCHED 204-61] Pipelining loop 'LANES_INSERTION_SORT_OUTER'.
INFO: [HLS 200-1470] Pipelining result : Target II = NA, Final II = 1, Depth = 2, loop 'LANES_INSERTION_SORT_OUTER'
INFO: [SCHED 204-11] Finished scheduling.
INFO: [HLS 200-111] Finished Scheduling: CPU user time: 0.21 seconds. CPU system time: 0 seconds. Elapsed time: 0.21 seconds; current allocated memory: 892.625 MB.
INFO: [BIND 205-100] Starting micro-architecture generation ...
INFO: [BIND 205-101] Performing variable lifetime analysis.
INFO: [BIND 205-101] Exploring resource sharing.
INFO: [BIND 205-101] Binding ...
INFO: [BIND 205-100] Finished micro-architecture generation.
INFO: [HLS 200-111] Finished Binding: CPU user time: 0.06 seconds. CPU system time: 0 seconds. Elapsed time: 0.07 seconds; current allocated memory: 892.625 MB.
INFO: [HLS 200-10] ----------------------------------------------------------------
INFO: [HLS 200-42] -- Implementing module 'DigitRec_Pipeline_INCREMENT' 
INFO: [HLS 200-10] ----------------------------------------------------------------
INFO: [SCHED 204-11] Starting scheduling ...
INFO: [SCHED 204-61] Pipelining loop 'INCREMENT'.
INFO: [HLS 200-1470] Pipelining result : Target II = NA, Final II = 1, Depth = 2, loop 'INCREMENT'
INFO: [SCHED 204-11] Finished scheduling.
INFO: [HLS 200-111] Finished Scheduling: CPU user time: 0.15 seconds. CPU system time: 0 seconds. Elapsed time: 0.15 seconds; current allocated memory: 892.969 MB.
INFO: [BIND 205-100] Starting micro-architecture generation ...
INFO: [BIND 205-101] Performing variable lifetime analysis.
INFO: [BIND 205-101] Exploring resource sharing.
INFO: [BIND 205-101] Binding ...
INFO: [BIND 205-100] Finished micro-architecture generation.
INFO: [HLS 200-111] Finished Binding: CPU user time: 0.03 seconds. CPU system time: 0.01 seconds. Elapsed time: 0.04 seconds; current allocated memory: 892.969 MB.
INFO: [HLS 200-10] ----------------------------------------------------------------
INFO: [HLS 200-42] -- Implementing module 'DigitRec_Pipeline_VITIS_LOOP_254_4' 
INFO: [HLS 200-10] ----------------------------------------------------------------
INFO: [SCHED 204-11] Starting scheduling ...
INFO: [SCHED 204-61] Pipelining loop 'VITIS_LOOP_254_4'.
INFO: [HLS 200-1470] Pipelining result : Target II = NA, Final II = 1, Depth = 2, loop 'VITIS_LOOP_254_4'
INFO: [SCHED 204-11] Finished scheduling.
INFO: [HLS 200-111] Finished Scheduling: CPU user time: 0.04 seconds. CPU system time: 0 seconds. Elapsed time: 0.04 seconds; current allocated memory: 892.969 MB.
INFO: [BIND 205-100] Starting micro-architecture generation ...
INFO: [BIND 205-101] Performing variable lifetime analysis.
INFO: [BIND 205-101] Exploring resource sharing.
INFO: [BIND 205-101] Binding ...
INFO: [BIND 205-100] Finished micro-architecture generation.
INFO: [HLS 200-111] Finished Binding: CPU user time: 0.02 seconds. CPU system time: 0 seconds. Elapsed time: 0.03 seconds; current allocated memory: 892.969 MB.
INFO: [HLS 200-10] ----------------------------------------------------------------
INFO: [HLS 200-42] -- Implementing module 'DigitRec_Pipeline_VITIS_LOOP_205_1' 
INFO: [HLS 200-10] ----------------------------------------------------------------
INFO: [SCHED 204-11] Starting scheduling ...
INFO: [SCHED 204-61] Pipelining loop 'VITIS_LOOP_205_1'.
INFO: [HLS 200-1470] Pipelining result : Target II = NA, Final II = 1, Depth = 2, loop 'VITIS_LOOP_205_1'
INFO: [SCHED 204-11] Finished scheduling.
INFO: [HLS 200-111] Finished Scheduling: CPU user time: 0.04 seconds. CPU system time: 0 seconds. Elapsed time: 0.04 seconds; current allocated memory: 893.074 MB.
INFO: [BIND 205-100] Starting micro-architecture generation ...
INFO: [BIND 205-101] Performing variable lifetime analysis.
INFO: [BIND 205-101] Exploring resource sharing.
INFO: [BIND 205-101] Binding ...
INFO: [BIND 205-100] Finished micro-architecture generation.
INFO: [HLS 200-111] Finished Binding: CPU user time: 0.02 seconds. CPU system time: 0 seconds. Elapsed time: 0.03 seconds; current allocated memory: 893.074 MB.
INFO: [HLS 200-10] ----------------------------------------------------------------
INFO: [HLS 200-42] -- Implementing module 'DigitRec' 
INFO: [HLS 200-10] ----------------------------------------------------------------
INFO: [SCHED 204-11] Starting scheduling ...
INFO: [HLS 200-486] Changing DSP latency (root=empty_34) to 3 in order to utilize available DSP registers.
INFO: [SCHED 204-11] Finished scheduling.
INFO: [HLS 200-111] Finished Scheduling: CPU user time: 14.29 seconds. CPU system time: 0.1 seconds. Elapsed time: 14.37 seconds; current allocated memory: 966.777 MB.
INFO: [BIND 205-100] Starting micro-architecture generation ...
INFO: [BIND 205-101] Performing variable lifetime analysis.
INFO: [BIND 205-101] Exploring resource sharing.
INFO: [BIND 205-101] Binding ...
INFO: [BIND 205-100] Finished micro-architecture generation.
INFO: [HLS 200-111] Finished Binding: CPU user time: 3.1 seconds. CPU system time: 0.01 seconds. Elapsed time: 3.12 seconds; current allocated memory: 966.777 MB.
INFO: [HLS 200-10] ----------------------------------------------------------------
INFO: [HLS 200-10] -- Generating RTL for module 'DigitRec_Pipeline_VITIS_LOOP_212_2' 
INFO: [HLS 200-10] ----------------------------------------------------------------
INFO: [HLS 200-1030] Apply Unified Pipeline Control on module 'DigitRec_Pipeline_VITIS_LOOP_212_2' pipeline 'VITIS_LOOP_212_2' pipeline type 'loop pipeline'
INFO: [RTGEN 206-100] Finished creating RTL model for 'DigitRec_Pipeline_VITIS_LOOP_212_2'.
INFO: [HLS 200-111] Finished Creating RTL model: CPU user time: 0.98 seconds. CPU system time: 0.04 seconds. Elapsed time: 1.02 seconds; current allocated memory: 966.777 MB.
INFO: [HLS 200-10] ----------------------------------------------------------------
INFO: [HLS 200-10] -- Generating RTL for module 'DigitRec_Pipeline_VITIS_LOOP_216_3' 
INFO: [HLS 200-10] ----------------------------------------------------------------
INFO: [HLS 200-1030] Apply Unified Pipeline Control on module 'DigitRec_Pipeline_VITIS_LOOP_216_3' pipeline 'VITIS_LOOP_216_3' pipeline type 'loop pipeline'
